[INFO: 02/21/2026 07:28:16 PM] Starting experiment: exp_RNO_four_late_non_linear_merge_bn8_tr144_te19_lfn-MSELoss_opt-Adam_hiddenu-32_lr-0.001_lFactor-0.1_cartesian_transform-True_temporalRes-64_vds_run_debug_GPU
[INFO: 02/21/2026 07:28:16 PM] Device: cuda:1
[INFO: 02/21/2026 07:28:16 PM] PyTorch version: 2.8.0+cu128
[INFO: 02/21/2026 07:28:16 PM] Model: RNO_four_late_non_linear_merge
[INFO: 02/21/2026 07:28:16 PM] Optimizer: Adam
[INFO: 02/21/2026 07:28:16 PM] Loss function: MSELoss
[INFO: 02/21/2026 07:28:23 PM] Saving checkpoint at epoch 0 in: experiments/exp_RNO_four_late_non_linear_merge_bn8_tr144_te19_lfn-MSELoss_opt-Adam_hiddenu-32_lr-0.001_lFactor-0.1_cartesian_transform-True_temporalRes-64_vds_run_debug_GPU/checkpoints/checkpoint_e0.pth
[INFO: 02/21/2026 07:29:03 PM] Saving checkpoint at epoch min_0 in: experiments/exp_RNO_four_late_non_linear_merge_bn8_tr144_te19_lfn-MSELoss_opt-Adam_hiddenu-32_lr-0.001_lFactor-0.1_cartesian_transform-True_temporalRes-64_vds_run_debug_GPU/checkpoints/checkpoint_emin_0.pth
[INFO: 02/21/2026 07:29:26 PM] Epoch 0, Train Loss: 0.9909, Test Loss: 1.0418
[INFO: 02/21/2026 07:29:39 PM] Saving checkpoint at epoch min_1 in: experiments/exp_RNO_four_late_non_linear_merge_bn8_tr144_te19_lfn-MSELoss_opt-Adam_hiddenu-32_lr-0.001_lFactor-0.1_cartesian_transform-True_temporalRes-64_vds_run_debug_GPU/checkpoints/checkpoint_emin_1.pth
[INFO: 02/21/2026 07:30:03 PM] Removed previous best checkpoint: checkpoint_emin_0.pth
[INFO: 02/21/2026 07:30:03 PM] Epoch 1, Train Loss: 0.8664, Test Loss: 0.9885
[INFO: 02/21/2026 07:30:15 PM] Saving checkpoint at epoch min_2 in: experiments/exp_RNO_four_late_non_linear_merge_bn8_tr144_te19_lfn-MSELoss_opt-Adam_hiddenu-32_lr-0.001_lFactor-0.1_cartesian_transform-True_temporalRes-64_vds_run_debug_GPU/checkpoints/checkpoint_emin_2.pth
[INFO: 02/21/2026 07:30:38 PM] Removed previous best checkpoint: checkpoint_emin_1.pth
[INFO: 02/21/2026 07:30:38 PM] Epoch 2, Train Loss: 0.8069, Test Loss: 0.9739
[INFO: 02/21/2026 07:30:50 PM] Epoch 3, Train Loss: 0.7949, Test Loss: 0.9830
[INFO: 02/21/2026 07:31:02 PM] Saving checkpoint at epoch min_4 in: experiments/exp_RNO_four_late_non_linear_merge_bn8_tr144_te19_lfn-MSELoss_opt-Adam_hiddenu-32_lr-0.001_lFactor-0.1_cartesian_transform-True_temporalRes-64_vds_run_debug_GPU/checkpoints/checkpoint_emin_4.pth
[INFO: 02/21/2026 07:31:23 PM] Removed previous best checkpoint: checkpoint_emin_2.pth
[INFO: 02/21/2026 07:31:23 PM] Epoch 4, Train Loss: 0.7613, Test Loss: 0.9696
[INFO: 02/21/2026 07:31:35 PM] Saving checkpoint at epoch min_5 in: experiments/exp_RNO_four_late_non_linear_merge_bn8_tr144_te19_lfn-MSELoss_opt-Adam_hiddenu-32_lr-0.001_lFactor-0.1_cartesian_transform-True_temporalRes-64_vds_run_debug_GPU/checkpoints/checkpoint_emin_5.pth
[INFO: 02/21/2026 07:31:57 PM] Removed previous best checkpoint: checkpoint_emin_4.pth
[INFO: 02/21/2026 07:31:57 PM] Epoch 5, Train Loss: 0.7154, Test Loss: 0.9189
[INFO: 02/21/2026 07:32:10 PM] Saving checkpoint at epoch min_6 in: experiments/exp_RNO_four_late_non_linear_merge_bn8_tr144_te19_lfn-MSELoss_opt-Adam_hiddenu-32_lr-0.001_lFactor-0.1_cartesian_transform-True_temporalRes-64_vds_run_debug_GPU/checkpoints/checkpoint_emin_6.pth
[INFO: 02/21/2026 07:32:33 PM] Removed previous best checkpoint: checkpoint_emin_5.pth
[INFO: 02/21/2026 07:32:33 PM] Epoch 6, Train Loss: 0.6697, Test Loss: 0.7944
[INFO: 02/21/2026 07:32:45 PM] Saving checkpoint at epoch min_7 in: experiments/exp_RNO_four_late_non_linear_merge_bn8_tr144_te19_lfn-MSELoss_opt-Adam_hiddenu-32_lr-0.001_lFactor-0.1_cartesian_transform-True_temporalRes-64_vds_run_debug_GPU/checkpoints/checkpoint_emin_7.pth
[INFO: 02/21/2026 07:33:06 PM] Removed previous best checkpoint: checkpoint_emin_6.pth
[INFO: 02/21/2026 07:33:06 PM] Epoch 7, Train Loss: 0.6005, Test Loss: 0.7846
[INFO: 02/21/2026 07:33:19 PM] Saving checkpoint at epoch min_8 in: experiments/exp_RNO_four_late_non_linear_merge_bn8_tr144_te19_lfn-MSELoss_opt-Adam_hiddenu-32_lr-0.001_lFactor-0.1_cartesian_transform-True_temporalRes-64_vds_run_debug_GPU/checkpoints/checkpoint_emin_8.pth
[INFO: 02/21/2026 07:33:43 PM] Removed previous best checkpoint: checkpoint_emin_7.pth
[INFO: 02/21/2026 07:33:43 PM] Epoch 8, Train Loss: 0.5297, Test Loss: 0.7183
[INFO: 02/21/2026 07:33:55 PM] Saving checkpoint at epoch min_9 in: experiments/exp_RNO_four_late_non_linear_merge_bn8_tr144_te19_lfn-MSELoss_opt-Adam_hiddenu-32_lr-0.001_lFactor-0.1_cartesian_transform-True_temporalRes-64_vds_run_debug_GPU/checkpoints/checkpoint_emin_9.pth
[INFO: 02/21/2026 07:34:13 PM] Removed previous best checkpoint: checkpoint_emin_8.pth
[INFO: 02/21/2026 07:34:13 PM] Epoch 9, Train Loss: 0.4659, Test Loss: 0.6895
[INFO: 02/21/2026 07:34:25 PM] Epoch 10, Train Loss: 0.4182, Test Loss: 0.7084
[INFO: 02/21/2026 07:34:36 PM] Epoch 11, Train Loss: 0.3314, Test Loss: 0.6969
[INFO: 02/21/2026 07:34:48 PM] Saving checkpoint at epoch min_12 in: experiments/exp_RNO_four_late_non_linear_merge_bn8_tr144_te19_lfn-MSELoss_opt-Adam_hiddenu-32_lr-0.001_lFactor-0.1_cartesian_transform-True_temporalRes-64_vds_run_debug_GPU/checkpoints/checkpoint_emin_12.pth
[INFO: 02/21/2026 07:35:09 PM] Removed previous best checkpoint: checkpoint_emin_9.pth
[INFO: 02/21/2026 07:35:09 PM] Epoch 12, Train Loss: 0.2533, Test Loss: 0.6887
[INFO: 02/21/2026 07:35:21 PM] Epoch 13, Train Loss: 0.1790, Test Loss: 0.7387
[INFO: 02/21/2026 07:35:32 PM] Epoch 14, Train Loss: 0.1309, Test Loss: 0.7112
[INFO: 02/21/2026 07:35:44 PM] Epoch 15, Train Loss: 0.1272, Test Loss: 0.7293
[INFO: 02/21/2026 07:35:55 PM] Epoch 16, Train Loss: 0.1055, Test Loss: 0.6985
[INFO: 02/21/2026 07:36:07 PM] Epoch 17, Train Loss: 0.0873, Test Loss: 0.7319
[INFO: 02/21/2026 07:36:14 PM] Saving checkpoint at epoch 17 in: experiments/exp_RNO_four_late_non_linear_merge_bn8_tr144_te19_lfn-MSELoss_opt-Adam_hiddenu-32_lr-0.001_lFactor-0.1_cartesian_transform-True_temporalRes-64_vds_run_debug_GPU/checkpoints/checkpoint_e17.pth
