[INFO: 02/24/2026 05:54:20 AM] Starting experiment: exp_RNO_four_late_non_linear_merge_bn256_tr793_te100_lfn-MSELoss_opt-Adam_hiddenu-32_lr-0.001_lFactor-0.1_cartesian_transform-True_temporalRes-64_wkrs-pers12_preftch-12debug
[INFO: 02/24/2026 05:54:20 AM] Device: cuda:1
[INFO: 02/24/2026 05:54:20 AM] PyTorch version: 2.8.0+cu128
[INFO: 02/24/2026 05:54:20 AM] Model: RNO_four_late_non_linear_merge
[INFO: 02/24/2026 05:54:20 AM] Optimizer: Adam
[INFO: 02/24/2026 05:54:20 AM] Loss function: MSELoss
[INFO: 02/24/2026 05:54:24 AM] Saving checkpoint at epoch 0 in: experiments/exp_RNO_four_late_non_linear_merge_bn256_tr793_te100_lfn-MSELoss_opt-Adam_hiddenu-32_lr-0.001_lFactor-0.1_cartesian_transform-True_temporalRes-64_wkrs-pers12_preftch-12debug/checkpoints/checkpoint_e0.pth
[INFO: 02/24/2026 05:54:56 AM] TRAIN: Batch   50 | Speed:  454.89 img/s | Loss: 0.8037
[INFO: 02/24/2026 05:55:04 AM] TRAIN: Batch  100 | Speed:  707.04 img/s | Loss: 0.7142
[INFO: 02/24/2026 05:55:12 AM] TRAIN: Batch  150 | Speed:  869.80 img/s | Loss: 0.6227
[INFO: 02/24/2026 05:55:20 AM] TRAIN: Batch  200 | Speed:  982.91 img/s | Loss: 0.5964
[INFO: 02/24/2026 05:55:28 AM] TRAIN: Batch  250 | Speed: 1066.38 img/s | Loss: 0.4941
[INFO: 02/24/2026 05:55:54 AM] TRAIN: Batch  300 | Speed:  890.22 img/s | Loss: 0.5437
[INFO: 02/24/2026 05:56:24 AM] TRAIN: Batch  350 | Speed:  774.73 img/s | Loss: 0.4863
[INFO: 02/24/2026 05:56:50 AM] TRAIN: Batch  400 | Speed:  723.07 img/s | Loss: 0.4399
[INFO: 02/24/2026 05:57:16 AM] TRAIN: Batch  450 | Speed:  686.03 img/s | Loss: 0.4373
[INFO: 02/24/2026 05:57:42 AM] TRAIN: Batch  500 | Speed:  659.72 img/s | Loss: 0.4344
[INFO: 02/24/2026 05:58:08 AM] TRAIN: Batch  550 | Speed:  639.32 img/s | Loss: 0.4906
[INFO: 02/24/2026 05:58:35 AM] TRAIN: Batch  600 | Speed:  621.46 img/s | Loss: 0.4574
[INFO: 02/24/2026 05:59:06 AM] TRAIN: Batch  650 | Speed:  598.14 img/s | Loss: 0.4171
[INFO: 02/24/2026 05:59:33 AM] TRAIN: Batch  700 | Speed:  588.30 img/s | Loss: 0.4266
[INFO: 02/24/2026 05:59:59 AM] TRAIN: Batch  750 | Speed:  580.06 img/s | Loss: 0.4423
[INFO: 02/24/2026 06:00:18 AM] TEST: Batch   10 | Speed: 1073.33 img/s | Loss: 0.7036
[INFO: 02/24/2026 06:00:19 AM] TEST: Batch   20 | Speed: 1493.29 img/s | Loss: 0.6979
[INFO: 02/24/2026 06:00:20 AM] TEST: Batch   30 | Speed: 1821.82 img/s | Loss: 0.7153
[INFO: 02/24/2026 06:00:21 AM] TEST: Batch   40 | Speed: 1763.82 img/s | Loss: 0.8035
[INFO: 02/24/2026 06:00:23 AM] TEST: Batch   50 | Speed: 1848.11 img/s | Loss: 0.7404
[INFO: 02/24/2026 06:00:25 AM] TEST: Batch   60 | Speed: 1690.90 img/s | Loss: 0.7513
[INFO: 02/24/2026 06:00:26 AM] TEST: Batch   70 | Speed: 1742.03 img/s | Loss: 0.7378
[INFO: 02/24/2026 06:00:27 AM] TEST: Batch   80 | Speed: 1806.11 img/s | Loss: 0.7682
[INFO: 02/24/2026 06:00:28 AM] TEST: Batch   90 | Speed: 1867.64 img/s | Loss: 0.7473
[INFO: 02/24/2026 06:00:30 AM] Saving checkpoint at epoch min_0 in: experiments/exp_RNO_four_late_non_linear_merge_bn256_tr793_te100_lfn-MSELoss_opt-Adam_hiddenu-32_lr-0.001_lFactor-0.1_cartesian_transform-True_temporalRes-64_wkrs-pers12_preftch-12debug/checkpoints/checkpoint_emin_0.pth
[INFO: 02/24/2026 06:00:47 AM] Epoch 0, Train Loss: 0.5338, Test Loss: 0.7552
[INFO: 02/24/2026 06:00:57 AM] TRAIN: Batch   50 | Speed: 1343.50 img/s | Loss: 0.3932
[INFO: 02/24/2026 06:01:05 AM] TRAIN: Batch  100 | Speed: 1469.15 img/s | Loss: 0.3973
[INFO: 02/24/2026 06:01:13 AM] TRAIN: Batch  150 | Speed: 1516.53 img/s | Loss: 0.4172
[INFO: 02/24/2026 06:01:21 AM] TRAIN: Batch  200 | Speed: 1541.37 img/s | Loss: 0.4082
[INFO: 02/24/2026 06:01:29 AM] TRAIN: Batch  250 | Speed: 1556.74 img/s | Loss: 0.3788
[INFO: 02/24/2026 06:01:36 AM] TRAIN: Batch  300 | Speed: 1567.39 img/s | Loss: 0.3349
[INFO: 02/24/2026 06:01:44 AM] TRAIN: Batch  350 | Speed: 1575.15 img/s | Loss: 0.3387
[INFO: 02/24/2026 06:01:52 AM] TRAIN: Batch  400 | Speed: 1580.50 img/s | Loss: 0.3401
[INFO: 02/24/2026 06:02:00 AM] TRAIN: Batch  450 | Speed: 1584.55 img/s | Loss: 0.3651
[INFO: 02/24/2026 06:02:08 AM] TRAIN: Batch  500 | Speed: 1587.81 img/s | Loss: 0.4069
[INFO: 02/24/2026 06:02:16 AM] TRAIN: Batch  550 | Speed: 1590.58 img/s | Loss: 0.4115
[INFO: 02/24/2026 06:02:24 AM] TRAIN: Batch  600 | Speed: 1592.92 img/s | Loss: 0.4274
[INFO: 02/24/2026 06:02:32 AM] TRAIN: Batch  650 | Speed: 1594.78 img/s | Loss: 0.3053
[INFO: 02/24/2026 06:02:40 AM] TRAIN: Batch  700 | Speed: 1596.93 img/s | Loss: 0.3380
[INFO: 02/24/2026 06:02:48 AM] TRAIN: Batch  750 | Speed: 1598.96 img/s | Loss: 0.3910
[INFO: 02/24/2026 06:02:55 AM] TEST: Batch   10 | Speed: 2577.62 img/s | Loss: 0.3005
[INFO: 02/24/2026 06:02:56 AM] TEST: Batch   20 | Speed: 3289.75 img/s | Loss: 0.2999
[INFO: 02/24/2026 06:02:56 AM] TEST: Batch   30 | Speed: 3719.83 img/s | Loss: 0.3518
[INFO: 02/24/2026 06:02:57 AM] TEST: Batch   40 | Speed: 3986.77 img/s | Loss: 0.3724
[INFO: 02/24/2026 06:02:57 AM] TEST: Batch   50 | Speed: 4166.28 img/s | Loss: 0.3265
[INFO: 02/24/2026 06:02:58 AM] TEST: Batch   60 | Speed: 4297.31 img/s | Loss: 0.3256
[INFO: 02/24/2026 06:02:58 AM] TEST: Batch   70 | Speed: 4397.71 img/s | Loss: 0.3854
[INFO: 02/24/2026 06:02:59 AM] TEST: Batch   80 | Speed: 4479.43 img/s | Loss: 0.3620
[INFO: 02/24/2026 06:02:59 AM] TEST: Batch   90 | Speed: 4545.20 img/s | Loss: 0.3270
[INFO: 02/24/2026 06:03:00 AM] Saving checkpoint at epoch min_1 in: experiments/exp_RNO_four_late_non_linear_merge_bn256_tr793_te100_lfn-MSELoss_opt-Adam_hiddenu-32_lr-0.001_lFactor-0.1_cartesian_transform-True_temporalRes-64_wkrs-pers12_preftch-12debug/checkpoints/checkpoint_emin_1.pth
[INFO: 02/24/2026 06:03:17 AM] Removed previous best checkpoint: checkpoint_emin_0.pth
[INFO: 02/24/2026 06:03:17 AM] Epoch 1, Train Loss: 0.3686, Test Loss: 0.3420
[INFO: 02/24/2026 06:03:26 AM] TRAIN: Batch   50 | Speed: 1454.53 img/s | Loss: 0.3052
[INFO: 02/24/2026 06:03:33 AM] TRAIN: Batch  100 | Speed: 1534.06 img/s | Loss: 0.3045
[INFO: 02/24/2026 06:03:41 AM] TRAIN: Batch  150 | Speed: 1561.37 img/s | Loss: 0.3590
[INFO: 02/24/2026 06:03:49 AM] TRAIN: Batch  200 | Speed: 1575.38 img/s | Loss: 0.3673
[INFO: 02/24/2026 06:03:57 AM] TRAIN: Batch  250 | Speed: 1584.11 img/s | Loss: 0.3326
[INFO: 02/24/2026 06:04:05 AM] TRAIN: Batch  300 | Speed: 1589.77 img/s | Loss: 0.3249
[INFO: 02/24/2026 06:04:13 AM] TRAIN: Batch  350 | Speed: 1593.75 img/s | Loss: 0.2931
[INFO: 02/24/2026 06:04:21 AM] TRAIN: Batch  400 | Speed: 1596.79 img/s | Loss: 0.3554
[INFO: 02/24/2026 06:04:29 AM] TRAIN: Batch  450 | Speed: 1599.01 img/s | Loss: 0.4068
[INFO: 02/24/2026 06:04:37 AM] TRAIN: Batch  500 | Speed: 1601.37 img/s | Loss: 0.3837
[INFO: 02/24/2026 06:04:45 AM] TRAIN: Batch  550 | Speed: 1603.53 img/s | Loss: 0.4099
[INFO: 02/24/2026 06:04:52 AM] TRAIN: Batch  600 | Speed: 1605.35 img/s | Loss: 0.3343
[INFO: 02/24/2026 06:05:00 AM] TRAIN: Batch  650 | Speed: 1606.85 img/s | Loss: 0.3229
[INFO: 02/24/2026 06:05:08 AM] TRAIN: Batch  700 | Speed: 1608.39 img/s | Loss: 0.3626
[INFO: 02/24/2026 06:05:16 AM] TRAIN: Batch  750 | Speed: 1609.68 img/s | Loss: 0.2904
[INFO: 02/24/2026 06:05:24 AM] TEST: Batch   10 | Speed: 2522.92 img/s | Loss: 0.2946
[INFO: 02/24/2026 06:05:24 AM] TEST: Batch   20 | Speed: 3024.26 img/s | Loss: 0.2861
[INFO: 02/24/2026 06:05:25 AM] TEST: Batch   30 | Speed: 3442.15 img/s | Loss: 0.3455
[INFO: 02/24/2026 06:05:25 AM] TEST: Batch   40 | Speed: 3741.69 img/s | Loss: 0.3591
[INFO: 02/24/2026 06:05:26 AM] TEST: Batch   50 | Speed: 3951.07 img/s | Loss: 0.2917
[INFO: 02/24/2026 06:05:26 AM] TEST: Batch   60 | Speed: 4104.74 img/s | Loss: 0.2936
[INFO: 02/24/2026 06:05:27 AM] TEST: Batch   70 | Speed: 4223.86 img/s | Loss: 0.3647
[INFO: 02/24/2026 06:05:27 AM] TEST: Batch   80 | Speed: 4320.44 img/s | Loss: 0.3467
[INFO: 02/24/2026 06:05:28 AM] TEST: Batch   90 | Speed: 4399.14 img/s | Loss: 0.3038
[INFO: 02/24/2026 06:05:28 AM] Saving checkpoint at epoch min_2 in: experiments/exp_RNO_four_late_non_linear_merge_bn256_tr793_te100_lfn-MSELoss_opt-Adam_hiddenu-32_lr-0.001_lFactor-0.1_cartesian_transform-True_temporalRes-64_wkrs-pers12_preftch-12debug/checkpoints/checkpoint_emin_2.pth
[INFO: 02/24/2026 06:05:45 AM] Removed previous best checkpoint: checkpoint_emin_1.pth
[INFO: 02/24/2026 06:05:45 AM] Epoch 2, Train Loss: 0.3261, Test Loss: 0.3214
[INFO: 02/24/2026 06:05:54 AM] TRAIN: Batch   50 | Speed: 1466.70 img/s | Loss: 0.3046
[INFO: 02/24/2026 06:06:02 AM] TRAIN: Batch  100 | Speed: 1540.14 img/s | Loss: 0.2832
[INFO: 02/24/2026 06:06:10 AM] TRAIN: Batch  150 | Speed: 1565.85 img/s | Loss: 0.3534
[INFO: 02/24/2026 06:06:18 AM] TRAIN: Batch  200 | Speed: 1578.60 img/s | Loss: 0.3463
[INFO: 02/24/2026 06:06:25 AM] TRAIN: Batch  250 | Speed: 1586.37 img/s | Loss: 0.2978
[INFO: 02/24/2026 06:06:33 AM] TRAIN: Batch  300 | Speed: 1591.47 img/s | Loss: 0.3023
[INFO: 02/24/2026 06:06:41 AM] TRAIN: Batch  350 | Speed: 1595.24 img/s | Loss: 0.2525
[INFO: 02/24/2026 06:06:49 AM] TRAIN: Batch  400 | Speed: 1597.88 img/s | Loss: 0.2797
[INFO: 02/24/2026 06:06:57 AM] TRAIN: Batch  450 | Speed: 1600.07 img/s | Loss: 0.3005
[INFO: 02/24/2026 06:07:05 AM] TRAIN: Batch  500 | Speed: 1602.59 img/s | Loss: 0.3074
[INFO: 02/24/2026 06:07:13 AM] TRAIN: Batch  550 | Speed: 1604.67 img/s | Loss: 0.3031
[INFO: 02/24/2026 06:07:21 AM] TRAIN: Batch  600 | Speed: 1606.40 img/s | Loss: 0.2903
[INFO: 02/24/2026 06:07:29 AM] TRAIN: Batch  650 | Speed: 1607.96 img/s | Loss: 0.3090
[INFO: 02/24/2026 06:07:36 AM] TRAIN: Batch  700 | Speed: 1609.48 img/s | Loss: 0.3183
[INFO: 02/24/2026 06:07:44 AM] TRAIN: Batch  750 | Speed: 1610.82 img/s | Loss: 0.3163
[INFO: 02/24/2026 06:07:52 AM] TEST: Batch   10 | Speed: 2275.93 img/s | Loss: 0.2829
[INFO: 02/24/2026 06:07:53 AM] TEST: Batch   20 | Speed: 3046.38 img/s | Loss: 0.2720
[INFO: 02/24/2026 06:07:53 AM] TEST: Batch   30 | Speed: 3486.54 img/s | Loss: 0.3360
[INFO: 02/24/2026 06:07:54 AM] TEST: Batch   40 | Speed: 3781.16 img/s | Loss: 0.3629
[INFO: 02/24/2026 06:07:54 AM] TEST: Batch   50 | Speed: 3985.02 img/s | Loss: 0.3044
[INFO: 02/24/2026 06:07:55 AM] TEST: Batch   60 | Speed: 4135.23 img/s | Loss: 0.3081
[INFO: 02/24/2026 06:07:55 AM] TEST: Batch   70 | Speed: 4250.84 img/s | Loss: 0.3542
[INFO: 02/24/2026 06:07:56 AM] TEST: Batch   80 | Speed: 4345.27 img/s | Loss: 0.3375
[INFO: 02/24/2026 06:07:56 AM] TEST: Batch   90 | Speed: 4422.43 img/s | Loss: 0.3076
[INFO: 02/24/2026 06:07:57 AM] Saving checkpoint at epoch min_3 in: experiments/exp_RNO_four_late_non_linear_merge_bn256_tr793_te100_lfn-MSELoss_opt-Adam_hiddenu-32_lr-0.001_lFactor-0.1_cartesian_transform-True_temporalRes-64_wkrs-pers12_preftch-12debug/checkpoints/checkpoint_emin_3.pth
[INFO: 02/24/2026 06:08:16 AM] Removed previous best checkpoint: checkpoint_emin_2.pth
[INFO: 02/24/2026 06:08:16 AM] Epoch 3, Train Loss: 0.2980, Test Loss: 0.3199
[INFO: 02/24/2026 06:08:25 AM] TRAIN: Batch   50 | Speed: 1486.68 img/s | Loss: 0.2716
[INFO: 02/24/2026 06:08:33 AM] TRAIN: Batch  100 | Speed: 1550.86 img/s | Loss: 0.2790
[INFO: 02/24/2026 06:08:41 AM] TRAIN: Batch  150 | Speed: 1573.84 img/s | Loss: 0.2705
[INFO: 02/24/2026 06:08:49 AM] TRAIN: Batch  200 | Speed: 1585.39 img/s | Loss: 0.3298
[INFO: 02/24/2026 06:08:57 AM] TRAIN: Batch  250 | Speed: 1592.40 img/s | Loss: 0.2804
[INFO: 02/24/2026 06:09:04 AM] TRAIN: Batch  300 | Speed: 1596.96 img/s | Loss: 0.2760
[INFO: 02/24/2026 06:09:12 AM] TRAIN: Batch  350 | Speed: 1600.08 img/s | Loss: 0.2939
[INFO: 02/24/2026 06:09:20 AM] TRAIN: Batch  400 | Speed: 1602.60 img/s | Loss: 0.2717
[INFO: 02/24/2026 06:09:28 AM] TRAIN: Batch  450 | Speed: 1604.55 img/s | Loss: 0.2627
[INFO: 02/24/2026 06:09:36 AM] TRAIN: Batch  500 | Speed: 1606.40 img/s | Loss: 0.3132
[INFO: 02/24/2026 06:09:44 AM] TRAIN: Batch  550 | Speed: 1608.16 img/s | Loss: 0.2776
[INFO: 02/24/2026 06:09:52 AM] TRAIN: Batch  600 | Speed: 1609.58 img/s | Loss: 0.2782
[INFO: 02/24/2026 06:10:00 AM] TRAIN: Batch  650 | Speed: 1610.79 img/s | Loss: 0.3238
[INFO: 02/24/2026 06:10:08 AM] TRAIN: Batch  700 | Speed: 1612.05 img/s | Loss: 0.2544
[INFO: 02/24/2026 06:10:15 AM] TRAIN: Batch  750 | Speed: 1613.17 img/s | Loss: 0.3040
[INFO: 02/24/2026 06:10:23 AM] TEST: Batch   10 | Speed: 2462.57 img/s | Loss: 0.2866
[INFO: 02/24/2026 06:10:24 AM] TEST: Batch   20 | Speed: 3271.48 img/s | Loss: 0.2627
[INFO: 02/24/2026 06:10:24 AM] TEST: Batch   30 | Speed: 3703.04 img/s | Loss: 0.3209
[INFO: 02/24/2026 06:10:25 AM] TEST: Batch   40 | Speed: 3971.59 img/s | Loss: 0.3492
[INFO: 02/24/2026 06:10:25 AM] TEST: Batch   50 | Speed: 4155.02 img/s | Loss: 0.2931
[INFO: 02/24/2026 06:10:26 AM] TEST: Batch   60 | Speed: 4288.27 img/s | Loss: 0.2905
[INFO: 02/24/2026 06:10:26 AM] TEST: Batch   70 | Speed: 4389.93 img/s | Loss: 0.3600
[INFO: 02/24/2026 06:10:27 AM] TEST: Batch   80 | Speed: 4472.07 img/s | Loss: 0.3269
[INFO: 02/24/2026 06:10:27 AM] TEST: Batch   90 | Speed: 4538.63 img/s | Loss: 0.2995
[INFO: 02/24/2026 06:10:28 AM] Saving checkpoint at epoch min_4 in: experiments/exp_RNO_four_late_non_linear_merge_bn256_tr793_te100_lfn-MSELoss_opt-Adam_hiddenu-32_lr-0.001_lFactor-0.1_cartesian_transform-True_temporalRes-64_wkrs-pers12_preftch-12debug/checkpoints/checkpoint_emin_4.pth
[INFO: 02/24/2026 06:10:47 AM] Removed previous best checkpoint: checkpoint_emin_3.pth
[INFO: 02/24/2026 06:10:47 AM] Epoch 4, Train Loss: 0.2773, Test Loss: 0.3141
[INFO: 02/24/2026 06:10:56 AM] TRAIN: Batch   50 | Speed: 1398.45 img/s | Loss: 0.2578
[INFO: 02/24/2026 06:11:04 AM] TRAIN: Batch  100 | Speed: 1500.88 img/s | Loss: 0.2568
[INFO: 02/24/2026 06:11:12 AM] TRAIN: Batch  150 | Speed: 1538.49 img/s | Loss: 0.2615
[INFO: 02/24/2026 06:11:20 AM] TRAIN: Batch  200 | Speed: 1558.19 img/s | Loss: 0.2604
[INFO: 02/24/2026 06:11:28 AM] TRAIN: Batch  250 | Speed: 1569.86 img/s | Loss: 0.2469
[INFO: 02/24/2026 06:11:36 AM] TRAIN: Batch  300 | Speed: 1577.89 img/s | Loss: 0.2702
[INFO: 02/24/2026 06:11:44 AM] TRAIN: Batch  350 | Speed: 1583.75 img/s | Loss: 0.2500
[INFO: 02/24/2026 06:11:52 AM] TRAIN: Batch  400 | Speed: 1587.84 img/s | Loss: 0.2510
[INFO: 02/24/2026 06:12:00 AM] TRAIN: Batch  450 | Speed: 1591.12 img/s | Loss: 0.2245
[INFO: 02/24/2026 06:12:07 AM] TRAIN: Batch  500 | Speed: 1594.50 img/s | Loss: 0.2418
[INFO: 02/24/2026 06:12:15 AM] TRAIN: Batch  550 | Speed: 1597.33 img/s | Loss: 0.2683
[INFO: 02/24/2026 06:12:23 AM] TRAIN: Batch  600 | Speed: 1599.69 img/s | Loss: 0.2917
[INFO: 02/24/2026 06:12:31 AM] TRAIN: Batch  650 | Speed: 1601.77 img/s | Loss: 0.2350
[INFO: 02/24/2026 06:12:39 AM] TRAIN: Batch  700 | Speed: 1603.71 img/s | Loss: 0.2871
[INFO: 02/24/2026 06:12:47 AM] TRAIN: Batch  750 | Speed: 1605.36 img/s | Loss: 0.2530
[INFO: 02/24/2026 06:12:54 AM] TEST: Batch   10 | Speed: 2427.20 img/s | Loss: 0.3046
[INFO: 02/24/2026 06:12:55 AM] TEST: Batch   20 | Speed: 3185.21 img/s | Loss: 0.2881
[INFO: 02/24/2026 06:12:55 AM] TEST: Batch   30 | Speed: 3627.20 img/s | Loss: 0.3400
[INFO: 02/24/2026 06:12:56 AM] TEST: Batch   40 | Speed: 3838.11 img/s | Loss: 0.3219
[INFO: 02/24/2026 06:12:57 AM] TEST: Batch   50 | Speed: 4037.31 img/s | Loss: 0.2895
[INFO: 02/24/2026 06:12:57 AM] TEST: Batch   60 | Speed: 4183.12 img/s | Loss: 0.2921
[INFO: 02/24/2026 06:12:58 AM] TEST: Batch   70 | Speed: 4294.82 img/s | Loss: 0.3578
[INFO: 02/24/2026 06:12:58 AM] TEST: Batch   80 | Speed: 4386.31 img/s | Loss: 0.3281
[INFO: 02/24/2026 06:12:59 AM] TEST: Batch   90 | Speed: 4460.76 img/s | Loss: 0.2974
[INFO: 02/24/2026 06:12:59 AM] Epoch 5, Train Loss: 0.2578, Test Loss: 0.3145
[INFO: 02/24/2026 06:13:08 AM] TRAIN: Batch   50 | Speed: 1500.43 img/s | Loss: 0.1901
[INFO: 02/24/2026 06:13:16 AM] TRAIN: Batch  100 | Speed: 1560.28 img/s | Loss: 0.2203
[INFO: 02/24/2026 06:13:23 AM] TRAIN: Batch  150 | Speed: 1581.44 img/s | Loss: 0.2350
[INFO: 02/24/2026 06:13:31 AM] TRAIN: Batch  200 | Speed: 1592.44 img/s | Loss: 0.2176
[INFO: 02/24/2026 06:13:39 AM] TRAIN: Batch  250 | Speed: 1598.98 img/s | Loss: 0.2499
[INFO: 02/24/2026 06:13:47 AM] TRAIN: Batch  300 | Speed: 1603.45 img/s | Loss: 0.2432
[INFO: 02/24/2026 06:13:55 AM] TRAIN: Batch  350 | Speed: 1606.62 img/s | Loss: 0.2025
[INFO: 02/24/2026 06:14:03 AM] TRAIN: Batch  400 | Speed: 1609.01 img/s | Loss: 0.2780
[INFO: 02/24/2026 06:14:11 AM] TRAIN: Batch  450 | Speed: 1610.89 img/s | Loss: 0.2486
[INFO: 02/24/2026 06:14:18 AM] TRAIN: Batch  500 | Speed: 1612.36 img/s | Loss: 0.2257
[INFO: 02/24/2026 06:14:26 AM] TRAIN: Batch  550 | Speed: 1613.60 img/s | Loss: 0.1746
[INFO: 02/24/2026 06:14:34 AM] TRAIN: Batch  600 | Speed: 1614.60 img/s | Loss: 0.2327
[INFO: 02/24/2026 06:14:42 AM] TRAIN: Batch  650 | Speed: 1615.60 img/s | Loss: 0.2316
[INFO: 02/24/2026 06:14:50 AM] TRAIN: Batch  700 | Speed: 1616.61 img/s | Loss: 0.2413
[INFO: 02/24/2026 06:14:58 AM] TRAIN: Batch  750 | Speed: 1617.48 img/s | Loss: 0.2586
[INFO: 02/24/2026 06:15:06 AM] TEST: Batch   10 | Speed: 2348.85 img/s | Loss: 0.2967
[INFO: 02/24/2026 06:15:06 AM] TEST: Batch   20 | Speed: 3165.25 img/s | Loss: 0.2814
[INFO: 02/24/2026 06:15:07 AM] TEST: Batch   30 | Speed: 3610.91 img/s | Loss: 0.3209
[INFO: 02/24/2026 06:15:07 AM] TEST: Batch   40 | Speed: 3892.33 img/s | Loss: 0.3610
[INFO: 02/24/2026 06:15:08 AM] TEST: Batch   50 | Speed: 4084.81 img/s | Loss: 0.2896
[INFO: 02/24/2026 06:15:08 AM] TEST: Batch   60 | Speed: 4225.18 img/s | Loss: 0.3071
[INFO: 02/24/2026 06:15:09 AM] TEST: Batch   70 | Speed: 4332.45 img/s | Loss: 0.3938
[INFO: 02/24/2026 06:15:09 AM] TEST: Batch   80 | Speed: 4420.04 img/s | Loss: 0.3602
[INFO: 02/24/2026 06:15:10 AM] TEST: Batch   90 | Speed: 4490.85 img/s | Loss: 0.3113
[INFO: 02/24/2026 06:15:10 AM] Epoch 6, Train Loss: 0.2374, Test Loss: 0.3210
[INFO: 02/24/2026 06:15:19 AM] TRAIN: Batch   50 | Speed: 1470.41 img/s | Loss: 0.2079
[INFO: 02/24/2026 06:15:27 AM] TRAIN: Batch  100 | Speed: 1540.57 img/s | Loss: 0.2276
[INFO: 02/24/2026 06:15:35 AM] TRAIN: Batch  150 | Speed: 1565.88 img/s | Loss: 0.2042
[INFO: 02/24/2026 06:15:43 AM] TRAIN: Batch  200 | Speed: 1578.56 img/s | Loss: 0.1911
[INFO: 02/24/2026 06:15:50 AM] TRAIN: Batch  250 | Speed: 1586.35 img/s | Loss: 0.2089
[INFO: 02/24/2026 06:15:58 AM] TRAIN: Batch  300 | Speed: 1591.67 img/s | Loss: 0.2154
[INFO: 02/24/2026 06:16:06 AM] TRAIN: Batch  350 | Speed: 1595.41 img/s | Loss: 0.2615
[INFO: 02/24/2026 06:16:14 AM] TRAIN: Batch  400 | Speed: 1598.24 img/s | Loss: 0.2272
[INFO: 02/24/2026 06:16:22 AM] TRAIN: Batch  450 | Speed: 1600.64 img/s | Loss: 0.2365
[INFO: 02/24/2026 06:16:30 AM] TRAIN: Batch  500 | Speed: 1603.18 img/s | Loss: 0.2125
[INFO: 02/24/2026 06:16:38 AM] TRAIN: Batch  550 | Speed: 1605.20 img/s | Loss: 0.2071
[INFO: 02/24/2026 06:16:46 AM] TRAIN: Batch  600 | Speed: 1606.90 img/s | Loss: 0.2329
[INFO: 02/24/2026 06:16:54 AM] TRAIN: Batch  650 | Speed: 1608.50 img/s | Loss: 0.1872
[INFO: 02/24/2026 06:17:01 AM] TRAIN: Batch  700 | Speed: 1610.00 img/s | Loss: 0.2075
[INFO: 02/24/2026 06:17:09 AM] TRAIN: Batch  750 | Speed: 1611.28 img/s | Loss: 0.2163
[INFO: 02/24/2026 06:17:17 AM] TEST: Batch   10 | Speed: 2197.30 img/s | Loss: 0.3156
[INFO: 02/24/2026 06:17:18 AM] TEST: Batch   20 | Speed: 3018.88 img/s | Loss: 0.2907
[INFO: 02/24/2026 06:17:18 AM] TEST: Batch   30 | Speed: 3480.81 img/s | Loss: 0.3486
[INFO: 02/24/2026 06:17:19 AM] TEST: Batch   40 | Speed: 3776.18 img/s | Loss: 0.3556
[INFO: 02/24/2026 06:17:19 AM] TEST: Batch   50 | Speed: 3982.28 img/s | Loss: 0.2838
[INFO: 02/24/2026 06:17:20 AM] TEST: Batch   60 | Speed: 4133.87 img/s | Loss: 0.2958
[INFO: 02/24/2026 06:17:20 AM] TEST: Batch   70 | Speed: 4250.60 img/s | Loss: 0.3844
[INFO: 02/24/2026 06:17:21 AM] TEST: Batch   80 | Speed: 4345.05 img/s | Loss: 0.3696
[INFO: 02/24/2026 06:17:21 AM] TEST: Batch   90 | Speed: 4421.92 img/s | Loss: 0.3081
[INFO: 02/24/2026 06:17:22 AM] Epoch 7, Train Loss: 0.2151, Test Loss: 0.3234
[INFO: 02/24/2026 06:17:30 AM] TRAIN: Batch   50 | Speed: 1485.59 img/s | Loss: 0.1848
[INFO: 02/24/2026 06:17:38 AM] TRAIN: Batch  100 | Speed: 1549.32 img/s | Loss: 0.1667
[INFO: 02/24/2026 06:17:46 AM] TRAIN: Batch  150 | Speed: 1571.92 img/s | Loss: 0.1805
[INFO: 02/24/2026 06:17:54 AM] TRAIN: Batch  200 | Speed: 1583.39 img/s | Loss: 0.1606
[INFO: 02/24/2026 06:18:02 AM] TRAIN: Batch  250 | Speed: 1590.39 img/s | Loss: 0.1855
[INFO: 02/24/2026 06:18:10 AM] TRAIN: Batch  300 | Speed: 1594.96 img/s | Loss: 0.1953
[INFO: 02/24/2026 06:18:18 AM] TRAIN: Batch  350 | Speed: 1598.42 img/s | Loss: 0.1662
[INFO: 02/24/2026 06:18:26 AM] TRAIN: Batch  400 | Speed: 1601.11 img/s | Loss: 0.1938
[INFO: 02/24/2026 06:18:34 AM] TRAIN: Batch  450 | Speed: 1603.15 img/s | Loss: 0.2386
[INFO: 02/24/2026 06:18:41 AM] TRAIN: Batch  500 | Speed: 1605.42 img/s | Loss: 0.2086
[INFO: 02/24/2026 06:18:49 AM] TRAIN: Batch  550 | Speed: 1607.28 img/s | Loss: 0.2145
[INFO: 02/24/2026 06:18:57 AM] TRAIN: Batch  600 | Speed: 1608.84 img/s | Loss: 0.2033
[INFO: 02/24/2026 06:19:05 AM] TRAIN: Batch  650 | Speed: 1610.28 img/s | Loss: 0.2071
[INFO: 02/24/2026 06:19:13 AM] TRAIN: Batch  700 | Speed: 1611.72 img/s | Loss: 0.2196
[INFO: 02/24/2026 06:19:21 AM] TRAIN: Batch  750 | Speed: 1612.95 img/s | Loss: 0.2064
[INFO: 02/24/2026 06:19:29 AM] TEST: Batch   10 | Speed: 2495.66 img/s | Loss: 0.3099
[INFO: 02/24/2026 06:19:29 AM] TEST: Batch   20 | Speed: 3171.69 img/s | Loss: 0.3018
[INFO: 02/24/2026 06:19:30 AM] TEST: Batch   30 | Speed: 3488.66 img/s | Loss: 0.3344
[INFO: 02/24/2026 06:19:30 AM] TEST: Batch   40 | Speed: 3745.82 img/s | Loss: 0.3631
[INFO: 02/24/2026 06:19:31 AM] TEST: Batch   50 | Speed: 3859.06 img/s | Loss: 0.3136
[INFO: 02/24/2026 06:19:31 AM] TEST: Batch   60 | Speed: 4021.62 img/s | Loss: 0.3051
[INFO: 02/24/2026 06:19:32 AM] TEST: Batch   70 | Speed: 4147.34 img/s | Loss: 0.3777
[INFO: 02/24/2026 06:19:32 AM] TEST: Batch   80 | Speed: 4249.89 img/s | Loss: 0.3831
[INFO: 02/24/2026 06:19:33 AM] TEST: Batch   90 | Speed: 4333.22 img/s | Loss: 0.3277
[INFO: 02/24/2026 06:19:33 AM] Epoch 8, Train Loss: 0.1935, Test Loss: 0.3322
[INFO: 02/24/2026 06:19:42 AM] TRAIN: Batch   50 | Speed: 1471.63 img/s | Loss: 0.1654
[INFO: 02/24/2026 06:19:50 AM] TRAIN: Batch  100 | Speed: 1544.39 img/s | Loss: 0.1960
[INFO: 02/24/2026 06:19:58 AM] TRAIN: Batch  150 | Speed: 1570.28 img/s | Loss: 0.1706
[INFO: 02/24/2026 06:20:06 AM] TRAIN: Batch  200 | Speed: 1583.93 img/s | Loss: 0.1709
[INFO: 02/24/2026 06:20:14 AM] TRAIN: Batch  250 | Speed: 1592.19 img/s | Loss: 0.1673
[INFO: 02/24/2026 06:20:21 AM] TRAIN: Batch  300 | Speed: 1597.69 img/s | Loss: 0.1977
[INFO: 02/24/2026 06:20:29 AM] TRAIN: Batch  350 | Speed: 1601.63 img/s | Loss: 0.1771
[INFO: 02/24/2026 06:20:37 AM] TRAIN: Batch  400 | Speed: 1604.55 img/s | Loss: 0.1688
[INFO: 02/24/2026 06:20:45 AM] TRAIN: Batch  450 | Speed: 1606.98 img/s | Loss: 0.1481
[INFO: 02/24/2026 06:20:53 AM] TRAIN: Batch  500 | Speed: 1608.88 img/s | Loss: 0.1987
[INFO: 02/24/2026 06:21:01 AM] TRAIN: Batch  550 | Speed: 1610.46 img/s | Loss: 0.1980
[INFO: 02/24/2026 06:21:09 AM] TRAIN: Batch  600 | Speed: 1611.79 img/s | Loss: 0.1670
[INFO: 02/24/2026 06:21:17 AM] TRAIN: Batch  650 | Speed: 1612.98 img/s | Loss: 0.2148
[INFO: 02/24/2026 06:21:24 AM] TRAIN: Batch  700 | Speed: 1614.22 img/s | Loss: 0.1734
[INFO: 02/24/2026 06:21:32 AM] TRAIN: Batch  750 | Speed: 1615.23 img/s | Loss: 0.1725
[INFO: 02/24/2026 06:21:40 AM] TEST: Batch   10 | Speed: 2402.96 img/s | Loss: 0.3334
[INFO: 02/24/2026 06:21:40 AM] TEST: Batch   20 | Speed: 3215.95 img/s | Loss: 0.3119
[INFO: 02/24/2026 06:21:41 AM] TEST: Batch   30 | Speed: 3654.96 img/s | Loss: 0.3590
[INFO: 02/24/2026 06:21:41 AM] TEST: Batch   40 | Speed: 3930.21 img/s | Loss: 0.3749
[INFO: 02/24/2026 06:21:42 AM] TEST: Batch   50 | Speed: 4118.44 img/s | Loss: 0.3015
[INFO: 02/24/2026 06:21:42 AM] TEST: Batch   60 | Speed: 4254.91 img/s | Loss: 0.3270
[INFO: 02/24/2026 06:21:43 AM] TEST: Batch   70 | Speed: 4360.12 img/s | Loss: 0.4114
[INFO: 02/24/2026 06:21:43 AM] TEST: Batch   80 | Speed: 4446.11 img/s | Loss: 0.3751
[INFO: 02/24/2026 06:21:44 AM] TEST: Batch   90 | Speed: 4514.81 img/s | Loss: 0.3293
[INFO: 02/24/2026 06:21:44 AM] Epoch 9, Train Loss: 0.1758, Test Loss: 0.3432
[INFO: 02/24/2026 06:21:53 AM] TRAIN: Batch   50 | Speed: 1484.93 img/s | Loss: 0.1419
[INFO: 02/24/2026 06:22:01 AM] TRAIN: Batch  100 | Speed: 1550.21 img/s | Loss: 0.1546
[INFO: 02/24/2026 06:22:09 AM] TRAIN: Batch  150 | Speed: 1572.10 img/s | Loss: 0.1319
[INFO: 02/24/2026 06:22:17 AM] TRAIN: Batch  200 | Speed: 1583.64 img/s | Loss: 0.1527
[INFO: 02/24/2026 06:22:25 AM] TRAIN: Batch  250 | Speed: 1590.73 img/s | Loss: 0.1563
[INFO: 02/24/2026 06:22:33 AM] TRAIN: Batch  300 | Speed: 1595.46 img/s | Loss: 0.1445
[INFO: 02/24/2026 06:22:41 AM] TRAIN: Batch  350 | Speed: 1598.75 img/s | Loss: 0.1797
[INFO: 02/24/2026 06:22:48 AM] TRAIN: Batch  400 | Speed: 1601.48 img/s | Loss: 0.1673
[INFO: 02/24/2026 06:22:56 AM] TRAIN: Batch  450 | Speed: 1603.46 img/s | Loss: 0.1386
[INFO: 02/24/2026 06:23:04 AM] TRAIN: Batch  500 | Speed: 1605.58 img/s | Loss: 0.1574
[INFO: 02/24/2026 06:23:12 AM] TRAIN: Batch  550 | Speed: 1607.46 img/s | Loss: 0.1629
[INFO: 02/24/2026 06:23:20 AM] TRAIN: Batch  600 | Speed: 1609.03 img/s | Loss: 0.1745
[INFO: 02/24/2026 06:23:28 AM] TRAIN: Batch  650 | Speed: 1610.47 img/s | Loss: 0.1374
[INFO: 02/24/2026 06:23:36 AM] TRAIN: Batch  700 | Speed: 1611.84 img/s | Loss: 0.1494
[INFO: 02/24/2026 06:23:44 AM] TRAIN: Batch  750 | Speed: 1613.08 img/s | Loss: 0.1823
[INFO: 02/24/2026 06:23:51 AM] TEST: Batch   10 | Speed: 2265.69 img/s | Loss: 0.3305
[INFO: 02/24/2026 06:23:52 AM] TEST: Batch   20 | Speed: 2970.89 img/s | Loss: 0.2960
[INFO: 02/24/2026 06:23:53 AM] TEST: Batch   30 | Speed: 3381.32 img/s | Loss: 0.3516
[INFO: 02/24/2026 06:23:53 AM] TEST: Batch   40 | Speed: 3667.77 img/s | Loss: 0.3529
[INFO: 02/24/2026 06:23:54 AM] TEST: Batch   50 | Speed: 3884.77 img/s | Loss: 0.2912
[INFO: 02/24/2026 06:23:54 AM] TEST: Batch   60 | Speed: 4045.70 img/s | Loss: 0.3338
[INFO: 02/24/2026 06:23:55 AM] TEST: Batch   70 | Speed: 4169.98 img/s | Loss: 0.4084
[INFO: 02/24/2026 06:23:55 AM] TEST: Batch   80 | Speed: 4272.08 img/s | Loss: 0.3902
[INFO: 02/24/2026 06:23:56 AM] TEST: Batch   90 | Speed: 4355.37 img/s | Loss: 0.3227
[INFO: 02/24/2026 06:23:56 AM] Epoch 10, Train Loss: 0.1537, Test Loss: 0.3440
[INFO: 02/24/2026 06:24:05 AM] TRAIN: Batch   50 | Speed: 1452.07 img/s | Loss: 0.1202
[INFO: 02/24/2026 06:24:13 AM] TRAIN: Batch  100 | Speed: 1531.28 img/s | Loss: 0.1161
[INFO: 02/24/2026 06:24:21 AM] TRAIN: Batch  150 | Speed: 1559.50 img/s | Loss: 0.1126
[INFO: 02/24/2026 06:24:29 AM] TRAIN: Batch  200 | Speed: 1573.65 img/s | Loss: 0.1400
[INFO: 02/24/2026 06:24:37 AM] TRAIN: Batch  250 | Speed: 1582.49 img/s | Loss: 0.1421
[INFO: 02/24/2026 06:24:44 AM] TRAIN: Batch  300 | Speed: 1588.20 img/s | Loss: 0.1636
[INFO: 02/24/2026 06:24:52 AM] TRAIN: Batch  350 | Speed: 1592.49 img/s | Loss: 0.1495
[INFO: 02/24/2026 06:25:00 AM] TRAIN: Batch  400 | Speed: 1595.79 img/s | Loss: 0.1610
[INFO: 02/24/2026 06:25:08 AM] TRAIN: Batch  450 | Speed: 1598.36 img/s | Loss: 0.1286
[INFO: 02/24/2026 06:25:16 AM] TRAIN: Batch  500 | Speed: 1601.12 img/s | Loss: 0.1508
[INFO: 02/24/2026 06:25:24 AM] TRAIN: Batch  550 | Speed: 1603.37 img/s | Loss: 0.1358
[INFO: 02/24/2026 06:25:32 AM] TRAIN: Batch  600 | Speed: 1605.25 img/s | Loss: 0.1418
[INFO: 02/24/2026 06:25:40 AM] TRAIN: Batch  650 | Speed: 1606.94 img/s | Loss: 0.1274
[INFO: 02/24/2026 06:25:47 AM] TRAIN: Batch  700 | Speed: 1608.55 img/s | Loss: 0.1391
[INFO: 02/24/2026 06:25:55 AM] TRAIN: Batch  750 | Speed: 1609.94 img/s | Loss: 0.1460
[INFO: 02/24/2026 06:26:03 AM] TEST: Batch   10 | Speed: 2556.02 img/s | Loss: 0.3468
[INFO: 02/24/2026 06:26:04 AM] TEST: Batch   20 | Speed: 3343.20 img/s | Loss: 0.3095
[INFO: 02/24/2026 06:26:04 AM] TEST: Batch   30 | Speed: 3765.21 img/s | Loss: 0.3697
[INFO: 02/24/2026 06:26:05 AM] TEST: Batch   40 | Speed: 4025.98 img/s | Loss: 0.3639
[INFO: 02/24/2026 06:26:05 AM] TEST: Batch   50 | Speed: 4202.66 img/s | Loss: 0.3010
[INFO: 02/24/2026 06:26:06 AM] TEST: Batch   60 | Speed: 4330.15 img/s | Loss: 0.3401
[INFO: 02/24/2026 06:26:06 AM] TEST: Batch   70 | Speed: 4427.29 img/s | Loss: 0.4161
[INFO: 02/24/2026 06:26:07 AM] TEST: Batch   80 | Speed: 4506.72 img/s | Loss: 0.3868
[INFO: 02/24/2026 06:26:07 AM] TEST: Batch   90 | Speed: 4570.36 img/s | Loss: 0.3303
[INFO: 02/24/2026 06:26:07 AM] Epoch 11, Train Loss: 0.1369, Test Loss: 0.3497
[INFO: 02/24/2026 06:26:16 AM] TRAIN: Batch   50 | Speed: 1479.46 img/s | Loss: 0.0983
[INFO: 02/24/2026 06:26:24 AM] TRAIN: Batch  100 | Speed: 1546.28 img/s | Loss: 0.1158
[INFO: 02/24/2026 06:26:32 AM] TRAIN: Batch  150 | Speed: 1569.65 img/s | Loss: 0.1209
[INFO: 02/24/2026 06:26:40 AM] TRAIN: Batch  200 | Speed: 1581.58 img/s | Loss: 0.1188
[INFO: 02/24/2026 06:26:48 AM] TRAIN: Batch  250 | Speed: 1588.88 img/s | Loss: 0.1415
[INFO: 02/24/2026 06:26:56 AM] TRAIN: Batch  300 | Speed: 1593.62 img/s | Loss: 0.1101
[INFO: 02/24/2026 06:27:04 AM] TRAIN: Batch  350 | Speed: 1597.28 img/s | Loss: 0.1155
[INFO: 02/24/2026 06:27:12 AM] TRAIN: Batch  400 | Speed: 1600.00 img/s | Loss: 0.1363
[INFO: 02/24/2026 06:27:19 AM] TRAIN: Batch  450 | Speed: 1602.26 img/s | Loss: 0.1313
[INFO: 02/24/2026 06:27:27 AM] TRAIN: Batch  500 | Speed: 1604.66 img/s | Loss: 0.1342
[INFO: 02/24/2026 06:27:35 AM] TRAIN: Batch  550 | Speed: 1606.59 img/s | Loss: 0.1162
[INFO: 02/24/2026 06:27:43 AM] TRAIN: Batch  600 | Speed: 1608.21 img/s | Loss: 0.1213
[INFO: 02/24/2026 06:27:51 AM] TRAIN: Batch  650 | Speed: 1609.62 img/s | Loss: 0.1205
[INFO: 02/24/2026 06:27:59 AM] TRAIN: Batch  700 | Speed: 1610.94 img/s | Loss: 0.1374
[INFO: 02/24/2026 06:28:07 AM] TRAIN: Batch  750 | Speed: 1612.15 img/s | Loss: 0.1321
[INFO: 02/24/2026 06:28:14 AM] TEST: Batch   10 | Speed: 2532.32 img/s | Loss: 0.3478
[INFO: 02/24/2026 06:28:15 AM] TEST: Batch   20 | Speed: 3335.15 img/s | Loss: 0.3126
[INFO: 02/24/2026 06:28:15 AM] TEST: Batch   30 | Speed: 3758.22 img/s | Loss: 0.3530
[INFO: 02/24/2026 06:28:16 AM] TEST: Batch   40 | Speed: 4019.61 img/s | Loss: 0.3744
[INFO: 02/24/2026 06:28:16 AM] TEST: Batch   50 | Speed: 4197.30 img/s | Loss: 0.3249
[INFO: 02/24/2026 06:28:17 AM] TEST: Batch   60 | Speed: 4325.83 img/s | Loss: 0.3421
[INFO: 02/24/2026 06:28:17 AM] TEST: Batch   70 | Speed: 4423.77 img/s | Loss: 0.4258
[INFO: 02/24/2026 06:28:18 AM] TEST: Batch   80 | Speed: 4503.39 img/s | Loss: 0.3941
[INFO: 02/24/2026 06:28:18 AM] TEST: Batch   90 | Speed: 4567.88 img/s | Loss: 0.3358
[INFO: 02/24/2026 06:28:19 AM] Epoch 12, Train Loss: 0.1245, Test Loss: 0.3528
[INFO: 02/24/2026 06:28:28 AM] TRAIN: Batch   50 | Speed: 1462.19 img/s | Loss: 0.1129
[INFO: 02/24/2026 06:28:36 AM] TRAIN: Batch  100 | Speed: 1536.90 img/s | Loss: 0.1119
[INFO: 02/24/2026 06:28:44 AM] TRAIN: Batch  150 | Speed: 1562.71 img/s | Loss: 0.1060
[INFO: 02/24/2026 06:28:51 AM] TRAIN: Batch  200 | Speed: 1576.30 img/s | Loss: 0.1123
[INFO: 02/24/2026 06:28:59 AM] TRAIN: Batch  250 | Speed: 1584.74 img/s | Loss: 0.1081
[INFO: 02/24/2026 06:29:07 AM] TRAIN: Batch  300 | Speed: 1590.36 img/s | Loss: 0.1179
[INFO: 02/24/2026 06:29:15 AM] TRAIN: Batch  350 | Speed: 1594.45 img/s | Loss: 0.1195
[INFO: 02/24/2026 06:29:23 AM] TRAIN: Batch  400 | Speed: 1597.47 img/s | Loss: 0.1381
[INFO: 02/24/2026 06:29:31 AM] TRAIN: Batch  450 | Speed: 1599.86 img/s | Loss: 0.1110
[INFO: 02/24/2026 06:29:39 AM] TRAIN: Batch  500 | Speed: 1602.41 img/s | Loss: 0.1362
[INFO: 02/24/2026 06:29:47 AM] TRAIN: Batch  550 | Speed: 1604.52 img/s | Loss: 0.1206
[INFO: 02/24/2026 06:29:55 AM] TRAIN: Batch  600 | Speed: 1606.30 img/s | Loss: 0.1340
[INFO: 02/24/2026 06:30:02 AM] TRAIN: Batch  650 | Speed: 1607.79 img/s | Loss: 0.1155
[INFO: 02/24/2026 06:30:10 AM] TRAIN: Batch  700 | Speed: 1609.33 img/s | Loss: 0.1228
[INFO: 02/24/2026 06:30:18 AM] TRAIN: Batch  750 | Speed: 1610.64 img/s | Loss: 0.1221
[INFO: 02/24/2026 06:30:26 AM] TEST: Batch   10 | Speed: 2512.56 img/s | Loss: 0.3480
[INFO: 02/24/2026 06:30:26 AM] TEST: Batch   20 | Speed: 3316.84 img/s | Loss: 0.3224
[INFO: 02/24/2026 06:30:27 AM] TEST: Batch   30 | Speed: 3742.73 img/s | Loss: 0.3707
[INFO: 02/24/2026 06:30:27 AM] TEST: Batch   40 | Speed: 4005.22 img/s | Loss: 0.3765
[INFO: 02/24/2026 06:30:28 AM] TEST: Batch   50 | Speed: 4183.99 img/s | Loss: 0.3157
[INFO: 02/24/2026 06:30:28 AM] TEST: Batch   60 | Speed: 4313.28 img/s | Loss: 0.3372
[INFO: 02/24/2026 06:30:29 AM] TEST: Batch   70 | Speed: 4412.30 img/s | Loss: 0.4224
[INFO: 02/24/2026 06:30:29 AM] TEST: Batch   80 | Speed: 4492.03 img/s | Loss: 0.3955
[INFO: 02/24/2026 06:30:30 AM] TEST: Batch   90 | Speed: 4556.66 img/s | Loss: 0.3128
[INFO: 02/24/2026 06:30:30 AM] Epoch 13, Train Loss: 0.1143, Test Loss: 0.3582
[INFO: 02/24/2026 06:30:39 AM] TRAIN: Batch   50 | Speed: 1486.90 img/s | Loss: 0.1197
[INFO: 02/24/2026 06:30:47 AM] TRAIN: Batch  100 | Speed: 1550.87 img/s | Loss: 0.1035
[INFO: 02/24/2026 06:30:55 AM] TRAIN: Batch  150 | Speed: 1573.22 img/s | Loss: 0.0907
[INFO: 02/24/2026 06:31:03 AM] TRAIN: Batch  200 | Speed: 1584.57 img/s | Loss: 0.1019
[INFO: 02/24/2026 06:31:11 AM] TRAIN: Batch  250 | Speed: 1591.35 img/s | Loss: 0.1046
[INFO: 02/24/2026 06:31:19 AM] TRAIN: Batch  300 | Speed: 1596.16 img/s | Loss: 0.1062
[INFO: 02/24/2026 06:31:26 AM] TRAIN: Batch  350 | Speed: 1599.28 img/s | Loss: 0.0930
[INFO: 02/24/2026 06:31:34 AM] TRAIN: Batch  400 | Speed: 1601.77 img/s | Loss: 0.1100
[INFO: 02/24/2026 06:31:42 AM] TRAIN: Batch  450 | Speed: 1603.77 img/s | Loss: 0.1116
[INFO: 02/24/2026 06:31:50 AM] TRAIN: Batch  500 | Speed: 1605.94 img/s | Loss: 0.1087
[INFO: 02/24/2026 06:31:58 AM] TRAIN: Batch  550 | Speed: 1607.75 img/s | Loss: 0.1069
[INFO: 02/24/2026 06:32:06 AM] TRAIN: Batch  600 | Speed: 1609.26 img/s | Loss: 0.1273
[INFO: 02/24/2026 06:32:14 AM] TRAIN: Batch  650 | Speed: 1610.71 img/s | Loss: 0.1098
[INFO: 02/24/2026 06:32:22 AM] TRAIN: Batch  700 | Speed: 1612.08 img/s | Loss: 0.1179
[INFO: 02/24/2026 06:32:29 AM] TRAIN: Batch  750 | Speed: 1613.31 img/s | Loss: 0.1043
[INFO: 02/24/2026 06:32:37 AM] TEST: Batch   10 | Speed: 2103.82 img/s | Loss: 0.3449
[INFO: 02/24/2026 06:32:38 AM] TEST: Batch   20 | Speed: 2810.65 img/s | Loss: 0.3124
[INFO: 02/24/2026 06:32:38 AM] TEST: Batch   30 | Speed: 3254.50 img/s | Loss: 0.3686
[INFO: 02/24/2026 06:32:39 AM] TEST: Batch   40 | Speed: 3572.76 img/s | Loss: 0.3917
[INFO: 02/24/2026 06:32:39 AM] TEST: Batch   50 | Speed: 3798.80 img/s | Loss: 0.3296
[INFO: 02/24/2026 06:32:40 AM] TEST: Batch   60 | Speed: 3967.09 img/s | Loss: 0.3590
[INFO: 02/24/2026 06:32:40 AM] TEST: Batch   70 | Speed: 4098.31 img/s | Loss: 0.4417
[INFO: 02/24/2026 06:32:41 AM] TEST: Batch   80 | Speed: 4205.98 img/s | Loss: 0.3898
[INFO: 02/24/2026 06:32:41 AM] TEST: Batch   90 | Speed: 4294.18 img/s | Loss: 0.3271
[INFO: 02/24/2026 06:32:42 AM] Epoch 14, Train Loss: 0.1060, Test Loss: 0.3635
[INFO: 02/24/2026 06:32:51 AM] TRAIN: Batch   50 | Speed: 1465.68 img/s | Loss: 0.0891
[INFO: 02/24/2026 06:32:59 AM] TRAIN: Batch  100 | Speed: 1538.76 img/s | Loss: 0.0866
[INFO: 02/24/2026 06:33:07 AM] TRAIN: Batch  150 | Speed: 1564.87 img/s | Loss: 0.0959
[INFO: 02/24/2026 06:33:15 AM] TRAIN: Batch  200 | Speed: 1578.04 img/s | Loss: 0.1065
[INFO: 02/24/2026 06:33:22 AM] TRAIN: Batch  250 | Speed: 1586.23 img/s | Loss: 0.0900
[INFO: 02/24/2026 06:33:30 AM] TRAIN: Batch  300 | Speed: 1591.77 img/s | Loss: 0.0954
[INFO: 02/24/2026 06:33:38 AM] TRAIN: Batch  350 | Speed: 1595.72 img/s | Loss: 0.0983
[INFO: 02/24/2026 06:33:46 AM] TRAIN: Batch  400 | Speed: 1598.69 img/s | Loss: 0.0977
[INFO: 02/24/2026 06:33:54 AM] TRAIN: Batch  450 | Speed: 1601.32 img/s | Loss: 0.0860
[INFO: 02/24/2026 06:34:02 AM] TRAIN: Batch  500 | Speed: 1603.82 img/s | Loss: 0.1022
[INFO: 02/24/2026 06:34:10 AM] TRAIN: Batch  550 | Speed: 1605.81 img/s | Loss: 0.0876
[INFO: 02/24/2026 06:34:18 AM] TRAIN: Batch  600 | Speed: 1607.49 img/s | Loss: 0.0934
[INFO: 02/24/2026 06:34:25 AM] TRAIN: Batch  650 | Speed: 1609.03 img/s | Loss: 0.1055
[INFO: 02/24/2026 06:34:33 AM] TRAIN: Batch  700 | Speed: 1610.54 img/s | Loss: 0.0919
[INFO: 02/24/2026 06:34:41 AM] TRAIN: Batch  750 | Speed: 1611.87 img/s | Loss: 0.0974
[INFO: 02/24/2026 06:34:49 AM] TEST: Batch   10 | Speed: 2368.67 img/s | Loss: 0.3238
[INFO: 02/24/2026 06:34:49 AM] TEST: Batch   20 | Speed: 3182.06 img/s | Loss: 0.3281
[INFO: 02/24/2026 06:34:50 AM] TEST: Batch   30 | Speed: 3625.06 img/s | Loss: 0.3703
[INFO: 02/24/2026 06:34:50 AM] TEST: Batch   40 | Speed: 3903.03 img/s | Loss: 0.3842
[INFO: 02/24/2026 06:34:51 AM] TEST: Batch   50 | Speed: 4093.10 img/s | Loss: 0.3290
[INFO: 02/24/2026 06:34:51 AM] TEST: Batch   60 | Speed: 4232.48 img/s | Loss: 0.3590
[INFO: 02/24/2026 06:34:52 AM] TEST: Batch   70 | Speed: 4339.15 img/s | Loss: 0.4331
[INFO: 02/24/2026 06:34:52 AM] TEST: Batch   80 | Speed: 4425.85 img/s | Loss: 0.3852
[INFO: 02/24/2026 06:34:53 AM] TEST: Batch   90 | Speed: 4494.92 img/s | Loss: 0.3262
[INFO: 02/24/2026 06:34:53 AM] Epoch 15, Train Loss: 0.0991, Test Loss: 0.3649
[INFO: 02/24/2026 06:35:02 AM] TRAIN: Batch   50 | Speed: 1490.62 img/s | Loss: 0.0847
[INFO: 02/24/2026 06:35:10 AM] TRAIN: Batch  100 | Speed: 1551.77 img/s | Loss: 0.0872
[INFO: 02/24/2026 06:35:18 AM] TRAIN: Batch  150 | Speed: 1572.41 img/s | Loss: 0.0944
[INFO: 02/24/2026 06:35:26 AM] TRAIN: Batch  200 | Speed: 1582.97 img/s | Loss: 0.0876
[INFO: 02/24/2026 06:35:34 AM] TRAIN: Batch  250 | Speed: 1589.90 img/s | Loss: 0.0948
[INFO: 02/24/2026 06:35:42 AM] TRAIN: Batch  300 | Speed: 1594.39 img/s | Loss: 0.0871
[INFO: 02/24/2026 06:35:50 AM] TRAIN: Batch  350 | Speed: 1597.71 img/s | Loss: 0.0843
[INFO: 02/24/2026 06:35:58 AM] TRAIN: Batch  400 | Speed: 1600.45 img/s | Loss: 0.0811
[INFO: 02/24/2026 06:36:05 AM] TRAIN: Batch  450 | Speed: 1602.67 img/s | Loss: 0.1061
[INFO: 02/24/2026 06:36:13 AM] TRAIN: Batch  500 | Speed: 1604.87 img/s | Loss: 0.0912
[INFO: 02/24/2026 06:36:21 AM] TRAIN: Batch  550 | Speed: 1606.76 img/s | Loss: 0.0825
[INFO: 02/24/2026 06:36:29 AM] TRAIN: Batch  600 | Speed: 1608.39 img/s | Loss: 0.1135
[INFO: 02/24/2026 06:36:37 AM] TRAIN: Batch  650 | Speed: 1609.76 img/s | Loss: 0.0831
[INFO: 02/24/2026 06:36:45 AM] TRAIN: Batch  700 | Speed: 1611.23 img/s | Loss: 0.1081
[INFO: 02/24/2026 06:36:53 AM] TRAIN: Batch  750 | Speed: 1612.46 img/s | Loss: 0.0925
[INFO: 02/24/2026 06:37:00 AM] TEST: Batch   10 | Speed: 2248.66 img/s | Loss: 0.3436
[INFO: 02/24/2026 06:37:01 AM] TEST: Batch   20 | Speed: 3033.58 img/s | Loss: 0.3231
[INFO: 02/24/2026 06:37:01 AM] TEST: Batch   30 | Speed: 3478.15 img/s | Loss: 0.3945
[INFO: 02/24/2026 06:37:02 AM] TEST: Batch   40 | Speed: 3763.19 img/s | Loss: 0.3923
[INFO: 02/24/2026 06:37:02 AM] TEST: Batch   50 | Speed: 3969.43 img/s | Loss: 0.3462
[INFO: 02/24/2026 06:37:03 AM] TEST: Batch   60 | Speed: 4121.40 img/s | Loss: 0.3675
[INFO: 02/24/2026 06:37:03 AM] TEST: Batch   70 | Speed: 4239.31 img/s | Loss: 0.4378
[INFO: 02/24/2026 06:37:04 AM] TEST: Batch   80 | Speed: 4335.76 img/s | Loss: 0.3992
[INFO: 02/24/2026 06:37:04 AM] TEST: Batch   90 | Speed: 4414.27 img/s | Loss: 0.3328
[INFO: 02/24/2026 06:37:05 AM] Epoch 16, Train Loss: 0.0940, Test Loss: 0.3693
[INFO: 02/24/2026 06:37:14 AM] TRAIN: Batch   50 | Speed: 1457.98 img/s | Loss: 0.0810
[INFO: 02/24/2026 06:37:22 AM] TRAIN: Batch  100 | Speed: 1535.62 img/s | Loss: 0.0868
[INFO: 02/24/2026 06:37:30 AM] TRAIN: Batch  150 | Speed: 1562.21 img/s | Loss: 0.0715
[INFO: 02/24/2026 06:37:38 AM] TRAIN: Batch  200 | Speed: 1575.85 img/s | Loss: 0.0836
[INFO: 02/24/2026 06:37:45 AM] TRAIN: Batch  250 | Speed: 1584.24 img/s | Loss: 0.0802
[INFO: 02/24/2026 06:37:53 AM] TRAIN: Batch  300 | Speed: 1589.90 img/s | Loss: 0.0901
[INFO: 02/24/2026 06:38:01 AM] TRAIN: Batch  350 | Speed: 1594.16 img/s | Loss: 0.0812
[INFO: 02/24/2026 06:38:09 AM] TRAIN: Batch  400 | Speed: 1597.32 img/s | Loss: 0.1253
[INFO: 02/24/2026 06:38:17 AM] TRAIN: Batch  450 | Speed: 1599.83 img/s | Loss: 0.0995
[INFO: 02/24/2026 06:38:25 AM] TRAIN: Batch  500 | Speed: 1602.19 img/s | Loss: 0.0999
[INFO: 02/24/2026 06:38:33 AM] TRAIN: Batch  550 | Speed: 1604.32 img/s | Loss: 0.0932
[INFO: 02/24/2026 06:38:41 AM] TRAIN: Batch  600 | Speed: 1606.12 img/s | Loss: 0.1024
[INFO: 02/24/2026 06:38:49 AM] TRAIN: Batch  650 | Speed: 1607.80 img/s | Loss: 0.0875
[INFO: 02/24/2026 06:38:56 AM] TRAIN: Batch  700 | Speed: 1609.39 img/s | Loss: 0.1005
[INFO: 02/24/2026 06:39:04 AM] TRAIN: Batch  750 | Speed: 1610.75 img/s | Loss: 0.0854
[INFO: 02/24/2026 06:39:12 AM] TEST: Batch   10 | Speed: 2176.79 img/s | Loss: 0.3319
[INFO: 02/24/2026 06:39:13 AM] TEST: Batch   20 | Speed: 2997.61 img/s | Loss: 0.3307
[INFO: 02/24/2026 06:39:13 AM] TEST: Batch   30 | Speed: 3382.39 img/s | Loss: 0.3590
[INFO: 02/24/2026 06:39:14 AM] TEST: Batch   40 | Speed: 3688.07 img/s | Loss: 0.3874
[INFO: 02/24/2026 06:39:14 AM] TEST: Batch   50 | Speed: 3902.15 img/s | Loss: 0.3360
[INFO: 02/24/2026 06:39:15 AM] TEST: Batch   60 | Speed: 4060.41 img/s | Loss: 0.3548
[INFO: 02/24/2026 06:39:15 AM] TEST: Batch   70 | Speed: 4182.67 img/s | Loss: 0.4305
[INFO: 02/24/2026 06:39:16 AM] TEST: Batch   80 | Speed: 4282.75 img/s | Loss: 0.3897
[INFO: 02/24/2026 06:39:16 AM] TEST: Batch   90 | Speed: 4364.73 img/s | Loss: 0.3257
[INFO: 02/24/2026 06:39:17 AM] Epoch 17, Train Loss: 0.0936, Test Loss: 0.3628
[INFO: 02/24/2026 06:39:26 AM] TRAIN: Batch   50 | Speed: 1462.82 img/s | Loss: 0.0797
[INFO: 02/24/2026 06:39:31 AM] Saving checkpoint at epoch 17 in: experiments/exp_RNO_four_late_non_linear_merge_bn256_tr793_te100_lfn-MSELoss_opt-Adam_hiddenu-32_lr-0.001_lFactor-0.1_cartesian_transform-True_temporalRes-64_wkrs-pers12_preftch-12debug/checkpoints/checkpoint_e17.pth
[INFO: 02/24/2026 06:39:48 AM] Code exited on epoch: 17 and a checkpoint was created in experiments/exp_RNO_four_late_non_linear_merge_bn256_tr793_te100_lfn-MSELoss_opt-Adam_hiddenu-32_lr-0.001_lFactor-0.1_cartesian_transform-True_temporalRes-64_wkrs-pers12_preftch-12debug/checkpoints
