[INFO: 02/24/2026 04:14:22 AM] Starting experiment: exp_RNO_four_late_non_linear_merge_bn256_tr794_te100_lfn-MSELoss_opt-Adam_hiddenu-32_lr-0.001_lFactor-0.1_cartesian_transform-True_temporalRes-64_wkrs-pers16_preftch-64_chunk-opt
[INFO: 02/24/2026 04:14:22 AM] Device: cuda:1
[INFO: 02/24/2026 04:14:22 AM] PyTorch version: 2.8.0+cu128
[INFO: 02/24/2026 04:14:22 AM] Model: RNO_four_late_non_linear_merge
[INFO: 02/24/2026 04:14:22 AM] Optimizer: Adam
[INFO: 02/24/2026 04:14:22 AM] Loss function: MSELoss
[INFO: 02/24/2026 04:14:28 AM] Saving checkpoint at epoch 0 in: experiments/exp_RNO_four_late_non_linear_merge_bn256_tr794_te100_lfn-MSELoss_opt-Adam_hiddenu-32_lr-0.001_lFactor-0.1_cartesian_transform-True_temporalRes-64_wkrs-pers16_preftch-64_chunk-opt/checkpoints/checkpoint_e0.pth
[INFO: 02/24/2026 04:15:04 AM] TRAIN: Step 0 | Speed: 30.77 img/s | Loss: 1.0836
[INFO: 02/24/2026 04:15:05 AM] TRAIN: Step 10 | Speed: 29197.60 img/s | Loss: 0.7958
[INFO: 02/24/2026 04:15:16 AM] TRAIN: Step 20 | Speed: 13008.43 img/s | Loss: 0.8007
[INFO: 02/24/2026 04:15:18 AM] TRAIN: Step 30 | Speed: 24932.47 img/s | Loss: 0.7923
[INFO: 02/24/2026 04:15:36 AM] TRAIN: Step 40 | Speed: 30879.50 img/s | Loss: 0.8616
[INFO: 02/24/2026 04:15:53 AM] TRAIN: Step 50 | Speed: 28337.65 img/s | Loss: 0.8616
[INFO: 02/24/2026 04:15:56 AM] TRAIN: Step 60 | Speed: 30696.76 img/s | Loss: 0.7285
[INFO: 02/24/2026 04:16:13 AM] TRAIN: Step 70 | Speed: 30685.35 img/s | Loss: 0.8045
[INFO: 02/24/2026 04:16:28 AM] TRAIN: Step 80 | Speed: 13719.31 img/s | Loss: 0.7969
[INFO: 02/24/2026 04:16:31 AM] TRAIN: Step 90 | Speed: 31569.50 img/s | Loss: 0.7625
[INFO: 02/24/2026 04:16:46 AM] TRAIN: Step 100 | Speed: 28191.08 img/s | Loss: 0.8108
[INFO: 02/24/2026 04:16:49 AM] TRAIN: Step 110 | Speed: 28773.53 img/s | Loss: 0.7181
[INFO: 02/24/2026 04:17:05 AM] TRAIN: Step 120 | Speed: 30582.22 img/s | Loss: 0.7238
[INFO: 02/24/2026 04:17:20 AM] TRAIN: Step 130 | Speed: 32391.38 img/s | Loss: 0.7016
[INFO: 02/24/2026 04:17:22 AM] TRAIN: Step 140 | Speed: 33381.27 img/s | Loss: 0.6953
[INFO: 02/24/2026 04:17:37 AM] TRAIN: Step 150 | Speed: 67020.90 img/s | Loss: 0.6406
[INFO: 02/24/2026 04:17:52 AM] TRAIN: Step 160 | Speed: 15535.81 img/s | Loss: 0.6518
[INFO: 02/24/2026 04:17:55 AM] TRAIN: Step 170 | Speed: 73634.74 img/s | Loss: 0.6770
[INFO: 02/24/2026 04:18:09 AM] TRAIN: Step 180 | Speed: 36017.10 img/s | Loss: 0.5645
[INFO: 02/24/2026 04:18:12 AM] TRAIN: Step 190 | Speed: 33252.05 img/s | Loss: 0.5719
[INFO: 02/24/2026 04:18:27 AM] TRAIN: Step 200 | Speed: 34113.03 img/s | Loss: 0.5071
[INFO: 02/24/2026 04:18:43 AM] TRAIN: Step 210 | Speed: 28531.16 img/s | Loss: 0.5225
[INFO: 02/24/2026 04:18:45 AM] TRAIN: Step 220 | Speed: 29737.77 img/s | Loss: 0.5455
[INFO: 02/24/2026 04:19:00 AM] TRAIN: Step 230 | Speed: 36808.54 img/s | Loss: 0.5256
[INFO: 02/24/2026 04:19:12 AM] TRAIN: Step 240 | Speed: 21864.46 img/s | Loss: 0.5001
[INFO: 02/24/2026 04:19:17 AM] TRAIN: Step 250 | Speed: 36927.53 img/s | Loss: 0.5721
[INFO: 02/24/2026 04:19:32 AM] TRAIN: Step 260 | Speed: 31007.01 img/s | Loss: 0.5931
[INFO: 02/24/2026 04:19:34 AM] TRAIN: Step 270 | Speed: 36248.12 img/s | Loss: 0.5055
[INFO: 02/24/2026 04:19:48 AM] TRAIN: Step 280 | Speed: 34471.15 img/s | Loss: 0.5046
[INFO: 02/24/2026 04:20:04 AM] TRAIN: Step 290 | Speed: 30170.61 img/s | Loss: 0.5249
[INFO: 02/24/2026 04:20:05 AM] TRAIN: Step 300 | Speed: 30916.84 img/s | Loss: 0.4515
[INFO: 02/24/2026 04:20:20 AM] TRAIN: Step 310 | Speed: 36883.13 img/s | Loss: 0.5302
[INFO: 02/24/2026 04:20:32 AM] TRAIN: Step 320 | Speed: 17212.09 img/s | Loss: 0.4897
[INFO: 02/24/2026 04:20:37 AM] TRAIN: Step 330 | Speed: 36560.38 img/s | Loss: 0.5359
[INFO: 02/24/2026 04:20:52 AM] TRAIN: Step 340 | Speed: 30178.24 img/s | Loss: 0.4533
[INFO: 02/24/2026 04:20:54 AM] TRAIN: Step 350 | Speed: 33039.23 img/s | Loss: 0.5037
[INFO: 02/24/2026 04:21:09 AM] TRAIN: Step 360 | Speed: 35403.14 img/s | Loss: 0.4626
[INFO: 02/24/2026 04:21:23 AM] TRAIN: Step 370 | Speed: 43073.73 img/s | Loss: 0.4706
[INFO: 02/24/2026 04:21:25 AM] TRAIN: Step 380 | Speed: 32714.09 img/s | Loss: 0.4412
[INFO: 02/24/2026 04:21:40 AM] TRAIN: Step 390 | Speed: 30631.95 img/s | Loss: 0.3958
[INFO: 02/24/2026 04:21:50 AM] TRAIN: Step 400 | Speed: 21465.82 img/s | Loss: 0.4425
[INFO: 02/24/2026 04:21:57 AM] TRAIN: Step 410 | Speed: 34593.31 img/s | Loss: 0.4421
[INFO: 02/24/2026 04:22:11 AM] TRAIN: Step 420 | Speed: 36100.66 img/s | Loss: 0.4621
[INFO: 02/24/2026 04:22:13 AM] TRAIN: Step 430 | Speed: 32890.46 img/s | Loss: 0.4301
[INFO: 02/24/2026 04:22:27 AM] TRAIN: Step 440 | Speed: 30342.83 img/s | Loss: 0.4547
[INFO: 02/24/2026 04:22:41 AM] TRAIN: Step 450 | Speed: 29070.33 img/s | Loss: 0.4493
[INFO: 02/24/2026 04:22:43 AM] TRAIN: Step 460 | Speed: 41908.66 img/s | Loss: 0.4538
[INFO: 02/24/2026 04:22:57 AM] TRAIN: Step 470 | Speed: 30063.33 img/s | Loss: 0.5177
[INFO: 02/24/2026 04:23:05 AM] TRAIN: Step 480 | Speed: 24180.11 img/s | Loss: 0.4047
[INFO: 02/24/2026 04:23:12 AM] TRAIN: Step 490 | Speed: 30962.31 img/s | Loss: 0.4454
[INFO: 02/24/2026 04:23:26 AM] TRAIN: Step 500 | Speed: 25833.46 img/s | Loss: 0.4794
[INFO: 02/24/2026 04:23:28 AM] TRAIN: Step 510 | Speed: 30849.33 img/s | Loss: 0.4606
[INFO: 02/24/2026 04:23:42 AM] TRAIN: Step 520 | Speed: 49936.83 img/s | Loss: 0.4425
[INFO: 02/24/2026 04:23:56 AM] TRAIN: Step 530 | Speed: 57983.68 img/s | Loss: 0.4105
[INFO: 02/24/2026 04:23:57 AM] TRAIN: Step 540 | Speed: 70284.86 img/s | Loss: 0.4755
[INFO: 02/24/2026 04:24:10 AM] TRAIN: Step 550 | Speed: 28615.56 img/s | Loss: 0.4496
[INFO: 02/24/2026 04:24:17 AM] TRAIN: Step 560 | Speed: 19166.43 img/s | Loss: 0.4546
[INFO: 02/24/2026 04:24:24 AM] TRAIN: Step 570 | Speed: 31174.46 img/s | Loss: 0.4036
[INFO: 02/24/2026 04:24:37 AM] TRAIN: Step 580 | Speed: 55715.12 img/s | Loss: 0.4084
[INFO: 02/24/2026 04:24:38 AM] TRAIN: Step 590 | Speed: 54251.30 img/s | Loss: 0.4708
[INFO: 02/24/2026 04:24:52 AM] TRAIN: Step 600 | Speed: 29136.60 img/s | Loss: 0.4174
[INFO: 02/24/2026 04:25:04 AM] TRAIN: Step 610 | Speed: 25770.22 img/s | Loss: 0.4209
[INFO: 02/24/2026 04:25:06 AM] TRAIN: Step 620 | Speed: 32265.82 img/s | Loss: 0.4551
[INFO: 02/24/2026 04:25:18 AM] TRAIN: Step 630 | Speed: 32282.31 img/s | Loss: 0.4497
[INFO: 02/24/2026 04:25:24 AM] TRAIN: Step 640 | Speed: 20521.41 img/s | Loss: 0.3928
[INFO: 02/24/2026 04:25:31 AM] TRAIN: Step 650 | Speed: 26904.08 img/s | Loss: 0.4405
[INFO: 02/24/2026 04:25:42 AM] TRAIN: Step 660 | Speed: 57456.22 img/s | Loss: 0.3878
[INFO: 02/24/2026 04:25:44 AM] TRAIN: Step 670 | Speed: 51449.06 img/s | Loss: 0.3860
[INFO: 02/24/2026 04:25:55 AM] TRAIN: Step 680 | Speed: 54646.13 img/s | Loss: 0.4874
[INFO: 02/24/2026 04:26:06 AM] TRAIN: Step 690 | Speed: 30352.27 img/s | Loss: 0.4008
[INFO: 02/24/2026 04:26:08 AM] TRAIN: Step 700 | Speed: 31903.43 img/s | Loss: 0.3544
[INFO: 02/24/2026 04:26:18 AM] TRAIN: Step 710 | Speed: 28370.59 img/s | Loss: 0.3882
[INFO: 02/24/2026 04:26:24 AM] TRAIN: Step 720 | Speed: 21114.62 img/s | Loss: 0.3827
[INFO: 02/24/2026 04:26:32 AM] TRAIN: Step 730 | Speed: 26452.71 img/s | Loss: 0.4312
[INFO: 02/24/2026 04:26:42 AM] TRAIN: Step 740 | Speed: 21159.98 img/s | Loss: 0.4436
[INFO: 02/24/2026 04:26:43 AM] TRAIN: Step 750 | Speed: 36542.96 img/s | Loss: 0.4219
[INFO: 02/24/2026 04:26:54 AM] TRAIN: Step 760 | Speed: 48788.71 img/s | Loss: 0.4344
[INFO: 02/24/2026 04:27:02 AM] TRAIN: Step 770 | Speed: 29164.29 img/s | Loss: 0.3960
[INFO: 02/24/2026 04:27:04 AM] TRAIN: Step 780 | Speed: 24280.17 img/s | Loss: 0.4402
[INFO: 02/24/2026 04:27:10 AM] TRAIN: Step 790 | Speed: 65752.71 img/s | Loss: 0.3830
[INFO: 02/24/2026 04:27:19 AM] TEST: Step 0 | Speed: 457.09 img/s | Loss: 0.7467
[INFO: 02/24/2026 04:27:26 AM] TEST: Step 10 | Speed: 164281.18 img/s | Loss: 0.7044
[INFO: 02/24/2026 04:27:36 AM] TEST: Step 20 | Speed: 58664.80 img/s | Loss: 0.7089
[INFO: 02/24/2026 04:27:43 AM] TEST: Step 30 | Speed: 147067.77 img/s | Loss: 0.7462
[INFO: 02/24/2026 04:27:54 AM] TEST: Step 40 | Speed: 58254.22 img/s | Loss: 0.7919
[INFO: 02/24/2026 04:28:03 AM] TEST: Step 50 | Speed: 122085.48 img/s | Loss: 0.7521
[INFO: 02/24/2026 04:28:13 AM] TEST: Step 60 | Speed: 55373.21 img/s | Loss: 0.7610
[INFO: 02/24/2026 04:28:20 AM] TEST: Step 70 | Speed: 157393.99 img/s | Loss: 0.7523
[INFO: 02/24/2026 04:28:30 AM] TEST: Step 80 | Speed: 66366.39 img/s | Loss: 0.7714
[INFO: 02/24/2026 04:28:36 AM] TEST: Step 90 | Speed: 132283.09 img/s | Loss: 0.7615
[INFO: 02/24/2026 04:28:43 AM] Saving checkpoint at epoch min_0 in: experiments/exp_RNO_four_late_non_linear_merge_bn256_tr794_te100_lfn-MSELoss_opt-Adam_hiddenu-32_lr-0.001_lFactor-0.1_cartesian_transform-True_temporalRes-64_wkrs-pers16_preftch-64_chunk-opt/checkpoints/checkpoint_emin_0.pth
[INFO: 02/24/2026 04:29:03 AM] Epoch 0, Train Loss: 0.5294, Test Loss: 0.7592
[INFO: 02/24/2026 04:29:07 AM] TRAIN: Step 0 | Speed: 9012.89 img/s | Loss: 0.3692
[INFO: 02/24/2026 04:29:09 AM] TRAIN: Step 10 | Speed: 29503.26 img/s | Loss: 0.4103
[INFO: 02/24/2026 04:29:15 AM] TRAIN: Step 20 | Speed: 26446.84 img/s | Loss: 0.3775
[INFO: 02/24/2026 04:29:17 AM] TRAIN: Step 30 | Speed: 29382.16 img/s | Loss: 0.3420
[INFO: 02/24/2026 04:29:22 AM] TRAIN: Step 40 | Speed: 28843.09 img/s | Loss: 0.4316
[INFO: 02/24/2026 04:29:25 AM] TRAIN: Step 50 | Speed: 29936.76 img/s | Loss: 0.4112
[INFO: 02/24/2026 04:29:26 AM] TRAIN: Step 60 | Speed: 30271.83 img/s | Loss: 0.3694
[INFO: 02/24/2026 04:29:30 AM] TRAIN: Step 70 | Speed: 29578.03 img/s | Loss: 0.3825
[INFO: 02/24/2026 04:29:33 AM] TRAIN: Step 80 | Speed: 14265.77 img/s | Loss: 0.3939
[INFO: 02/24/2026 04:29:35 AM] TRAIN: Step 90 | Speed: 28956.66 img/s | Loss: 0.4011
[INFO: 02/24/2026 04:29:38 AM] TRAIN: Step 100 | Speed: 28909.88 img/s | Loss: 0.3460
[INFO: 02/24/2026 04:29:40 AM] TRAIN: Step 110 | Speed: 28467.62 img/s | Loss: 0.4149
[INFO: 02/24/2026 04:29:43 AM] TRAIN: Step 120 | Speed: 28499.36 img/s | Loss: 0.4327
[INFO: 02/24/2026 04:29:47 AM] TRAIN: Step 130 | Speed: 28527.37 img/s | Loss: 0.3922
[INFO: 02/24/2026 04:29:49 AM] TRAIN: Step 140 | Speed: 26952.03 img/s | Loss: 0.3695
[INFO: 02/24/2026 04:29:52 AM] TRAIN: Step 150 | Speed: 20626.27 img/s | Loss: 0.3733
[INFO: 02/24/2026 04:29:54 AM] TRAIN: Step 160 | Speed: 20931.46 img/s | Loss: 0.4003
[INFO: 02/24/2026 04:29:57 AM] TRAIN: Step 170 | Speed: 33432.20 img/s | Loss: 0.3507
[INFO: 02/24/2026 04:30:00 AM] TRAIN: Step 180 | Speed: 29128.69 img/s | Loss: 0.3474
[INFO: 02/24/2026 04:30:02 AM] TRAIN: Step 190 | Speed: 30243.69 img/s | Loss: 0.3861
[INFO: 02/24/2026 04:30:06 AM] TRAIN: Step 200 | Speed: 29031.03 img/s | Loss: 0.3495
[INFO: 02/24/2026 04:30:09 AM] TRAIN: Step 210 | Speed: 30276.95 img/s | Loss: 0.4231
[INFO: 02/24/2026 04:30:11 AM] TRAIN: Step 220 | Speed: 29026.33 img/s | Loss: 0.3606
[INFO: 02/24/2026 04:30:14 AM] Saving checkpoint at epoch 0 in: experiments/exp_RNO_four_late_non_linear_merge_bn256_tr794_te100_lfn-MSELoss_opt-Adam_hiddenu-32_lr-0.001_lFactor-0.1_cartesian_transform-True_temporalRes-64_wkrs-pers16_preftch-64_chunk-opt/checkpoints/checkpoint_e0.pth
