[INFO: 02/16/2026 01:50:33 AM] Starting experiment: exp_RNO_four_late_non_linear_merge_bn8_tr144_te19_lfn-MSELoss_opt-Adam_hiddenu-32_lr-0.001_lFactor-0.1_cartesian_transform-True_temporalRes-64_vds_run_debug
[INFO: 02/16/2026 01:50:33 AM] Device: cpu
[INFO: 02/16/2026 01:50:33 AM] PyTorch version: 2.8.0+cu128
[INFO: 02/16/2026 01:50:33 AM] Model: RNO_four_late_non_linear_merge
[INFO: 02/16/2026 01:50:33 AM] Optimizer: Adam
[INFO: 02/16/2026 01:50:33 AM] Loss function: MSELoss
[INFO: 02/16/2026 01:50:37 AM] Saving checkpoint at epoch 0 in: experiments/exp_RNO_four_late_non_linear_merge_bn8_tr144_te19_lfn-MSELoss_opt-Adam_hiddenu-32_lr-0.001_lFactor-0.1_cartesian_transform-True_temporalRes-64_vds_run_debug/checkpoints/checkpoint_e0.pth
[INFO: 02/16/2026 01:53:13 AM] Saving checkpoint at epoch min_0 in: experiments/exp_RNO_four_late_non_linear_merge_bn8_tr144_te19_lfn-MSELoss_opt-Adam_hiddenu-32_lr-0.001_lFactor-0.1_cartesian_transform-True_temporalRes-64_vds_run_debug/checkpoints/checkpoint_emin_0.pth
[INFO: 02/16/2026 01:53:30 AM] Epoch 0, Train Loss: 0.9465, Test Loss: 1.0122
[INFO: 02/16/2026 01:55:48 AM] Epoch 1, Train Loss: 0.8261, Test Loss: 1.0188
[INFO: 02/16/2026 01:58:07 AM] Saving checkpoint at epoch min_2 in: experiments/exp_RNO_four_late_non_linear_merge_bn8_tr144_te19_lfn-MSELoss_opt-Adam_hiddenu-32_lr-0.001_lFactor-0.1_cartesian_transform-True_temporalRes-64_vds_run_debug/checkpoints/checkpoint_emin_2.pth
[INFO: 02/16/2026 01:58:24 AM] Removed previous best checkpoint: checkpoint_emin_0.pth
[INFO: 02/16/2026 01:58:24 AM] Epoch 2, Train Loss: 0.7993, Test Loss: 1.0030
[INFO: 02/16/2026 02:00:40 AM] Saving checkpoint at epoch min_3 in: experiments/exp_RNO_four_late_non_linear_merge_bn8_tr144_te19_lfn-MSELoss_opt-Adam_hiddenu-32_lr-0.001_lFactor-0.1_cartesian_transform-True_temporalRes-64_vds_run_debug/checkpoints/checkpoint_emin_3.pth
[INFO: 02/16/2026 02:00:56 AM] Removed previous best checkpoint: checkpoint_emin_2.pth
[INFO: 02/16/2026 02:00:56 AM] Epoch 3, Train Loss: 0.7340, Test Loss: 0.9929
[INFO: 02/16/2026 02:03:09 AM] Saving checkpoint at epoch min_4 in: experiments/exp_RNO_four_late_non_linear_merge_bn8_tr144_te19_lfn-MSELoss_opt-Adam_hiddenu-32_lr-0.001_lFactor-0.1_cartesian_transform-True_temporalRes-64_vds_run_debug/checkpoints/checkpoint_emin_4.pth
[INFO: 02/16/2026 02:03:27 AM] Removed previous best checkpoint: checkpoint_emin_3.pth
[INFO: 02/16/2026 02:03:27 AM] Epoch 4, Train Loss: 0.6831, Test Loss: 0.9421
[INFO: 02/16/2026 02:05:40 AM] Saving checkpoint at epoch min_5 in: experiments/exp_RNO_four_late_non_linear_merge_bn8_tr144_te19_lfn-MSELoss_opt-Adam_hiddenu-32_lr-0.001_lFactor-0.1_cartesian_transform-True_temporalRes-64_vds_run_debug/checkpoints/checkpoint_emin_5.pth
[INFO: 02/16/2026 02:05:58 AM] Removed previous best checkpoint: checkpoint_emin_4.pth
[INFO: 02/16/2026 02:05:58 AM] Epoch 5, Train Loss: 0.6169, Test Loss: 0.8298
[INFO: 02/16/2026 02:08:10 AM] Saving checkpoint at epoch min_6 in: experiments/exp_RNO_four_late_non_linear_merge_bn8_tr144_te19_lfn-MSELoss_opt-Adam_hiddenu-32_lr-0.001_lFactor-0.1_cartesian_transform-True_temporalRes-64_vds_run_debug/checkpoints/checkpoint_emin_6.pth
[INFO: 02/16/2026 02:08:29 AM] Removed previous best checkpoint: checkpoint_emin_5.pth
[INFO: 02/16/2026 02:08:29 AM] Epoch 6, Train Loss: 0.5693, Test Loss: 0.7643
[INFO: 02/16/2026 02:10:44 AM] Epoch 7, Train Loss: 0.4687, Test Loss: 0.7701
[INFO: 02/16/2026 02:12:56 AM] Saving checkpoint at epoch min_8 in: experiments/exp_RNO_four_late_non_linear_merge_bn8_tr144_te19_lfn-MSELoss_opt-Adam_hiddenu-32_lr-0.001_lFactor-0.1_cartesian_transform-True_temporalRes-64_vds_run_debug/checkpoints/checkpoint_emin_8.pth
[INFO: 02/16/2026 02:13:15 AM] Removed previous best checkpoint: checkpoint_emin_6.pth
[INFO: 02/16/2026 02:13:15 AM] Epoch 8, Train Loss: 0.3842, Test Loss: 0.7444
[INFO: 02/16/2026 02:15:28 AM] Saving checkpoint at epoch min_9 in: experiments/exp_RNO_four_late_non_linear_merge_bn8_tr144_te19_lfn-MSELoss_opt-Adam_hiddenu-32_lr-0.001_lFactor-0.1_cartesian_transform-True_temporalRes-64_vds_run_debug/checkpoints/checkpoint_emin_9.pth
[INFO: 02/16/2026 02:15:46 AM] Removed previous best checkpoint: checkpoint_emin_8.pth
[INFO: 02/16/2026 02:15:46 AM] Epoch 9, Train Loss: 0.3027, Test Loss: 0.7205
[INFO: 02/16/2026 02:18:00 AM] Epoch 10, Train Loss: 0.1984, Test Loss: 0.7998
[INFO: 02/16/2026 02:20:13 AM] Epoch 11, Train Loss: 0.1590, Test Loss: 0.8035
[INFO: 02/16/2026 02:22:26 AM] Epoch 12, Train Loss: 0.1106, Test Loss: 0.7468
[INFO: 02/16/2026 02:24:39 AM] Epoch 13, Train Loss: 0.0982, Test Loss: 0.7367
[INFO: 02/16/2026 02:26:52 AM] Epoch 14, Train Loss: 0.0886, Test Loss: 0.8009
[INFO: 02/16/2026 02:29:04 AM] Epoch 15, Train Loss: 0.0814, Test Loss: 0.7660
[INFO: 02/16/2026 02:31:17 AM] Epoch 16, Train Loss: 0.0767, Test Loss: 0.7439
[INFO: 02/16/2026 02:33:30 AM] Epoch 17, Train Loss: 0.0783, Test Loss: 0.7925
[INFO: 02/16/2026 02:35:45 AM] Epoch 18, Train Loss: 0.0704, Test Loss: 0.8034
[INFO: 02/16/2026 02:36:10 AM] Saving checkpoint at epoch 18 in: experiments/exp_RNO_four_late_non_linear_merge_bn8_tr144_te19_lfn-MSELoss_opt-Adam_hiddenu-32_lr-0.001_lFactor-0.1_cartesian_transform-True_temporalRes-64_vds_run_debug/checkpoints/checkpoint_e18.pth
[INFO: 02/16/2026 02:36:25 AM] Code exited on epoch: 18 and a checkpoint was created in experiments/exp_RNO_four_late_non_linear_merge_bn8_tr144_te19_lfn-MSELoss_opt-Adam_hiddenu-32_lr-0.001_lFactor-0.1_cartesian_transform-True_temporalRes-64_vds_run_debug/checkpoints
