[INFO: 02/24/2026 12:25:35 AM] Starting experiment: exp_RNO_four_late_non_linear_merge_bn128_tr1588_te199_lfn-MSELoss_opt-Adam_hiddenu-32_lr-0.001_lFactor-0.1_cartesian_transform-True_temporalRes-64
[INFO: 02/24/2026 12:25:35 AM] Device: cuda:1
[INFO: 02/24/2026 12:25:35 AM] PyTorch version: 2.8.0+cu128
[INFO: 02/24/2026 12:25:35 AM] Model: RNO_four_late_non_linear_merge
[INFO: 02/24/2026 12:25:35 AM] Optimizer: Adam
[INFO: 02/24/2026 12:25:35 AM] Loss function: MSELoss
[INFO: 02/24/2026 12:25:40 AM] Saving checkpoint at epoch 0 in: experiments/exp_RNO_four_late_non_linear_merge_bn128_tr1588_te199_lfn-MSELoss_opt-Adam_hiddenu-32_lr-0.001_lFactor-0.1_cartesian_transform-True_temporalRes-64/checkpoints/checkpoint_e0.pth
[INFO: 02/24/2026 12:44:06 AM] Saving checkpoint at epoch min_0 in: experiments/exp_RNO_four_late_non_linear_merge_bn128_tr1588_te199_lfn-MSELoss_opt-Adam_hiddenu-32_lr-0.001_lFactor-0.1_cartesian_transform-True_temporalRes-64/checkpoints/checkpoint_emin_0.pth
[INFO: 02/24/2026 12:44:28 AM] Epoch 0, Train Loss: 0.4872, Test Loss: 0.3691
[INFO: 02/24/2026 12:51:16 AM] Saving checkpoint at epoch min_1 in: experiments/exp_RNO_four_late_non_linear_merge_bn128_tr1588_te199_lfn-MSELoss_opt-Adam_hiddenu-32_lr-0.001_lFactor-0.1_cartesian_transform-True_temporalRes-64/checkpoints/checkpoint_emin_1.pth
[INFO: 02/24/2026 12:51:36 AM] Removed previous best checkpoint: checkpoint_emin_0.pth
[INFO: 02/24/2026 12:51:36 AM] Epoch 1, Train Loss: 0.3498, Test Loss: 0.3320
[INFO: 02/24/2026 12:58:19 AM] Saving checkpoint at epoch min_2 in: experiments/exp_RNO_four_late_non_linear_merge_bn128_tr1588_te199_lfn-MSELoss_opt-Adam_hiddenu-32_lr-0.001_lFactor-0.1_cartesian_transform-True_temporalRes-64/checkpoints/checkpoint_emin_2.pth
[INFO: 02/24/2026 12:58:39 AM] Removed previous best checkpoint: checkpoint_emin_1.pth
[INFO: 02/24/2026 12:58:39 AM] Epoch 2, Train Loss: 0.3101, Test Loss: 0.3240
[INFO: 02/24/2026 01:05:17 AM] Epoch 3, Train Loss: 0.2841, Test Loss: 0.3296
[INFO: 02/24/2026 01:11:57 AM] Saving checkpoint at epoch min_4 in: experiments/exp_RNO_four_late_non_linear_merge_bn128_tr1588_te199_lfn-MSELoss_opt-Adam_hiddenu-32_lr-0.001_lFactor-0.1_cartesian_transform-True_temporalRes-64/checkpoints/checkpoint_emin_4.pth
[INFO: 02/24/2026 01:12:12 AM] Removed previous best checkpoint: checkpoint_emin_2.pth
[INFO: 02/24/2026 01:12:12 AM] Epoch 4, Train Loss: 0.2609, Test Loss: 0.3170
[INFO: 02/24/2026 01:17:31 AM] Saving checkpoint at epoch 4 in: experiments/exp_RNO_four_late_non_linear_merge_bn128_tr1588_te199_lfn-MSELoss_opt-Adam_hiddenu-32_lr-0.001_lFactor-0.1_cartesian_transform-True_temporalRes-64/checkpoints/checkpoint_e4.pth
[INFO: 02/24/2026 01:17:48 AM] Code exited on epoch: 4 and a checkpoint was created in experiments/exp_RNO_four_late_non_linear_merge_bn128_tr1588_te199_lfn-MSELoss_opt-Adam_hiddenu-32_lr-0.001_lFactor-0.1_cartesian_transform-True_temporalRes-64/checkpoints
