[INFO: 02/25/2026 01:07:00 AM] Starting experiment: exp_RNO_four_late_non_linear_merge_b-256_tr-793_lfn-MSELoss_opt-Adam_wdcay-0.001_hiddenu-32_lr-0.001_leak-0.1_tempRes-256_dpout-0.3_debug
[INFO: 02/25/2026 01:07:00 AM] Device: cuda:1
[INFO: 02/25/2026 01:07:00 AM] PyTorch version: 2.8.0+cu128
[INFO: 02/25/2026 01:07:00 AM] Model: RNO_four_late_non_linear_merge
[INFO: 02/25/2026 01:07:00 AM] Optimizer: Adam
[INFO: 02/25/2026 01:07:00 AM] Loss function: MSELoss
[INFO: 02/25/2026 01:07:05 AM] Saving checkpoint at epoch 0 in: experiments/exp_RNO_four_late_non_linear_merge_b-256_tr-793_lfn-MSELoss_opt-Adam_wdcay-0.001_hiddenu-32_lr-0.001_leak-0.1_tempRes-256_dpout-0.3_debug/checkpoints/checkpoint_e0.pth
[INFO: 02/25/2026 01:07:30 AM] TRAIN: Batch   50 | Speed:  535.06 img/s | Loss: 0.7744
[INFO: 02/25/2026 01:07:37 AM] TRAIN: Batch  100 | Speed:  813.42 img/s | Loss: 0.7620
[INFO: 02/25/2026 01:07:45 AM] TRAIN: Batch  150 | Speed:  986.73 img/s | Loss: 0.8152
[INFO: 02/25/2026 01:07:52 AM] TRAIN: Batch  200 | Speed: 1105.31 img/s | Loss: 0.7810
[INFO: 02/25/2026 01:07:59 AM] TRAIN: Batch  250 | Speed: 1191.49 img/s | Loss: 0.7810
[INFO: 02/25/2026 01:08:07 AM] TRAIN: Batch  300 | Speed: 1256.89 img/s | Loss: 0.6984
[INFO: 02/25/2026 01:08:14 AM] TRAIN: Batch  350 | Speed: 1308.34 img/s | Loss: 0.7428
[INFO: 02/25/2026 01:08:21 AM] TRAIN: Batch  400 | Speed: 1349.74 img/s | Loss: 0.6630
[INFO: 02/25/2026 01:08:29 AM] TRAIN: Batch  450 | Speed: 1383.86 img/s | Loss: 0.6211
[INFO: 02/25/2026 01:08:36 AM] TRAIN: Batch  500 | Speed: 1412.31 img/s | Loss: 0.6611
[INFO: 02/25/2026 01:08:44 AM] TRAIN: Batch  550 | Speed: 1436.50 img/s | Loss: 0.5264
[INFO: 02/25/2026 01:08:51 AM] TRAIN: Batch  600 | Speed: 1457.29 img/s | Loss: 0.6056
[INFO: 02/25/2026 01:08:58 AM] TRAIN: Batch  650 | Speed: 1475.37 img/s | Loss: 0.6259
[INFO: 02/25/2026 01:09:06 AM] TRAIN: Batch  700 | Speed: 1491.47 img/s | Loss: 0.5379
[INFO: 02/25/2026 01:09:13 AM] TRAIN: Batch  750 | Speed: 1505.68 img/s | Loss: 0.5233
[INFO: 02/25/2026 01:09:21 AM] TEST: Batch   10 | Speed: 1496.87 img/s | Loss: 0.7672
[INFO: 02/25/2026 01:09:22 AM] TEST: Batch   20 | Speed: 2322.98 img/s | Loss: 0.7679
[INFO: 02/25/2026 01:09:22 AM] TEST: Batch   30 | Speed: 2888.56 img/s | Loss: 0.7968
[INFO: 02/25/2026 01:09:22 AM] TEST: Batch   40 | Speed: 3300.34 img/s | Loss: 0.8442
[INFO: 02/25/2026 01:09:23 AM] TEST: Batch   50 | Speed: 3612.78 img/s | Loss: 0.8177
[INFO: 02/25/2026 01:09:23 AM] TEST: Batch   60 | Speed: 3858.86 img/s | Loss: 0.8061
[INFO: 02/25/2026 01:09:24 AM] TEST: Batch   70 | Speed: 4057.71 img/s | Loss: 0.7971
[INFO: 02/25/2026 01:09:24 AM] TEST: Batch   80 | Speed: 4224.61 img/s | Loss: 0.8314
[INFO: 02/25/2026 01:09:25 AM] TEST: Batch   90 | Speed: 4365.15 img/s | Loss: 0.8046
[INFO: 02/25/2026 01:09:26 AM] Saving checkpoint at epoch min_0 in: experiments/exp_RNO_four_late_non_linear_merge_b-256_tr-793_lfn-MSELoss_opt-Adam_wdcay-0.001_hiddenu-32_lr-0.001_leak-0.1_tempRes-256_dpout-0.3_debug/checkpoints/checkpoint_emin_0.pth
[INFO: 02/25/2026 01:09:27 AM] Epoch 0, Train Loss: 0.6948, Test Loss: 0.8153
[INFO: 02/25/2026 01:09:36 AM] TRAIN: Batch   50 | Speed: 1559.64 img/s | Loss: 0.6056
[INFO: 02/25/2026 01:09:43 AM] TRAIN: Batch  100 | Speed: 1641.48 img/s | Loss: 0.5251
[INFO: 02/25/2026 01:09:50 AM] TRAIN: Batch  150 | Speed: 1671.19 img/s | Loss: 0.4996
[INFO: 02/25/2026 01:09:58 AM] TRAIN: Batch  200 | Speed: 1686.49 img/s | Loss: 0.5242
[INFO: 02/25/2026 01:10:05 AM] TRAIN: Batch  250 | Speed: 1695.91 img/s | Loss: 0.4853
[INFO: 02/25/2026 01:10:12 AM] TRAIN: Batch  300 | Speed: 1702.16 img/s | Loss: 0.5124
[INFO: 02/25/2026 01:10:20 AM] TRAIN: Batch  350 | Speed: 1706.75 img/s | Loss: 0.5483
[INFO: 02/25/2026 01:10:27 AM] TRAIN: Batch  400 | Speed: 1710.18 img/s | Loss: 0.4754
[INFO: 02/25/2026 01:10:35 AM] TRAIN: Batch  450 | Speed: 1712.88 img/s | Loss: 0.5028
[INFO: 02/25/2026 01:10:42 AM] TRAIN: Batch  500 | Speed: 1714.99 img/s | Loss: 0.3981
[INFO: 02/25/2026 01:10:49 AM] TRAIN: Batch  550 | Speed: 1716.73 img/s | Loss: 0.5281
[INFO: 02/25/2026 01:10:57 AM] TRAIN: Batch  600 | Speed: 1718.23 img/s | Loss: 0.4063
[INFO: 02/25/2026 01:11:04 AM] TRAIN: Batch  650 | Speed: 1719.55 img/s | Loss: 0.4922
[INFO: 02/25/2026 01:11:11 AM] TRAIN: Batch  700 | Speed: 1720.99 img/s | Loss: 0.5207
[INFO: 02/25/2026 01:11:19 AM] TRAIN: Batch  750 | Speed: 1722.20 img/s | Loss: 0.4728
[INFO: 02/25/2026 01:11:26 AM] TEST: Batch   10 | Speed: 2371.03 img/s | Loss: 0.4363
[INFO: 02/25/2026 01:11:27 AM] TEST: Batch   20 | Speed: 3285.43 img/s | Loss: 0.3893
[INFO: 02/25/2026 01:11:27 AM] TEST: Batch   30 | Speed: 3835.00 img/s | Loss: 0.4209
[INFO: 02/25/2026 01:11:28 AM] TEST: Batch   40 | Speed: 3923.44 img/s | Loss: 0.4960
[INFO: 02/25/2026 01:11:28 AM] TEST: Batch   50 | Speed: 4200.22 img/s | Loss: 0.4203
[INFO: 02/25/2026 01:11:29 AM] TEST: Batch   60 | Speed: 4409.60 img/s | Loss: 0.4119
[INFO: 02/25/2026 01:11:29 AM] TEST: Batch   70 | Speed: 4574.00 img/s | Loss: 0.4614
[INFO: 02/25/2026 01:11:29 AM] TEST: Batch   80 | Speed: 4710.29 img/s | Loss: 0.4631
[INFO: 02/25/2026 01:11:30 AM] TEST: Batch   90 | Speed: 4822.51 img/s | Loss: 0.3818
[INFO: 02/25/2026 01:11:30 AM] Saving checkpoint at epoch min_1 in: experiments/exp_RNO_four_late_non_linear_merge_b-256_tr-793_lfn-MSELoss_opt-Adam_wdcay-0.001_hiddenu-32_lr-0.001_leak-0.1_tempRes-256_dpout-0.3_debug/checkpoints/checkpoint_emin_1.pth
[INFO: 02/25/2026 01:11:31 AM] Removed previous best checkpoint: checkpoint_emin_0.pth
[INFO: 02/25/2026 01:11:31 AM] Epoch 1, Train Loss: 0.4920, Test Loss: 0.4332
[INFO: 02/25/2026 01:11:40 AM] TRAIN: Batch   50 | Speed: 1578.16 img/s | Loss: 0.4782
[INFO: 02/25/2026 01:11:47 AM] TRAIN: Batch  100 | Speed: 1652.39 img/s | Loss: 0.4294
[INFO: 02/25/2026 01:11:54 AM] TRAIN: Batch  150 | Speed: 1679.25 img/s | Loss: 0.4239
[INFO: 02/25/2026 01:12:02 AM] TRAIN: Batch  200 | Speed: 1692.83 img/s | Loss: 0.5028
[INFO: 02/25/2026 01:12:09 AM] TRAIN: Batch  250 | Speed: 1701.25 img/s | Loss: 0.4537
[INFO: 02/25/2026 01:12:17 AM] TRAIN: Batch  300 | Speed: 1706.69 img/s | Loss: 0.4648
[INFO: 02/25/2026 01:12:24 AM] TRAIN: Batch  350 | Speed: 1710.76 img/s | Loss: 0.4498
[INFO: 02/25/2026 01:12:31 AM] TRAIN: Batch  400 | Speed: 1713.77 img/s | Loss: 0.4517
[INFO: 02/25/2026 01:12:39 AM] TRAIN: Batch  450 | Speed: 1716.12 img/s | Loss: 0.4096
[INFO: 02/25/2026 01:12:46 AM] TRAIN: Batch  500 | Speed: 1718.10 img/s | Loss: 0.4682
[INFO: 02/25/2026 01:12:53 AM] TRAIN: Batch  550 | Speed: 1719.58 img/s | Loss: 0.4752
[INFO: 02/25/2026 01:13:01 AM] TRAIN: Batch  600 | Speed: 1720.91 img/s | Loss: 0.4101
[INFO: 02/25/2026 01:13:08 AM] TRAIN: Batch  650 | Speed: 1722.04 img/s | Loss: 0.4238
[INFO: 02/25/2026 01:13:16 AM] TRAIN: Batch  700 | Speed: 1723.32 img/s | Loss: 0.4533
[INFO: 02/25/2026 01:13:23 AM] TRAIN: Batch  750 | Speed: 1724.42 img/s | Loss: 0.4236
[INFO: 02/25/2026 01:13:30 AM] TEST: Batch   10 | Speed: 2886.91 img/s | Loss: 0.3958
[INFO: 02/25/2026 01:13:31 AM] TEST: Batch   20 | Speed: 3582.92 img/s | Loss: 0.3500
[INFO: 02/25/2026 01:13:31 AM] TEST: Batch   30 | Speed: 3955.00 img/s | Loss: 0.4039
[INFO: 02/25/2026 01:13:32 AM] TEST: Batch   40 | Speed: 4099.91 img/s | Loss: 0.4730
[INFO: 02/25/2026 01:13:32 AM] TEST: Batch   50 | Speed: 4266.03 img/s | Loss: 0.4052
[INFO: 02/25/2026 01:13:33 AM] TEST: Batch   60 | Speed: 4470.77 img/s | Loss: 0.3865
[INFO: 02/25/2026 01:13:33 AM] TEST: Batch   70 | Speed: 4628.39 img/s | Loss: 0.4586
[INFO: 02/25/2026 01:13:34 AM] TEST: Batch   80 | Speed: 4715.44 img/s | Loss: 0.4481
[INFO: 02/25/2026 01:13:34 AM] TEST: Batch   90 | Speed: 4758.87 img/s | Loss: 0.3893
[INFO: 02/25/2026 01:13:34 AM] Saving checkpoint at epoch min_2 in: experiments/exp_RNO_four_late_non_linear_merge_b-256_tr-793_lfn-MSELoss_opt-Adam_wdcay-0.001_hiddenu-32_lr-0.001_leak-0.1_tempRes-256_dpout-0.3_debug/checkpoints/checkpoint_emin_2.pth
[INFO: 02/25/2026 01:13:36 AM] Removed previous best checkpoint: checkpoint_emin_1.pth
[INFO: 02/25/2026 01:13:36 AM] Epoch 2, Train Loss: 0.4464, Test Loss: 0.4081
[INFO: 02/25/2026 01:13:44 AM] TRAIN: Batch   50 | Speed: 1565.36 img/s | Loss: 0.4320
[INFO: 02/25/2026 01:13:51 AM] TRAIN: Batch  100 | Speed: 1645.08 img/s | Loss: 0.4051
[INFO: 02/25/2026 01:13:59 AM] TRAIN: Batch  150 | Speed: 1674.06 img/s | Loss: 0.4105
[INFO: 02/25/2026 01:14:06 AM] TRAIN: Batch  200 | Speed: 1688.71 img/s | Loss: 0.3904
[INFO: 02/25/2026 01:14:14 AM] TRAIN: Batch  250 | Speed: 1697.69 img/s | Loss: 0.4429
[INFO: 02/25/2026 01:14:21 AM] TRAIN: Batch  300 | Speed: 1703.73 img/s | Loss: 0.3563
[INFO: 02/25/2026 01:14:28 AM] TRAIN: Batch  350 | Speed: 1708.16 img/s | Loss: 0.4038
[INFO: 02/25/2026 01:14:36 AM] TRAIN: Batch  400 | Speed: 1711.55 img/s | Loss: 0.4038
[INFO: 02/25/2026 01:14:43 AM] TRAIN: Batch  450 | Speed: 1714.02 img/s | Loss: 0.4107
[INFO: 02/25/2026 01:14:50 AM] TRAIN: Batch  500 | Speed: 1716.11 img/s | Loss: 0.4644
[INFO: 02/25/2026 01:14:58 AM] TRAIN: Batch  550 | Speed: 1717.77 img/s | Loss: 0.4642
[INFO: 02/25/2026 01:15:05 AM] TRAIN: Batch  600 | Speed: 1719.26 img/s | Loss: 0.4380
[INFO: 02/25/2026 01:15:13 AM] TRAIN: Batch  650 | Speed: 1720.61 img/s | Loss: 0.4203
[INFO: 02/25/2026 01:15:20 AM] TRAIN: Batch  700 | Speed: 1721.96 img/s | Loss: 0.3925
[INFO: 02/25/2026 01:15:27 AM] TRAIN: Batch  750 | Speed: 1723.18 img/s | Loss: 0.4220
[INFO: 02/25/2026 01:15:34 AM] TEST: Batch   10 | Speed: 2671.91 img/s | Loss: 0.3794
[INFO: 02/25/2026 01:15:35 AM] TEST: Batch   20 | Speed: 3410.93 img/s | Loss: 0.3466
[INFO: 02/25/2026 01:15:35 AM] TEST: Batch   30 | Speed: 3863.43 img/s | Loss: 0.4051
[INFO: 02/25/2026 01:15:36 AM] TEST: Batch   40 | Speed: 4149.74 img/s | Loss: 0.4482
[INFO: 02/25/2026 01:15:36 AM] TEST: Batch   50 | Speed: 4340.91 img/s | Loss: 0.3880
[INFO: 02/25/2026 01:15:37 AM] TEST: Batch   60 | Speed: 4537.39 img/s | Loss: 0.3699
[INFO: 02/25/2026 01:15:37 AM] TEST: Batch   70 | Speed: 4687.63 img/s | Loss: 0.4364
[INFO: 02/25/2026 01:15:38 AM] TEST: Batch   80 | Speed: 4815.97 img/s | Loss: 0.4212
[INFO: 02/25/2026 01:15:38 AM] TEST: Batch   90 | Speed: 4893.54 img/s | Loss: 0.3682
[INFO: 02/25/2026 01:15:39 AM] Saving checkpoint at epoch min_3 in: experiments/exp_RNO_four_late_non_linear_merge_b-256_tr-793_lfn-MSELoss_opt-Adam_wdcay-0.001_hiddenu-32_lr-0.001_leak-0.1_tempRes-256_dpout-0.3_debug/checkpoints/checkpoint_emin_3.pth
[INFO: 02/25/2026 01:15:40 AM] Removed previous best checkpoint: checkpoint_emin_2.pth
[INFO: 02/25/2026 01:15:40 AM] Epoch 3, Train Loss: 0.4270, Test Loss: 0.3953
[INFO: 02/25/2026 01:15:48 AM] TRAIN: Batch   50 | Speed: 1588.68 img/s | Loss: 0.3664
[INFO: 02/25/2026 01:15:55 AM] TRAIN: Batch  100 | Speed: 1657.47 img/s | Loss: 0.4258
[INFO: 02/25/2026 01:16:03 AM] TRAIN: Batch  150 | Speed: 1682.30 img/s | Loss: 0.3856
[INFO: 02/25/2026 01:16:10 AM] TRAIN: Batch  200 | Speed: 1695.18 img/s | Loss: 0.4296
[INFO: 02/25/2026 01:16:17 AM] TRAIN: Batch  250 | Speed: 1703.20 img/s | Loss: 0.3661
[INFO: 02/25/2026 01:16:25 AM] TRAIN: Batch  300 | Speed: 1708.59 img/s | Loss: 0.4434
[INFO: 02/25/2026 01:16:32 AM] TRAIN: Batch  350 | Speed: 1712.30 img/s | Loss: 0.3998
[INFO: 02/25/2026 01:16:39 AM] TRAIN: Batch  400 | Speed: 1715.20 img/s | Loss: 0.4829
[INFO: 02/25/2026 01:16:47 AM] TRAIN: Batch  450 | Speed: 1717.40 img/s | Loss: 0.4111
[INFO: 02/25/2026 01:16:54 AM] TRAIN: Batch  500 | Speed: 1719.24 img/s | Loss: 0.3706
[INFO: 02/25/2026 01:17:02 AM] TRAIN: Batch  550 | Speed: 1720.74 img/s | Loss: 0.3997
[INFO: 02/25/2026 01:17:09 AM] TRAIN: Batch  600 | Speed: 1721.92 img/s | Loss: 0.4259
[INFO: 02/25/2026 01:17:16 AM] TRAIN: Batch  650 | Speed: 1723.07 img/s | Loss: 0.3627
[INFO: 02/25/2026 01:17:24 AM] TRAIN: Batch  700 | Speed: 1724.21 img/s | Loss: 0.4596
[INFO: 02/25/2026 01:17:31 AM] TRAIN: Batch  750 | Speed: 1725.26 img/s | Loss: 0.4009
[INFO: 02/25/2026 01:17:38 AM] TEST: Batch   10 | Speed: 2881.46 img/s | Loss: 0.4002
[INFO: 02/25/2026 01:17:39 AM] TEST: Batch   20 | Speed: 3249.17 img/s | Loss: 0.3666
[INFO: 02/25/2026 01:17:39 AM] TEST: Batch   30 | Speed: 3558.46 img/s | Loss: 0.4261
[INFO: 02/25/2026 01:17:40 AM] TEST: Batch   40 | Speed: 3826.89 img/s | Loss: 0.4620
[INFO: 02/25/2026 01:17:40 AM] TEST: Batch   50 | Speed: 4071.93 img/s | Loss: 0.3955
[INFO: 02/25/2026 01:17:41 AM] TEST: Batch   60 | Speed: 4292.13 img/s | Loss: 0.3844
[INFO: 02/25/2026 01:17:41 AM] TEST: Batch   70 | Speed: 4466.01 img/s | Loss: 0.4539
[INFO: 02/25/2026 01:17:42 AM] TEST: Batch   80 | Speed: 4525.52 img/s | Loss: 0.4266
[INFO: 02/25/2026 01:17:42 AM] TEST: Batch   90 | Speed: 4650.19 img/s | Loss: 0.3739
[INFO: 02/25/2026 01:17:43 AM] Epoch 4, Train Loss: 0.4167, Test Loss: 0.3993
[INFO: 02/25/2026 01:17:51 AM] TRAIN: Batch   50 | Speed: 1595.53 img/s | Loss: 0.4786
[INFO: 02/25/2026 01:17:58 AM] TRAIN: Batch  100 | Speed: 1660.94 img/s | Loss: 0.4053
[INFO: 02/25/2026 01:18:05 AM] TRAIN: Batch  150 | Speed: 1684.55 img/s | Loss: 0.3854
[INFO: 02/25/2026 01:18:13 AM] TRAIN: Batch  200 | Speed: 1696.70 img/s | Loss: 0.4040
[INFO: 02/25/2026 01:18:20 AM] TRAIN: Batch  250 | Speed: 1703.91 img/s | Loss: 0.4271
[INFO: 02/25/2026 01:18:28 AM] TRAIN: Batch  300 | Speed: 1708.97 img/s | Loss: 0.4062
[INFO: 02/25/2026 01:18:35 AM] TRAIN: Batch  350 | Speed: 1712.45 img/s | Loss: 0.3777
[INFO: 02/25/2026 01:18:42 AM] TRAIN: Batch  400 | Speed: 1715.11 img/s | Loss: 0.3719
[INFO: 02/25/2026 01:18:50 AM] TRAIN: Batch  450 | Speed: 1717.23 img/s | Loss: 0.4747
[INFO: 02/25/2026 01:18:57 AM] TRAIN: Batch  500 | Speed: 1718.89 img/s | Loss: 0.4507
[INFO: 02/25/2026 01:19:05 AM] TRAIN: Batch  550 | Speed: 1720.28 img/s | Loss: 0.4068
[INFO: 02/25/2026 01:19:12 AM] TRAIN: Batch  600 | Speed: 1721.41 img/s | Loss: 0.4128
[INFO: 02/25/2026 01:19:19 AM] TRAIN: Batch  650 | Speed: 1722.58 img/s | Loss: 0.3481
[INFO: 02/25/2026 01:19:27 AM] TRAIN: Batch  700 | Speed: 1723.74 img/s | Loss: 0.4429
[INFO: 02/25/2026 01:19:34 AM] TRAIN: Batch  750 | Speed: 1724.73 img/s | Loss: 0.4298
[INFO: 02/25/2026 01:19:41 AM] TEST: Batch   10 | Speed: 2366.23 img/s | Loss: 0.3537
[INFO: 02/25/2026 01:19:42 AM] TEST: Batch   20 | Speed: 3210.15 img/s | Loss: 0.3404
[INFO: 02/25/2026 01:19:42 AM] TEST: Batch   30 | Speed: 3672.27 img/s | Loss: 0.3738
[INFO: 02/25/2026 01:19:43 AM] TEST: Batch   40 | Speed: 3985.77 img/s | Loss: 0.4348
[INFO: 02/25/2026 01:19:43 AM] TEST: Batch   50 | Speed: 4258.97 img/s | Loss: 0.3731
[INFO: 02/25/2026 01:19:44 AM] TEST: Batch   60 | Speed: 4464.37 img/s | Loss: 0.3761
[INFO: 02/25/2026 01:19:44 AM] TEST: Batch   70 | Speed: 4625.91 img/s | Loss: 0.4157
[INFO: 02/25/2026 01:19:45 AM] TEST: Batch   80 | Speed: 4758.44 img/s | Loss: 0.4096
[INFO: 02/25/2026 01:19:45 AM] TEST: Batch   90 | Speed: 4791.79 img/s | Loss: 0.3583
[INFO: 02/25/2026 01:19:45 AM] Saving checkpoint at epoch min_5 in: experiments/exp_RNO_four_late_non_linear_merge_b-256_tr-793_lfn-MSELoss_opt-Adam_wdcay-0.001_hiddenu-32_lr-0.001_leak-0.1_tempRes-256_dpout-0.3_debug/checkpoints/checkpoint_emin_5.pth
[INFO: 02/25/2026 01:19:47 AM] Removed previous best checkpoint: checkpoint_emin_3.pth
[INFO: 02/25/2026 01:19:47 AM] Epoch 5, Train Loss: 0.4101, Test Loss: 0.3805
[INFO: 02/25/2026 01:19:55 AM] TRAIN: Batch   50 | Speed: 1538.91 img/s | Loss: 0.4026
[INFO: 02/25/2026 01:20:02 AM] TRAIN: Batch  100 | Speed: 1629.40 img/s | Loss: 0.3828
[INFO: 02/25/2026 01:20:10 AM] TRAIN: Batch  150 | Speed: 1662.41 img/s | Loss: 0.4429
[INFO: 02/25/2026 01:20:17 AM] TRAIN: Batch  200 | Speed: 1679.62 img/s | Loss: 0.4135
[INFO: 02/25/2026 01:20:25 AM] TRAIN: Batch  250 | Speed: 1690.07 img/s | Loss: 0.4186
[INFO: 02/25/2026 01:20:32 AM] TRAIN: Batch  300 | Speed: 1697.15 img/s | Loss: 0.4204
[INFO: 02/25/2026 01:20:39 AM] TRAIN: Batch  350 | Speed: 1702.30 img/s | Loss: 0.4033
[INFO: 02/25/2026 01:20:47 AM] TRAIN: Batch  400 | Speed: 1706.18 img/s | Loss: 0.4169
[INFO: 02/25/2026 01:20:54 AM] TRAIN: Batch  450 | Speed: 1709.27 img/s | Loss: 0.3828
[INFO: 02/25/2026 01:21:02 AM] TRAIN: Batch  500 | Speed: 1711.64 img/s | Loss: 0.4224
[INFO: 02/25/2026 01:21:09 AM] TRAIN: Batch  550 | Speed: 1713.63 img/s | Loss: 0.4051
[INFO: 02/25/2026 01:21:16 AM] TRAIN: Batch  600 | Speed: 1715.27 img/s | Loss: 0.4114
[INFO: 02/25/2026 01:21:24 AM] TRAIN: Batch  650 | Speed: 1716.76 img/s | Loss: 0.4333
[INFO: 02/25/2026 01:21:31 AM] TRAIN: Batch  700 | Speed: 1718.34 img/s | Loss: 0.4553
[INFO: 02/25/2026 01:21:38 AM] TRAIN: Batch  750 | Speed: 1719.67 img/s | Loss: 0.3763
[INFO: 02/25/2026 01:21:46 AM] TEST: Batch   10 | Speed: 2797.36 img/s | Loss: 0.3627
[INFO: 02/25/2026 01:21:46 AM] TEST: Batch   20 | Speed: 3536.62 img/s | Loss: 0.3175
[INFO: 02/25/2026 01:21:47 AM] TEST: Batch   30 | Speed: 3901.10 img/s | Loss: 0.3770
[INFO: 02/25/2026 01:21:47 AM] TEST: Batch   40 | Speed: 4198.24 img/s | Loss: 0.4127
[INFO: 02/25/2026 01:21:48 AM] TEST: Batch   50 | Speed: 4383.74 img/s | Loss: 0.3600
[INFO: 02/25/2026 01:21:48 AM] TEST: Batch   60 | Speed: 4578.65 img/s | Loss: 0.3507
[INFO: 02/25/2026 01:21:48 AM] TEST: Batch   70 | Speed: 4730.25 img/s | Loss: 0.4130
[INFO: 02/25/2026 01:21:49 AM] TEST: Batch   80 | Speed: 4855.44 img/s | Loss: 0.4138
[INFO: 02/25/2026 01:21:49 AM] TEST: Batch   90 | Speed: 4957.88 img/s | Loss: 0.3604
[INFO: 02/25/2026 01:21:50 AM] Saving checkpoint at epoch min_6 in: experiments/exp_RNO_four_late_non_linear_merge_b-256_tr-793_lfn-MSELoss_opt-Adam_wdcay-0.001_hiddenu-32_lr-0.001_leak-0.1_tempRes-256_dpout-0.3_debug/checkpoints/checkpoint_emin_6.pth
[INFO: 02/25/2026 01:21:51 AM] Removed previous best checkpoint: checkpoint_emin_5.pth
[INFO: 02/25/2026 01:21:51 AM] Epoch 6, Train Loss: 0.4048, Test Loss: 0.3757
[INFO: 02/25/2026 01:21:59 AM] TRAIN: Batch   50 | Speed: 1540.91 img/s | Loss: 0.3877
[INFO: 02/25/2026 01:22:07 AM] TRAIN: Batch  100 | Speed: 1630.52 img/s | Loss: 0.4027
[INFO: 02/25/2026 01:22:14 AM] TRAIN: Batch  150 | Speed: 1663.13 img/s | Loss: 0.4126
[INFO: 02/25/2026 01:22:22 AM] TRAIN: Batch  200 | Speed: 1680.16 img/s | Loss: 0.4037
[INFO: 02/25/2026 01:22:29 AM] TRAIN: Batch  250 | Speed: 1690.51 img/s | Loss: 0.4036
[INFO: 02/25/2026 01:22:36 AM] TRAIN: Batch  300 | Speed: 1697.56 img/s | Loss: 0.4078
[INFO: 02/25/2026 01:22:44 AM] TRAIN: Batch  350 | Speed: 1702.70 img/s | Loss: 0.4061
[INFO: 02/25/2026 01:22:51 AM] TRAIN: Batch  400 | Speed: 1706.53 img/s | Loss: 0.3629
[INFO: 02/25/2026 01:22:58 AM] TRAIN: Batch  450 | Speed: 1709.56 img/s | Loss: 0.4170
[INFO: 02/25/2026 01:23:06 AM] TRAIN: Batch  500 | Speed: 1711.95 img/s | Loss: 0.3865
[INFO: 02/25/2026 01:23:13 AM] TRAIN: Batch  550 | Speed: 1713.95 img/s | Loss: 0.3877
[INFO: 02/25/2026 01:23:21 AM] TRAIN: Batch  600 | Speed: 1715.62 img/s | Loss: 0.3685
[INFO: 02/25/2026 01:23:28 AM] TRAIN: Batch  650 | Speed: 1717.13 img/s | Loss: 0.3837
[INFO: 02/25/2026 01:23:35 AM] TRAIN: Batch  700 | Speed: 1718.70 img/s | Loss: 0.4037
[INFO: 02/25/2026 01:23:43 AM] TRAIN: Batch  750 | Speed: 1720.01 img/s | Loss: 0.4245
[INFO: 02/25/2026 01:23:50 AM] TEST: Batch   10 | Speed: 2686.03 img/s | Loss: 0.3507
[INFO: 02/25/2026 01:23:51 AM] TEST: Batch   20 | Speed: 3292.19 img/s | Loss: 0.3191
[INFO: 02/25/2026 01:23:51 AM] TEST: Batch   30 | Speed: 3762.78 img/s | Loss: 0.3873
[INFO: 02/25/2026 01:23:51 AM] TEST: Batch   40 | Speed: 4076.92 img/s | Loss: 0.4276
[INFO: 02/25/2026 01:23:52 AM] TEST: Batch   50 | Speed: 4272.69 img/s | Loss: 0.3702
[INFO: 02/25/2026 01:23:52 AM] TEST: Batch   60 | Speed: 4475.16 img/s | Loss: 0.3540
[INFO: 02/25/2026 01:23:53 AM] TEST: Batch   70 | Speed: 4634.87 img/s | Loss: 0.4172
[INFO: 02/25/2026 01:23:53 AM] TEST: Batch   80 | Speed: 4720.52 img/s | Loss: 0.4061
[INFO: 02/25/2026 01:23:54 AM] TEST: Batch   90 | Speed: 4831.44 img/s | Loss: 0.3552
[INFO: 02/25/2026 01:23:54 AM] Saving checkpoint at epoch min_7 in: experiments/exp_RNO_four_late_non_linear_merge_b-256_tr-793_lfn-MSELoss_opt-Adam_wdcay-0.001_hiddenu-32_lr-0.001_leak-0.1_tempRes-256_dpout-0.3_debug/checkpoints/checkpoint_emin_7.pth
[INFO: 02/25/2026 01:23:57 AM] Removed previous best checkpoint: checkpoint_emin_6.pth
[INFO: 02/25/2026 01:23:57 AM] Epoch 7, Train Loss: 0.4008, Test Loss: 0.3735
[INFO: 02/25/2026 01:24:05 AM] TRAIN: Batch   50 | Speed: 1565.85 img/s | Loss: 0.3805
[INFO: 02/25/2026 01:24:13 AM] TRAIN: Batch  100 | Speed: 1644.91 img/s | Loss: 0.4067
[INFO: 02/25/2026 01:24:20 AM] TRAIN: Batch  150 | Speed: 1673.58 img/s | Loss: 0.3336
[INFO: 02/25/2026 01:24:27 AM] TRAIN: Batch  200 | Speed: 1688.36 img/s | Loss: 0.3621
[INFO: 02/25/2026 01:24:35 AM] TRAIN: Batch  250 | Speed: 1697.12 img/s | Loss: 0.3905
[INFO: 02/25/2026 01:24:42 AM] TRAIN: Batch  300 | Speed: 1703.24 img/s | Loss: 0.3673
[INFO: 02/25/2026 01:24:49 AM] TRAIN: Batch  350 | Speed: 1707.64 img/s | Loss: 0.4397
[INFO: 02/25/2026 01:24:57 AM] TRAIN: Batch  400 | Speed: 1710.94 img/s | Loss: 0.3922
[INFO: 02/25/2026 01:25:04 AM] TRAIN: Batch  450 | Speed: 1713.56 img/s | Loss: 0.4308
[INFO: 02/25/2026 01:25:12 AM] TRAIN: Batch  500 | Speed: 1715.66 img/s | Loss: 0.3759
[INFO: 02/25/2026 01:25:19 AM] TRAIN: Batch  550 | Speed: 1717.36 img/s | Loss: 0.4680
[INFO: 02/25/2026 01:25:26 AM] TRAIN: Batch  600 | Speed: 1718.79 img/s | Loss: 0.4327
[INFO: 02/25/2026 01:25:34 AM] TRAIN: Batch  650 | Speed: 1720.11 img/s | Loss: 0.3828
[INFO: 02/25/2026 01:25:41 AM] TRAIN: Batch  700 | Speed: 1721.52 img/s | Loss: 0.3636
[INFO: 02/25/2026 01:25:48 AM] TRAIN: Batch  750 | Speed: 1722.69 img/s | Loss: 0.4050
[INFO: 02/25/2026 01:25:56 AM] TEST: Batch   10 | Speed: 2741.72 img/s | Loss: 0.3367
[INFO: 02/25/2026 01:25:56 AM] TEST: Batch   20 | Speed: 3332.05 img/s | Loss: 0.3236
[INFO: 02/25/2026 01:25:57 AM] TEST: Batch   30 | Speed: 3766.78 img/s | Loss: 0.3746
[INFO: 02/25/2026 01:25:57 AM] TEST: Batch   40 | Speed: 4056.89 img/s | Loss: 0.4129
[INFO: 02/25/2026 01:25:58 AM] TEST: Batch   50 | Speed: 4324.37 img/s | Loss: 0.3583
[INFO: 02/25/2026 01:25:58 AM] TEST: Batch   60 | Speed: 4477.35 img/s | Loss: 0.3509
[INFO: 02/25/2026 01:25:59 AM] TEST: Batch   70 | Speed: 4637.38 img/s | Loss: 0.4061
[INFO: 02/25/2026 01:25:59 AM] TEST: Batch   80 | Speed: 4699.31 img/s | Loss: 0.4024
[INFO: 02/25/2026 01:26:00 AM] TEST: Batch   90 | Speed: 4788.99 img/s | Loss: 0.3420
[INFO: 02/25/2026 01:26:00 AM] Saving checkpoint at epoch min_8 in: experiments/exp_RNO_four_late_non_linear_merge_b-256_tr-793_lfn-MSELoss_opt-Adam_wdcay-0.001_hiddenu-32_lr-0.001_leak-0.1_tempRes-256_dpout-0.3_debug/checkpoints/checkpoint_emin_8.pth
[INFO: 02/25/2026 01:26:02 AM] Removed previous best checkpoint: checkpoint_emin_7.pth
[INFO: 02/25/2026 01:26:02 AM] Epoch 8, Train Loss: 0.3987, Test Loss: 0.3725
[INFO: 02/25/2026 01:26:10 AM] TRAIN: Batch   50 | Speed: 1634.94 img/s | Loss: 0.3886
[INFO: 02/25/2026 01:26:17 AM] TRAIN: Batch  100 | Speed: 1683.06 img/s | Loss: 0.3747
[INFO: 02/25/2026 01:26:24 AM] TRAIN: Batch  150 | Speed: 1699.77 img/s | Loss: 0.4128
[INFO: 02/25/2026 01:26:32 AM] TRAIN: Batch  200 | Speed: 1708.38 img/s | Loss: 0.3943
[INFO: 02/25/2026 01:26:39 AM] TRAIN: Batch  250 | Speed: 1713.69 img/s | Loss: 0.4004
[INFO: 02/25/2026 01:26:46 AM] TRAIN: Batch  300 | Speed: 1717.13 img/s | Loss: 0.4030
[INFO: 02/25/2026 01:26:54 AM] TRAIN: Batch  350 | Speed: 1719.63 img/s | Loss: 0.4568
[INFO: 02/25/2026 01:27:01 AM] TRAIN: Batch  400 | Speed: 1721.42 img/s | Loss: 0.3973
[INFO: 02/25/2026 01:27:09 AM] TRAIN: Batch  450 | Speed: 1722.91 img/s | Loss: 0.4033
[INFO: 02/25/2026 01:27:16 AM] TRAIN: Batch  500 | Speed: 1724.06 img/s | Loss: 0.4166
[INFO: 02/25/2026 01:27:23 AM] TRAIN: Batch  550 | Speed: 1725.03 img/s | Loss: 0.3993
[INFO: 02/25/2026 01:27:31 AM] TRAIN: Batch  600 | Speed: 1725.87 img/s | Loss: 0.4107
[INFO: 02/25/2026 01:27:38 AM] TRAIN: Batch  650 | Speed: 1726.64 img/s | Loss: 0.3694
[INFO: 02/25/2026 01:27:45 AM] TRAIN: Batch  700 | Speed: 1727.59 img/s | Loss: 0.4358
[INFO: 02/25/2026 01:27:53 AM] TRAIN: Batch  750 | Speed: 1728.38 img/s | Loss: 0.3961
[INFO: 02/25/2026 01:28:00 AM] TEST: Batch   10 | Speed: 2889.85 img/s | Loss: 0.3534
[INFO: 02/25/2026 01:28:00 AM] TEST: Batch   20 | Speed: 3749.97 img/s | Loss: 0.3313
[INFO: 02/25/2026 01:28:01 AM] TEST: Batch   30 | Speed: 3966.39 img/s | Loss: 0.3775
[INFO: 02/25/2026 01:28:02 AM] TEST: Batch   40 | Speed: 4154.81 img/s | Loss: 0.4303
[INFO: 02/25/2026 01:28:02 AM] TEST: Batch   50 | Speed: 4409.41 img/s | Loss: 0.3583
[INFO: 02/25/2026 01:28:02 AM] TEST: Batch   60 | Speed: 4560.20 img/s | Loss: 0.3635
[INFO: 02/25/2026 01:28:03 AM] TEST: Batch   70 | Speed: 4672.13 img/s | Loss: 0.4065
[INFO: 02/25/2026 01:28:03 AM] TEST: Batch   80 | Speed: 4799.40 img/s | Loss: 0.4109
[INFO: 02/25/2026 01:28:04 AM] TEST: Batch   90 | Speed: 4880.59 img/s | Loss: 0.3488
[INFO: 02/25/2026 01:28:04 AM] Epoch 9, Train Loss: 0.3976, Test Loss: 0.3734
[INFO: 02/25/2026 01:28:12 AM] TRAIN: Batch   50 | Speed: 1617.21 img/s | Loss: 0.3626
[INFO: 02/25/2026 01:28:20 AM] TRAIN: Batch  100 | Speed: 1673.29 img/s | Loss: 0.3756
[INFO: 02/25/2026 01:28:27 AM] TRAIN: Batch  150 | Speed: 1693.31 img/s | Loss: 0.5033
[INFO: 02/25/2026 01:28:34 AM] TRAIN: Batch  200 | Speed: 1703.55 img/s | Loss: 0.3445
[INFO: 02/25/2026 01:28:42 AM] TRAIN: Batch  250 | Speed: 1709.84 img/s | Loss: 0.4240
[INFO: 02/25/2026 01:28:49 AM] TRAIN: Batch  300 | Speed: 1713.91 img/s | Loss: 0.3590
[INFO: 02/25/2026 01:28:56 AM] TRAIN: Batch  350 | Speed: 1716.91 img/s | Loss: 0.3906
[INFO: 02/25/2026 01:29:04 AM] TRAIN: Batch  400 | Speed: 1719.14 img/s | Loss: 0.4054
[INFO: 02/25/2026 01:29:11 AM] TRAIN: Batch  450 | Speed: 1720.86 img/s | Loss: 0.3796
[INFO: 02/25/2026 01:29:19 AM] TRAIN: Batch  500 | Speed: 1722.22 img/s | Loss: 0.3951
[INFO: 02/25/2026 01:29:26 AM] TRAIN: Batch  550 | Speed: 1723.34 img/s | Loss: 0.4049
[INFO: 02/25/2026 01:29:33 AM] TRAIN: Batch  600 | Speed: 1724.30 img/s | Loss: 0.3417
[INFO: 02/25/2026 01:29:41 AM] TRAIN: Batch  650 | Speed: 1725.28 img/s | Loss: 0.4635
[INFO: 02/25/2026 01:29:48 AM] TRAIN: Batch  700 | Speed: 1726.27 img/s | Loss: 0.3761
[INFO: 02/25/2026 01:29:55 AM] TRAIN: Batch  750 | Speed: 1727.10 img/s | Loss: 0.3582
[INFO: 02/25/2026 01:30:03 AM] TEST: Batch   10 | Speed: 2379.37 img/s | Loss: 0.3610
[INFO: 02/25/2026 01:30:03 AM] TEST: Batch   20 | Speed: 3173.15 img/s | Loss: 0.3210
[INFO: 02/25/2026 01:30:04 AM] TEST: Batch   30 | Speed: 3530.90 img/s | Loss: 0.3781
[INFO: 02/25/2026 01:30:04 AM] TEST: Batch   40 | Speed: 3842.65 img/s | Loss: 0.4180
[INFO: 02/25/2026 01:30:05 AM] TEST: Batch   50 | Speed: 4038.25 img/s | Loss: 0.3626
[INFO: 02/25/2026 01:30:05 AM] TEST: Batch   60 | Speed: 4260.22 img/s | Loss: 0.3492
[INFO: 02/25/2026 01:30:06 AM] TEST: Batch   70 | Speed: 4435.86 img/s | Loss: 0.4146
[INFO: 02/25/2026 01:30:06 AM] TEST: Batch   80 | Speed: 4581.18 img/s | Loss: 0.3904
[INFO: 02/25/2026 01:30:07 AM] TEST: Batch   90 | Speed: 4648.54 img/s | Loss: 0.3441
[INFO: 02/25/2026 01:30:07 AM] Saving checkpoint at epoch min_10 in: experiments/exp_RNO_four_late_non_linear_merge_b-256_tr-793_lfn-MSELoss_opt-Adam_wdcay-0.001_hiddenu-32_lr-0.001_leak-0.1_tempRes-256_dpout-0.3_debug/checkpoints/checkpoint_emin_10.pth
[INFO: 02/25/2026 01:30:08 AM] Removed previous best checkpoint: checkpoint_emin_8.pth
[INFO: 02/25/2026 01:30:08 AM] Epoch 10, Train Loss: 0.3955, Test Loss: 0.3669
[INFO: 02/25/2026 01:30:17 AM] TRAIN: Batch   50 | Speed: 1612.42 img/s | Loss: 0.3808
[INFO: 02/25/2026 01:30:24 AM] TRAIN: Batch  100 | Speed: 1670.27 img/s | Loss: 0.3430
[INFO: 02/25/2026 01:30:31 AM] TRAIN: Batch  150 | Speed: 1691.06 img/s | Loss: 0.4127
[INFO: 02/25/2026 01:30:39 AM] TRAIN: Batch  200 | Speed: 1701.57 img/s | Loss: 0.3813
[INFO: 02/25/2026 01:30:46 AM] TRAIN: Batch  250 | Speed: 1708.11 img/s | Loss: 0.3899
[INFO: 02/25/2026 01:30:53 AM] TRAIN: Batch  300 | Speed: 1712.50 img/s | Loss: 0.3788
[INFO: 02/25/2026 01:31:01 AM] TRAIN: Batch  350 | Speed: 1715.58 img/s | Loss: 0.3917
[INFO: 02/25/2026 01:31:08 AM] TRAIN: Batch  400 | Speed: 1717.93 img/s | Loss: 0.3939
[INFO: 02/25/2026 01:31:16 AM] TRAIN: Batch  450 | Speed: 1719.74 img/s | Loss: 0.3817
[INFO: 02/25/2026 01:31:23 AM] TRAIN: Batch  500 | Speed: 1721.23 img/s | Loss: 0.3622
[INFO: 02/25/2026 01:31:30 AM] TRAIN: Batch  550 | Speed: 1722.41 img/s | Loss: 0.3948
[INFO: 02/25/2026 01:31:38 AM] TRAIN: Batch  600 | Speed: 1723.42 img/s | Loss: 0.4097
[INFO: 02/25/2026 01:31:45 AM] TRAIN: Batch  650 | Speed: 1724.41 img/s | Loss: 0.3718
[INFO: 02/25/2026 01:31:52 AM] TRAIN: Batch  700 | Speed: 1725.39 img/s | Loss: 0.3903
[INFO: 02/25/2026 01:32:00 AM] TRAIN: Batch  750 | Speed: 1726.31 img/s | Loss: 0.3934
[INFO: 02/25/2026 01:32:07 AM] TEST: Batch   10 | Speed: 2198.40 img/s | Loss: 0.3523
[INFO: 02/25/2026 01:32:08 AM] TEST: Batch   20 | Speed: 2848.28 img/s | Loss: 0.3122
[INFO: 02/25/2026 01:32:08 AM] TEST: Batch   30 | Speed: 3284.77 img/s | Loss: 0.3693
[INFO: 02/25/2026 01:32:09 AM] TEST: Batch   40 | Speed: 3524.73 img/s | Loss: 0.4229
[INFO: 02/25/2026 01:32:09 AM] TEST: Batch   50 | Speed: 3765.43 img/s | Loss: 0.3650
[INFO: 02/25/2026 01:32:10 AM] TEST: Batch   60 | Speed: 4004.32 img/s | Loss: 0.3545
[INFO: 02/25/2026 01:32:10 AM] TEST: Batch   70 | Speed: 4196.40 img/s | Loss: 0.4025
[INFO: 02/25/2026 01:32:11 AM] TEST: Batch   80 | Speed: 4356.70 img/s | Loss: 0.4181
[INFO: 02/25/2026 01:32:11 AM] TEST: Batch   90 | Speed: 4490.44 img/s | Loss: 0.3430
[INFO: 02/25/2026 01:32:12 AM] Epoch 11, Train Loss: 0.3921, Test Loss: 0.3727
[INFO: 02/25/2026 01:32:20 AM] TRAIN: Batch   50 | Speed: 1600.94 img/s | Loss: 0.3628
[INFO: 02/25/2026 01:32:27 AM] TRAIN: Batch  100 | Speed: 1664.21 img/s | Loss: 0.3573
[INFO: 02/25/2026 01:32:34 AM] TRAIN: Batch  150 | Speed: 1686.95 img/s | Loss: 0.3207
[INFO: 02/25/2026 01:32:42 AM] TRAIN: Batch  200 | Speed: 1698.69 img/s | Loss: 0.3466
[INFO: 02/25/2026 01:32:49 AM] TRAIN: Batch  250 | Speed: 1705.67 img/s | Loss: 0.3601
[INFO: 02/25/2026 01:32:57 AM] TRAIN: Batch  300 | Speed: 1710.51 img/s | Loss: 0.3602
[INFO: 02/25/2026 01:33:04 AM] TRAIN: Batch  350 | Speed: 1713.88 img/s | Loss: 0.3724
[INFO: 02/25/2026 01:33:11 AM] TRAIN: Batch  400 | Speed: 1716.44 img/s | Loss: 0.4261
[INFO: 02/25/2026 01:33:19 AM] TRAIN: Batch  450 | Speed: 1718.41 img/s | Loss: 0.4256
[INFO: 02/25/2026 01:33:26 AM] TRAIN: Batch  500 | Speed: 1720.04 img/s | Loss: 0.3525
[INFO: 02/25/2026 01:33:34 AM] TRAIN: Batch  550 | Speed: 1721.41 img/s | Loss: 0.3829
[INFO: 02/25/2026 01:33:41 AM] TRAIN: Batch  600 | Speed: 1722.49 img/s | Loss: 0.4084
[INFO: 02/25/2026 01:33:48 AM] TRAIN: Batch  650 | Speed: 1723.57 img/s | Loss: 0.3687
[INFO: 02/25/2026 01:33:56 AM] TRAIN: Batch  700 | Speed: 1724.67 img/s | Loss: 0.4138
[INFO: 02/25/2026 01:34:03 AM] TRAIN: Batch  750 | Speed: 1725.64 img/s | Loss: 0.4227
[INFO: 02/25/2026 01:34:10 AM] TEST: Batch   10 | Speed: 2656.47 img/s | Loss: 0.3364
[INFO: 02/25/2026 01:34:11 AM] TEST: Batch   20 | Speed: 3523.86 img/s | Loss: 0.3190
[INFO: 02/25/2026 01:34:11 AM] TEST: Batch   30 | Speed: 3969.00 img/s | Loss: 0.3824
[INFO: 02/25/2026 01:34:12 AM] TEST: Batch   40 | Speed: 4234.89 img/s | Loss: 0.4390
[INFO: 02/25/2026 01:34:12 AM] TEST: Batch   50 | Speed: 4357.91 img/s | Loss: 0.3757
[INFO: 02/25/2026 01:34:13 AM] TEST: Batch   60 | Speed: 4432.72 img/s | Loss: 0.3641
[INFO: 02/25/2026 01:34:13 AM] TEST: Batch   70 | Speed: 4476.36 img/s | Loss: 0.4283
[INFO: 02/25/2026 01:34:14 AM] TEST: Batch   80 | Speed: 4544.63 img/s | Loss: 0.4218
[INFO: 02/25/2026 01:34:14 AM] TEST: Batch   90 | Speed: 4601.36 img/s | Loss: 0.3502
[INFO: 02/25/2026 01:34:15 AM] Epoch 12, Train Loss: 0.3890, Test Loss: 0.3733
[INFO: 02/25/2026 01:34:23 AM] TRAIN: Batch   50 | Speed: 1631.31 img/s | Loss: 0.3933
[INFO: 02/25/2026 01:34:30 AM] TRAIN: Batch  100 | Speed: 1680.96 img/s | Loss: 0.3710
[INFO: 02/25/2026 01:34:37 AM] TRAIN: Batch  150 | Speed: 1698.32 img/s | Loss: 0.4535
[INFO: 02/25/2026 01:34:45 AM] TRAIN: Batch  200 | Speed: 1707.15 img/s | Loss: 0.3512
[INFO: 02/25/2026 01:34:52 AM] TRAIN: Batch  250 | Speed: 1712.51 img/s | Loss: 0.3474
[INFO: 02/25/2026 01:35:00 AM] TRAIN: Batch  300 | Speed: 1716.13 img/s | Loss: 0.3686
[INFO: 02/25/2026 01:35:07 AM] TRAIN: Batch  350 | Speed: 1718.67 img/s | Loss: 0.3762
[INFO: 02/25/2026 01:35:14 AM] TRAIN: Batch  400 | Speed: 1720.51 img/s | Loss: 0.4196
[INFO: 02/25/2026 01:35:22 AM] TRAIN: Batch  450 | Speed: 1722.03 img/s | Loss: 0.3824
[INFO: 02/25/2026 01:35:29 AM] TRAIN: Batch  500 | Speed: 1723.16 img/s | Loss: 0.3749
[INFO: 02/25/2026 01:35:36 AM] TRAIN: Batch  550 | Speed: 1724.19 img/s | Loss: 0.4047
[INFO: 02/25/2026 01:35:44 AM] TRAIN: Batch  600 | Speed: 1725.07 img/s | Loss: 0.3789
[INFO: 02/25/2026 01:35:51 AM] TRAIN: Batch  650 | Speed: 1725.88 img/s | Loss: 0.4278
[INFO: 02/25/2026 01:35:59 AM] TRAIN: Batch  700 | Speed: 1726.84 img/s | Loss: 0.3899
[INFO: 02/25/2026 01:36:06 AM] TRAIN: Batch  750 | Speed: 1727.64 img/s | Loss: 0.3537
[INFO: 02/25/2026 01:36:13 AM] TEST: Batch   10 | Speed: 2352.32 img/s | Loss: 0.3239
[INFO: 02/25/2026 01:36:14 AM] TEST: Batch   20 | Speed: 3165.41 img/s | Loss: 0.3087
[INFO: 02/25/2026 01:36:14 AM] TEST: Batch   30 | Speed: 3659.61 img/s | Loss: 0.3588
[INFO: 02/25/2026 01:36:15 AM] TEST: Batch   40 | Speed: 3971.61 img/s | Loss: 0.4219
[INFO: 02/25/2026 01:36:15 AM] TEST: Batch   50 | Speed: 4244.79 img/s | Loss: 0.3484
[INFO: 02/25/2026 01:36:16 AM] TEST: Batch   60 | Speed: 4451.15 img/s | Loss: 0.3590
[INFO: 02/25/2026 01:36:16 AM] TEST: Batch   70 | Speed: 4612.61 img/s | Loss: 0.4032
[INFO: 02/25/2026 01:36:17 AM] TEST: Batch   80 | Speed: 4724.54 img/s | Loss: 0.3905
[INFO: 02/25/2026 01:36:17 AM] TEST: Batch   90 | Speed: 4787.20 img/s | Loss: 0.3489
[INFO: 02/25/2026 01:36:17 AM] Saving checkpoint at epoch min_13 in: experiments/exp_RNO_four_late_non_linear_merge_b-256_tr-793_lfn-MSELoss_opt-Adam_wdcay-0.001_hiddenu-32_lr-0.001_leak-0.1_tempRes-256_dpout-0.3_debug/checkpoints/checkpoint_emin_13.pth
[INFO: 02/25/2026 01:36:19 AM] Removed previous best checkpoint: checkpoint_emin_10.pth
[INFO: 02/25/2026 01:36:19 AM] Epoch 13, Train Loss: 0.3906, Test Loss: 0.3588
[INFO: 02/25/2026 01:36:27 AM] TRAIN: Batch   50 | Speed: 1604.73 img/s | Loss: 0.3609
[INFO: 02/25/2026 01:36:34 AM] TRAIN: Batch  100 | Speed: 1666.77 img/s | Loss: 0.4477
[INFO: 02/25/2026 01:36:41 AM] TRAIN: Batch  150 | Speed: 1688.76 img/s | Loss: 0.3665
[INFO: 02/25/2026 01:36:49 AM] TRAIN: Batch  200 | Speed: 1699.98 img/s | Loss: 0.4397
[INFO: 02/25/2026 01:36:56 AM] TRAIN: Batch  250 | Speed: 1706.86 img/s | Loss: 0.3483
[INFO: 02/25/2026 01:37:04 AM] TRAIN: Batch  300 | Speed: 1711.50 img/s | Loss: 0.3886
[INFO: 02/25/2026 01:37:11 AM] TRAIN: Batch  350 | Speed: 1714.81 img/s | Loss: 0.3342
[INFO: 02/25/2026 01:37:18 AM] TRAIN: Batch  400 | Speed: 1717.22 img/s | Loss: 0.3831
[INFO: 02/25/2026 01:37:26 AM] TRAIN: Batch  450 | Speed: 1719.23 img/s | Loss: 0.4353
[INFO: 02/25/2026 01:37:33 AM] TRAIN: Batch  500 | Speed: 1720.80 img/s | Loss: 0.3809
[INFO: 02/25/2026 01:37:40 AM] TRAIN: Batch  550 | Speed: 1722.09 img/s | Loss: 0.4207
[INFO: 02/25/2026 01:37:48 AM] TRAIN: Batch  600 | Speed: 1723.18 img/s | Loss: 0.3778
[INFO: 02/25/2026 01:37:55 AM] TRAIN: Batch  650 | Speed: 1724.19 img/s | Loss: 0.4249
[INFO: 02/25/2026 01:38:03 AM] TRAIN: Batch  700 | Speed: 1725.33 img/s | Loss: 0.4267
[INFO: 02/25/2026 01:38:10 AM] TRAIN: Batch  750 | Speed: 1726.29 img/s | Loss: 0.3819
[INFO: 02/25/2026 01:38:17 AM] TEST: Batch   10 | Speed: 2806.10 img/s | Loss: 0.3419
[INFO: 02/25/2026 01:38:18 AM] TEST: Batch   20 | Speed: 3423.19 img/s | Loss: 0.3069
[INFO: 02/25/2026 01:38:18 AM] TEST: Batch   30 | Speed: 3901.50 img/s | Loss: 0.3714
[INFO: 02/25/2026 01:38:19 AM] TEST: Batch   40 | Speed: 4195.99 img/s | Loss: 0.4039
[INFO: 02/25/2026 01:38:19 AM] TEST: Batch   50 | Speed: 4350.48 img/s | Loss: 0.3536
[INFO: 02/25/2026 01:38:19 AM] TEST: Batch   60 | Speed: 4548.00 img/s | Loss: 0.3433
[INFO: 02/25/2026 01:38:20 AM] TEST: Batch   70 | Speed: 4702.39 img/s | Loss: 0.4212
[INFO: 02/25/2026 01:38:20 AM] TEST: Batch   80 | Speed: 4829.46 img/s | Loss: 0.3877
[INFO: 02/25/2026 01:38:21 AM] TEST: Batch   90 | Speed: 4933.45 img/s | Loss: 0.3325
[INFO: 02/25/2026 01:38:21 AM] Epoch 14, Train Loss: 0.3868, Test Loss: 0.3623
[INFO: 02/25/2026 01:38:29 AM] TRAIN: Batch   50 | Speed: 1621.64 img/s | Loss: 0.4097
[INFO: 02/25/2026 01:38:37 AM] TRAIN: Batch  100 | Speed: 1675.68 img/s | Loss: 0.3404
[INFO: 02/25/2026 01:38:44 AM] TRAIN: Batch  150 | Speed: 1694.92 img/s | Loss: 0.4294
[INFO: 02/25/2026 01:38:51 AM] TRAIN: Batch  200 | Speed: 1704.85 img/s | Loss: 0.3990
[INFO: 02/25/2026 01:38:59 AM] TRAIN: Batch  250 | Speed: 1710.85 img/s | Loss: 0.3806
[INFO: 02/25/2026 01:39:06 AM] TRAIN: Batch  300 | Speed: 1714.72 img/s | Loss: 0.3549
[INFO: 02/25/2026 01:39:13 AM] TRAIN: Batch  350 | Speed: 1717.66 img/s | Loss: 0.4247
[INFO: 02/25/2026 01:39:21 AM] TRAIN: Batch  400 | Speed: 1719.90 img/s | Loss: 0.4009
[INFO: 02/25/2026 01:39:28 AM] TRAIN: Batch  450 | Speed: 1721.51 img/s | Loss: 0.3698
[INFO: 02/25/2026 01:39:36 AM] TRAIN: Batch  500 | Speed: 1722.90 img/s | Loss: 0.3730
[INFO: 02/25/2026 01:39:43 AM] TRAIN: Batch  550 | Speed: 1724.00 img/s | Loss: 0.4770
[INFO: 02/25/2026 01:39:50 AM] TRAIN: Batch  600 | Speed: 1724.95 img/s | Loss: 0.3834
[INFO: 02/25/2026 01:39:58 AM] TRAIN: Batch  650 | Speed: 1725.88 img/s | Loss: 0.4068
[INFO: 02/25/2026 01:40:05 AM] TRAIN: Batch  700 | Speed: 1726.87 img/s | Loss: 0.4326
[INFO: 02/25/2026 01:40:12 AM] TRAIN: Batch  750 | Speed: 1727.77 img/s | Loss: 0.3642
[INFO: 02/25/2026 01:40:20 AM] TEST: Batch   10 | Speed: 2410.80 img/s | Loss: 0.3421
[INFO: 02/25/2026 01:40:20 AM] TEST: Batch   20 | Speed: 3308.07 img/s | Loss: 0.3064
[INFO: 02/25/2026 01:40:21 AM] TEST: Batch   30 | Speed: 3845.35 img/s | Loss: 0.3829
[INFO: 02/25/2026 01:40:21 AM] TEST: Batch   40 | Speed: 4041.97 img/s | Loss: 0.4078
[INFO: 02/25/2026 01:40:22 AM] TEST: Batch   50 | Speed: 4308.90 img/s | Loss: 0.3502
[INFO: 02/25/2026 01:40:22 AM] TEST: Batch   60 | Speed: 4509.10 img/s | Loss: 0.3515
[INFO: 02/25/2026 01:40:23 AM] TEST: Batch   70 | Speed: 4645.45 img/s | Loss: 0.4017
[INFO: 02/25/2026 01:40:23 AM] TEST: Batch   80 | Speed: 4723.92 img/s | Loss: 0.3919
[INFO: 02/25/2026 01:40:24 AM] TEST: Batch   90 | Speed: 4736.11 img/s | Loss: 0.3213
[INFO: 02/25/2026 01:40:24 AM] Epoch 15, Train Loss: 0.3872, Test Loss: 0.3628
[INFO: 02/25/2026 01:40:32 AM] TRAIN: Batch   50 | Speed: 1574.28 img/s | Loss: 0.3563
[INFO: 02/25/2026 01:40:40 AM] TRAIN: Batch  100 | Speed: 1649.44 img/s | Loss: 0.3483
[INFO: 02/25/2026 01:40:47 AM] TRAIN: Batch  150 | Speed: 1676.63 img/s | Loss: 0.3784
[INFO: 02/25/2026 01:40:54 AM] TRAIN: Batch  200 | Speed: 1690.67 img/s | Loss: 0.3855
[INFO: 02/25/2026 01:41:02 AM] TRAIN: Batch  250 | Speed: 1699.32 img/s | Loss: 0.3603
[INFO: 02/25/2026 01:41:09 AM] TRAIN: Batch  300 | Speed: 1705.08 img/s | Loss: 0.4035
[INFO: 02/25/2026 01:41:16 AM] TRAIN: Batch  350 | Speed: 1709.20 img/s | Loss: 0.3633
[INFO: 02/25/2026 01:41:24 AM] TRAIN: Batch  400 | Speed: 1712.40 img/s | Loss: 0.3613
[INFO: 02/25/2026 01:41:31 AM] TRAIN: Batch  450 | Speed: 1714.82 img/s | Loss: 0.3697
[INFO: 02/25/2026 01:41:39 AM] TRAIN: Batch  500 | Speed: 1716.81 img/s | Loss: 0.3341
[INFO: 02/25/2026 01:41:46 AM] TRAIN: Batch  550 | Speed: 1718.44 img/s | Loss: 0.3840
[INFO: 02/25/2026 01:41:53 AM] TRAIN: Batch  600 | Speed: 1719.80 img/s | Loss: 0.3652
[INFO: 02/25/2026 01:42:01 AM] TRAIN: Batch  650 | Speed: 1721.16 img/s | Loss: 0.3659
[INFO: 02/25/2026 01:42:08 AM] TRAIN: Batch  700 | Speed: 1722.46 img/s | Loss: 0.3516
[INFO: 02/25/2026 01:42:15 AM] TRAIN: Batch  750 | Speed: 1723.64 img/s | Loss: 0.4261
[INFO: 02/25/2026 01:42:23 AM] TEST: Batch   10 | Speed: 2551.01 img/s | Loss: 0.3331
[INFO: 02/25/2026 01:42:23 AM] TEST: Batch   20 | Speed: 2946.38 img/s | Loss: 0.3133
[INFO: 02/25/2026 01:42:24 AM] TEST: Batch   30 | Speed: 3196.20 img/s | Loss: 0.3648
[INFO: 02/25/2026 01:42:25 AM] TEST: Batch   40 | Speed: 3516.52 img/s | Loss: 0.4104
[INFO: 02/25/2026 01:42:25 AM] TEST: Batch   50 | Speed: 3821.26 img/s | Loss: 0.3579
[INFO: 02/25/2026 01:42:25 AM] TEST: Batch   60 | Speed: 4057.32 img/s | Loss: 0.3440
[INFO: 02/25/2026 01:42:26 AM] TEST: Batch   70 | Speed: 4245.95 img/s | Loss: 0.3973
[INFO: 02/25/2026 01:42:26 AM] TEST: Batch   80 | Speed: 4403.48 img/s | Loss: 0.3935
[INFO: 02/25/2026 01:42:27 AM] TEST: Batch   90 | Speed: 4535.05 img/s | Loss: 0.3441
[INFO: 02/25/2026 01:42:27 AM] Saving checkpoint at epoch min_16 in: experiments/exp_RNO_four_late_non_linear_merge_b-256_tr-793_lfn-MSELoss_opt-Adam_wdcay-0.001_hiddenu-32_lr-0.001_leak-0.1_tempRes-256_dpout-0.3_debug/checkpoints/checkpoint_emin_16.pth
[INFO: 02/25/2026 01:42:28 AM] Removed previous best checkpoint: checkpoint_emin_13.pth
[INFO: 02/25/2026 01:42:28 AM] Epoch 16, Train Loss: 0.3864, Test Loss: 0.3585
[INFO: 02/25/2026 01:42:37 AM] TRAIN: Batch   50 | Speed: 1595.35 img/s | Loss: 0.3573
[INFO: 02/25/2026 01:42:44 AM] TRAIN: Batch  100 | Speed: 1661.29 img/s | Loss: 0.3942
[INFO: 02/25/2026 01:42:51 AM] TRAIN: Batch  150 | Speed: 1685.15 img/s | Loss: 0.3334
[INFO: 02/25/2026 01:42:59 AM] TRAIN: Batch  200 | Speed: 1697.33 img/s | Loss: 0.3210
[INFO: 02/25/2026 01:43:06 AM] TRAIN: Batch  250 | Speed: 1704.66 img/s | Loss: 0.3736
[INFO: 02/25/2026 01:43:14 AM] TRAIN: Batch  300 | Speed: 1709.62 img/s | Loss: 0.3131
[INFO: 02/25/2026 01:43:21 AM] TRAIN: Batch  350 | Speed: 1713.18 img/s | Loss: 0.3734
[INFO: 02/25/2026 01:43:28 AM] TRAIN: Batch  400 | Speed: 1715.93 img/s | Loss: 0.3930
[INFO: 02/25/2026 01:43:36 AM] TRAIN: Batch  450 | Speed: 1718.00 img/s | Loss: 0.3494
[INFO: 02/25/2026 01:43:43 AM] TRAIN: Batch  500 | Speed: 1719.70 img/s | Loss: 0.4214
[INFO: 02/25/2026 01:43:50 AM] TRAIN: Batch  550 | Speed: 1721.11 img/s | Loss: 0.3899
[INFO: 02/25/2026 01:43:58 AM] TRAIN: Batch  600 | Speed: 1722.23 img/s | Loss: 0.3521
[INFO: 02/25/2026 01:44:05 AM] TRAIN: Batch  650 | Speed: 1723.39 img/s | Loss: 0.4301
[INFO: 02/25/2026 01:44:13 AM] TRAIN: Batch  700 | Speed: 1724.55 img/s | Loss: 0.3971
[INFO: 02/25/2026 01:44:20 AM] TRAIN: Batch  750 | Speed: 1725.57 img/s | Loss: 0.3660
[INFO: 02/25/2026 01:44:27 AM] TEST: Batch   10 | Speed: 2682.34 img/s | Loss: 0.3284
[INFO: 02/25/2026 01:44:28 AM] TEST: Batch   20 | Speed: 3511.90 img/s | Loss: 0.3077
[INFO: 02/25/2026 01:44:28 AM] TEST: Batch   30 | Speed: 3841.42 img/s | Loss: 0.3675
[INFO: 02/25/2026 01:44:29 AM] TEST: Batch   40 | Speed: 4133.51 img/s | Loss: 0.3985
[INFO: 02/25/2026 01:44:29 AM] TEST: Batch   50 | Speed: 4231.11 img/s | Loss: 0.3472
[INFO: 02/25/2026 01:44:30 AM] TEST: Batch   60 | Speed: 4341.43 img/s | Loss: 0.3476
[INFO: 02/25/2026 01:44:30 AM] TEST: Batch   70 | Speed: 4318.31 img/s | Loss: 0.3993
[INFO: 02/25/2026 01:44:31 AM] TEST: Batch   80 | Speed: 4458.92 img/s | Loss: 0.3884
[INFO: 02/25/2026 01:44:31 AM] TEST: Batch   90 | Speed: 4531.93 img/s | Loss: 0.3229
[INFO: 02/25/2026 01:44:32 AM] Saving checkpoint at epoch min_17 in: experiments/exp_RNO_four_late_non_linear_merge_b-256_tr-793_lfn-MSELoss_opt-Adam_wdcay-0.001_hiddenu-32_lr-0.001_leak-0.1_tempRes-256_dpout-0.3_debug/checkpoints/checkpoint_emin_17.pth
[INFO: 02/25/2026 01:44:33 AM] Removed previous best checkpoint: checkpoint_emin_16.pth
[INFO: 02/25/2026 01:44:33 AM] Epoch 17, Train Loss: 0.3859, Test Loss: 0.3566
[INFO: 02/25/2026 01:44:41 AM] TRAIN: Batch   50 | Speed: 1598.95 img/s | Loss: 0.4062
[INFO: 02/25/2026 01:44:49 AM] TRAIN: Batch  100 | Speed: 1663.50 img/s | Loss: 0.3624
[INFO: 02/25/2026 01:44:56 AM] TRAIN: Batch  150 | Speed: 1686.84 img/s | Loss: 0.3925
[INFO: 02/25/2026 01:45:03 AM] TRAIN: Batch  200 | Speed: 1698.72 img/s | Loss: 0.3745
[INFO: 02/25/2026 01:45:11 AM] TRAIN: Batch  250 | Speed: 1705.62 img/s | Loss: 0.3627
[INFO: 02/25/2026 01:45:18 AM] TRAIN: Batch  300 | Speed: 1710.34 img/s | Loss: 0.3695
[INFO: 02/25/2026 01:45:26 AM] TRAIN: Batch  350 | Speed: 1713.73 img/s | Loss: 0.3892
[INFO: 02/25/2026 01:45:33 AM] TRAIN: Batch  400 | Speed: 1716.37 img/s | Loss: 0.4136
[INFO: 02/25/2026 01:45:40 AM] TRAIN: Batch  450 | Speed: 1718.47 img/s | Loss: 0.4356
[INFO: 02/25/2026 01:45:48 AM] TRAIN: Batch  500 | Speed: 1720.14 img/s | Loss: 0.3273
[INFO: 02/25/2026 01:45:55 AM] TRAIN: Batch  550 | Speed: 1721.51 img/s | Loss: 0.3874
[INFO: 02/25/2026 01:46:02 AM] TRAIN: Batch  600 | Speed: 1722.63 img/s | Loss: 0.3660
[INFO: 02/25/2026 01:46:10 AM] TRAIN: Batch  650 | Speed: 1723.75 img/s | Loss: 0.3621
[INFO: 02/25/2026 01:46:17 AM] TRAIN: Batch  700 | Speed: 1724.90 img/s | Loss: 0.4262
[INFO: 02/25/2026 01:46:24 AM] TRAIN: Batch  750 | Speed: 1725.87 img/s | Loss: 0.3575
[INFO: 02/25/2026 01:46:32 AM] TEST: Batch   10 | Speed: 2755.61 img/s | Loss: 0.3317
[INFO: 02/25/2026 01:46:32 AM] TEST: Batch   20 | Speed: 3088.71 img/s | Loss: 0.3066
[INFO: 02/25/2026 01:46:33 AM] TEST: Batch   30 | Speed: 3606.66 img/s | Loss: 0.3774
[INFO: 02/25/2026 01:46:33 AM] TEST: Batch   40 | Speed: 3884.94 img/s | Loss: 0.4041
[INFO: 02/25/2026 01:46:34 AM] TEST: Batch   50 | Speed: 4166.25 img/s | Loss: 0.3487
[INFO: 02/25/2026 01:46:34 AM] TEST: Batch   60 | Speed: 4375.54 img/s | Loss: 0.3543
[INFO: 02/25/2026 01:46:35 AM] TEST: Batch   70 | Speed: 4517.72 img/s | Loss: 0.4165
[INFO: 02/25/2026 01:46:35 AM] TEST: Batch   80 | Speed: 4577.40 img/s | Loss: 0.4060
[INFO: 02/25/2026 01:46:36 AM] TEST: Batch   90 | Speed: 4618.59 img/s | Loss: 0.3508
[INFO: 02/25/2026 01:46:36 AM] Epoch 18, Train Loss: 0.3855, Test Loss: 0.3644
[INFO: 02/25/2026 01:46:45 AM] TRAIN: Batch   50 | Speed: 1524.24 img/s | Loss: 0.3340
[INFO: 02/25/2026 01:46:52 AM] TRAIN: Batch  100 | Speed: 1621.80 img/s | Loss: 0.3847
[INFO: 02/25/2026 01:46:59 AM] TRAIN: Batch  150 | Speed: 1657.57 img/s | Loss: 0.3527
[INFO: 02/25/2026 01:47:07 AM] TRAIN: Batch  200 | Speed: 1676.26 img/s | Loss: 0.3913
[INFO: 02/25/2026 01:47:14 AM] TRAIN: Batch  250 | Speed: 1687.57 img/s | Loss: 0.3462
[INFO: 02/25/2026 01:47:22 AM] TRAIN: Batch  300 | Speed: 1695.33 img/s | Loss: 0.3546
[INFO: 02/25/2026 01:47:29 AM] TRAIN: Batch  350 | Speed: 1700.95 img/s | Loss: 0.3178
[INFO: 02/25/2026 01:47:36 AM] TRAIN: Batch  400 | Speed: 1705.04 img/s | Loss: 0.4033
[INFO: 02/25/2026 01:47:44 AM] TRAIN: Batch  450 | Speed: 1708.32 img/s | Loss: 0.3389
[INFO: 02/25/2026 01:47:51 AM] TRAIN: Batch  500 | Speed: 1710.91 img/s | Loss: 0.3628
[INFO: 02/25/2026 01:47:58 AM] TRAIN: Batch  550 | Speed: 1712.99 img/s | Loss: 0.3893
[INFO: 02/25/2026 01:48:06 AM] TRAIN: Batch  600 | Speed: 1714.78 img/s | Loss: 0.3787
[INFO: 02/25/2026 01:48:13 AM] TRAIN: Batch  650 | Speed: 1716.42 img/s | Loss: 0.3741
[INFO: 02/25/2026 01:48:21 AM] TRAIN: Batch  700 | Speed: 1718.10 img/s | Loss: 0.4453
[INFO: 02/25/2026 01:48:28 AM] TRAIN: Batch  750 | Speed: 1719.51 img/s | Loss: 0.3679
[INFO: 02/25/2026 01:48:35 AM] TEST: Batch   10 | Speed: 2538.14 img/s | Loss: 0.3578
[INFO: 02/25/2026 01:48:36 AM] TEST: Batch   20 | Speed: 3312.96 img/s | Loss: 0.3054
[INFO: 02/25/2026 01:48:36 AM] TEST: Batch   30 | Speed: 3861.75 img/s | Loss: 0.3741
[INFO: 02/25/2026 01:48:37 AM] TEST: Batch   40 | Speed: 4153.83 img/s | Loss: 0.4260
[INFO: 02/25/2026 01:48:37 AM] TEST: Batch   50 | Speed: 4334.07 img/s | Loss: 0.3652
[INFO: 02/25/2026 01:48:38 AM] TEST: Batch   60 | Speed: 4532.99 img/s | Loss: 0.3461
[INFO: 02/25/2026 01:48:38 AM] TEST: Batch   70 | Speed: 4666.61 img/s | Loss: 0.4190
[INFO: 02/25/2026 01:48:38 AM] TEST: Batch   80 | Speed: 4750.39 img/s | Loss: 0.3951
[INFO: 02/25/2026 01:48:39 AM] TEST: Batch   90 | Speed: 4837.87 img/s | Loss: 0.3382
[INFO: 02/25/2026 01:48:39 AM] Epoch 19, Train Loss: 0.3842, Test Loss: 0.3612
[INFO: 02/25/2026 01:48:47 AM] TRAIN: Batch   50 | Speed: 1601.17 img/s | Loss: 0.3449
[INFO: 02/25/2026 01:48:55 AM] TRAIN: Batch  100 | Speed: 1664.21 img/s | Loss: 0.3334
[INFO: 02/25/2026 01:49:02 AM] TRAIN: Batch  150 | Speed: 1686.88 img/s | Loss: 0.3977
[INFO: 02/25/2026 01:49:10 AM] TRAIN: Batch  200 | Speed: 1698.62 img/s | Loss: 0.3805
[INFO: 02/25/2026 01:49:17 AM] TRAIN: Batch  250 | Speed: 1705.75 img/s | Loss: 0.4297
[INFO: 02/25/2026 01:49:24 AM] TRAIN: Batch  300 | Speed: 1710.50 img/s | Loss: 0.4409
[INFO: 02/25/2026 01:49:32 AM] TRAIN: Batch  350 | Speed: 1713.96 img/s | Loss: 0.3965
[INFO: 02/25/2026 01:49:39 AM] TRAIN: Batch  400 | Speed: 1716.56 img/s | Loss: 0.4002
[INFO: 02/25/2026 01:49:47 AM] TRAIN: Batch  450 | Speed: 1718.58 img/s | Loss: 0.4003
[INFO: 02/25/2026 01:49:54 AM] TRAIN: Batch  500 | Speed: 1720.18 img/s | Loss: 0.4069
[INFO: 02/25/2026 01:50:01 AM] TRAIN: Batch  550 | Speed: 1721.50 img/s | Loss: 0.3849
[INFO: 02/25/2026 01:50:09 AM] TRAIN: Batch  600 | Speed: 1722.62 img/s | Loss: 0.3761
[INFO: 02/25/2026 01:50:16 AM] TRAIN: Batch  650 | Speed: 1723.67 img/s | Loss: 0.3959
[INFO: 02/25/2026 01:50:23 AM] TRAIN: Batch  700 | Speed: 1724.84 img/s | Loss: 0.3922
[INFO: 02/25/2026 01:50:31 AM] TRAIN: Batch  750 | Speed: 1725.82 img/s | Loss: 0.3805
[INFO: 02/25/2026 01:50:38 AM] TEST: Batch   10 | Speed: 2693.90 img/s | Loss: 0.3195
[INFO: 02/25/2026 01:50:39 AM] TEST: Batch   20 | Speed: 3314.39 img/s | Loss: 0.3050
[INFO: 02/25/2026 01:50:39 AM] TEST: Batch   30 | Speed: 3778.29 img/s | Loss: 0.3770
[INFO: 02/25/2026 01:50:39 AM] TEST: Batch   40 | Speed: 4086.79 img/s | Loss: 0.4094
[INFO: 02/25/2026 01:50:40 AM] TEST: Batch   50 | Speed: 4278.87 img/s | Loss: 0.3458
[INFO: 02/25/2026 01:50:40 AM] TEST: Batch   60 | Speed: 4482.59 img/s | Loss: 0.3504
[INFO: 02/25/2026 01:50:41 AM] TEST: Batch   70 | Speed: 4629.96 img/s | Loss: 0.4280
[INFO: 02/25/2026 01:50:41 AM] TEST: Batch   80 | Speed: 4652.49 img/s | Loss: 0.3916
[INFO: 02/25/2026 01:50:42 AM] TEST: Batch   90 | Speed: 4731.98 img/s | Loss: 0.3295
[INFO: 02/25/2026 01:50:42 AM] Epoch 20, Train Loss: 0.3846, Test Loss: 0.3600
[INFO: 02/25/2026 01:50:50 AM] TRAIN: Batch   50 | Speed: 1608.02 img/s | Loss: 0.3931
[INFO: 02/25/2026 01:50:58 AM] TRAIN: Batch  100 | Speed: 1668.03 img/s | Loss: 0.3680
[INFO: 02/25/2026 01:51:05 AM] TRAIN: Batch  150 | Speed: 1689.57 img/s | Loss: 0.3913
[INFO: 02/25/2026 01:51:12 AM] TRAIN: Batch  200 | Speed: 1700.35 img/s | Loss: 0.3753
[INFO: 02/25/2026 01:51:20 AM] TRAIN: Batch  250 | Speed: 1707.08 img/s | Loss: 0.3243
[INFO: 02/25/2026 01:51:27 AM] TRAIN: Batch  300 | Speed: 1711.48 img/s | Loss: 0.3460
[INFO: 02/25/2026 01:51:35 AM] TRAIN: Batch  350 | Speed: 1714.70 img/s | Loss: 0.4108
[INFO: 02/25/2026 01:51:42 AM] TRAIN: Batch  400 | Speed: 1717.07 img/s | Loss: 0.4197
[INFO: 02/25/2026 01:51:49 AM] TRAIN: Batch  450 | Speed: 1718.94 img/s | Loss: 0.3464
[INFO: 02/25/2026 01:51:57 AM] TRAIN: Batch  500 | Speed: 1720.47 img/s | Loss: 0.3437
[INFO: 02/25/2026 01:52:04 AM] TRAIN: Batch  550 | Speed: 1721.70 img/s | Loss: 0.3636
[INFO: 02/25/2026 01:52:12 AM] TRAIN: Batch  600 | Speed: 1722.73 img/s | Loss: 0.4065
[INFO: 02/25/2026 01:52:19 AM] TRAIN: Batch  650 | Speed: 1723.74 img/s | Loss: 0.4050
[INFO: 02/25/2026 01:52:26 AM] TRAIN: Batch  700 | Speed: 1724.78 img/s | Loss: 0.3626
[INFO: 02/25/2026 01:52:34 AM] TRAIN: Batch  750 | Speed: 1725.74 img/s | Loss: 0.3708
[INFO: 02/25/2026 01:52:41 AM] TEST: Batch   10 | Speed: 2685.42 img/s | Loss: 0.3284
[INFO: 02/25/2026 01:52:41 AM] TEST: Batch   20 | Speed: 3189.90 img/s | Loss: 0.3127
[INFO: 02/25/2026 01:52:42 AM] TEST: Batch   30 | Speed: 3679.88 img/s | Loss: 0.3599
[INFO: 02/25/2026 01:52:42 AM] TEST: Batch   40 | Speed: 4007.35 img/s | Loss: 0.4011
[INFO: 02/25/2026 01:52:43 AM] TEST: Batch   50 | Speed: 4193.87 img/s | Loss: 0.3467
[INFO: 02/25/2026 01:52:43 AM] TEST: Batch   60 | Speed: 4402.17 img/s | Loss: 0.3405
[INFO: 02/25/2026 01:52:44 AM] TEST: Batch   70 | Speed: 4563.17 img/s | Loss: 0.4204
[INFO: 02/25/2026 01:52:44 AM] TEST: Batch   80 | Speed: 4645.68 img/s | Loss: 0.3993
[INFO: 02/25/2026 01:52:45 AM] TEST: Batch   90 | Speed: 4762.54 img/s | Loss: 0.3364
[INFO: 02/25/2026 01:52:45 AM] Epoch 21, Train Loss: 0.3835, Test Loss: 0.3584
[INFO: 02/25/2026 01:52:53 AM] TRAIN: Batch   50 | Speed: 1642.70 img/s | Loss: 0.3825
[INFO: 02/25/2026 01:53:00 AM] TRAIN: Batch  100 | Speed: 1686.49 img/s | Loss: 0.3489
[INFO: 02/25/2026 01:53:08 AM] TRAIN: Batch  150 | Speed: 1702.03 img/s | Loss: 0.3446
[INFO: 02/25/2026 01:53:15 AM] TRAIN: Batch  200 | Speed: 1710.04 img/s | Loss: 0.3625
[INFO: 02/25/2026 01:53:23 AM] TRAIN: Batch  250 | Speed: 1714.83 img/s | Loss: 0.3955
[INFO: 02/25/2026 01:53:30 AM] TRAIN: Batch  300 | Speed: 1717.97 img/s | Loss: 0.4480
[INFO: 02/25/2026 01:53:37 AM] TRAIN: Batch  350 | Speed: 1720.21 img/s | Loss: 0.3915
[INFO: 02/25/2026 01:53:45 AM] TRAIN: Batch  400 | Speed: 1722.00 img/s | Loss: 0.4190
[INFO: 02/25/2026 01:53:52 AM] TRAIN: Batch  450 | Speed: 1723.37 img/s | Loss: 0.4243
[INFO: 02/25/2026 01:53:59 AM] TRAIN: Batch  500 | Speed: 1724.46 img/s | Loss: 0.4418
[INFO: 02/25/2026 01:54:07 AM] TRAIN: Batch  550 | Speed: 1725.33 img/s | Loss: 0.4142
[INFO: 02/25/2026 01:54:14 AM] TRAIN: Batch  600 | Speed: 1726.07 img/s | Loss: 0.3726
[INFO: 02/25/2026 01:54:22 AM] TRAIN: Batch  650 | Speed: 1726.83 img/s | Loss: 0.3355
[INFO: 02/25/2026 01:54:29 AM] TRAIN: Batch  700 | Speed: 1727.65 img/s | Loss: 0.3539
[INFO: 02/25/2026 01:54:36 AM] TRAIN: Batch  750 | Speed: 1728.44 img/s | Loss: 0.3797
[INFO: 02/25/2026 01:54:44 AM] TEST: Batch   10 | Speed: 2733.62 img/s | Loss: 0.3214
[INFO: 02/25/2026 01:54:44 AM] TEST: Batch   20 | Speed: 3297.96 img/s | Loss: 0.3199
[INFO: 02/25/2026 01:54:45 AM] TEST: Batch   30 | Speed: 3614.98 img/s | Loss: 0.3539
[INFO: 02/25/2026 01:54:45 AM] TEST: Batch   40 | Speed: 3843.19 img/s | Loss: 0.3927
[INFO: 02/25/2026 01:54:46 AM] TEST: Batch   50 | Speed: 4019.90 img/s | Loss: 0.3444
[INFO: 02/25/2026 01:54:46 AM] TEST: Batch   60 | Speed: 4165.55 img/s | Loss: 0.3468
[INFO: 02/25/2026 01:54:47 AM] TEST: Batch   70 | Speed: 4223.23 img/s | Loss: 0.4106
[INFO: 02/25/2026 01:54:47 AM] TEST: Batch   80 | Speed: 4327.46 img/s | Loss: 0.3909
[INFO: 02/25/2026 01:54:48 AM] TEST: Batch   90 | Speed: 4402.45 img/s | Loss: 0.3168
[INFO: 02/25/2026 01:54:48 AM] Epoch 22, Train Loss: 0.3826, Test Loss: 0.3588
[INFO: 02/25/2026 01:54:56 AM] TRAIN: Batch   50 | Speed: 1595.06 img/s | Loss: 0.3870
[INFO: 02/25/2026 01:55:04 AM] TRAIN: Batch  100 | Speed: 1661.40 img/s | Loss: 0.4002
[INFO: 02/25/2026 01:55:11 AM] TRAIN: Batch  150 | Speed: 1685.11 img/s | Loss: 0.4022
[INFO: 02/25/2026 01:55:18 AM] TRAIN: Batch  200 | Speed: 1697.41 img/s | Loss: 0.3897
[INFO: 02/25/2026 01:55:26 AM] TRAIN: Batch  250 | Speed: 1704.73 img/s | Loss: 0.3765
[INFO: 02/25/2026 01:55:33 AM] TRAIN: Batch  300 | Speed: 1709.73 img/s | Loss: 0.3748
[INFO: 02/25/2026 01:55:41 AM] TRAIN: Batch  350 | Speed: 1713.32 img/s | Loss: 0.3874
[INFO: 02/25/2026 01:55:48 AM] TRAIN: Batch  400 | Speed: 1716.00 img/s | Loss: 0.3999
[INFO: 02/25/2026 01:55:55 AM] TRAIN: Batch  450 | Speed: 1718.18 img/s | Loss: 0.3927
[INFO: 02/25/2026 01:56:03 AM] TRAIN: Batch  500 | Speed: 1719.82 img/s | Loss: 0.3595
[INFO: 02/25/2026 01:56:10 AM] TRAIN: Batch  550 | Speed: 1721.22 img/s | Loss: 0.3873
[INFO: 02/25/2026 01:56:17 AM] TRAIN: Batch  600 | Speed: 1722.34 img/s | Loss: 0.3957
[INFO: 02/25/2026 01:56:25 AM] TRAIN: Batch  650 | Speed: 1723.46 img/s | Loss: 0.4122
[INFO: 02/25/2026 01:56:32 AM] TRAIN: Batch  700 | Speed: 1724.65 img/s | Loss: 0.3674
[INFO: 02/25/2026 01:56:40 AM] TRAIN: Batch  750 | Speed: 1725.61 img/s | Loss: 0.3492
[INFO: 02/25/2026 01:56:47 AM] TEST: Batch   10 | Speed: 2306.57 img/s | Loss: 0.3320
[INFO: 02/25/2026 01:56:47 AM] TEST: Batch   20 | Speed: 3126.96 img/s | Loss: 0.3095
[INFO: 02/25/2026 01:56:48 AM] TEST: Batch   30 | Speed: 3608.92 img/s | Loss: 0.3604
[INFO: 02/25/2026 01:56:48 AM] TEST: Batch   40 | Speed: 3988.55 img/s | Loss: 0.4031
[INFO: 02/25/2026 01:56:49 AM] TEST: Batch   50 | Speed: 4249.45 img/s | Loss: 0.3284
[INFO: 02/25/2026 01:56:49 AM] TEST: Batch   60 | Speed: 4415.49 img/s | Loss: 0.3406
[INFO: 02/25/2026 01:56:50 AM] TEST: Batch   70 | Speed: 4579.75 img/s | Loss: 0.3985
[INFO: 02/25/2026 01:56:50 AM] TEST: Batch   80 | Speed: 4700.98 img/s | Loss: 0.3814
[INFO: 02/25/2026 01:56:51 AM] TEST: Batch   90 | Speed: 4712.10 img/s | Loss: 0.3353
[INFO: 02/25/2026 01:56:51 AM] Saving checkpoint at epoch min_23 in: experiments/exp_RNO_four_late_non_linear_merge_b-256_tr-793_lfn-MSELoss_opt-Adam_wdcay-0.001_hiddenu-32_lr-0.001_leak-0.1_tempRes-256_dpout-0.3_debug/checkpoints/checkpoint_emin_23.pth
[INFO: 02/25/2026 01:56:52 AM] Removed previous best checkpoint: checkpoint_emin_17.pth
[INFO: 02/25/2026 01:56:52 AM] Epoch 23, Train Loss: 0.3840, Test Loss: 0.3564
[INFO: 02/25/2026 01:57:01 AM] TRAIN: Batch   50 | Speed: 1544.35 img/s | Loss: 0.3342
[INFO: 02/25/2026 01:57:08 AM] TRAIN: Batch  100 | Speed: 1633.14 img/s | Loss: 0.4553
[INFO: 02/25/2026 01:57:16 AM] TRAIN: Batch  150 | Speed: 1665.36 img/s | Loss: 0.4282
[INFO: 02/25/2026 01:57:23 AM] TRAIN: Batch  200 | Speed: 1682.17 img/s | Loss: 0.3742
[INFO: 02/25/2026 01:57:30 AM] TRAIN: Batch  250 | Speed: 1692.40 img/s | Loss: 0.3253
[INFO: 02/25/2026 01:57:38 AM] TRAIN: Batch  300 | Speed: 1699.33 img/s | Loss: 0.3658
[INFO: 02/25/2026 01:57:45 AM] TRAIN: Batch  350 | Speed: 1704.38 img/s | Loss: 0.3741
[INFO: 02/25/2026 01:57:53 AM] TRAIN: Batch  400 | Speed: 1708.13 img/s | Loss: 0.3974
[INFO: 02/25/2026 01:58:00 AM] TRAIN: Batch  450 | Speed: 1711.08 img/s | Loss: 0.3654
[INFO: 02/25/2026 01:58:07 AM] TRAIN: Batch  500 | Speed: 1713.44 img/s | Loss: 0.3514
[INFO: 02/25/2026 01:58:15 AM] TRAIN: Batch  550 | Speed: 1715.35 img/s | Loss: 0.3566
[INFO: 02/25/2026 01:58:22 AM] TRAIN: Batch  600 | Speed: 1716.85 img/s | Loss: 0.4013
[INFO: 02/25/2026 01:58:29 AM] TRAIN: Batch  650 | Speed: 1718.29 img/s | Loss: 0.4091
[INFO: 02/25/2026 01:58:37 AM] TRAIN: Batch  700 | Speed: 1719.81 img/s | Loss: 0.3207
[INFO: 02/25/2026 01:58:44 AM] TRAIN: Batch  750 | Speed: 1721.06 img/s | Loss: 0.3820
[INFO: 02/25/2026 01:58:51 AM] TEST: Batch   10 | Speed: 2672.17 img/s | Loss: 0.3318
[INFO: 02/25/2026 01:58:52 AM] TEST: Batch   20 | Speed: 3209.64 img/s | Loss: 0.2982
[INFO: 02/25/2026 01:58:53 AM] TEST: Batch   30 | Speed: 3689.18 img/s | Loss: 0.3575
[INFO: 02/25/2026 01:58:53 AM] TEST: Batch   40 | Speed: 3977.22 img/s | Loss: 0.4147
[INFO: 02/25/2026 01:58:53 AM] TEST: Batch   50 | Speed: 4237.95 img/s | Loss: 0.3464
[INFO: 02/25/2026 01:58:54 AM] TEST: Batch   60 | Speed: 4445.00 img/s | Loss: 0.3370
[INFO: 02/25/2026 01:58:54 AM] TEST: Batch   70 | Speed: 4533.82 img/s | Loss: 0.3977
[INFO: 02/25/2026 01:58:55 AM] TEST: Batch   80 | Speed: 4615.98 img/s | Loss: 0.3819
[INFO: 02/25/2026 01:58:55 AM] TEST: Batch   90 | Speed: 4620.96 img/s | Loss: 0.3393
[INFO: 02/25/2026 01:58:56 AM] Saving checkpoint at epoch min_24 in: experiments/exp_RNO_four_late_non_linear_merge_b-256_tr-793_lfn-MSELoss_opt-Adam_wdcay-0.001_hiddenu-32_lr-0.001_leak-0.1_tempRes-256_dpout-0.3_debug/checkpoints/checkpoint_emin_24.pth
[INFO: 02/25/2026 01:58:57 AM] Removed previous best checkpoint: checkpoint_emin_23.pth
[INFO: 02/25/2026 01:58:57 AM] Epoch 24, Train Loss: 0.3820, Test Loss: 0.3517
[INFO: 02/25/2026 01:59:05 AM] TRAIN: Batch   50 | Speed: 1624.79 img/s | Loss: 0.3955
[INFO: 02/25/2026 01:59:13 AM] TRAIN: Batch  100 | Speed: 1677.26 img/s | Loss: 0.3812
[INFO: 02/25/2026 01:59:20 AM] TRAIN: Batch  150 | Speed: 1695.70 img/s | Loss: 0.3857
[INFO: 02/25/2026 01:59:28 AM] TRAIN: Batch  200 | Speed: 1705.16 img/s | Loss: 0.3585
[INFO: 02/25/2026 01:59:35 AM] TRAIN: Batch  250 | Speed: 1710.82 img/s | Loss: 0.3990
[INFO: 02/25/2026 01:59:42 AM] TRAIN: Batch  300 | Speed: 1714.68 img/s | Loss: 0.3975
[INFO: 02/25/2026 01:59:50 AM] TRAIN: Batch  350 | Speed: 1717.50 img/s | Loss: 0.3282
[INFO: 02/25/2026 01:59:57 AM] TRAIN: Batch  400 | Speed: 1719.57 img/s | Loss: 0.3572
[INFO: 02/25/2026 02:00:04 AM] TRAIN: Batch  450 | Speed: 1721.26 img/s | Loss: 0.4062
[INFO: 02/25/2026 02:00:12 AM] TRAIN: Batch  500 | Speed: 1722.55 img/s | Loss: 0.3993
[INFO: 02/25/2026 02:00:19 AM] TRAIN: Batch  550 | Speed: 1723.65 img/s | Loss: 0.3855
[INFO: 02/25/2026 02:00:27 AM] TRAIN: Batch  600 | Speed: 1724.55 img/s | Loss: 0.4099
[INFO: 02/25/2026 02:00:34 AM] TRAIN: Batch  650 | Speed: 1725.45 img/s | Loss: 0.3860
[INFO: 02/25/2026 02:00:41 AM] TRAIN: Batch  700 | Speed: 1726.46 img/s | Loss: 0.3712
[INFO: 02/25/2026 02:00:49 AM] TRAIN: Batch  750 | Speed: 1727.28 img/s | Loss: 0.3861
[INFO: 02/25/2026 02:00:56 AM] TEST: Batch   10 | Speed: 2686.27 img/s | Loss: 0.3249
[INFO: 02/25/2026 02:00:57 AM] TEST: Batch   20 | Speed: 3159.17 img/s | Loss: 0.3038
[INFO: 02/25/2026 02:00:57 AM] TEST: Batch   30 | Speed: 3650.02 img/s | Loss: 0.3649
[INFO: 02/25/2026 02:00:57 AM] TEST: Batch   40 | Speed: 3970.84 img/s | Loss: 0.4086
[INFO: 02/25/2026 02:00:58 AM] TEST: Batch   50 | Speed: 4165.84 img/s | Loss: 0.3298
[INFO: 02/25/2026 02:00:58 AM] TEST: Batch   60 | Speed: 4378.33 img/s | Loss: 0.3371
[INFO: 02/25/2026 02:00:59 AM] TEST: Batch   70 | Speed: 4545.96 img/s | Loss: 0.4126
[INFO: 02/25/2026 02:00:59 AM] TEST: Batch   80 | Speed: 4684.44 img/s | Loss: 0.3900
[INFO: 02/25/2026 02:01:00 AM] TEST: Batch   90 | Speed: 4778.37 img/s | Loss: 0.3286
[INFO: 02/25/2026 02:01:00 AM] Saving checkpoint at epoch min_25 in: experiments/exp_RNO_four_late_non_linear_merge_b-256_tr-793_lfn-MSELoss_opt-Adam_wdcay-0.001_hiddenu-32_lr-0.001_leak-0.1_tempRes-256_dpout-0.3_debug/checkpoints/checkpoint_emin_25.pth
[INFO: 02/25/2026 02:01:01 AM] Removed previous best checkpoint: checkpoint_emin_24.pth
[INFO: 02/25/2026 02:01:01 AM] Epoch 25, Train Loss: 0.3814, Test Loss: 0.3506
[INFO: 02/25/2026 02:01:09 AM] TRAIN: Batch   50 | Speed: 1574.23 img/s | Loss: 0.4166
[INFO: 02/25/2026 02:01:17 AM] TRAIN: Batch  100 | Speed: 1649.77 img/s | Loss: 0.3810
[INFO: 02/25/2026 02:01:24 AM] TRAIN: Batch  150 | Speed: 1677.00 img/s | Loss: 0.3773
[INFO: 02/25/2026 02:01:32 AM] TRAIN: Batch  200 | Speed: 1691.07 img/s | Loss: 0.4304
[INFO: 02/25/2026 02:01:39 AM] TRAIN: Batch  250 | Speed: 1699.68 img/s | Loss: 0.3910
[INFO: 02/25/2026 02:01:46 AM] TRAIN: Batch  300 | Speed: 1705.35 img/s | Loss: 0.4020
[INFO: 02/25/2026 02:01:54 AM] TRAIN: Batch  350 | Speed: 1709.50 img/s | Loss: 0.4210
[INFO: 02/25/2026 02:02:01 AM] TRAIN: Batch  400 | Speed: 1712.60 img/s | Loss: 0.3467
[INFO: 02/25/2026 02:02:02 AM] Saving checkpoint at epoch 25 in: experiments/exp_RNO_four_late_non_linear_merge_b-256_tr-793_lfn-MSELoss_opt-Adam_wdcay-0.001_hiddenu-32_lr-0.001_leak-0.1_tempRes-256_dpout-0.3_debug/checkpoints/checkpoint_e25.pth
[INFO: 02/25/2026 02:02:04 AM] Code exited on epoch: 25 and a checkpoint was created in experiments/exp_RNO_four_late_non_linear_merge_b-256_tr-793_lfn-MSELoss_opt-Adam_wdcay-0.001_hiddenu-32_lr-0.001_leak-0.1_tempRes-256_dpout-0.3_debug/checkpoints
