[INFO: 02/24/2026 04:40:25 AM] Starting experiment: exp_RNO_four_late_non_linear_merge_bn256_tr794_te100_lfn-MSELoss_opt-Adam_hiddenu-32_lr-0.001_lFactor-0.1_cartesian_transform-True_temporalRes-64_wkrs-pers16_preftch-64_chunk-opt_hdf5-nolock
[INFO: 02/24/2026 04:40:25 AM] Device: cuda:1
[INFO: 02/24/2026 04:40:25 AM] PyTorch version: 2.8.0+cu128
[INFO: 02/24/2026 04:40:25 AM] Model: RNO_four_late_non_linear_merge
[INFO: 02/24/2026 04:40:25 AM] Optimizer: Adam
[INFO: 02/24/2026 04:40:25 AM] Loss function: MSELoss
[INFO: 02/24/2026 04:40:30 AM] Saving checkpoint at epoch 0 in: experiments/exp_RNO_four_late_non_linear_merge_bn256_tr794_te100_lfn-MSELoss_opt-Adam_hiddenu-32_lr-0.001_lFactor-0.1_cartesian_transform-True_temporalRes-64_wkrs-pers16_preftch-64_chunk-opt_hdf5-nolock/checkpoints/checkpoint_e0.pth
[INFO: 02/24/2026 04:40:51 AM] TRAIN: Step 0 | Rolling Avg Speed: 14.76 img/s
[INFO: 02/24/2026 04:40:52 AM] TRAIN: Step 10 | Rolling Avg Speed: 148.18 img/s
[INFO: 02/24/2026 04:40:54 AM] TRAIN: Step 20 | Rolling Avg Speed: 261.26 img/s
[INFO: 02/24/2026 04:40:55 AM] TRAIN: Step 30 | Rolling Avg Speed: 358.19 img/s
[INFO: 02/24/2026 04:40:57 AM] TRAIN: Step 40 | Rolling Avg Speed: 442.31 img/s
[INFO: 02/24/2026 04:40:58 AM] TRAIN: Step 50 | Rolling Avg Speed: 516.03 img/s
[INFO: 02/24/2026 04:41:00 AM] TRAIN: Step 60 | Rolling Avg Speed: 581.16 img/s
[INFO: 02/24/2026 04:41:02 AM] TRAIN: Step 70 | Rolling Avg Speed: 639.08 img/s
[INFO: 02/24/2026 04:41:03 AM] TRAIN: Step 80 | Rolling Avg Speed: 690.94 img/s
[INFO: 02/24/2026 04:41:05 AM] TRAIN: Step 90 | Rolling Avg Speed: 737.63 img/s
[INFO: 02/24/2026 04:41:09 AM] TRAIN: Step 100 | Rolling Avg Speed: 729.64 img/s
[INFO: 02/24/2026 04:41:10 AM] TRAIN: Step 110 | Rolling Avg Speed: 767.97 img/s
[INFO: 02/24/2026 04:41:14 AM] TRAIN: Step 120 | Rolling Avg Speed: 753.65 img/s
[INFO: 02/24/2026 04:41:17 AM] TRAIN: Step 130 | Rolling Avg Speed: 759.94 img/s
[INFO: 02/24/2026 04:41:21 AM] TRAIN: Step 140 | Rolling Avg Speed: 762.18 img/s
[INFO: 02/24/2026 04:41:25 AM] TRAIN: Step 150 | Rolling Avg Speed: 752.34 img/s
[INFO: 02/24/2026 04:41:26 AM] TRAIN: Step 160 | Rolling Avg Speed: 778.50 img/s
[INFO: 02/24/2026 04:41:30 AM] TRAIN: Step 170 | Rolling Avg Speed: 767.61 img/s
[INFO: 02/24/2026 04:41:34 AM] TRAIN: Step 180 | Rolling Avg Speed: 755.93 img/s
[INFO: 02/24/2026 04:41:36 AM] TRAIN: Step 190 | Rolling Avg Speed: 777.86 img/s
[INFO: 02/24/2026 04:41:41 AM] TRAIN: Step 200 | Rolling Avg Speed: 754.52 img/s
[INFO: 02/24/2026 04:41:43 AM] TRAIN: Step 210 | Rolling Avg Speed: 774.33 img/s
[INFO: 02/24/2026 04:41:47 AM] TRAIN: Step 220 | Rolling Avg Speed: 769.96 img/s
[INFO: 02/24/2026 04:41:50 AM] TRAIN: Step 230 | Rolling Avg Speed: 768.44 img/s
[INFO: 02/24/2026 04:41:52 AM] TRAIN: Step 240 | Rolling Avg Speed: 785.74 img/s
[INFO: 02/24/2026 04:41:56 AM] TRAIN: Step 250 | Rolling Avg Speed: 773.39 img/s
[INFO: 02/24/2026 04:42:00 AM] TRAIN: Step 260 | Rolling Avg Speed: 767.81 img/s
[INFO: 02/24/2026 04:42:02 AM] TRAIN: Step 270 | Rolling Avg Speed: 783.17 img/s
[INFO: 02/24/2026 04:42:06 AM] TRAIN: Step 280 | Rolling Avg Speed: 777.18 img/s
[INFO: 02/24/2026 04:42:07 AM] TRAIN: Step 290 | Rolling Avg Speed: 791.46 img/s
[INFO: 02/24/2026 04:42:12 AM] TRAIN: Step 300 | Rolling Avg Speed: 779.79 img/s
[INFO: 02/24/2026 04:42:16 AM] TRAIN: Step 310 | Rolling Avg Speed: 775.46 img/s
[INFO: 02/24/2026 04:42:17 AM] TRAIN: Step 320 | Rolling Avg Speed: 788.40 img/s
[INFO: 02/24/2026 04:42:21 AM] TRAIN: Step 330 | Rolling Avg Speed: 787.75 img/s
[INFO: 02/24/2026 04:42:25 AM] TRAIN: Step 340 | Rolling Avg Speed: 781.00 img/s
[INFO: 02/24/2026 04:42:27 AM] TRAIN: Step 350 | Rolling Avg Speed: 792.81 img/s
[INFO: 02/24/2026 04:42:30 AM] TRAIN: Step 360 | Rolling Avg Speed: 791.32 img/s
[INFO: 02/24/2026 04:42:32 AM] TRAIN: Step 370 | Rolling Avg Speed: 802.50 img/s
[INFO: 02/24/2026 04:42:36 AM] TRAIN: Step 380 | Rolling Avg Speed: 793.02 img/s
[INFO: 02/24/2026 04:42:41 AM] TRAIN: Step 390 | Rolling Avg Speed: 784.96 img/s
[INFO: 02/24/2026 04:42:42 AM] TRAIN: Step 400 | Rolling Avg Speed: 795.29 img/s
[INFO: 02/24/2026 04:42:46 AM] TRAIN: Step 410 | Rolling Avg Speed: 794.05 img/s
[INFO: 02/24/2026 04:42:50 AM] TRAIN: Step 420 | Rolling Avg Speed: 786.61 img/s
[INFO: 02/24/2026 04:42:52 AM] TRAIN: Step 430 | Rolling Avg Speed: 796.22 img/s
[INFO: 02/24/2026 04:42:56 AM] TRAIN: Step 440 | Rolling Avg Speed: 791.48 img/s
[INFO: 02/24/2026 04:42:57 AM] TRAIN: Step 450 | Rolling Avg Speed: 800.65 img/s
[INFO: 02/24/2026 04:43:02 AM] TRAIN: Step 460 | Rolling Avg Speed: 794.46 img/s
[INFO: 02/24/2026 04:43:06 AM] TRAIN: Step 470 | Rolling Avg Speed: 791.41 img/s
[INFO: 02/24/2026 04:43:07 AM] TRAIN: Step 480 | Rolling Avg Speed: 800.01 img/s
[INFO: 02/24/2026 04:43:12 AM] TRAIN: Step 490 | Rolling Avg Speed: 791.04 img/s
[INFO: 02/24/2026 04:43:17 AM] TRAIN: Step 500 | Rolling Avg Speed: 785.16 img/s
[INFO: 02/24/2026 04:43:18 AM] TRAIN: Step 510 | Rolling Avg Speed: 793.24 img/s
[INFO: 02/24/2026 04:43:23 AM] TRAIN: Step 520 | Rolling Avg Speed: 784.07 img/s
[INFO: 02/24/2026 04:43:25 AM] TRAIN: Step 530 | Rolling Avg Speed: 791.85 img/s
[INFO: 02/24/2026 04:43:30 AM] TRAIN: Step 540 | Rolling Avg Speed: 783.15 img/s
[INFO: 02/24/2026 04:43:35 AM] TRAIN: Step 550 | Rolling Avg Speed: 775.47 img/s
[INFO: 02/24/2026 04:43:37 AM] TRAIN: Step 560 | Rolling Avg Speed: 782.81 img/s
[INFO: 02/24/2026 04:43:41 AM] TRAIN: Step 570 | Rolling Avg Speed: 776.54 img/s
[INFO: 02/24/2026 04:43:46 AM] TRAIN: Step 580 | Rolling Avg Speed: 770.58 img/s
[INFO: 02/24/2026 04:43:48 AM] TRAIN: Step 590 | Rolling Avg Speed: 777.55 img/s
[INFO: 02/24/2026 04:43:53 AM] TRAIN: Step 600 | Rolling Avg Speed: 770.86 img/s
[INFO: 02/24/2026 04:43:54 AM] TRAIN: Step 610 | Rolling Avg Speed: 777.59 img/s
[INFO: 02/24/2026 04:43:59 AM] TRAIN: Step 620 | Rolling Avg Speed: 770.77 img/s
[INFO: 02/24/2026 04:44:05 AM] TRAIN: Step 630 | Rolling Avg Speed: 761.26 img/s
[INFO: 02/24/2026 04:44:07 AM] TRAIN: Step 640 | Rolling Avg Speed: 767.67 img/s
[INFO: 02/24/2026 04:44:13 AM] TRAIN: Step 650 | Rolling Avg Speed: 759.62 img/s
[INFO: 02/24/2026 04:44:18 AM] TRAIN: Step 660 | Rolling Avg Speed: 753.53 img/s
[INFO: 02/24/2026 04:44:19 AM] TRAIN: Step 670 | Rolling Avg Speed: 759.65 img/s
[INFO: 02/24/2026 04:44:25 AM] TRAIN: Step 680 | Rolling Avg Speed: 751.76 img/s
[INFO: 02/24/2026 04:44:27 AM] TRAIN: Step 690 | Rolling Avg Speed: 757.69 img/s
[INFO: 02/24/2026 04:44:31 AM] TRAIN: Step 700 | Rolling Avg Speed: 754.00 img/s
[INFO: 02/24/2026 04:44:37 AM] TRAIN: Step 710 | Rolling Avg Speed: 746.73 img/s
[INFO: 02/24/2026 04:44:38 AM] TRAIN: Step 720 | Rolling Avg Speed: 752.40 img/s
[INFO: 02/24/2026 04:44:43 AM] TRAIN: Step 730 | Rolling Avg Speed: 748.28 img/s
[INFO: 02/24/2026 04:44:48 AM] TRAIN: Step 740 | Rolling Avg Speed: 743.64 img/s
[INFO: 02/24/2026 04:44:50 AM] TRAIN: Step 750 | Rolling Avg Speed: 749.07 img/s
[INFO: 02/24/2026 04:44:54 AM] TRAIN: Step 760 | Rolling Avg Speed: 747.99 img/s
[INFO: 02/24/2026 04:44:55 AM] TRAIN: Step 770 | Rolling Avg Speed: 753.29 img/s
[INFO: 02/24/2026 04:44:57 AM] TRAIN: Step 780 | Rolling Avg Speed: 756.45 img/s
[INFO: 02/24/2026 04:44:59 AM] TRAIN: Step 790 | Rolling Avg Speed: 761.15 img/s
[INFO: 02/24/2026 04:45:09 AM] TEST: Step 0 | Rolling Avg Speed: 85.96 img/s
[INFO: 02/24/2026 04:45:10 AM] TEST: Step 10 | Rolling Avg Speed: 734.37 img/s
[INFO: 02/24/2026 04:45:14 AM] TEST: Step 20 | Rolling Avg Speed: 667.57 img/s
[INFO: 02/24/2026 04:45:16 AM] TEST: Step 30 | Rolling Avg Speed: 766.50 img/s
[INFO: 02/24/2026 04:45:18 AM] TEST: Step 40 | Rolling Avg Speed: 910.36 img/s
[INFO: 02/24/2026 04:45:18 AM] TEST: Step 50 | Rolling Avg Speed: 1084.47 img/s
[INFO: 02/24/2026 04:45:19 AM] TEST: Step 60 | Rolling Avg Speed: 1234.40 img/s
[INFO: 02/24/2026 04:45:19 AM] TEST: Step 70 | Rolling Avg Speed: 1370.75 img/s
[INFO: 02/24/2026 04:45:20 AM] TEST: Step 80 | Rolling Avg Speed: 1489.03 img/s
[INFO: 02/24/2026 04:45:21 AM] TEST: Step 90 | Rolling Avg Speed: 1598.60 img/s
[INFO: 02/24/2026 04:45:23 AM] Saving checkpoint at epoch min_0 in: experiments/exp_RNO_four_late_non_linear_merge_bn256_tr794_te100_lfn-MSELoss_opt-Adam_hiddenu-32_lr-0.001_lFactor-0.1_cartesian_transform-True_temporalRes-64_wkrs-pers16_preftch-64_chunk-opt_hdf5-nolock/checkpoints/checkpoint_emin_0.pth
[INFO: 02/24/2026 04:45:44 AM] Epoch 0, Train Loss: 0.5226, Test Loss: 0.7597
[INFO: 02/24/2026 04:45:47 AM] TRAIN: Step 0 | Rolling Avg Speed: 77.95 img/s
[INFO: 02/24/2026 04:45:49 AM] TRAIN: Step 10 | Rolling Avg Speed: 550.63 img/s
[INFO: 02/24/2026 04:45:51 AM] TRAIN: Step 20 | Rolling Avg Speed: 764.48 img/s
[INFO: 02/24/2026 04:45:52 AM] TRAIN: Step 30 | Rolling Avg Speed: 920.24 img/s
[INFO: 02/24/2026 04:45:54 AM] TRAIN: Step 40 | Rolling Avg Speed: 1020.02 img/s
[INFO: 02/24/2026 04:45:56 AM] TRAIN: Step 50 | Rolling Avg Speed: 1074.64 img/s
[INFO: 02/24/2026 04:45:58 AM] TRAIN: Step 60 | Rolling Avg Speed: 1136.37 img/s
[INFO: 02/24/2026 04:46:00 AM] TRAIN: Step 70 | Rolling Avg Speed: 1142.74 img/s
[INFO: 02/24/2026 04:46:01 AM] TRAIN: Step 80 | Rolling Avg Speed: 1185.06 img/s
[INFO: 02/24/2026 04:46:03 AM] TRAIN: Step 90 | Rolling Avg Speed: 1215.33 img/s
[INFO: 02/24/2026 04:46:05 AM] TRAIN: Step 100 | Rolling Avg Speed: 1212.31 img/s
[INFO: 02/24/2026 04:46:07 AM] TRAIN: Step 110 | Rolling Avg Speed: 1239.76 img/s
[INFO: 02/24/2026 04:46:08 AM] TRAIN: Step 120 | Rolling Avg Speed: 1263.66 img/s
[INFO: 02/24/2026 04:46:10 AM] TRAIN: Step 130 | Rolling Avg Speed: 1284.66 img/s
[INFO: 02/24/2026 04:46:12 AM] TRAIN: Step 140 | Rolling Avg Speed: 1274.97 img/s
[INFO: 02/24/2026 04:46:14 AM] TRAIN: Step 150 | Rolling Avg Speed: 1272.18 img/s
[INFO: 02/24/2026 04:46:16 AM] TRAIN: Step 160 | Rolling Avg Speed: 1288.85 img/s
[INFO: 02/24/2026 04:46:18 AM] TRAIN: Step 170 | Rolling Avg Speed: 1292.47 img/s
[INFO: 02/24/2026 04:46:19 AM] TRAIN: Step 180 | Rolling Avg Speed: 1306.61 img/s
[INFO: 02/24/2026 04:46:21 AM] TRAIN: Step 190 | Rolling Avg Speed: 1319.53 img/s
[INFO: 02/24/2026 04:46:23 AM] TRAIN: Step 200 | Rolling Avg Speed: 1331.38 img/s
[INFO: 02/24/2026 04:46:24 AM] TRAIN: Step 210 | Rolling Avg Speed: 1342.31 img/s
[INFO: 02/24/2026 04:46:26 AM] TRAIN: Step 220 | Rolling Avg Speed: 1342.45 img/s
[INFO: 02/24/2026 04:46:28 AM] TRAIN: Step 230 | Rolling Avg Speed: 1346.04 img/s
[INFO: 02/24/2026 04:46:29 AM] TRAIN: Step 240 | Rolling Avg Speed: 1355.20 img/s
[INFO: 02/24/2026 04:46:32 AM] TRAIN: Step 250 | Rolling Avg Speed: 1345.78 img/s
[INFO: 02/24/2026 04:46:33 AM] TRAIN: Step 260 | Rolling Avg Speed: 1346.06 img/s
[INFO: 02/24/2026 04:46:35 AM] TRAIN: Step 270 | Rolling Avg Speed: 1354.19 img/s
[INFO: 02/24/2026 04:46:37 AM] TRAIN: Step 280 | Rolling Avg Speed: 1344.29 img/s
[INFO: 02/24/2026 04:46:39 AM] TRAIN: Step 290 | Rolling Avg Speed: 1351.89 img/s
[INFO: 02/24/2026 04:46:41 AM] TRAIN: Step 300 | Rolling Avg Speed: 1347.95 img/s
[INFO: 02/24/2026 04:46:43 AM] TRAIN: Step 310 | Rolling Avg Speed: 1355.00 img/s
[INFO: 02/24/2026 04:46:44 AM] TRAIN: Step 320 | Rolling Avg Speed: 1361.65 img/s
[INFO: 02/24/2026 04:46:47 AM] TRAIN: Step 330 | Rolling Avg Speed: 1349.37 img/s
[INFO: 02/24/2026 04:46:49 AM] TRAIN: Step 340 | Rolling Avg Speed: 1347.42 img/s
[INFO: 02/24/2026 04:46:50 AM] TRAIN: Step 350 | Rolling Avg Speed: 1353.65 img/s
[INFO: 02/24/2026 04:46:53 AM] TRAIN: Step 360 | Rolling Avg Speed: 1341.15 img/s
[INFO: 02/24/2026 04:46:54 AM] TRAIN: Step 370 | Rolling Avg Speed: 1347.16 img/s
[INFO: 02/24/2026 04:46:56 AM] TRAIN: Step 380 | Rolling Avg Speed: 1345.60 img/s
[INFO: 02/24/2026 04:46:58 AM] TRAIN: Step 390 | Rolling Avg Speed: 1344.19 img/s
[INFO: 02/24/2026 04:47:00 AM] TRAIN: Step 400 | Rolling Avg Speed: 1349.70 img/s
[INFO: 02/24/2026 04:47:02 AM] TRAIN: Step 410 | Rolling Avg Speed: 1343.22 img/s
[INFO: 02/24/2026 04:47:04 AM] TRAIN: Step 420 | Rolling Avg Speed: 1342.70 img/s
[INFO: 02/24/2026 04:47:06 AM] TRAIN: Step 430 | Rolling Avg Speed: 1347.83 img/s
[INFO: 02/24/2026 04:47:08 AM] TRAIN: Step 440 | Rolling Avg Speed: 1340.72 img/s
[INFO: 02/24/2026 04:47:10 AM] TRAIN: Step 450 | Rolling Avg Speed: 1345.64 img/s
[INFO: 02/24/2026 04:47:12 AM] TRAIN: Step 460 | Rolling Avg Speed: 1336.65 img/s
[INFO: 02/24/2026 04:47:14 AM] TRAIN: Step 470 | Rolling Avg Speed: 1336.31 img/s
[INFO: 02/24/2026 04:47:16 AM] TRAIN: Step 480 | Rolling Avg Speed: 1341.02 img/s
[INFO: 02/24/2026 04:47:18 AM] TRAIN: Step 490 | Rolling Avg Speed: 1338.10 img/s
[INFO: 02/24/2026 04:47:20 AM] TRAIN: Step 500 | Rolling Avg Speed: 1336.11 img/s
[INFO: 02/24/2026 04:47:21 AM] TRAIN: Step 510 | Rolling Avg Speed: 1340.54 img/s
[INFO: 02/24/2026 04:47:23 AM] TRAIN: Step 520 | Rolling Avg Speed: 1344.50 img/s
[INFO: 02/24/2026 04:47:25 AM] TRAIN: Step 530 | Rolling Avg Speed: 1348.65 img/s
[INFO: 02/24/2026 04:47:27 AM] TRAIN: Step 540 | Rolling Avg Speed: 1348.69 img/s
[INFO: 02/24/2026 04:47:28 AM] TRAIN: Step 550 | Rolling Avg Speed: 1349.39 img/s
[INFO: 02/24/2026 04:47:30 AM] TRAIN: Step 560 | Rolling Avg Speed: 1353.24 img/s
[INFO: 02/24/2026 04:47:32 AM] TRAIN: Step 570 | Rolling Avg Speed: 1352.69 img/s
[INFO: 02/24/2026 04:47:34 AM] TRAIN: Step 580 | Rolling Avg Speed: 1350.61 img/s
[INFO: 02/24/2026 04:47:36 AM] TRAIN: Step 590 | Rolling Avg Speed: 1354.25 img/s
[INFO: 02/24/2026 04:47:38 AM] TRAIN: Step 600 | Rolling Avg Speed: 1351.48 img/s
[INFO: 02/24/2026 04:47:39 AM] TRAIN: Step 610 | Rolling Avg Speed: 1355.00 img/s
[INFO: 02/24/2026 04:47:41 AM] TRAIN: Step 620 | Rolling Avg Speed: 1351.91 img/s
[INFO: 02/24/2026 04:47:44 AM] TRAIN: Step 630 | Rolling Avg Speed: 1348.31 img/s
[INFO: 02/24/2026 04:47:45 AM] TRAIN: Step 640 | Rolling Avg Speed: 1351.70 img/s
[INFO: 02/24/2026 04:47:47 AM] TRAIN: Step 650 | Rolling Avg Speed: 1349.57 img/s
[INFO: 02/24/2026 04:47:49 AM] TRAIN: Step 660 | Rolling Avg Speed: 1347.72 img/s
[INFO: 02/24/2026 04:47:51 AM] TRAIN: Step 670 | Rolling Avg Speed: 1350.96 img/s
[INFO: 02/24/2026 04:47:54 AM] TRAIN: Step 680 | Rolling Avg Speed: 1344.14 img/s
[INFO: 02/24/2026 04:47:55 AM] TRAIN: Step 690 | Rolling Avg Speed: 1347.32 img/s
[INFO: 02/24/2026 04:47:58 AM] TRAIN: Step 700 | Rolling Avg Speed: 1342.70 img/s
[INFO: 02/24/2026 04:47:59 AM] TRAIN: Step 710 | Rolling Avg Speed: 1343.42 img/s
[INFO: 02/24/2026 04:48:01 AM] TRAIN: Step 720 | Rolling Avg Speed: 1346.47 img/s
[INFO: 02/24/2026 04:48:03 AM] TRAIN: Step 730 | Rolling Avg Speed: 1342.17 img/s
[INFO: 02/24/2026 04:48:05 AM] TRAIN: Step 740 | Rolling Avg Speed: 1340.81 img/s
[INFO: 02/24/2026 04:48:07 AM] TRAIN: Step 750 | Rolling Avg Speed: 1343.76 img/s
[INFO: 02/24/2026 04:48:09 AM] TRAIN: Step 760 | Rolling Avg Speed: 1345.84 img/s
[INFO: 02/24/2026 04:48:10 AM] TRAIN: Step 770 | Rolling Avg Speed: 1348.69 img/s
[INFO: 02/24/2026 04:48:12 AM] TRAIN: Step 780 | Rolling Avg Speed: 1351.47 img/s
[INFO: 02/24/2026 04:48:13 AM] TRAIN: Step 790 | Rolling Avg Speed: 1354.19 img/s
[INFO: 02/24/2026 04:48:14 AM] TEST: Step 0 | Rolling Avg Speed: 435.09 img/s
[INFO: 02/24/2026 04:48:15 AM] TEST: Step 10 | Rolling Avg Speed: 2329.07 img/s
[INFO: 02/24/2026 04:48:16 AM] TEST: Step 20 | Rolling Avg Speed: 2552.89 img/s
[INFO: 02/24/2026 04:48:17 AM] TEST: Step 30 | Rolling Avg Speed: 2833.12 img/s
[INFO: 02/24/2026 04:48:19 AM] TEST: Step 40 | Rolling Avg Speed: 1879.97 img/s
[INFO: 02/24/2026 04:48:21 AM] TEST: Step 50 | Rolling Avg Speed: 1743.76 img/s
[INFO: 02/24/2026 04:48:24 AM] TEST: Step 60 | Rolling Avg Speed: 1564.28 img/s
[INFO: 02/24/2026 04:48:25 AM] TEST: Step 70 | Rolling Avg Speed: 1614.47 img/s
[INFO: 02/24/2026 04:48:26 AM] TEST: Step 80 | Rolling Avg Speed: 1752.82 img/s
[INFO: 02/24/2026 04:48:26 AM] TEST: Step 90 | Rolling Avg Speed: 1886.13 img/s
[INFO: 02/24/2026 04:48:27 AM] Saving checkpoint at epoch min_1 in: experiments/exp_RNO_four_late_non_linear_merge_bn256_tr794_te100_lfn-MSELoss_opt-Adam_hiddenu-32_lr-0.001_lFactor-0.1_cartesian_transform-True_temporalRes-64_wkrs-pers16_preftch-64_chunk-opt_hdf5-nolock/checkpoints/checkpoint_emin_1.pth
[INFO: 02/24/2026 04:48:43 AM] Removed previous best checkpoint: checkpoint_emin_0.pth
[INFO: 02/24/2026 04:48:43 AM] Epoch 1, Train Loss: 0.3654, Test Loss: 0.3431
[INFO: 02/24/2026 04:48:44 AM] TRAIN: Step 0 | Rolling Avg Speed: 229.99 img/s
[INFO: 02/24/2026 04:48:46 AM] TRAIN: Step 10 | Rolling Avg Speed: 954.69 img/s
[INFO: 02/24/2026 04:48:47 AM] TRAIN: Step 20 | Rolling Avg Speed: 1183.58 img/s
[INFO: 02/24/2026 04:48:49 AM] TRAIN: Step 30 | Rolling Avg Speed: 1293.67 img/s
[INFO: 02/24/2026 04:48:51 AM] TRAIN: Step 40 | Rolling Avg Speed: 1358.09 img/s
[INFO: 02/24/2026 04:48:52 AM] TRAIN: Step 50 | Rolling Avg Speed: 1400.38 img/s
[INFO: 02/24/2026 04:48:54 AM] TRAIN: Step 60 | Rolling Avg Speed: 1430.04 img/s
[INFO: 02/24/2026 04:48:55 AM] TRAIN: Step 70 | Rolling Avg Speed: 1451.15 img/s
[INFO: 02/24/2026 04:48:57 AM] TRAIN: Step 80 | Rolling Avg Speed: 1468.55 img/s
[INFO: 02/24/2026 04:48:59 AM] TRAIN: Step 90 | Rolling Avg Speed: 1482.64 img/s
[INFO: 02/24/2026 04:49:00 AM] TRAIN: Step 100 | Rolling Avg Speed: 1493.98 img/s
[INFO: 02/24/2026 04:49:02 AM] TRAIN: Step 110 | Rolling Avg Speed: 1502.96 img/s
[INFO: 02/24/2026 04:49:03 AM] TRAIN: Step 120 | Rolling Avg Speed: 1510.80 img/s
[INFO: 02/24/2026 04:49:05 AM] TRAIN: Step 130 | Rolling Avg Speed: 1517.54 img/s
[INFO: 02/24/2026 04:49:07 AM] TRAIN: Step 140 | Rolling Avg Speed: 1523.46 img/s
[INFO: 02/24/2026 04:49:08 AM] TRAIN: Step 150 | Rolling Avg Speed: 1528.66 img/s
[INFO: 02/24/2026 04:49:10 AM] TRAIN: Step 160 | Rolling Avg Speed: 1533.22 img/s
[INFO: 02/24/2026 04:49:11 AM] TRAIN: Step 170 | Rolling Avg Speed: 1537.28 img/s
[INFO: 02/24/2026 04:49:13 AM] TRAIN: Step 180 | Rolling Avg Speed: 1540.76 img/s
[INFO: 02/24/2026 04:49:15 AM] TRAIN: Step 190 | Rolling Avg Speed: 1544.00 img/s
[INFO: 02/24/2026 04:49:16 AM] TRAIN: Step 200 | Rolling Avg Speed: 1546.97 img/s
[INFO: 02/24/2026 04:49:18 AM] TRAIN: Step 210 | Rolling Avg Speed: 1549.67 img/s
[INFO: 02/24/2026 04:49:19 AM] TRAIN: Step 220 | Rolling Avg Speed: 1552.13 img/s
[INFO: 02/24/2026 04:49:21 AM] TRAIN: Step 230 | Rolling Avg Speed: 1554.32 img/s
[INFO: 02/24/2026 04:49:23 AM] TRAIN: Step 240 | Rolling Avg Speed: 1556.36 img/s
[INFO: 02/24/2026 04:49:24 AM] TRAIN: Step 250 | Rolling Avg Speed: 1558.27 img/s
[INFO: 02/24/2026 04:49:26 AM] TRAIN: Step 260 | Rolling Avg Speed: 1560.05 img/s
[INFO: 02/24/2026 04:49:27 AM] TRAIN: Step 270 | Rolling Avg Speed: 1561.63 img/s
[INFO: 02/24/2026 04:49:29 AM] TRAIN: Step 280 | Rolling Avg Speed: 1563.12 img/s
[INFO: 02/24/2026 04:49:31 AM] TRAIN: Step 290 | Rolling Avg Speed: 1564.48 img/s
[INFO: 02/24/2026 04:49:32 AM] TRAIN: Step 300 | Rolling Avg Speed: 1565.77 img/s
[INFO: 02/24/2026 04:49:34 AM] TRAIN: Step 310 | Rolling Avg Speed: 1555.47 img/s
[INFO: 02/24/2026 04:49:36 AM] TRAIN: Step 320 | Rolling Avg Speed: 1556.90 img/s
[INFO: 02/24/2026 04:49:38 AM] TRAIN: Step 330 | Rolling Avg Speed: 1539.32 img/s
[INFO: 02/24/2026 04:49:40 AM] TRAIN: Step 340 | Rolling Avg Speed: 1517.96 img/s
[INFO: 02/24/2026 04:49:42 AM] TRAIN: Step 350 | Rolling Avg Speed: 1516.98 img/s
[INFO: 02/24/2026 04:49:45 AM] TRAIN: Step 360 | Rolling Avg Speed: 1493.03 img/s
[INFO: 02/24/2026 04:49:46 AM] TRAIN: Step 370 | Rolling Avg Speed: 1495.86 img/s
[INFO: 02/24/2026 04:49:49 AM] TRAIN: Step 380 | Rolling Avg Speed: 1469.15 img/s
[INFO: 02/24/2026 04:49:52 AM] TRAIN: Step 390 | Rolling Avg Speed: 1444.58 img/s
[INFO: 02/24/2026 04:49:54 AM] TRAIN: Step 400 | Rolling Avg Speed: 1448.20 img/s
[INFO: 02/24/2026 04:49:57 AM] TRAIN: Step 410 | Rolling Avg Speed: 1426.00 img/s
[INFO: 02/24/2026 04:49:59 AM] TRAIN: Step 420 | Rolling Avg Speed: 1408.90 img/s
[INFO: 02/24/2026 04:50:01 AM] TRAIN: Step 430 | Rolling Avg Speed: 1412.85 img/s
[INFO: 02/24/2026 04:50:04 AM] TRAIN: Step 440 | Rolling Avg Speed: 1395.45 img/s
[INFO: 02/24/2026 04:50:05 AM] TRAIN: Step 450 | Rolling Avg Speed: 1399.48 img/s
[INFO: 02/24/2026 04:50:08 AM] TRAIN: Step 460 | Rolling Avg Speed: 1381.09 img/s
[INFO: 02/24/2026 04:50:12 AM] TRAIN: Step 470 | Rolling Avg Speed: 1359.87 img/s
[INFO: 02/24/2026 04:50:13 AM] TRAIN: Step 480 | Rolling Avg Speed: 1364.18 img/s
[INFO: 02/24/2026 04:50:15 AM] TRAIN: Step 490 | Rolling Avg Speed: 1359.32 img/s
[INFO: 02/24/2026 04:50:18 AM] TRAIN: Step 500 | Rolling Avg Speed: 1346.12 img/s
[INFO: 02/24/2026 04:50:20 AM] TRAIN: Step 510 | Rolling Avg Speed: 1350.40 img/s
[INFO: 02/24/2026 04:50:23 AM] TRAIN: Step 520 | Rolling Avg Speed: 1337.89 img/s
[INFO: 02/24/2026 04:50:24 AM] TRAIN: Step 530 | Rolling Avg Speed: 1342.06 img/s
[INFO: 02/24/2026 04:50:27 AM] TRAIN: Step 540 | Rolling Avg Speed: 1336.52 img/s
[INFO: 02/24/2026 04:50:30 AM] TRAIN: Step 550 | Rolling Avg Speed: 1317.60 img/s
[INFO: 02/24/2026 04:50:32 AM] TRAIN: Step 560 | Rolling Avg Speed: 1321.82 img/s
[INFO: 02/24/2026 04:50:35 AM] TRAIN: Step 570 | Rolling Avg Speed: 1307.49 img/s
[INFO: 02/24/2026 04:50:37 AM] TRAIN: Step 580 | Rolling Avg Speed: 1302.22 img/s
[INFO: 02/24/2026 04:50:39 AM] TRAIN: Step 590 | Rolling Avg Speed: 1306.33 img/s
[INFO: 02/24/2026 04:50:41 AM] TRAIN: Step 600 | Rolling Avg Speed: 1297.41 img/s
[INFO: 02/24/2026 04:50:43 AM] TRAIN: Step 610 | Rolling Avg Speed: 1301.50 img/s
[INFO: 02/24/2026 04:50:46 AM] TRAIN: Step 620 | Rolling Avg Speed: 1286.68 img/s
[INFO: 02/24/2026 04:50:49 AM] TRAIN: Step 630 | Rolling Avg Speed: 1279.57 img/s
[INFO: 02/24/2026 04:50:51 AM] TRAIN: Step 640 | Rolling Avg Speed: 1283.60 img/s
[INFO: 02/24/2026 04:50:54 AM] TRAIN: Step 650 | Rolling Avg Speed: 1271.37 img/s
[INFO: 02/24/2026 04:50:56 AM] TRAIN: Step 660 | Rolling Avg Speed: 1268.66 img/s
[INFO: 02/24/2026 04:50:58 AM] TRAIN: Step 670 | Rolling Avg Speed: 1272.61 img/s
[INFO: 02/24/2026 04:51:01 AM] TRAIN: Step 680 | Rolling Avg Speed: 1265.10 img/s
[INFO: 02/24/2026 04:51:03 AM] TRAIN: Step 690 | Rolling Avg Speed: 1264.87 img/s
[INFO: 02/24/2026 04:51:05 AM] TRAIN: Step 700 | Rolling Avg Speed: 1261.55 img/s
[INFO: 02/24/2026 04:51:08 AM] TRAIN: Step 710 | Rolling Avg Speed: 1252.97 img/s
[INFO: 02/24/2026 04:51:10 AM] TRAIN: Step 720 | Rolling Avg Speed: 1256.80 img/s
[INFO: 02/24/2026 04:51:12 AM] TRAIN: Step 730 | Rolling Avg Speed: 1254.07 img/s
[INFO: 02/24/2026 04:51:15 AM] TRAIN: Step 740 | Rolling Avg Speed: 1244.99 img/s
[INFO: 02/24/2026 04:51:17 AM] TRAIN: Step 750 | Rolling Avg Speed: 1248.72 img/s
[INFO: 02/24/2026 04:51:19 AM] TRAIN: Step 760 | Rolling Avg Speed: 1248.24 img/s
[INFO: 02/24/2026 04:51:21 AM] TRAIN: Step 770 | Rolling Avg Speed: 1251.85 img/s
[INFO: 02/24/2026 04:51:22 AM] TRAIN: Step 780 | Rolling Avg Speed: 1255.37 img/s
[INFO: 02/24/2026 04:51:24 AM] TRAIN: Step 790 | Rolling Avg Speed: 1258.82 img/s
[INFO: 02/24/2026 04:51:25 AM] TEST: Step 0 | Rolling Avg Speed: 289.92 img/s
[INFO: 02/24/2026 04:51:28 AM] TEST: Step 10 | Rolling Avg Speed: 809.89 img/s
[INFO: 02/24/2026 04:51:30 AM] TEST: Step 20 | Rolling Avg Speed: 985.39 img/s
[INFO: 02/24/2026 04:51:32 AM] TEST: Step 30 | Rolling Avg Speed: 1023.42 img/s
[INFO: 02/24/2026 04:51:35 AM] TEST: Step 40 | Rolling Avg Speed: 992.38 img/s
[INFO: 02/24/2026 04:51:37 AM] TEST: Step 50 | Rolling Avg Speed: 1040.76 img/s
[INFO: 02/24/2026 04:51:39 AM] TEST: Step 60 | Rolling Avg Speed: 1022.28 img/s
[INFO: 02/24/2026 04:51:41 AM] TEST: Step 70 | Rolling Avg Speed: 1061.81 img/s
[INFO: 02/24/2026 04:51:44 AM] TEST: Step 80 | Rolling Avg Speed: 1045.68 img/s
[INFO: 02/24/2026 04:51:46 AM] TEST: Step 90 | Rolling Avg Speed: 1073.89 img/s
[INFO: 02/24/2026 04:51:47 AM] Saving checkpoint at epoch min_2 in: experiments/exp_RNO_four_late_non_linear_merge_bn256_tr794_te100_lfn-MSELoss_opt-Adam_hiddenu-32_lr-0.001_lFactor-0.1_cartesian_transform-True_temporalRes-64_wkrs-pers16_preftch-64_chunk-opt_hdf5-nolock/checkpoints/checkpoint_emin_2.pth
[INFO: 02/24/2026 04:52:09 AM] Removed previous best checkpoint: checkpoint_emin_1.pth
[INFO: 02/24/2026 04:52:09 AM] Epoch 2, Train Loss: 0.3227, Test Loss: 0.3245
[INFO: 02/24/2026 04:52:10 AM] TRAIN: Step 0 | Rolling Avg Speed: 246.69 img/s
[INFO: 02/24/2026 04:52:11 AM] TRAIN: Step 10 | Rolling Avg Speed: 1058.59 img/s
[INFO: 02/24/2026 04:52:13 AM] TRAIN: Step 20 | Rolling Avg Speed: 1263.99 img/s
[INFO: 02/24/2026 04:52:14 AM] TRAIN: Step 30 | Rolling Avg Speed: 1357.63 img/s
[INFO: 02/24/2026 04:52:16 AM] TRAIN: Step 40 | Rolling Avg Speed: 1411.16 img/s
[INFO: 02/24/2026 04:52:18 AM] TRAIN: Step 50 | Rolling Avg Speed: 1433.44 img/s
[INFO: 02/24/2026 04:52:19 AM] TRAIN: Step 60 | Rolling Avg Speed: 1459.15 img/s
[INFO: 02/24/2026 04:52:21 AM] TRAIN: Step 70 | Rolling Avg Speed: 1478.28 img/s
[INFO: 02/24/2026 04:52:22 AM] TRAIN: Step 80 | Rolling Avg Speed: 1492.74 img/s
[INFO: 02/24/2026 04:52:24 AM] TRAIN: Step 90 | Rolling Avg Speed: 1504.48 img/s
[INFO: 02/24/2026 04:52:26 AM] TRAIN: Step 100 | Rolling Avg Speed: 1513.88 img/s
[INFO: 02/24/2026 04:52:27 AM] TRAIN: Step 110 | Rolling Avg Speed: 1521.78 img/s
[INFO: 02/24/2026 04:52:29 AM] TRAIN: Step 120 | Rolling Avg Speed: 1528.19 img/s
[INFO: 02/24/2026 04:52:30 AM] TRAIN: Step 130 | Rolling Avg Speed: 1533.76 img/s
[INFO: 02/24/2026 04:52:32 AM] TRAIN: Step 140 | Rolling Avg Speed: 1538.57 img/s
[INFO: 02/24/2026 04:52:34 AM] TRAIN: Step 150 | Rolling Avg Speed: 1542.85 img/s
[INFO: 02/24/2026 04:52:35 AM] TRAIN: Step 160 | Rolling Avg Speed: 1546.55 img/s
[INFO: 02/24/2026 04:52:37 AM] TRAIN: Step 170 | Rolling Avg Speed: 1549.80 img/s
[INFO: 02/24/2026 04:52:38 AM] TRAIN: Step 180 | Rolling Avg Speed: 1552.36 img/s
[INFO: 02/24/2026 04:52:40 AM] TRAIN: Step 190 | Rolling Avg Speed: 1554.98 img/s
[INFO: 02/24/2026 04:52:42 AM] TRAIN: Step 200 | Rolling Avg Speed: 1557.33 img/s
[INFO: 02/24/2026 04:52:43 AM] TRAIN: Step 210 | Rolling Avg Speed: 1559.49 img/s
[INFO: 02/24/2026 04:52:45 AM] TRAIN: Step 220 | Rolling Avg Speed: 1561.48 img/s
[INFO: 02/24/2026 04:52:46 AM] TRAIN: Step 230 | Rolling Avg Speed: 1563.25 img/s
[INFO: 02/24/2026 04:52:48 AM] TRAIN: Step 240 | Rolling Avg Speed: 1564.84 img/s
[INFO: 02/24/2026 04:52:50 AM] TRAIN: Step 250 | Rolling Avg Speed: 1566.25 img/s
[INFO: 02/24/2026 04:52:51 AM] TRAIN: Step 260 | Rolling Avg Speed: 1567.54 img/s
[INFO: 02/24/2026 04:52:53 AM] TRAIN: Step 270 | Rolling Avg Speed: 1568.72 img/s
[INFO: 02/24/2026 04:52:54 AM] TRAIN: Step 280 | Rolling Avg Speed: 1569.93 img/s
[INFO: 02/24/2026 04:52:56 AM] TRAIN: Step 290 | Rolling Avg Speed: 1571.06 img/s
[INFO: 02/24/2026 04:52:58 AM] TRAIN: Step 300 | Rolling Avg Speed: 1571.94 img/s
[INFO: 02/24/2026 04:52:59 AM] TRAIN: Step 310 | Rolling Avg Speed: 1572.73 img/s
[INFO: 02/24/2026 04:53:01 AM] TRAIN: Step 320 | Rolling Avg Speed: 1573.48 img/s
[INFO: 02/24/2026 04:53:02 AM] TRAIN: Step 330 | Rolling Avg Speed: 1574.25 img/s
[INFO: 02/24/2026 04:53:04 AM] TRAIN: Step 340 | Rolling Avg Speed: 1574.68 img/s
[INFO: 02/24/2026 04:53:06 AM] TRAIN: Step 350 | Rolling Avg Speed: 1575.29 img/s
[INFO: 02/24/2026 04:53:07 AM] TRAIN: Step 360 | Rolling Avg Speed: 1575.97 img/s
[INFO: 02/24/2026 04:53:09 AM] TRAIN: Step 370 | Rolling Avg Speed: 1576.65 img/s
[INFO: 02/24/2026 04:53:10 AM] TRAIN: Step 380 | Rolling Avg Speed: 1577.18 img/s
[INFO: 02/24/2026 04:53:12 AM] TRAIN: Step 390 | Rolling Avg Speed: 1577.74 img/s
[INFO: 02/24/2026 04:53:14 AM] TRAIN: Step 400 | Rolling Avg Speed: 1578.23 img/s
[INFO: 02/24/2026 04:53:15 AM] TRAIN: Step 410 | Rolling Avg Speed: 1578.78 img/s
[INFO: 02/24/2026 04:53:17 AM] TRAIN: Step 420 | Rolling Avg Speed: 1579.25 img/s
[INFO: 02/24/2026 04:53:18 AM] TRAIN: Step 430 | Rolling Avg Speed: 1579.76 img/s
[INFO: 02/24/2026 04:53:20 AM] TRAIN: Step 440 | Rolling Avg Speed: 1580.13 img/s
[INFO: 02/24/2026 04:53:22 AM] TRAIN: Step 450 | Rolling Avg Speed: 1580.47 img/s
[INFO: 02/24/2026 04:53:23 AM] TRAIN: Step 460 | Rolling Avg Speed: 1580.89 img/s
[INFO: 02/24/2026 04:53:25 AM] TRAIN: Step 470 | Rolling Avg Speed: 1581.28 img/s
[INFO: 02/24/2026 04:53:26 AM] TRAIN: Step 480 | Rolling Avg Speed: 1581.59 img/s
[INFO: 02/24/2026 04:53:28 AM] TRAIN: Step 490 | Rolling Avg Speed: 1581.91 img/s
[INFO: 02/24/2026 04:53:30 AM] TRAIN: Step 500 | Rolling Avg Speed: 1582.13 img/s
[INFO: 02/24/2026 04:53:31 AM] TRAIN: Step 510 | Rolling Avg Speed: 1582.50 img/s
[INFO: 02/24/2026 04:53:37 AM] TRAIN: Step 520 | Rolling Avg Speed: 1504.29 img/s
[INFO: 02/24/2026 04:53:39 AM] TRAIN: Step 530 | Rolling Avg Speed: 1505.95 img/s
[INFO: 02/24/2026 04:53:44 AM] TRAIN: Step 540 | Rolling Avg Speed: 1444.58 img/s
[INFO: 02/24/2026 04:53:50 AM] TRAIN: Step 550 | Rolling Avg Speed: 1390.77 img/s
[INFO: 02/24/2026 04:53:52 AM] TRAIN: Step 560 | Rolling Avg Speed: 1394.08 img/s
[INFO: 02/24/2026 04:53:58 AM] TRAIN: Step 570 | Rolling Avg Speed: 1338.79 img/s
[INFO: 02/24/2026 04:54:03 AM] TRAIN: Step 580 | Rolling Avg Speed: 1299.05 img/s
[INFO: 02/24/2026 04:54:05 AM] TRAIN: Step 590 | Rolling Avg Speed: 1303.27 img/s
[INFO: 02/24/2026 04:54:10 AM] TRAIN: Step 600 | Rolling Avg Speed: 1265.87 img/s
[INFO: 02/24/2026 04:54:12 AM] TRAIN: Step 610 | Rolling Avg Speed: 1270.29 img/s
[INFO: 02/24/2026 04:54:17 AM] TRAIN: Step 620 | Rolling Avg Speed: 1233.08 img/s
[INFO: 02/24/2026 04:54:23 AM] TRAIN: Step 630 | Rolling Avg Speed: 1203.32 img/s
[INFO: 02/24/2026 04:54:24 AM] TRAIN: Step 640 | Rolling Avg Speed: 1208.01 img/s
[INFO: 02/24/2026 04:54:30 AM] TRAIN: Step 650 | Rolling Avg Speed: 1175.97 img/s
[INFO: 02/24/2026 04:54:35 AM] TRAIN: Step 660 | Rolling Avg Speed: 1151.50 img/s
[INFO: 02/24/2026 04:54:37 AM] TRAIN: Step 670 | Rolling Avg Speed: 1155.05 img/s
[INFO: 02/24/2026 04:54:43 AM] TRAIN: Step 680 | Rolling Avg Speed: 1127.83 img/s
[INFO: 02/24/2026 04:54:45 AM] TRAIN: Step 690 | Rolling Avg Speed: 1132.68 img/s
[INFO: 02/24/2026 04:54:51 AM] TRAIN: Step 700 | Rolling Avg Speed: 1107.78 img/s
[INFO: 02/24/2026 04:54:56 AM] TRAIN: Step 710 | Rolling Avg Speed: 1087.31 img/s
[INFO: 02/24/2026 04:54:58 AM] TRAIN: Step 720 | Rolling Avg Speed: 1089.98 img/s
[INFO: 02/24/2026 04:55:03 AM] TRAIN: Step 730 | Rolling Avg Speed: 1069.83 img/s
[INFO: 02/24/2026 04:55:09 AM] TRAIN: Step 740 | Rolling Avg Speed: 1052.58 img/s
[INFO: 02/24/2026 04:55:10 AM] TRAIN: Step 750 | Rolling Avg Speed: 1057.23 img/s
[INFO: 02/24/2026 04:55:15 AM] TRAIN: Step 760 | Rolling Avg Speed: 1045.09 img/s
[INFO: 02/24/2026 04:55:17 AM] TRAIN: Step 770 | Rolling Avg Speed: 1049.85 img/s
[INFO: 02/24/2026 04:55:19 AM] TRAIN: Step 780 | Rolling Avg Speed: 1047.42 img/s
[INFO: 02/24/2026 04:55:21 AM] TRAIN: Step 790 | Rolling Avg Speed: 1052.05 img/s
[INFO: 02/24/2026 04:55:23 AM] TEST: Step 0 | Rolling Avg Speed: 167.53 img/s
[INFO: 02/24/2026 04:55:28 AM] TEST: Step 10 | Rolling Avg Speed: 403.78 img/s
[INFO: 02/24/2026 04:55:33 AM] TEST: Step 20 | Rolling Avg Speed: 474.32 img/s
[INFO: 02/24/2026 04:55:36 AM] TEST: Step 30 | Rolling Avg Speed: 528.06 img/s
[INFO: 02/24/2026 04:55:37 AM] TEST: Step 40 | Rolling Avg Speed: 666.82 img/s
[INFO: 02/24/2026 04:55:38 AM] TEST: Step 50 | Rolling Avg Speed: 766.09 img/s
[INFO: 02/24/2026 04:55:39 AM] TEST: Step 60 | Rolling Avg Speed: 885.66 img/s
[INFO: 02/24/2026 04:55:40 AM] TEST: Step 70 | Rolling Avg Speed: 976.93 img/s
[INFO: 02/24/2026 04:55:41 AM] TEST: Step 80 | Rolling Avg Speed: 1076.95 img/s
[INFO: 02/24/2026 04:55:41 AM] TEST: Step 90 | Rolling Avg Speed: 1159.32 img/s
[INFO: 02/24/2026 04:55:42 AM] Saving checkpoint at epoch min_3 in: experiments/exp_RNO_four_late_non_linear_merge_bn256_tr794_te100_lfn-MSELoss_opt-Adam_hiddenu-32_lr-0.001_lFactor-0.1_cartesian_transform-True_temporalRes-64_wkrs-pers16_preftch-64_chunk-opt_hdf5-nolock/checkpoints/checkpoint_emin_3.pth
[INFO: 02/24/2026 04:55:59 AM] Removed previous best checkpoint: checkpoint_emin_2.pth
[INFO: 02/24/2026 04:55:59 AM] Epoch 3, Train Loss: 0.2953, Test Loss: 0.3196
[INFO: 02/24/2026 04:56:03 AM] TRAIN: Step 0 | Rolling Avg Speed: 72.68 img/s
[INFO: 02/24/2026 04:56:04 AM] TRAIN: Step 10 | Rolling Avg Speed: 550.67 img/s
[INFO: 02/24/2026 04:56:06 AM] TRAIN: Step 20 | Rolling Avg Speed: 791.93 img/s
[INFO: 02/24/2026 04:56:07 AM] TRAIN: Step 30 | Rolling Avg Speed: 947.00 img/s
[INFO: 02/24/2026 04:56:09 AM] TRAIN: Step 40 | Rolling Avg Speed: 1025.15 img/s
[INFO: 02/24/2026 04:56:11 AM] TRAIN: Step 50 | Rolling Avg Speed: 1087.11 img/s
[INFO: 02/24/2026 04:56:13 AM] TRAIN: Step 60 | Rolling Avg Speed: 1148.08 img/s
[INFO: 02/24/2026 04:56:14 AM] TRAIN: Step 70 | Rolling Avg Speed: 1196.22 img/s
[INFO: 02/24/2026 04:56:16 AM] TRAIN: Step 80 | Rolling Avg Speed: 1235.33 img/s
[INFO: 02/24/2026 04:56:17 AM] TRAIN: Step 90 | Rolling Avg Speed: 1267.63 img/s
[INFO: 02/24/2026 04:56:19 AM] TRAIN: Step 100 | Rolling Avg Speed: 1294.74 img/s
[INFO: 02/24/2026 04:56:21 AM] TRAIN: Step 110 | Rolling Avg Speed: 1317.86 img/s
[INFO: 02/24/2026 04:56:22 AM] TRAIN: Step 120 | Rolling Avg Speed: 1337.81 img/s
[INFO: 02/24/2026 04:56:24 AM] TRAIN: Step 130 | Rolling Avg Speed: 1355.21 img/s
[INFO: 02/24/2026 04:56:25 AM] TRAIN: Step 140 | Rolling Avg Speed: 1370.50 img/s
[INFO: 02/24/2026 04:56:27 AM] TRAIN: Step 150 | Rolling Avg Speed: 1384.02 img/s
[INFO: 02/24/2026 04:56:29 AM] TRAIN: Step 160 | Rolling Avg Speed: 1396.07 img/s
[INFO: 02/24/2026 04:56:30 AM] TRAIN: Step 170 | Rolling Avg Speed: 1406.85 img/s
[INFO: 02/24/2026 04:56:32 AM] TRAIN: Step 180 | Rolling Avg Speed: 1416.56 img/s
[INFO: 02/24/2026 04:56:33 AM] TRAIN: Step 190 | Rolling Avg Speed: 1425.37 img/s
[INFO: 02/24/2026 04:56:35 AM] TRAIN: Step 200 | Rolling Avg Speed: 1433.33 img/s
[INFO: 02/24/2026 04:56:36 AM] TRAIN: Step 210 | Rolling Avg Speed: 1440.67 img/s
[INFO: 02/24/2026 04:56:38 AM] TRAIN: Step 220 | Rolling Avg Speed: 1447.41 img/s
[INFO: 02/24/2026 04:56:40 AM] TRAIN: Step 230 | Rolling Avg Speed: 1453.63 img/s
[INFO: 02/24/2026 04:56:41 AM] TRAIN: Step 240 | Rolling Avg Speed: 1459.40 img/s
[INFO: 02/24/2026 04:56:43 AM] TRAIN: Step 250 | Rolling Avg Speed: 1464.76 img/s
[INFO: 02/24/2026 04:56:44 AM] TRAIN: Step 260 | Rolling Avg Speed: 1469.72 img/s
[INFO: 02/24/2026 04:56:46 AM] TRAIN: Step 270 | Rolling Avg Speed: 1474.35 img/s
[INFO: 02/24/2026 04:56:48 AM] TRAIN: Step 280 | Rolling Avg Speed: 1478.67 img/s
[INFO: 02/24/2026 04:56:49 AM] TRAIN: Step 290 | Rolling Avg Speed: 1482.73 img/s
[INFO: 02/24/2026 04:56:51 AM] TRAIN: Step 300 | Rolling Avg Speed: 1486.54 img/s
[INFO: 02/24/2026 04:56:52 AM] TRAIN: Step 310 | Rolling Avg Speed: 1490.10 img/s
[INFO: 02/24/2026 04:56:54 AM] TRAIN: Step 320 | Rolling Avg Speed: 1493.46 img/s
[INFO: 02/24/2026 04:56:56 AM] TRAIN: Step 330 | Rolling Avg Speed: 1496.62 img/s
[INFO: 02/24/2026 04:56:57 AM] TRAIN: Step 340 | Rolling Avg Speed: 1499.61 img/s
[INFO: 02/24/2026 04:56:59 AM] TRAIN: Step 350 | Rolling Avg Speed: 1502.45 img/s
[INFO: 02/24/2026 04:57:00 AM] TRAIN: Step 360 | Rolling Avg Speed: 1505.14 img/s
[INFO: 02/24/2026 04:57:02 AM] TRAIN: Step 370 | Rolling Avg Speed: 1507.70 img/s
[INFO: 02/24/2026 04:57:04 AM] TRAIN: Step 380 | Rolling Avg Speed: 1510.13 img/s
[INFO: 02/24/2026 04:57:05 AM] TRAIN: Step 390 | Rolling Avg Speed: 1512.44 img/s
[INFO: 02/24/2026 04:57:07 AM] TRAIN: Step 400 | Rolling Avg Speed: 1514.64 img/s
[INFO: 02/24/2026 04:57:08 AM] TRAIN: Step 410 | Rolling Avg Speed: 1516.69 img/s
[INFO: 02/24/2026 04:57:10 AM] TRAIN: Step 420 | Rolling Avg Speed: 1518.66 img/s
[INFO: 02/24/2026 04:57:12 AM] TRAIN: Step 430 | Rolling Avg Speed: 1520.57 img/s
[INFO: 02/24/2026 04:57:13 AM] TRAIN: Step 440 | Rolling Avg Speed: 1522.40 img/s
[INFO: 02/24/2026 04:57:15 AM] TRAIN: Step 450 | Rolling Avg Speed: 1524.16 img/s
[INFO: 02/24/2026 04:57:16 AM] TRAIN: Step 460 | Rolling Avg Speed: 1525.85 img/s
[INFO: 02/24/2026 04:57:18 AM] TRAIN: Step 470 | Rolling Avg Speed: 1527.47 img/s
[INFO: 02/24/2026 04:57:20 AM] TRAIN: Step 480 | Rolling Avg Speed: 1529.02 img/s
[INFO: 02/24/2026 04:57:21 AM] TRAIN: Step 490 | Rolling Avg Speed: 1530.53 img/s
[INFO: 02/24/2026 04:57:23 AM] TRAIN: Step 500 | Rolling Avg Speed: 1531.97 img/s
[INFO: 02/24/2026 04:57:24 AM] TRAIN: Step 510 | Rolling Avg Speed: 1533.35 img/s
[INFO: 02/24/2026 04:57:26 AM] TRAIN: Step 520 | Rolling Avg Speed: 1534.68 img/s
[INFO: 02/24/2026 04:57:28 AM] TRAIN: Step 530 | Rolling Avg Speed: 1535.95 img/s
[INFO: 02/24/2026 04:57:29 AM] TRAIN: Step 540 | Rolling Avg Speed: 1537.20 img/s
[INFO: 02/24/2026 04:57:31 AM] TRAIN: Step 550 | Rolling Avg Speed: 1538.39 img/s
[INFO: 02/24/2026 04:57:32 AM] TRAIN: Step 560 | Rolling Avg Speed: 1539.54 img/s
[INFO: 02/24/2026 04:57:34 AM] TRAIN: Step 570 | Rolling Avg Speed: 1540.66 img/s
[INFO: 02/24/2026 04:57:35 AM] TRAIN: Step 580 | Rolling Avg Speed: 1541.73 img/s
[INFO: 02/24/2026 04:57:37 AM] TRAIN: Step 590 | Rolling Avg Speed: 1542.76 img/s
[INFO: 02/24/2026 04:57:39 AM] TRAIN: Step 600 | Rolling Avg Speed: 1543.76 img/s
[INFO: 02/24/2026 04:57:40 AM] TRAIN: Step 610 | Rolling Avg Speed: 1544.72 img/s
[INFO: 02/24/2026 04:57:42 AM] TRAIN: Step 620 | Rolling Avg Speed: 1545.65 img/s
[INFO: 02/24/2026 04:57:43 AM] TRAIN: Step 630 | Rolling Avg Speed: 1546.54 img/s
[INFO: 02/24/2026 04:57:45 AM] TRAIN: Step 640 | Rolling Avg Speed: 1547.42 img/s
[INFO: 02/24/2026 04:57:47 AM] TRAIN: Step 650 | Rolling Avg Speed: 1548.28 img/s
[INFO: 02/24/2026 04:57:48 AM] TRAIN: Step 660 | Rolling Avg Speed: 1549.11 img/s
[INFO: 02/24/2026 04:57:50 AM] TRAIN: Step 670 | Rolling Avg Speed: 1549.91 img/s
[INFO: 02/24/2026 04:57:51 AM] TRAIN: Step 680 | Rolling Avg Speed: 1550.69 img/s
[INFO: 02/24/2026 04:57:53 AM] TRAIN: Step 690 | Rolling Avg Speed: 1551.45 img/s
[INFO: 02/24/2026 04:57:55 AM] TRAIN: Step 700 | Rolling Avg Speed: 1552.19 img/s
[INFO: 02/24/2026 04:57:56 AM] TRAIN: Step 710 | Rolling Avg Speed: 1552.91 img/s
[INFO: 02/24/2026 04:57:58 AM] TRAIN: Step 720 | Rolling Avg Speed: 1553.60 img/s
[INFO: 02/24/2026 04:57:59 AM] TRAIN: Step 730 | Rolling Avg Speed: 1554.28 img/s
[INFO: 02/24/2026 04:58:01 AM] TRAIN: Step 740 | Rolling Avg Speed: 1554.95 img/s
[INFO: 02/24/2026 04:58:03 AM] TRAIN: Step 750 | Rolling Avg Speed: 1555.55 img/s
[INFO: 02/24/2026 04:58:04 AM] TRAIN: Step 760 | Rolling Avg Speed: 1556.12 img/s
[INFO: 02/24/2026 04:58:06 AM] TRAIN: Step 770 | Rolling Avg Speed: 1556.67 img/s
[INFO: 02/24/2026 04:58:07 AM] TRAIN: Step 780 | Rolling Avg Speed: 1557.21 img/s
[INFO: 02/24/2026 04:58:09 AM] TRAIN: Step 790 | Rolling Avg Speed: 1557.75 img/s
[INFO: 02/24/2026 04:58:10 AM] TEST: Step 0 | Rolling Avg Speed: 423.98 img/s
[INFO: 02/24/2026 04:58:11 AM] TEST: Step 10 | Rolling Avg Speed: 2520.89 img/s
[INFO: 02/24/2026 04:58:11 AM] TEST: Step 20 | Rolling Avg Speed: 3163.41 img/s
[INFO: 02/24/2026 04:58:12 AM] TEST: Step 30 | Rolling Avg Speed: 3403.37 img/s
[INFO: 02/24/2026 04:58:12 AM] TEST: Step 40 | Rolling Avg Speed: 3510.68 img/s
[INFO: 02/24/2026 04:58:13 AM] TEST: Step 50 | Rolling Avg Speed: 3623.81 img/s
[INFO: 02/24/2026 04:58:14 AM] TEST: Step 60 | Rolling Avg Speed: 3410.31 img/s
[INFO: 02/24/2026 04:58:15 AM] TEST: Step 70 | Rolling Avg Speed: 3555.86 img/s
[INFO: 02/24/2026 04:58:15 AM] TEST: Step 80 | Rolling Avg Speed: 3693.19 img/s
[INFO: 02/24/2026 04:58:16 AM] TEST: Step 90 | Rolling Avg Speed: 3808.37 img/s
[INFO: 02/24/2026 04:58:16 AM] Saving checkpoint at epoch min_4 in: experiments/exp_RNO_four_late_non_linear_merge_bn256_tr794_te100_lfn-MSELoss_opt-Adam_hiddenu-32_lr-0.001_lFactor-0.1_cartesian_transform-True_temporalRes-64_wkrs-pers16_preftch-64_chunk-opt_hdf5-nolock/checkpoints/checkpoint_emin_4.pth
[INFO: 02/24/2026 04:58:33 AM] Removed previous best checkpoint: checkpoint_emin_3.pth
[INFO: 02/24/2026 04:58:33 AM] Epoch 4, Train Loss: 0.2739, Test Loss: 0.3191
[INFO: 02/24/2026 04:58:34 AM] TRAIN: Step 0 | Rolling Avg Speed: 254.34 img/s
[INFO: 02/24/2026 04:58:36 AM] TRAIN: Step 10 | Rolling Avg Speed: 1077.10 img/s
[INFO: 02/24/2026 04:58:37 AM] TRAIN: Step 20 | Rolling Avg Speed: 1277.80 img/s
[INFO: 02/24/2026 04:58:39 AM] TRAIN: Step 30 | Rolling Avg Speed: 1367.84 img/s
[INFO: 02/24/2026 04:58:40 AM] TRAIN: Step 40 | Rolling Avg Speed: 1418.83 img/s
[INFO: 02/24/2026 04:58:42 AM] TRAIN: Step 50 | Rolling Avg Speed: 1451.81 img/s
[INFO: 02/24/2026 04:58:44 AM] TRAIN: Step 60 | Rolling Avg Speed: 1474.86 img/s
[INFO: 02/24/2026 04:58:45 AM] TRAIN: Step 70 | Rolling Avg Speed: 1491.84 img/s
[INFO: 02/24/2026 04:58:47 AM] TRAIN: Step 80 | Rolling Avg Speed: 1504.96 img/s
[INFO: 02/24/2026 04:58:48 AM] TRAIN: Step 90 | Rolling Avg Speed: 1515.39 img/s
[INFO: 02/24/2026 04:58:50 AM] TRAIN: Step 100 | Rolling Avg Speed: 1523.78 img/s
[INFO: 02/24/2026 04:58:52 AM] TRAIN: Step 110 | Rolling Avg Speed: 1530.65 img/s
[INFO: 02/24/2026 04:58:53 AM] TRAIN: Step 120 | Rolling Avg Speed: 1536.42 img/s
[INFO: 02/24/2026 04:58:55 AM] TRAIN: Step 130 | Rolling Avg Speed: 1541.52 img/s
[INFO: 02/24/2026 04:58:56 AM] TRAIN: Step 140 | Rolling Avg Speed: 1545.86 img/s
[INFO: 02/24/2026 04:58:58 AM] TRAIN: Step 150 | Rolling Avg Speed: 1549.57 img/s
[INFO: 02/24/2026 04:59:00 AM] TRAIN: Step 160 | Rolling Avg Speed: 1552.94 img/s
[INFO: 02/24/2026 04:59:01 AM] TRAIN: Step 170 | Rolling Avg Speed: 1555.83 img/s
[INFO: 02/24/2026 04:59:03 AM] TRAIN: Step 180 | Rolling Avg Speed: 1558.40 img/s
[INFO: 02/24/2026 04:59:04 AM] TRAIN: Step 190 | Rolling Avg Speed: 1556.65 img/s
[INFO: 02/24/2026 04:59:06 AM] TRAIN: Step 200 | Rolling Avg Speed: 1559.03 img/s
[INFO: 02/24/2026 04:59:08 AM] TRAIN: Step 210 | Rolling Avg Speed: 1561.16 img/s
[INFO: 02/24/2026 04:59:09 AM] TRAIN: Step 220 | Rolling Avg Speed: 1563.12 img/s
[INFO: 02/24/2026 04:59:11 AM] TRAIN: Step 230 | Rolling Avg Speed: 1564.84 img/s
[INFO: 02/24/2026 04:59:12 AM] TRAIN: Step 240 | Rolling Avg Speed: 1566.51 img/s
[INFO: 02/24/2026 04:59:14 AM] TRAIN: Step 250 | Rolling Avg Speed: 1568.03 img/s
[INFO: 02/24/2026 04:59:16 AM] TRAIN: Step 260 | Rolling Avg Speed: 1569.40 img/s
[INFO: 02/24/2026 04:59:17 AM] TRAIN: Step 270 | Rolling Avg Speed: 1570.70 img/s
[INFO: 02/24/2026 04:59:19 AM] TRAIN: Step 280 | Rolling Avg Speed: 1571.67 img/s
[INFO: 02/24/2026 04:59:20 AM] TRAIN: Step 290 | Rolling Avg Speed: 1572.68 img/s
[INFO: 02/24/2026 04:59:22 AM] TRAIN: Step 300 | Rolling Avg Speed: 1573.72 img/s
[INFO: 02/24/2026 04:59:24 AM] TRAIN: Step 310 | Rolling Avg Speed: 1574.70 img/s
[INFO: 02/24/2026 04:59:25 AM] TRAIN: Step 320 | Rolling Avg Speed: 1575.61 img/s
[INFO: 02/24/2026 04:59:27 AM] TRAIN: Step 330 | Rolling Avg Speed: 1576.44 img/s
[INFO: 02/24/2026 04:59:28 AM] TRAIN: Step 340 | Rolling Avg Speed: 1577.25 img/s
[INFO: 02/24/2026 04:59:30 AM] TRAIN: Step 350 | Rolling Avg Speed: 1578.03 img/s
[INFO: 02/24/2026 04:59:32 AM] TRAIN: Step 360 | Rolling Avg Speed: 1578.72 img/s
[INFO: 02/24/2026 04:59:33 AM] TRAIN: Step 370 | Rolling Avg Speed: 1579.35 img/s
[INFO: 02/24/2026 04:59:35 AM] TRAIN: Step 380 | Rolling Avg Speed: 1579.94 img/s
[INFO: 02/24/2026 04:59:36 AM] TRAIN: Step 390 | Rolling Avg Speed: 1580.31 img/s
[INFO: 02/24/2026 04:59:38 AM] TRAIN: Step 400 | Rolling Avg Speed: 1580.73 img/s
[INFO: 02/24/2026 04:59:40 AM] TRAIN: Step 410 | Rolling Avg Speed: 1581.19 img/s
[INFO: 02/24/2026 04:59:41 AM] TRAIN: Step 420 | Rolling Avg Speed: 1581.61 img/s
[INFO: 02/24/2026 04:59:43 AM] TRAIN: Step 430 | Rolling Avg Speed: 1582.04 img/s
[INFO: 02/24/2026 04:59:44 AM] TRAIN: Step 440 | Rolling Avg Speed: 1582.33 img/s
[INFO: 02/24/2026 04:59:46 AM] TRAIN: Step 450 | Rolling Avg Speed: 1582.49 img/s
[INFO: 02/24/2026 04:59:48 AM] TRAIN: Step 460 | Rolling Avg Speed: 1582.60 img/s
[INFO: 02/24/2026 04:59:49 AM] TRAIN: Step 470 | Rolling Avg Speed: 1582.31 img/s
[INFO: 02/24/2026 04:59:51 AM] TRAIN: Step 480 | Rolling Avg Speed: 1582.41 img/s
[INFO: 02/24/2026 04:59:52 AM] TRAIN: Step 490 | Rolling Avg Speed: 1582.46 img/s
[INFO: 02/24/2026 04:59:54 AM] TRAIN: Step 500 | Rolling Avg Speed: 1582.32 img/s
[INFO: 02/24/2026 04:59:56 AM] TRAIN: Step 510 | Rolling Avg Speed: 1582.42 img/s
[INFO: 02/24/2026 04:59:57 AM] TRAIN: Step 520 | Rolling Avg Speed: 1582.46 img/s
[INFO: 02/24/2026 04:59:59 AM] TRAIN: Step 530 | Rolling Avg Speed: 1582.51 img/s
[INFO: 02/24/2026 05:00:01 AM] TRAIN: Step 540 | Rolling Avg Speed: 1582.86 img/s
[INFO: 02/24/2026 05:00:02 AM] TRAIN: Step 550 | Rolling Avg Speed: 1583.11 img/s
[INFO: 02/24/2026 05:00:04 AM] TRAIN: Step 560 | Rolling Avg Speed: 1583.29 img/s
[INFO: 02/24/2026 05:00:05 AM] TRAIN: Step 570 | Rolling Avg Speed: 1583.47 img/s
[INFO: 02/24/2026 05:00:07 AM] TRAIN: Step 580 | Rolling Avg Speed: 1583.62 img/s
[INFO: 02/24/2026 05:00:09 AM] TRAIN: Step 590 | Rolling Avg Speed: 1583.83 img/s
[INFO: 02/24/2026 05:00:10 AM] TRAIN: Step 600 | Rolling Avg Speed: 1584.17 img/s
[INFO: 02/24/2026 05:00:12 AM] TRAIN: Step 610 | Rolling Avg Speed: 1584.45 img/s
[INFO: 02/24/2026 05:00:13 AM] TRAIN: Step 620 | Rolling Avg Speed: 1584.56 img/s
[INFO: 02/24/2026 05:00:15 AM] TRAIN: Step 630 | Rolling Avg Speed: 1584.55 img/s
[INFO: 02/24/2026 05:00:17 AM] TRAIN: Step 640 | Rolling Avg Speed: 1584.67 img/s
[INFO: 02/24/2026 05:00:18 AM] TRAIN: Step 650 | Rolling Avg Speed: 1584.28 img/s
[INFO: 02/24/2026 05:00:20 AM] TRAIN: Step 660 | Rolling Avg Speed: 1584.43 img/s
[INFO: 02/24/2026 05:00:21 AM] TRAIN: Step 670 | Rolling Avg Speed: 1584.54 img/s
[INFO: 02/24/2026 05:00:23 AM] TRAIN: Step 680 | Rolling Avg Speed: 1584.66 img/s
[INFO: 02/24/2026 05:00:25 AM] TRAIN: Step 690 | Rolling Avg Speed: 1584.48 img/s
[INFO: 02/24/2026 05:00:26 AM] TRAIN: Step 700 | Rolling Avg Speed: 1584.60 img/s
[INFO: 02/24/2026 05:00:28 AM] TRAIN: Step 710 | Rolling Avg Speed: 1584.71 img/s
[INFO: 02/24/2026 05:00:30 AM] TRAIN: Step 720 | Rolling Avg Speed: 1584.52 img/s
[INFO: 02/24/2026 05:00:31 AM] TRAIN: Step 730 | Rolling Avg Speed: 1584.54 img/s
[INFO: 02/24/2026 05:00:33 AM] TRAIN: Step 740 | Rolling Avg Speed: 1584.68 img/s
[INFO: 02/24/2026 05:00:34 AM] TRAIN: Step 750 | Rolling Avg Speed: 1584.89 img/s
[INFO: 02/24/2026 05:00:36 AM] TRAIN: Step 760 | Rolling Avg Speed: 1585.07 img/s
[INFO: 02/24/2026 05:00:38 AM] TRAIN: Step 770 | Rolling Avg Speed: 1585.18 img/s
[INFO: 02/24/2026 05:00:39 AM] TRAIN: Step 780 | Rolling Avg Speed: 1585.28 img/s
[INFO: 02/24/2026 05:00:41 AM] TRAIN: Step 790 | Rolling Avg Speed: 1585.38 img/s
[INFO: 02/24/2026 05:00:44 AM] TEST: Step 0 | Rolling Avg Speed: 106.95 img/s
[INFO: 02/24/2026 05:00:46 AM] TEST: Step 10 | Rolling Avg Speed: 539.72 img/s
[INFO: 02/24/2026 05:00:53 AM] TEST: Step 20 | Rolling Avg Speed: 463.73 img/s
[INFO: 02/24/2026 05:01:01 AM] TEST: Step 30 | Rolling Avg Speed: 393.71 img/s
[INFO: 02/24/2026 05:01:09 AM] TEST: Step 40 | Rolling Avg Speed: 380.23 img/s
[INFO: 02/24/2026 05:01:17 AM] TEST: Step 50 | Rolling Avg Speed: 363.32 img/s
[INFO: 02/24/2026 05:01:24 AM] TEST: Step 60 | Rolling Avg Speed: 367.25 img/s
[INFO: 02/24/2026 05:01:31 AM] TEST: Step 70 | Rolling Avg Speed: 364.03 img/s
[INFO: 02/24/2026 05:01:37 AM] TEST: Step 80 | Rolling Avg Speed: 372.84 img/s
[INFO: 02/24/2026 05:01:44 AM] TEST: Step 90 | Rolling Avg Speed: 372.14 img/s
[INFO: 02/24/2026 05:01:48 AM] Saving checkpoint at epoch min_5 in: experiments/exp_RNO_four_late_non_linear_merge_bn256_tr794_te100_lfn-MSELoss_opt-Adam_hiddenu-32_lr-0.001_lFactor-0.1_cartesian_transform-True_temporalRes-64_wkrs-pers16_preftch-64_chunk-opt_hdf5-nolock/checkpoints/checkpoint_emin_5.pth
[INFO: 02/24/2026 05:02:06 AM] Removed previous best checkpoint: checkpoint_emin_4.pth
[INFO: 02/24/2026 05:02:06 AM] Epoch 5, Train Loss: 0.2610, Test Loss: 0.3186
[INFO: 02/24/2026 05:02:17 AM] TRAIN: Step 0 | Rolling Avg Speed: 22.27 img/s
[INFO: 02/24/2026 05:02:19 AM] TRAIN: Step 10 | Rolling Avg Speed: 215.14 img/s
[INFO: 02/24/2026 05:02:28 AM] TRAIN: Step 20 | Rolling Avg Speed: 241.76 img/s
[INFO: 02/24/2026 05:02:30 AM] TRAIN: Step 30 | Rolling Avg Speed: 333.06 img/s
[INFO: 02/24/2026 05:02:40 AM] TRAIN: Step 40 | Rolling Avg Speed: 310.75 img/s
[INFO: 02/24/2026 05:02:49 AM] TRAIN: Step 50 | Rolling Avg Speed: 300.37 img/s
[INFO: 02/24/2026 05:02:51 AM] TRAIN: Step 60 | Rolling Avg Speed: 343.02 img/s
[INFO: 02/24/2026 05:03:01 AM] TRAIN: Step 70 | Rolling Avg Speed: 328.92 img/s
[INFO: 02/24/2026 05:03:10 AM] TRAIN: Step 80 | Rolling Avg Speed: 320.83 img/s
[INFO: 02/24/2026 05:03:14 AM] TRAIN: Step 90 | Rolling Avg Speed: 343.43 img/s
[INFO: 02/24/2026 05:03:22 AM] TRAIN: Step 100 | Rolling Avg Speed: 338.05 img/s
[INFO: 02/24/2026 05:03:26 AM] TRAIN: Step 110 | Rolling Avg Speed: 356.03 img/s
[INFO: 02/24/2026 05:03:36 AM] TRAIN: Step 120 | Rolling Avg Speed: 342.87 img/s
[INFO: 02/24/2026 05:03:45 AM] TRAIN: Step 130 | Rolling Avg Speed: 339.11 img/s
[INFO: 02/24/2026 05:03:49 AM] TRAIN: Step 140 | Rolling Avg Speed: 350.57 img/s
[INFO: 02/24/2026 05:03:56 AM] TRAIN: Step 150 | Rolling Avg Speed: 350.01 img/s
[INFO: 02/24/2026 05:04:07 AM] TRAIN: Step 160 | Rolling Avg Speed: 340.46 img/s
[INFO: 02/24/2026 05:04:11 AM] TRAIN: Step 170 | Rolling Avg Speed: 349.32 img/s
[INFO: 02/24/2026 05:04:19 AM] TRAIN: Step 180 | Rolling Avg Speed: 348.17 img/s
[INFO: 02/24/2026 05:04:23 AM] TRAIN: Step 190 | Rolling Avg Speed: 355.86 img/s
[INFO: 02/24/2026 05:04:34 AM] TRAIN: Step 200 | Rolling Avg Speed: 347.55 img/s
[INFO: 02/24/2026 05:04:40 AM] TRAIN: Step 210 | Rolling Avg Speed: 349.40 img/s
[INFO: 02/24/2026 05:04:46 AM] TRAIN: Step 220 | Rolling Avg Speed: 353.76 img/s
[INFO: 02/24/2026 05:04:53 AM] TRAIN: Step 230 | Rolling Avg Speed: 353.75 img/s
[INFO: 02/24/2026 05:05:04 AM] TRAIN: Step 240 | Rolling Avg Speed: 346.93 img/s
[INFO: 02/24/2026 05:05:09 AM] TRAIN: Step 250 | Rolling Avg Speed: 351.40 img/s
[INFO: 02/24/2026 05:05:15 AM] TRAIN: Step 260 | Rolling Avg Speed: 353.53 img/s
[INFO: 02/24/2026 05:05:20 AM] TRAIN: Step 270 | Rolling Avg Speed: 357.18 img/s
[INFO: 02/24/2026 05:05:30 AM] TRAIN: Step 280 | Rolling Avg Speed: 352.04 img/s
[INFO: 02/24/2026 05:05:36 AM] TRAIN: Step 290 | Rolling Avg Speed: 354.24 img/s
[INFO: 02/24/2026 05:05:42 AM] TRAIN: Step 300 | Rolling Avg Speed: 356.26 img/s
[INFO: 02/24/2026 05:05:47 AM] TRAIN: Step 310 | Rolling Avg Speed: 359.68 img/s
[INFO: 02/24/2026 05:05:56 AM] TRAIN: Step 320 | Rolling Avg Speed: 356.81 img/s
[INFO: 02/24/2026 05:06:03 AM] TRAIN: Step 330 | Rolling Avg Speed: 356.68 img/s
[INFO: 02/24/2026 05:06:09 AM] TRAIN: Step 340 | Rolling Avg Speed: 359.58 img/s
[INFO: 02/24/2026 05:06:15 AM] TRAIN: Step 350 | Rolling Avg Speed: 361.37 img/s
[INFO: 02/24/2026 05:06:25 AM] TRAIN: Step 360 | Rolling Avg Speed: 356.80 img/s
[INFO: 02/24/2026 05:06:30 AM] TRAIN: Step 370 | Rolling Avg Speed: 360.14 img/s
[INFO: 02/24/2026 05:06:36 AM] TRAIN: Step 380 | Rolling Avg Speed: 361.03 img/s
[INFO: 02/24/2026 05:06:40 AM] TRAIN: Step 390 | Rolling Avg Speed: 364.52 img/s
[INFO: 02/24/2026 05:06:50 AM] TRAIN: Step 400 | Rolling Avg Speed: 360.72 img/s
[INFO: 02/24/2026 05:06:57 AM] TRAIN: Step 410 | Rolling Avg Speed: 360.91 img/s
[INFO: 02/24/2026 05:07:01 AM] TRAIN: Step 420 | Rolling Avg Speed: 364.73 img/s
[INFO: 02/24/2026 05:07:09 AM] TRAIN: Step 430 | Rolling Avg Speed: 364.08 img/s
[INFO: 02/24/2026 05:07:18 AM] TRAIN: Step 440 | Rolling Avg Speed: 361.46 img/s
[INFO: 02/24/2026 05:07:21 AM] TRAIN: Step 450 | Rolling Avg Speed: 366.41 img/s
[INFO: 02/24/2026 05:07:22 AM] Saving checkpoint at epoch 5 in: experiments/exp_RNO_four_late_non_linear_merge_bn256_tr794_te100_lfn-MSELoss_opt-Adam_hiddenu-32_lr-0.001_lFactor-0.1_cartesian_transform-True_temporalRes-64_wkrs-pers16_preftch-64_chunk-opt_hdf5-nolock/checkpoints/checkpoint_e5.pth
[INFO: 02/24/2026 05:07:38 AM] Code exited on epoch: 5 and a checkpoint was created in experiments/exp_RNO_four_late_non_linear_merge_bn256_tr794_te100_lfn-MSELoss_opt-Adam_hiddenu-32_lr-0.001_lFactor-0.1_cartesian_transform-True_temporalRes-64_wkrs-pers16_preftch-64_chunk-opt_hdf5-nolock/checkpoints
