[INFO: 02/24/2026 11:00:02 PM] Starting experiment: exp_RNO_four_late_non_linear_merge_b-256_tr-793_lfn-MSELoss_opt-Adam_hiddenu-32_lr-0.001_lFactor-0.1_temporalRes-128_wkrs-pers12_preftch-12_kill_hu_debug
[INFO: 02/24/2026 11:00:02 PM] Device: cuda:1
[INFO: 02/24/2026 11:00:02 PM] PyTorch version: 2.8.0+cu128
[INFO: 02/24/2026 11:00:02 PM] Model: RNO_four_late_non_linear_merge
[INFO: 02/24/2026 11:00:02 PM] Optimizer: Adam
[INFO: 02/24/2026 11:00:02 PM] Loss function: MSELoss
[INFO: 02/24/2026 11:00:10 PM] Saving checkpoint at epoch 0 in: experiments/exp_RNO_four_late_non_linear_merge_b-256_tr-793_lfn-MSELoss_opt-Adam_hiddenu-32_lr-0.001_lFactor-0.1_temporalRes-128_wkrs-pers12_preftch-12_kill_hu_debug/checkpoints/checkpoint_e0.pth
[INFO: 02/24/2026 11:00:42 PM] TRAIN: Batch   50 | Speed:  407.71 img/s | Loss: 0.8541
[INFO: 02/24/2026 11:00:49 PM] TRAIN: Batch  100 | Speed:  657.10 img/s | Loss: 0.7442
[INFO: 02/24/2026 11:00:57 PM] TRAIN: Batch  150 | Speed:  828.21 img/s | Loss: 0.7119
[INFO: 02/24/2026 11:01:04 PM] TRAIN: Batch  200 | Speed:  952.82 img/s | Loss: 0.5486
[INFO: 02/24/2026 11:01:11 PM] TRAIN: Batch  250 | Speed: 1047.70 img/s | Loss: 0.5420
[INFO: 02/24/2026 11:01:19 PM] TRAIN: Batch  300 | Speed: 1122.28 img/s | Loss: 0.5272
[INFO: 02/24/2026 11:01:26 PM] TRAIN: Batch  350 | Speed: 1182.53 img/s | Loss: 0.4009
[INFO: 02/24/2026 11:01:33 PM] TRAIN: Batch  400 | Speed: 1232.16 img/s | Loss: 0.4937
[INFO: 02/24/2026 11:01:41 PM] TRAIN: Batch  450 | Speed: 1273.69 img/s | Loss: 0.4839
[INFO: 02/24/2026 11:01:48 PM] TRAIN: Batch  500 | Speed: 1309.02 img/s | Loss: 0.3933
[INFO: 02/24/2026 11:01:55 PM] TRAIN: Batch  550 | Speed: 1339.39 img/s | Loss: 0.3891
[INFO: 02/24/2026 11:02:03 PM] TRAIN: Batch  600 | Speed: 1365.81 img/s | Loss: 0.4779
[INFO: 02/24/2026 11:02:10 PM] TRAIN: Batch  650 | Speed: 1389.08 img/s | Loss: 0.4035
[INFO: 02/24/2026 11:02:17 PM] TRAIN: Batch  700 | Speed: 1409.78 img/s | Loss: 0.3769
[INFO: 02/24/2026 11:02:25 PM] TRAIN: Batch  750 | Speed: 1428.28 img/s | Loss: 0.4248
[INFO: 02/24/2026 11:02:34 PM] TEST: Batch   10 | Speed:  902.19 img/s | Loss: 0.8289
[INFO: 02/24/2026 11:02:34 PM] TEST: Batch   20 | Speed: 1513.68 img/s | Loss: 0.8325
[INFO: 02/24/2026 11:02:35 PM] TEST: Batch   30 | Speed: 1992.69 img/s | Loss: 0.8427
[INFO: 02/24/2026 11:02:35 PM] TEST: Batch   40 | Speed: 2378.18 img/s | Loss: 0.8861
[INFO: 02/24/2026 11:02:36 PM] TEST: Batch   50 | Speed: 2695.39 img/s | Loss: 0.8364
[INFO: 02/24/2026 11:02:36 PM] TEST: Batch   60 | Speed: 2960.86 img/s | Loss: 0.8563
[INFO: 02/24/2026 11:02:37 PM] TEST: Batch   70 | Speed: 3186.77 img/s | Loss: 0.8302
[INFO: 02/24/2026 11:02:37 PM] TEST: Batch   80 | Speed: 3382.85 img/s | Loss: 0.8764
[INFO: 02/24/2026 11:02:37 PM] TEST: Batch   90 | Speed: 3553.77 img/s | Loss: 0.8436
[INFO: 02/24/2026 11:02:40 PM] Saving checkpoint at epoch min_0 in: experiments/exp_RNO_four_late_non_linear_merge_b-256_tr-793_lfn-MSELoss_opt-Adam_hiddenu-32_lr-0.001_lFactor-0.1_temporalRes-128_wkrs-pers12_preftch-12_kill_hu_debug/checkpoints/checkpoint_emin_0.pth
[INFO: 02/24/2026 11:02:40 PM] Epoch 0, Train Loss: 0.5362, Test Loss: 0.8586
[INFO: 02/24/2026 11:02:49 PM] TRAIN: Batch   50 | Speed: 1545.28 img/s | Loss: 0.3845
[INFO: 02/24/2026 11:02:56 PM] TRAIN: Batch  100 | Speed: 1638.44 img/s | Loss: 0.4100
[INFO: 02/24/2026 11:03:03 PM] TRAIN: Batch  150 | Speed: 1672.79 img/s | Loss: 0.3877
[INFO: 02/24/2026 11:03:11 PM] TRAIN: Batch  200 | Speed: 1690.27 img/s | Loss: 0.3720
[INFO: 02/24/2026 11:03:18 PM] TRAIN: Batch  250 | Speed: 1700.80 img/s | Loss: 0.4248
[INFO: 02/24/2026 11:03:25 PM] TRAIN: Batch  300 | Speed: 1707.58 img/s | Loss: 0.4248
[INFO: 02/24/2026 11:03:33 PM] TRAIN: Batch  350 | Speed: 1712.65 img/s | Loss: 0.4673
[INFO: 02/24/2026 11:03:40 PM] TRAIN: Batch  400 | Speed: 1716.36 img/s | Loss: 0.4159
[INFO: 02/24/2026 11:03:48 PM] TRAIN: Batch  450 | Speed: 1719.29 img/s | Loss: 0.3943
[INFO: 02/24/2026 11:03:55 PM] TRAIN: Batch  500 | Speed: 1721.68 img/s | Loss: 0.3598
[INFO: 02/24/2026 11:04:02 PM] TRAIN: Batch  550 | Speed: 1723.61 img/s | Loss: 0.4527
[INFO: 02/24/2026 11:04:10 PM] TRAIN: Batch  600 | Speed: 1725.28 img/s | Loss: 0.3877
[INFO: 02/24/2026 11:04:17 PM] TRAIN: Batch  650 | Speed: 1726.83 img/s | Loss: 0.3698
[INFO: 02/24/2026 11:04:24 PM] TRAIN: Batch  700 | Speed: 1728.33 img/s | Loss: 0.4015
[INFO: 02/24/2026 11:04:32 PM] TRAIN: Batch  750 | Speed: 1729.71 img/s | Loss: 0.3778
[INFO: 02/24/2026 11:04:39 PM] TEST: Batch   10 | Speed: 2331.50 img/s | Loss: 0.3467
[INFO: 02/24/2026 11:04:39 PM] TEST: Batch   20 | Speed: 3193.84 img/s | Loss: 0.3649
[INFO: 02/24/2026 11:04:40 PM] TEST: Batch   30 | Speed: 3646.44 img/s | Loss: 0.4052
[INFO: 02/24/2026 11:04:40 PM] TEST: Batch   40 | Speed: 3936.65 img/s | Loss: 0.4440
[INFO: 02/24/2026 11:04:41 PM] TEST: Batch   50 | Speed: 4133.03 img/s | Loss: 0.4042
[INFO: 02/24/2026 11:04:41 PM] TEST: Batch   60 | Speed: 4342.37 img/s | Loss: 0.3782
[INFO: 02/24/2026 11:04:42 PM] TEST: Batch   70 | Speed: 4509.61 img/s | Loss: 0.4435
[INFO: 02/24/2026 11:04:42 PM] TEST: Batch   80 | Speed: 4648.89 img/s | Loss: 0.4270
[INFO: 02/24/2026 11:04:43 PM] TEST: Batch   90 | Speed: 4761.92 img/s | Loss: 0.3616
[INFO: 02/24/2026 11:04:43 PM] Saving checkpoint at epoch min_1 in: experiments/exp_RNO_four_late_non_linear_merge_b-256_tr-793_lfn-MSELoss_opt-Adam_hiddenu-32_lr-0.001_lFactor-0.1_temporalRes-128_wkrs-pers12_preftch-12_kill_hu_debug/checkpoints/checkpoint_emin_1.pth
[INFO: 02/24/2026 11:04:43 PM] Removed previous best checkpoint: checkpoint_emin_0.pth
[INFO: 02/24/2026 11:04:43 PM] Epoch 1, Train Loss: 0.4017, Test Loss: 0.3949
[INFO: 02/24/2026 11:04:51 PM] TRAIN: Batch   50 | Speed: 1608.84 img/s | Loss: 0.3186
[INFO: 02/24/2026 11:04:59 PM] TRAIN: Batch  100 | Speed: 1672.70 img/s | Loss: 0.4112
[INFO: 02/24/2026 11:05:06 PM] TRAIN: Batch  150 | Speed: 1695.59 img/s | Loss: 0.3987
[INFO: 02/24/2026 11:05:14 PM] TRAIN: Batch  200 | Speed: 1707.12 img/s | Loss: 0.3625
[INFO: 02/24/2026 11:05:21 PM] TRAIN: Batch  250 | Speed: 1714.14 img/s | Loss: 0.3865
[INFO: 02/24/2026 11:05:28 PM] TRAIN: Batch  300 | Speed: 1718.94 img/s | Loss: 0.3462
[INFO: 02/24/2026 11:05:36 PM] TRAIN: Batch  350 | Speed: 1722.39 img/s | Loss: 0.2766
[INFO: 02/24/2026 11:05:43 PM] TRAIN: Batch  400 | Speed: 1725.03 img/s | Loss: 0.3554
[INFO: 02/24/2026 11:05:50 PM] TRAIN: Batch  450 | Speed: 1727.03 img/s | Loss: 0.3964
[INFO: 02/24/2026 11:05:58 PM] TRAIN: Batch  500 | Speed: 1728.65 img/s | Loss: 0.3982
[INFO: 02/24/2026 11:06:05 PM] TRAIN: Batch  550 | Speed: 1730.00 img/s | Loss: 0.3388
[INFO: 02/24/2026 11:06:12 PM] TRAIN: Batch  600 | Speed: 1731.07 img/s | Loss: 0.3568
[INFO: 02/24/2026 11:06:20 PM] TRAIN: Batch  650 | Speed: 1732.18 img/s | Loss: 0.3622
[INFO: 02/24/2026 11:06:27 PM] TRAIN: Batch  700 | Speed: 1733.31 img/s | Loss: 0.3752
[INFO: 02/24/2026 11:06:34 PM] TRAIN: Batch  750 | Speed: 1734.31 img/s | Loss: 0.4170
[INFO: 02/24/2026 11:06:42 PM] TEST: Batch   10 | Speed: 2454.57 img/s | Loss: 0.3289
[INFO: 02/24/2026 11:06:42 PM] TEST: Batch   20 | Speed: 3252.11 img/s | Loss: 0.3445
[INFO: 02/24/2026 11:06:43 PM] TEST: Batch   30 | Speed: 3661.66 img/s | Loss: 0.3883
[INFO: 02/24/2026 11:06:43 PM] TEST: Batch   40 | Speed: 3739.34 img/s | Loss: 0.4206
[INFO: 02/24/2026 11:06:44 PM] TEST: Batch   50 | Speed: 4024.69 img/s | Loss: 0.3810
[INFO: 02/24/2026 11:06:44 PM] TEST: Batch   60 | Speed: 4245.25 img/s | Loss: 0.3579
[INFO: 02/24/2026 11:06:45 PM] TEST: Batch   70 | Speed: 4329.48 img/s | Loss: 0.4051
[INFO: 02/24/2026 11:06:45 PM] TEST: Batch   80 | Speed: 4389.71 img/s | Loss: 0.3988
[INFO: 02/24/2026 11:06:46 PM] TEST: Batch   90 | Speed: 4494.42 img/s | Loss: 0.3382
[INFO: 02/24/2026 11:06:46 PM] Saving checkpoint at epoch min_2 in: experiments/exp_RNO_four_late_non_linear_merge_b-256_tr-793_lfn-MSELoss_opt-Adam_hiddenu-32_lr-0.001_lFactor-0.1_temporalRes-128_wkrs-pers12_preftch-12_kill_hu_debug/checkpoints/checkpoint_emin_2.pth
[INFO: 02/24/2026 11:06:46 PM] Removed previous best checkpoint: checkpoint_emin_1.pth
[INFO: 02/24/2026 11:06:46 PM] Epoch 2, Train Loss: 0.3603, Test Loss: 0.3695
[INFO: 02/24/2026 11:06:55 PM] TRAIN: Batch   50 | Speed: 1572.71 img/s | Loss: 0.3578
[INFO: 02/24/2026 11:07:02 PM] TRAIN: Batch  100 | Speed: 1652.55 img/s | Loss: 0.3589
[INFO: 02/24/2026 11:07:09 PM] TRAIN: Batch  150 | Speed: 1681.37 img/s | Loss: 0.3523
[INFO: 02/24/2026 11:07:17 PM] TRAIN: Batch  200 | Speed: 1696.22 img/s | Loss: 0.3532
[INFO: 02/24/2026 11:07:24 PM] TRAIN: Batch  250 | Speed: 1705.38 img/s | Loss: 0.3375
[INFO: 02/24/2026 11:07:31 PM] TRAIN: Batch  300 | Speed: 1711.60 img/s | Loss: 0.3510
[INFO: 02/24/2026 11:07:39 PM] TRAIN: Batch  350 | Speed: 1716.07 img/s | Loss: 0.3290
[INFO: 02/24/2026 11:07:46 PM] TRAIN: Batch  400 | Speed: 1719.39 img/s | Loss: 0.3160
[INFO: 02/24/2026 11:07:53 PM] TRAIN: Batch  450 | Speed: 1722.04 img/s | Loss: 0.3391
[INFO: 02/24/2026 11:08:01 PM] TRAIN: Batch  500 | Speed: 1724.15 img/s | Loss: 0.3229
[INFO: 02/24/2026 11:08:08 PM] TRAIN: Batch  550 | Speed: 1725.90 img/s | Loss: 0.3284
[INFO: 02/24/2026 11:08:15 PM] TRAIN: Batch  600 | Speed: 1727.35 img/s | Loss: 0.3526
[INFO: 02/24/2026 11:08:23 PM] TRAIN: Batch  650 | Speed: 1728.65 img/s | Loss: 0.2908
[INFO: 02/24/2026 11:08:30 PM] TRAIN: Batch  700 | Speed: 1730.07 img/s | Loss: 0.3410
[INFO: 02/24/2026 11:08:37 PM] TRAIN: Batch  750 | Speed: 1731.21 img/s | Loss: 0.3075
[INFO: 02/24/2026 11:08:45 PM] TEST: Batch   10 | Speed: 2757.73 img/s | Loss: 0.3163
[INFO: 02/24/2026 11:08:45 PM] TEST: Batch   20 | Speed: 3365.39 img/s | Loss: 0.3174
[INFO: 02/24/2026 11:08:46 PM] TEST: Batch   30 | Speed: 3805.06 img/s | Loss: 0.3588
[INFO: 02/24/2026 11:08:46 PM] TEST: Batch   40 | Speed: 4128.16 img/s | Loss: 0.3723
[INFO: 02/24/2026 11:08:47 PM] TEST: Batch   50 | Speed: 4310.36 img/s | Loss: 0.3449
[INFO: 02/24/2026 11:08:47 PM] TEST: Batch   60 | Speed: 4510.23 img/s | Loss: 0.3061
[INFO: 02/24/2026 11:08:47 PM] TEST: Batch   70 | Speed: 4665.70 img/s | Loss: 0.3825
[INFO: 02/24/2026 11:08:48 PM] TEST: Batch   80 | Speed: 4793.88 img/s | Loss: 0.3668
[INFO: 02/24/2026 11:08:48 PM] TEST: Batch   90 | Speed: 4816.57 img/s | Loss: 0.3124
[INFO: 02/24/2026 11:08:49 PM] Saving checkpoint at epoch min_3 in: experiments/exp_RNO_four_late_non_linear_merge_b-256_tr-793_lfn-MSELoss_opt-Adam_hiddenu-32_lr-0.001_lFactor-0.1_temporalRes-128_wkrs-pers12_preftch-12_kill_hu_debug/checkpoints/checkpoint_emin_3.pth
[INFO: 02/24/2026 11:08:49 PM] Removed previous best checkpoint: checkpoint_emin_2.pth
[INFO: 02/24/2026 11:08:49 PM] Epoch 3, Train Loss: 0.3401, Test Loss: 0.3416
[INFO: 02/24/2026 11:08:57 PM] TRAIN: Batch   50 | Speed: 1605.48 img/s | Loss: 0.3399
[INFO: 02/24/2026 11:09:05 PM] TRAIN: Batch  100 | Speed: 1670.71 img/s | Loss: 0.3751
[INFO: 02/24/2026 11:09:12 PM] TRAIN: Batch  150 | Speed: 1694.02 img/s | Loss: 0.3176
[INFO: 02/24/2026 11:09:19 PM] TRAIN: Batch  200 | Speed: 1706.07 img/s | Loss: 0.3046
[INFO: 02/24/2026 11:09:27 PM] TRAIN: Batch  250 | Speed: 1713.30 img/s | Loss: 0.3356
[INFO: 02/24/2026 11:09:34 PM] TRAIN: Batch  300 | Speed: 1718.12 img/s | Loss: 0.3497
[INFO: 02/24/2026 11:09:41 PM] TRAIN: Batch  350 | Speed: 1721.59 img/s | Loss: 0.3240
[INFO: 02/24/2026 11:09:49 PM] TRAIN: Batch  400 | Speed: 1724.15 img/s | Loss: 0.3474
[INFO: 02/24/2026 11:09:56 PM] TRAIN: Batch  450 | Speed: 1726.24 img/s | Loss: 0.3440
[INFO: 02/24/2026 11:10:03 PM] TRAIN: Batch  500 | Speed: 1727.88 img/s | Loss: 0.3506
[INFO: 02/24/2026 11:10:11 PM] TRAIN: Batch  550 | Speed: 1729.26 img/s | Loss: 0.2961
[INFO: 02/24/2026 11:10:18 PM] TRAIN: Batch  600 | Speed: 1730.38 img/s | Loss: 0.3858
[INFO: 02/24/2026 11:10:25 PM] TRAIN: Batch  650 | Speed: 1731.42 img/s | Loss: 0.3156
[INFO: 02/24/2026 11:10:33 PM] TRAIN: Batch  700 | Speed: 1732.60 img/s | Loss: 0.3099
[INFO: 02/24/2026 11:10:40 PM] TRAIN: Batch  750 | Speed: 1733.53 img/s | Loss: 0.2916
[INFO: 02/24/2026 11:10:47 PM] TEST: Batch   10 | Speed: 2381.77 img/s | Loss: 0.3093
[INFO: 02/24/2026 11:10:48 PM] TEST: Batch   20 | Speed: 3202.90 img/s | Loss: 0.3141
[INFO: 02/24/2026 11:10:48 PM] TEST: Batch   30 | Speed: 3647.62 img/s | Loss: 0.3525
[INFO: 02/24/2026 11:10:49 PM] TEST: Batch   40 | Speed: 3993.75 img/s | Loss: 0.3699
[INFO: 02/24/2026 11:10:49 PM] TEST: Batch   50 | Speed: 4264.74 img/s | Loss: 0.3345
[INFO: 02/24/2026 11:10:50 PM] TEST: Batch   60 | Speed: 4468.82 img/s | Loss: 0.3102
[INFO: 02/24/2026 11:10:50 PM] TEST: Batch   70 | Speed: 4531.88 img/s | Loss: 0.3863
[INFO: 02/24/2026 11:10:51 PM] TEST: Batch   80 | Speed: 4669.52 img/s | Loss: 0.3597
[INFO: 02/24/2026 11:10:51 PM] TEST: Batch   90 | Speed: 4783.16 img/s | Loss: 0.3104
[INFO: 02/24/2026 11:10:51 PM] Saving checkpoint at epoch min_4 in: experiments/exp_RNO_four_late_non_linear_merge_b-256_tr-793_lfn-MSELoss_opt-Adam_hiddenu-32_lr-0.001_lFactor-0.1_temporalRes-128_wkrs-pers12_preftch-12_kill_hu_debug/checkpoints/checkpoint_emin_4.pth
[INFO: 02/24/2026 11:10:52 PM] Removed previous best checkpoint: checkpoint_emin_3.pth
[INFO: 02/24/2026 11:10:52 PM] Epoch 4, Train Loss: 0.3249, Test Loss: 0.3336
[INFO: 02/24/2026 11:11:00 PM] TRAIN: Batch   50 | Speed: 1551.28 img/s | Loss: 0.3305
[INFO: 02/24/2026 11:11:07 PM] TRAIN: Batch  100 | Speed: 1640.77 img/s | Loss: 0.3316
[INFO: 02/24/2026 11:11:15 PM] TRAIN: Batch  150 | Speed: 1673.32 img/s | Loss: 0.3020
[INFO: 02/24/2026 11:11:22 PM] TRAIN: Batch  200 | Speed: 1690.11 img/s | Loss: 0.2938
[INFO: 02/24/2026 11:11:30 PM] TRAIN: Batch  250 | Speed: 1700.37 img/s | Loss: 0.3642
[INFO: 02/24/2026 11:11:37 PM] TRAIN: Batch  300 | Speed: 1707.26 img/s | Loss: 0.3751
[INFO: 02/24/2026 11:11:44 PM] TRAIN: Batch  350 | Speed: 1712.20 img/s | Loss: 0.3041
[INFO: 02/24/2026 11:11:52 PM] TRAIN: Batch  400 | Speed: 1715.91 img/s | Loss: 0.3185
[INFO: 02/24/2026 11:11:59 PM] TRAIN: Batch  450 | Speed: 1718.92 img/s | Loss: 0.3349
[INFO: 02/24/2026 11:12:06 PM] TRAIN: Batch  500 | Speed: 1721.35 img/s | Loss: 0.2932
[INFO: 02/24/2026 11:12:14 PM] TRAIN: Batch  550 | Speed: 1723.25 img/s | Loss: 0.3184
[INFO: 02/24/2026 11:12:21 PM] TRAIN: Batch  600 | Speed: 1724.92 img/s | Loss: 0.3084
[INFO: 02/24/2026 11:12:28 PM] TRAIN: Batch  650 | Speed: 1726.40 img/s | Loss: 0.3013
[INFO: 02/24/2026 11:12:36 PM] TRAIN: Batch  700 | Speed: 1727.93 img/s | Loss: 0.2788
[INFO: 02/24/2026 11:12:43 PM] TRAIN: Batch  750 | Speed: 1729.29 img/s | Loss: 0.3049
[INFO: 02/24/2026 11:12:50 PM] TEST: Batch   10 | Speed: 2568.54 img/s | Loss: 0.2930
[INFO: 02/24/2026 11:12:51 PM] TEST: Batch   20 | Speed: 3233.88 img/s | Loss: 0.3152
[INFO: 02/24/2026 11:12:51 PM] TEST: Batch   30 | Speed: 3761.95 img/s | Loss: 0.3606
[INFO: 02/24/2026 11:12:52 PM] TEST: Batch   40 | Speed: 3969.21 img/s | Loss: 0.3795
[INFO: 02/24/2026 11:12:52 PM] TEST: Batch   50 | Speed: 4243.11 img/s | Loss: 0.3476
[INFO: 02/24/2026 11:12:53 PM] TEST: Batch   60 | Speed: 4448.63 img/s | Loss: 0.3136
[INFO: 02/24/2026 11:12:53 PM] TEST: Batch   70 | Speed: 4555.30 img/s | Loss: 0.3773
[INFO: 02/24/2026 11:12:54 PM] TEST: Batch   80 | Speed: 4587.58 img/s | Loss: 0.3532
[INFO: 02/24/2026 11:12:54 PM] TEST: Batch   90 | Speed: 4706.64 img/s | Loss: 0.3134
[INFO: 02/24/2026 11:12:54 PM] Saving checkpoint at epoch min_5 in: experiments/exp_RNO_four_late_non_linear_merge_b-256_tr-793_lfn-MSELoss_opt-Adam_hiddenu-32_lr-0.001_lFactor-0.1_temporalRes-128_wkrs-pers12_preftch-12_kill_hu_debug/checkpoints/checkpoint_emin_5.pth
[INFO: 02/24/2026 11:12:55 PM] Removed previous best checkpoint: checkpoint_emin_4.pth
[INFO: 02/24/2026 11:12:55 PM] Epoch 5, Train Loss: 0.3153, Test Loss: 0.3326
[INFO: 02/24/2026 11:13:03 PM] TRAIN: Batch   50 | Speed: 1548.64 img/s | Loss: 0.2490
[INFO: 02/24/2026 11:13:11 PM] TRAIN: Batch  100 | Speed: 1639.46 img/s | Loss: 0.3551
[INFO: 02/24/2026 11:13:18 PM] TRAIN: Batch  150 | Speed: 1672.67 img/s | Loss: 0.3086
[INFO: 02/24/2026 11:13:25 PM] TRAIN: Batch  200 | Speed: 1689.92 img/s | Loss: 0.3023
[INFO: 02/24/2026 11:13:33 PM] TRAIN: Batch  250 | Speed: 1700.28 img/s | Loss: 0.2759
[INFO: 02/24/2026 11:13:40 PM] TRAIN: Batch  300 | Speed: 1707.35 img/s | Loss: 0.3246
[INFO: 02/24/2026 11:13:47 PM] TRAIN: Batch  350 | Speed: 1712.43 img/s | Loss: 0.3129
[INFO: 02/24/2026 11:13:55 PM] TRAIN: Batch  400 | Speed: 1716.26 img/s | Loss: 0.3008
[INFO: 02/24/2026 11:14:02 PM] TRAIN: Batch  450 | Speed: 1719.29 img/s | Loss: 0.3161
[INFO: 02/24/2026 11:14:09 PM] TRAIN: Batch  500 | Speed: 1721.75 img/s | Loss: 0.3253
[INFO: 02/24/2026 11:14:17 PM] TRAIN: Batch  550 | Speed: 1723.68 img/s | Loss: 0.2481
[INFO: 02/24/2026 11:14:24 PM] TRAIN: Batch  600 | Speed: 1725.32 img/s | Loss: 0.3113
[INFO: 02/24/2026 11:14:31 PM] TRAIN: Batch  650 | Speed: 1726.88 img/s | Loss: 0.3248
[INFO: 02/24/2026 11:14:39 PM] TRAIN: Batch  700 | Speed: 1728.38 img/s | Loss: 0.2874
[INFO: 02/24/2026 11:14:46 PM] TRAIN: Batch  750 | Speed: 1729.73 img/s | Loss: 0.3280
[INFO: 02/24/2026 11:14:53 PM] TEST: Batch   10 | Speed: 2214.31 img/s | Loss: 0.2917
[INFO: 02/24/2026 11:14:54 PM] TEST: Batch   20 | Speed: 3153.03 img/s | Loss: 0.2839
[INFO: 02/24/2026 11:14:54 PM] TEST: Batch   30 | Speed: 3593.77 img/s | Loss: 0.3480
[INFO: 02/24/2026 11:14:55 PM] TEST: Batch   40 | Speed: 3960.54 img/s | Loss: 0.3703
[INFO: 02/24/2026 11:14:55 PM] TEST: Batch   50 | Speed: 4234.35 img/s | Loss: 0.3205
[INFO: 02/24/2026 11:14:56 PM] TEST: Batch   60 | Speed: 4439.95 img/s | Loss: 0.2897
[INFO: 02/24/2026 11:14:56 PM] TEST: Batch   70 | Speed: 4528.50 img/s | Loss: 0.3699
[INFO: 02/24/2026 11:14:57 PM] TEST: Batch   80 | Speed: 4666.65 img/s | Loss: 0.3435
[INFO: 02/24/2026 11:14:57 PM] TEST: Batch   90 | Speed: 4701.23 img/s | Loss: 0.2987
[INFO: 02/24/2026 11:14:57 PM] Saving checkpoint at epoch min_6 in: experiments/exp_RNO_four_late_non_linear_merge_b-256_tr-793_lfn-MSELoss_opt-Adam_hiddenu-32_lr-0.001_lFactor-0.1_temporalRes-128_wkrs-pers12_preftch-12_kill_hu_debug/checkpoints/checkpoint_emin_6.pth
[INFO: 02/24/2026 11:14:58 PM] Removed previous best checkpoint: checkpoint_emin_5.pth
[INFO: 02/24/2026 11:14:58 PM] Epoch 6, Train Loss: 0.3029, Test Loss: 0.3210
[INFO: 02/24/2026 11:15:06 PM] TRAIN: Batch   50 | Speed: 1556.24 img/s | Loss: 0.2738
[INFO: 02/24/2026 11:15:13 PM] TRAIN: Batch  100 | Speed: 1643.65 img/s | Loss: 0.2977
[INFO: 02/24/2026 11:15:21 PM] TRAIN: Batch  150 | Speed: 1675.64 img/s | Loss: 0.2632
[INFO: 02/24/2026 11:15:28 PM] TRAIN: Batch  200 | Speed: 1691.80 img/s | Loss: 0.2784
[INFO: 02/24/2026 11:15:36 PM] TRAIN: Batch  250 | Speed: 1701.93 img/s | Loss: 0.2811
[INFO: 02/24/2026 11:15:43 PM] TRAIN: Batch  300 | Speed: 1708.72 img/s | Loss: 0.2704
[INFO: 02/24/2026 11:15:50 PM] TRAIN: Batch  350 | Speed: 1713.57 img/s | Loss: 0.3441
[INFO: 02/24/2026 11:15:58 PM] TRAIN: Batch  400 | Speed: 1717.32 img/s | Loss: 0.3330
[INFO: 02/24/2026 11:16:05 PM] TRAIN: Batch  450 | Speed: 1720.17 img/s | Loss: 0.2465
[INFO: 02/24/2026 11:16:12 PM] TRAIN: Batch  500 | Speed: 1722.50 img/s | Loss: 0.2849
[INFO: 02/24/2026 11:16:20 PM] TRAIN: Batch  550 | Speed: 1724.42 img/s | Loss: 0.3261
[INFO: 02/24/2026 11:16:27 PM] TRAIN: Batch  600 | Speed: 1725.95 img/s | Loss: 0.2637
[INFO: 02/24/2026 11:16:34 PM] TRAIN: Batch  650 | Speed: 1727.47 img/s | Loss: 0.2799
[INFO: 02/24/2026 11:16:42 PM] TRAIN: Batch  700 | Speed: 1728.91 img/s | Loss: 0.2924
[INFO: 02/24/2026 11:16:49 PM] TRAIN: Batch  750 | Speed: 1730.24 img/s | Loss: 0.3162
[INFO: 02/24/2026 11:16:56 PM] TEST: Batch   10 | Speed: 2341.48 img/s | Loss: 0.2896
[INFO: 02/24/2026 11:16:57 PM] TEST: Batch   20 | Speed: 3191.47 img/s | Loss: 0.3059
[INFO: 02/24/2026 11:16:57 PM] TEST: Batch   30 | Speed: 3661.56 img/s | Loss: 0.3516
[INFO: 02/24/2026 11:16:58 PM] TEST: Batch   40 | Speed: 3878.62 img/s | Loss: 0.3578
[INFO: 02/24/2026 11:16:58 PM] TEST: Batch   50 | Speed: 4158.95 img/s | Loss: 0.3433
[INFO: 02/24/2026 11:16:59 PM] TEST: Batch   60 | Speed: 4370.33 img/s | Loss: 0.2917
[INFO: 02/24/2026 11:16:59 PM] TEST: Batch   70 | Speed: 4447.64 img/s | Loss: 0.3609
[INFO: 02/24/2026 11:17:00 PM] TEST: Batch   80 | Speed: 4507.71 img/s | Loss: 0.3435
[INFO: 02/24/2026 11:17:00 PM] TEST: Batch   90 | Speed: 4582.24 img/s | Loss: 0.2999
[INFO: 02/24/2026 11:17:00 PM] Saving checkpoint at epoch min_7 in: experiments/exp_RNO_four_late_non_linear_merge_b-256_tr-793_lfn-MSELoss_opt-Adam_hiddenu-32_lr-0.001_lFactor-0.1_temporalRes-128_wkrs-pers12_preftch-12_kill_hu_debug/checkpoints/checkpoint_emin_7.pth
[INFO: 02/24/2026 11:17:01 PM] Removed previous best checkpoint: checkpoint_emin_6.pth
[INFO: 02/24/2026 11:17:01 PM] Epoch 7, Train Loss: 0.2963, Test Loss: 0.3197
[INFO: 02/24/2026 11:17:09 PM] TRAIN: Batch   50 | Speed: 1564.97 img/s | Loss: 0.3059
[INFO: 02/24/2026 11:17:17 PM] TRAIN: Batch  100 | Speed: 1648.71 img/s | Loss: 0.2340
[INFO: 02/24/2026 11:17:24 PM] TRAIN: Batch  150 | Speed: 1678.98 img/s | Loss: 0.3185
[INFO: 02/24/2026 11:17:31 PM] TRAIN: Batch  200 | Speed: 1694.87 img/s | Loss: 0.3182
[INFO: 02/24/2026 11:17:39 PM] TRAIN: Batch  250 | Speed: 1704.39 img/s | Loss: 0.2953
[INFO: 02/24/2026 11:17:46 PM] TRAIN: Batch  300 | Speed: 1710.77 img/s | Loss: 0.2651
[INFO: 02/24/2026 11:17:53 PM] TRAIN: Batch  350 | Speed: 1715.30 img/s | Loss: 0.2491
[INFO: 02/24/2026 11:18:01 PM] TRAIN: Batch  400 | Speed: 1718.75 img/s | Loss: 0.3126
[INFO: 02/24/2026 11:18:08 PM] TRAIN: Batch  450 | Speed: 1721.47 img/s | Loss: 0.2834
[INFO: 02/24/2026 11:18:15 PM] TRAIN: Batch  500 | Speed: 1723.56 img/s | Loss: 0.2950
[INFO: 02/24/2026 11:18:23 PM] TRAIN: Batch  550 | Speed: 1725.36 img/s | Loss: 0.2874
[INFO: 02/24/2026 11:18:30 PM] TRAIN: Batch  600 | Speed: 1726.85 img/s | Loss: 0.3237
[INFO: 02/24/2026 11:18:37 PM] TRAIN: Batch  650 | Speed: 1728.12 img/s | Loss: 0.3019
[INFO: 02/24/2026 11:18:45 PM] TRAIN: Batch  700 | Speed: 1729.53 img/s | Loss: 0.2956
[INFO: 02/24/2026 11:18:52 PM] TRAIN: Batch  750 | Speed: 1730.75 img/s | Loss: 0.3180
[INFO: 02/24/2026 11:18:59 PM] TEST: Batch   10 | Speed: 2498.04 img/s | Loss: 0.3003
[INFO: 02/24/2026 11:19:00 PM] TEST: Batch   20 | Speed: 3280.63 img/s | Loss: 0.2997
[INFO: 02/24/2026 11:19:00 PM] TEST: Batch   30 | Speed: 3742.12 img/s | Loss: 0.3529
[INFO: 02/24/2026 11:19:01 PM] TEST: Batch   40 | Speed: 3993.07 img/s | Loss: 0.3687
[INFO: 02/24/2026 11:19:01 PM] TEST: Batch   50 | Speed: 4100.37 img/s | Loss: 0.3177
[INFO: 02/24/2026 11:19:02 PM] TEST: Batch   60 | Speed: 4316.66 img/s | Loss: 0.2920
[INFO: 02/24/2026 11:19:02 PM] TEST: Batch   70 | Speed: 4487.53 img/s | Loss: 0.3568
[INFO: 02/24/2026 11:19:03 PM] TEST: Batch   80 | Speed: 4601.36 img/s | Loss: 0.3372
[INFO: 02/24/2026 11:19:03 PM] TEST: Batch   90 | Speed: 4719.95 img/s | Loss: 0.3046
[INFO: 02/24/2026 11:19:03 PM] Saving checkpoint at epoch min_8 in: experiments/exp_RNO_four_late_non_linear_merge_b-256_tr-793_lfn-MSELoss_opt-Adam_hiddenu-32_lr-0.001_lFactor-0.1_temporalRes-128_wkrs-pers12_preftch-12_kill_hu_debug/checkpoints/checkpoint_emin_8.pth
[INFO: 02/24/2026 11:19:04 PM] Removed previous best checkpoint: checkpoint_emin_7.pth
[INFO: 02/24/2026 11:19:04 PM] Epoch 8, Train Loss: 0.2902, Test Loss: 0.3165
[INFO: 02/24/2026 11:19:12 PM] TRAIN: Batch   50 | Speed: 1552.71 img/s | Loss: 0.3161
[INFO: 02/24/2026 11:19:20 PM] TRAIN: Batch  100 | Speed: 1641.68 img/s | Loss: 0.2566
[INFO: 02/24/2026 11:19:27 PM] TRAIN: Batch  150 | Speed: 1674.22 img/s | Loss: 0.3002
[INFO: 02/24/2026 11:19:34 PM] TRAIN: Batch  200 | Speed: 1691.08 img/s | Loss: 0.2868
[INFO: 02/24/2026 11:19:42 PM] TRAIN: Batch  250 | Speed: 1701.39 img/s | Loss: 0.3143
[INFO: 02/24/2026 11:19:49 PM] TRAIN: Batch  300 | Speed: 1708.27 img/s | Loss: 0.2674
[INFO: 02/24/2026 11:19:56 PM] TRAIN: Batch  350 | Speed: 1713.30 img/s | Loss: 0.2821
[INFO: 02/24/2026 11:20:04 PM] TRAIN: Batch  400 | Speed: 1717.03 img/s | Loss: 0.2986
[INFO: 02/24/2026 11:20:11 PM] TRAIN: Batch  450 | Speed: 1720.05 img/s | Loss: 0.3246
[INFO: 02/24/2026 11:20:18 PM] TRAIN: Batch  500 | Speed: 1722.44 img/s | Loss: 0.2863
[INFO: 02/24/2026 11:20:26 PM] TRAIN: Batch  550 | Speed: 1724.40 img/s | Loss: 0.2972
[INFO: 02/24/2026 11:20:33 PM] TRAIN: Batch  600 | Speed: 1726.02 img/s | Loss: 0.3042
[INFO: 02/24/2026 11:20:40 PM] TRAIN: Batch  650 | Speed: 1727.46 img/s | Loss: 0.3330
[INFO: 02/24/2026 11:20:48 PM] TRAIN: Batch  700 | Speed: 1729.00 img/s | Loss: 0.3191
[INFO: 02/24/2026 11:20:55 PM] TRAIN: Batch  750 | Speed: 1730.28 img/s | Loss: 0.2787
[INFO: 02/24/2026 11:21:02 PM] TEST: Batch   10 | Speed: 2531.04 img/s | Loss: 0.2897
[INFO: 02/24/2026 11:21:03 PM] TEST: Batch   20 | Speed: 3229.52 img/s | Loss: 0.2851
[INFO: 02/24/2026 11:21:03 PM] TEST: Batch   30 | Speed: 3656.51 img/s | Loss: 0.3452
[INFO: 02/24/2026 11:21:04 PM] TEST: Batch   40 | Speed: 3928.56 img/s | Loss: 0.3607
[INFO: 02/24/2026 11:21:04 PM] TEST: Batch   50 | Speed: 4205.01 img/s | Loss: 0.3316
[INFO: 02/24/2026 11:21:05 PM] TEST: Batch   60 | Speed: 4413.59 img/s | Loss: 0.2904
[INFO: 02/24/2026 11:21:05 PM] TEST: Batch   70 | Speed: 4537.09 img/s | Loss: 0.3531
[INFO: 02/24/2026 11:21:05 PM] TEST: Batch   80 | Speed: 4649.31 img/s | Loss: 0.3284
[INFO: 02/24/2026 11:21:06 PM] TEST: Batch   90 | Speed: 4672.64 img/s | Loss: 0.3103
[INFO: 02/24/2026 11:21:06 PM] Saving checkpoint at epoch min_9 in: experiments/exp_RNO_four_late_non_linear_merge_b-256_tr-793_lfn-MSELoss_opt-Adam_hiddenu-32_lr-0.001_lFactor-0.1_temporalRes-128_wkrs-pers12_preftch-12_kill_hu_debug/checkpoints/checkpoint_emin_9.pth
[INFO: 02/24/2026 11:21:07 PM] Removed previous best checkpoint: checkpoint_emin_8.pth
[INFO: 02/24/2026 11:21:07 PM] Epoch 9, Train Loss: 0.2842, Test Loss: 0.3125
[INFO: 02/24/2026 11:21:15 PM] TRAIN: Batch   50 | Speed: 1536.41 img/s | Loss: 0.2700
[INFO: 02/24/2026 11:21:23 PM] TRAIN: Batch  100 | Speed: 1632.46 img/s | Loss: 0.2373
[INFO: 02/24/2026 11:21:30 PM] TRAIN: Batch  150 | Speed: 1667.61 img/s | Loss: 0.2455
[INFO: 02/24/2026 11:21:37 PM] TRAIN: Batch  200 | Speed: 1685.90 img/s | Loss: 0.3104
[INFO: 02/24/2026 11:21:45 PM] TRAIN: Batch  250 | Speed: 1697.05 img/s | Loss: 0.2946
[INFO: 02/24/2026 11:21:52 PM] TRAIN: Batch  300 | Speed: 1704.62 img/s | Loss: 0.2734
[INFO: 02/24/2026 11:21:59 PM] TRAIN: Batch  350 | Speed: 1710.05 img/s | Loss: 0.2786
[INFO: 02/24/2026 11:22:07 PM] TRAIN: Batch  400 | Speed: 1714.19 img/s | Loss: 0.2486
[INFO: 02/24/2026 11:22:14 PM] TRAIN: Batch  450 | Speed: 1717.45 img/s | Loss: 0.3199
[INFO: 02/24/2026 11:22:21 PM] TRAIN: Batch  500 | Speed: 1720.11 img/s | Loss: 0.2540
[INFO: 02/24/2026 11:22:29 PM] TRAIN: Batch  550 | Speed: 1722.24 img/s | Loss: 0.2657
[INFO: 02/24/2026 11:22:36 PM] TRAIN: Batch  600 | Speed: 1724.02 img/s | Loss: 0.2967
[INFO: 02/24/2026 11:22:43 PM] TRAIN: Batch  650 | Speed: 1725.60 img/s | Loss: 0.2932
[INFO: 02/24/2026 11:22:51 PM] TRAIN: Batch  700 | Speed: 1727.24 img/s | Loss: 0.2846
[INFO: 02/24/2026 11:22:58 PM] TRAIN: Batch  750 | Speed: 1728.68 img/s | Loss: 0.2774
[INFO: 02/24/2026 11:23:05 PM] TEST: Batch   10 | Speed: 2292.86 img/s | Loss: 0.2810
[INFO: 02/24/2026 11:23:06 PM] TEST: Batch   20 | Speed: 3211.18 img/s | Loss: 0.2804
[INFO: 02/24/2026 11:23:06 PM] TEST: Batch   30 | Speed: 3646.31 img/s | Loss: 0.3440
[INFO: 02/24/2026 11:23:07 PM] TEST: Batch   40 | Speed: 3994.32 img/s | Loss: 0.3455
[INFO: 02/24/2026 11:23:07 PM] TEST: Batch   50 | Speed: 4265.41 img/s | Loss: 0.3177
[INFO: 02/24/2026 11:23:08 PM] TEST: Batch   60 | Speed: 4468.87 img/s | Loss: 0.2870
[INFO: 02/24/2026 11:23:08 PM] TEST: Batch   70 | Speed: 4627.18 img/s | Loss: 0.3534
[INFO: 02/24/2026 11:23:09 PM] TEST: Batch   80 | Speed: 4758.36 img/s | Loss: 0.3262
[INFO: 02/24/2026 11:23:09 PM] TEST: Batch   90 | Speed: 4866.40 img/s | Loss: 0.3018
[INFO: 02/24/2026 11:23:09 PM] Saving checkpoint at epoch min_10 in: experiments/exp_RNO_four_late_non_linear_merge_b-256_tr-793_lfn-MSELoss_opt-Adam_hiddenu-32_lr-0.001_lFactor-0.1_temporalRes-128_wkrs-pers12_preftch-12_kill_hu_debug/checkpoints/checkpoint_emin_10.pth
[INFO: 02/24/2026 11:23:10 PM] Removed previous best checkpoint: checkpoint_emin_9.pth
[INFO: 02/24/2026 11:23:10 PM] Epoch 10, Train Loss: 0.2788, Test Loss: 0.3107
[INFO: 02/24/2026 11:23:18 PM] TRAIN: Batch   50 | Speed: 1550.87 img/s | Loss: 0.3293
[INFO: 02/24/2026 11:23:25 PM] TRAIN: Batch  100 | Speed: 1640.14 img/s | Loss: 0.2779
[INFO: 02/24/2026 11:23:33 PM] TRAIN: Batch  150 | Speed: 1672.91 img/s | Loss: 0.2599
[INFO: 02/24/2026 11:23:40 PM] TRAIN: Batch  200 | Speed: 1690.00 img/s | Loss: 0.2749
[INFO: 02/24/2026 11:23:47 PM] TRAIN: Batch  250 | Speed: 1700.51 img/s | Loss: 0.2499
[INFO: 02/24/2026 11:23:55 PM] TRAIN: Batch  300 | Speed: 1707.46 img/s | Loss: 0.2959
[INFO: 02/24/2026 11:24:02 PM] TRAIN: Batch  350 | Speed: 1712.47 img/s | Loss: 0.2634
[INFO: 02/24/2026 11:24:09 PM] TRAIN: Batch  400 | Speed: 1716.13 img/s | Loss: 0.2452
[INFO: 02/24/2026 11:24:17 PM] TRAIN: Batch  450 | Speed: 1718.96 img/s | Loss: 0.2688
[INFO: 02/24/2026 11:24:24 PM] TRAIN: Batch  500 | Speed: 1721.33 img/s | Loss: 0.3027
[INFO: 02/24/2026 11:24:32 PM] TRAIN: Batch  550 | Speed: 1723.32 img/s | Loss: 0.2803
[INFO: 02/24/2026 11:24:39 PM] TRAIN: Batch  600 | Speed: 1724.95 img/s | Loss: 0.2246
[INFO: 02/24/2026 11:24:46 PM] TRAIN: Batch  650 | Speed: 1726.55 img/s | Loss: 0.2608
[INFO: 02/24/2026 11:24:54 PM] TRAIN: Batch  700 | Speed: 1728.06 img/s | Loss: 0.2664
[INFO: 02/24/2026 11:25:01 PM] TRAIN: Batch  750 | Speed: 1729.45 img/s | Loss: 0.3052
[INFO: 02/24/2026 11:25:08 PM] TEST: Batch   10 | Speed: 2460.47 img/s | Loss: 0.2830
[INFO: 02/24/2026 11:25:09 PM] TEST: Batch   20 | Speed: 3033.28 img/s | Loss: 0.3032
[INFO: 02/24/2026 11:25:09 PM] TEST: Batch   30 | Speed: 3500.80 img/s | Loss: 0.3630
[INFO: 02/24/2026 11:25:10 PM] TEST: Batch   40 | Speed: 3803.55 img/s | Loss: 0.3563
[INFO: 02/24/2026 11:25:10 PM] TEST: Batch   50 | Speed: 4081.32 img/s | Loss: 0.3231
[INFO: 02/24/2026 11:25:11 PM] TEST: Batch   60 | Speed: 4298.70 img/s | Loss: 0.2929
[INFO: 02/24/2026 11:25:11 PM] TEST: Batch   70 | Speed: 4470.29 img/s | Loss: 0.3621
[INFO: 02/24/2026 11:25:11 PM] TEST: Batch   80 | Speed: 4612.53 img/s | Loss: 0.3386
[INFO: 02/24/2026 11:25:12 PM] TEST: Batch   90 | Speed: 4730.40 img/s | Loss: 0.3012
[INFO: 02/24/2026 11:25:12 PM] Epoch 11, Train Loss: 0.2744, Test Loss: 0.3190
[INFO: 02/24/2026 11:25:21 PM] TRAIN: Batch   50 | Speed: 1532.82 img/s | Loss: 0.3089
[INFO: 02/24/2026 11:25:28 PM] TRAIN: Batch  100 | Speed: 1630.55 img/s | Loss: 0.2484
[INFO: 02/24/2026 11:25:35 PM] TRAIN: Batch  150 | Speed: 1666.64 img/s | Loss: 0.2490
[INFO: 02/24/2026 11:25:43 PM] TRAIN: Batch  200 | Speed: 1685.29 img/s | Loss: 0.3021
[INFO: 02/24/2026 11:25:50 PM] TRAIN: Batch  250 | Speed: 1696.70 img/s | Loss: 0.3006
[INFO: 02/24/2026 11:25:57 PM] TRAIN: Batch  300 | Speed: 1704.45 img/s | Loss: 0.3178
[INFO: 02/24/2026 11:26:05 PM] TRAIN: Batch  350 | Speed: 1709.98 img/s | Loss: 0.3031
[INFO: 02/24/2026 11:26:12 PM] TRAIN: Batch  400 | Speed: 1714.21 img/s | Loss: 0.2875
[INFO: 02/24/2026 11:26:19 PM] TRAIN: Batch  450 | Speed: 1717.51 img/s | Loss: 0.2313
[INFO: 02/24/2026 11:26:27 PM] TRAIN: Batch  500 | Speed: 1720.11 img/s | Loss: 0.2717
[INFO: 02/24/2026 11:26:34 PM] TRAIN: Batch  550 | Speed: 1722.27 img/s | Loss: 0.2828
[INFO: 02/24/2026 11:26:41 PM] TRAIN: Batch  600 | Speed: 1724.08 img/s | Loss: 0.2387
[INFO: 02/24/2026 11:26:49 PM] TRAIN: Batch  650 | Speed: 1725.77 img/s | Loss: 0.2902
[INFO: 02/24/2026 11:26:56 PM] TRAIN: Batch  700 | Speed: 1727.38 img/s | Loss: 0.2625
[INFO: 02/24/2026 11:27:03 PM] TRAIN: Batch  750 | Speed: 1728.80 img/s | Loss: 0.2537
[INFO: 02/24/2026 11:27:11 PM] TEST: Batch   10 | Speed: 2472.12 img/s | Loss: 0.2725
[INFO: 02/24/2026 11:27:11 PM] TEST: Batch   20 | Speed: 3381.61 img/s | Loss: 0.2710
[INFO: 02/24/2026 11:27:12 PM] TEST: Batch   30 | Speed: 3922.09 img/s | Loss: 0.3419
[INFO: 02/24/2026 11:27:12 PM] TEST: Batch   40 | Speed: 4174.38 img/s | Loss: 0.3523
[INFO: 02/24/2026 11:27:13 PM] TEST: Batch   50 | Speed: 4428.30 img/s | Loss: 0.3346
[INFO: 02/24/2026 11:27:13 PM] TEST: Batch   60 | Speed: 4590.51 img/s | Loss: 0.2923
[INFO: 02/24/2026 11:27:14 PM] TEST: Batch   70 | Speed: 4613.79 img/s | Loss: 0.3491
[INFO: 02/24/2026 11:27:14 PM] TEST: Batch   80 | Speed: 4652.94 img/s | Loss: 0.3367
[INFO: 02/24/2026 11:27:15 PM] TEST: Batch   90 | Speed: 4673.74 img/s | Loss: 0.3112
[INFO: 02/24/2026 11:27:15 PM] Epoch 12, Train Loss: 0.2693, Test Loss: 0.3114
[INFO: 02/24/2026 11:27:23 PM] TRAIN: Batch   50 | Speed: 1568.53 img/s | Loss: 0.2499
[INFO: 02/24/2026 11:27:31 PM] TRAIN: Batch  100 | Speed: 1650.83 img/s | Loss: 0.2956
[INFO: 02/24/2026 11:27:38 PM] TRAIN: Batch  150 | Speed: 1680.44 img/s | Loss: 0.3117
[INFO: 02/24/2026 11:27:45 PM] TRAIN: Batch  200 | Speed: 1695.75 img/s | Loss: 0.2645
[INFO: 02/24/2026 11:27:53 PM] TRAIN: Batch  250 | Speed: 1704.99 img/s | Loss: 0.2683
[INFO: 02/24/2026 11:28:00 PM] TRAIN: Batch  300 | Speed: 1711.41 img/s | Loss: 0.3020
[INFO: 02/24/2026 11:28:07 PM] TRAIN: Batch  350 | Speed: 1716.03 img/s | Loss: 0.2761
[INFO: 02/24/2026 11:28:15 PM] TRAIN: Batch  400 | Speed: 1719.46 img/s | Loss: 0.2763
[INFO: 02/24/2026 11:28:22 PM] TRAIN: Batch  450 | Speed: 1722.14 img/s | Loss: 0.2494
[INFO: 02/24/2026 11:28:29 PM] TRAIN: Batch  500 | Speed: 1724.26 img/s | Loss: 0.2526
[INFO: 02/24/2026 11:28:37 PM] TRAIN: Batch  550 | Speed: 1726.02 img/s | Loss: 0.2683
[INFO: 02/24/2026 11:28:44 PM] TRAIN: Batch  600 | Speed: 1727.54 img/s | Loss: 0.3054
[INFO: 02/24/2026 11:28:51 PM] TRAIN: Batch  650 | Speed: 1728.84 img/s | Loss: 0.2823
[INFO: 02/24/2026 11:28:59 PM] TRAIN: Batch  700 | Speed: 1730.27 img/s | Loss: 0.2631
[INFO: 02/24/2026 11:29:06 PM] TRAIN: Batch  750 | Speed: 1731.44 img/s | Loss: 0.2936
[INFO: 02/24/2026 11:29:13 PM] TEST: Batch   10 | Speed: 2810.46 img/s | Loss: 0.2823
[INFO: 02/24/2026 11:29:14 PM] TEST: Batch   20 | Speed: 3585.81 img/s | Loss: 0.2853
[INFO: 02/24/2026 11:29:14 PM] TEST: Batch   30 | Speed: 3989.20 img/s | Loss: 0.3645
[INFO: 02/24/2026 11:29:15 PM] TEST: Batch   40 | Speed: 4273.93 img/s | Loss: 0.3535
[INFO: 02/24/2026 11:29:15 PM] TEST: Batch   50 | Speed: 4446.14 img/s | Loss: 0.3251
[INFO: 02/24/2026 11:29:16 PM] TEST: Batch   60 | Speed: 4623.89 img/s | Loss: 0.2959
[INFO: 02/24/2026 11:29:16 PM] TEST: Batch   70 | Speed: 4655.18 img/s | Loss: 0.3534
[INFO: 02/24/2026 11:29:17 PM] TEST: Batch   80 | Speed: 4758.08 img/s | Loss: 0.3331
[INFO: 02/24/2026 11:29:17 PM] TEST: Batch   90 | Speed: 4863.49 img/s | Loss: 0.3044
[INFO: 02/24/2026 11:29:17 PM] Saving checkpoint at epoch min_13 in: experiments/exp_RNO_four_late_non_linear_merge_b-256_tr-793_lfn-MSELoss_opt-Adam_hiddenu-32_lr-0.001_lFactor-0.1_temporalRes-128_wkrs-pers12_preftch-12_kill_hu_debug/checkpoints/checkpoint_emin_13.pth
[INFO: 02/24/2026 11:29:18 PM] Removed previous best checkpoint: checkpoint_emin_10.pth
[INFO: 02/24/2026 11:29:18 PM] Epoch 13, Train Loss: 0.2654, Test Loss: 0.3102
[INFO: 02/24/2026 11:29:26 PM] TRAIN: Batch   50 | Speed: 1569.12 img/s | Loss: 0.2342
[INFO: 02/24/2026 11:29:33 PM] TRAIN: Batch  100 | Speed: 1651.15 img/s | Loss: 0.2356
[INFO: 02/24/2026 11:29:41 PM] TRAIN: Batch  150 | Speed: 1680.69 img/s | Loss: 0.2270
[INFO: 02/24/2026 11:29:48 PM] TRAIN: Batch  200 | Speed: 1696.07 img/s | Loss: 0.2726
[INFO: 02/24/2026 11:29:55 PM] TRAIN: Batch  250 | Speed: 1705.39 img/s | Loss: 0.2704
[INFO: 02/24/2026 11:30:03 PM] TRAIN: Batch  300 | Speed: 1711.66 img/s | Loss: 0.2624
[INFO: 02/24/2026 11:30:10 PM] TRAIN: Batch  350 | Speed: 1716.20 img/s | Loss: 0.2139
[INFO: 02/24/2026 11:30:17 PM] TRAIN: Batch  400 | Speed: 1719.53 img/s | Loss: 0.2969
[INFO: 02/24/2026 11:30:25 PM] TRAIN: Batch  450 | Speed: 1722.22 img/s | Loss: 0.3023
[INFO: 02/24/2026 11:30:32 PM] TRAIN: Batch  500 | Speed: 1724.36 img/s | Loss: 0.2904
[INFO: 02/24/2026 11:30:39 PM] TRAIN: Batch  550 | Speed: 1726.02 img/s | Loss: 0.2292
[INFO: 02/24/2026 11:30:47 PM] TRAIN: Batch  600 | Speed: 1727.48 img/s | Loss: 0.2241
[INFO: 02/24/2026 11:30:54 PM] TRAIN: Batch  650 | Speed: 1728.78 img/s | Loss: 0.2728
[INFO: 02/24/2026 11:31:01 PM] TRAIN: Batch  700 | Speed: 1730.22 img/s | Loss: 0.2472
[INFO: 02/24/2026 11:31:09 PM] TRAIN: Batch  750 | Speed: 1731.46 img/s | Loss: 0.2871
[INFO: 02/24/2026 11:31:16 PM] TEST: Batch   10 | Speed: 2772.49 img/s | Loss: 0.2963
[INFO: 02/24/2026 11:31:16 PM] TEST: Batch   20 | Speed: 3478.65 img/s | Loss: 0.2746
[INFO: 02/24/2026 11:31:17 PM] TEST: Batch   30 | Speed: 3891.24 img/s | Loss: 0.3539
[INFO: 02/24/2026 11:31:17 PM] TEST: Batch   40 | Speed: 4170.06 img/s | Loss: 0.3400
[INFO: 02/24/2026 11:31:18 PM] TEST: Batch   50 | Speed: 4395.00 img/s | Loss: 0.3293
[INFO: 02/24/2026 11:31:18 PM] TEST: Batch   60 | Speed: 4587.14 img/s | Loss: 0.2755
[INFO: 02/24/2026 11:31:19 PM] TEST: Batch   70 | Speed: 4641.43 img/s | Loss: 0.3654
[INFO: 02/24/2026 11:31:19 PM] TEST: Batch   80 | Speed: 4741.65 img/s | Loss: 0.3318
[INFO: 02/24/2026 11:31:20 PM] TEST: Batch   90 | Speed: 4851.07 img/s | Loss: 0.3095
[INFO: 02/24/2026 11:31:20 PM] Epoch 14, Train Loss: 0.2623, Test Loss: 0.3149
[INFO: 02/24/2026 11:31:29 PM] TRAIN: Batch   50 | Speed: 1542.81 img/s | Loss: 0.2123
[INFO: 02/24/2026 11:31:36 PM] TRAIN: Batch  100 | Speed: 1636.32 img/s | Loss: 0.2562
[INFO: 02/24/2026 11:31:43 PM] TRAIN: Batch  150 | Speed: 1670.50 img/s | Loss: 0.2587
[INFO: 02/24/2026 11:31:51 PM] TRAIN: Batch  200 | Speed: 1688.12 img/s | Loss: 0.2256
[INFO: 02/24/2026 11:31:58 PM] TRAIN: Batch  250 | Speed: 1699.00 img/s | Loss: 0.2357
[INFO: 02/24/2026 11:32:05 PM] TRAIN: Batch  300 | Speed: 1706.15 img/s | Loss: 0.2677
[INFO: 02/24/2026 11:32:13 PM] TRAIN: Batch  350 | Speed: 1711.45 img/s | Loss: 0.2478
[INFO: 02/24/2026 11:32:20 PM] TRAIN: Batch  400 | Speed: 1715.47 img/s | Loss: 0.2884
[INFO: 02/24/2026 11:32:27 PM] TRAIN: Batch  450 | Speed: 1718.55 img/s | Loss: 0.2395
[INFO: 02/24/2026 11:32:35 PM] TRAIN: Batch  500 | Speed: 1721.08 img/s | Loss: 0.2586
[INFO: 02/24/2026 11:32:42 PM] TRAIN: Batch  550 | Speed: 1723.07 img/s | Loss: 0.2775
[INFO: 02/24/2026 11:32:49 PM] TRAIN: Batch  600 | Speed: 1724.78 img/s | Loss: 0.2731
[INFO: 02/24/2026 11:32:57 PM] TRAIN: Batch  650 | Speed: 1726.39 img/s | Loss: 0.2737
[INFO: 02/24/2026 11:33:04 PM] TRAIN: Batch  700 | Speed: 1727.98 img/s | Loss: 0.2898
[INFO: 02/24/2026 11:33:11 PM] TRAIN: Batch  750 | Speed: 1729.38 img/s | Loss: 0.2891
[INFO: 02/24/2026 11:33:18 PM] TEST: Batch   10 | Speed: 2599.99 img/s | Loss: 0.2810
[INFO: 02/24/2026 11:33:19 PM] TEST: Batch   20 | Speed: 3413.36 img/s | Loss: 0.2829
[INFO: 02/24/2026 11:33:19 PM] TEST: Batch   30 | Speed: 3848.36 img/s | Loss: 0.3471
[INFO: 02/24/2026 11:33:20 PM] TEST: Batch   40 | Speed: 4205.97 img/s | Loss: 0.3515
[INFO: 02/24/2026 11:33:20 PM] TEST: Batch   50 | Speed: 4358.75 img/s | Loss: 0.3207
[INFO: 02/24/2026 11:33:21 PM] TEST: Batch   60 | Speed: 4554.99 img/s | Loss: 0.2890
[INFO: 02/24/2026 11:33:21 PM] TEST: Batch   70 | Speed: 4582.95 img/s | Loss: 0.3587
[INFO: 02/24/2026 11:33:22 PM] TEST: Batch   80 | Speed: 4717.80 img/s | Loss: 0.3213
[INFO: 02/24/2026 11:33:22 PM] TEST: Batch   90 | Speed: 4826.23 img/s | Loss: 0.3024
[INFO: 02/24/2026 11:33:23 PM] Epoch 15, Train Loss: 0.2594, Test Loss: 0.3107
[INFO: 02/24/2026 11:33:31 PM] TRAIN: Batch   50 | Speed: 1569.37 img/s | Loss: 0.2499
[INFO: 02/24/2026 11:33:38 PM] TRAIN: Batch  100 | Speed: 1651.41 img/s | Loss: 0.2522
[INFO: 02/24/2026 11:33:46 PM] TRAIN: Batch  150 | Speed: 1681.46 img/s | Loss: 0.2944
[INFO: 02/24/2026 11:33:53 PM] TRAIN: Batch  200 | Speed: 1696.82 img/s | Loss: 0.2489
[INFO: 02/24/2026 11:34:00 PM] TRAIN: Batch  250 | Speed: 1706.24 img/s | Loss: 0.2770
[INFO: 02/24/2026 11:34:08 PM] TRAIN: Batch  300 | Speed: 1712.40 img/s | Loss: 0.2494
[INFO: 02/24/2026 11:34:15 PM] TRAIN: Batch  350 | Speed: 1716.99 img/s | Loss: 0.2551
[INFO: 02/24/2026 11:34:22 PM] TRAIN: Batch  400 | Speed: 1720.43 img/s | Loss: 0.2740
[INFO: 02/24/2026 11:34:30 PM] TRAIN: Batch  450 | Speed: 1722.97 img/s | Loss: 0.2546
[INFO: 02/24/2026 11:34:37 PM] TRAIN: Batch  500 | Speed: 1725.04 img/s | Loss: 0.2482
[INFO: 02/24/2026 11:34:44 PM] TRAIN: Batch  550 | Speed: 1726.72 img/s | Loss: 0.2322
[INFO: 02/24/2026 11:34:52 PM] TRAIN: Batch  600 | Speed: 1728.08 img/s | Loss: 0.2572
[INFO: 02/24/2026 11:34:59 PM] TRAIN: Batch  650 | Speed: 1729.36 img/s | Loss: 0.2774
[INFO: 02/24/2026 11:35:06 PM] TRAIN: Batch  700 | Speed: 1730.61 img/s | Loss: 0.2868
[INFO: 02/24/2026 11:35:14 PM] TRAIN: Batch  750 | Speed: 1731.76 img/s | Loss: 0.2828
[INFO: 02/24/2026 11:35:21 PM] TEST: Batch   10 | Speed: 2720.62 img/s | Loss: 0.2856
[INFO: 02/24/2026 11:35:21 PM] TEST: Batch   20 | Speed: 3503.38 img/s | Loss: 0.2847
[INFO: 02/24/2026 11:35:22 PM] TEST: Batch   30 | Speed: 3816.18 img/s | Loss: 0.3520
[INFO: 02/24/2026 11:35:23 PM] TEST: Batch   40 | Speed: 3971.23 img/s | Loss: 0.3377
[INFO: 02/24/2026 11:35:23 PM] TEST: Batch   50 | Speed: 4097.36 img/s | Loss: 0.3279
[INFO: 02/24/2026 11:35:24 PM] TEST: Batch   60 | Speed: 4231.20 img/s | Loss: 0.2789
[INFO: 02/24/2026 11:35:24 PM] TEST: Batch   70 | Speed: 4407.08 img/s | Loss: 0.3645
[INFO: 02/24/2026 11:35:24 PM] TEST: Batch   80 | Speed: 4552.74 img/s | Loss: 0.3233
[INFO: 02/24/2026 11:35:25 PM] TEST: Batch   90 | Speed: 4674.44 img/s | Loss: 0.2988
[INFO: 02/24/2026 11:35:25 PM] Saving checkpoint at epoch min_16 in: experiments/exp_RNO_four_late_non_linear_merge_b-256_tr-793_lfn-MSELoss_opt-Adam_hiddenu-32_lr-0.001_lFactor-0.1_temporalRes-128_wkrs-pers12_preftch-12_kill_hu_debug/checkpoints/checkpoint_emin_16.pth
[INFO: 02/24/2026 11:35:26 PM] Removed previous best checkpoint: checkpoint_emin_13.pth
[INFO: 02/24/2026 11:35:26 PM] Epoch 16, Train Loss: 0.2546, Test Loss: 0.3082
[INFO: 02/24/2026 11:35:34 PM] TRAIN: Batch   50 | Speed: 1579.60 img/s | Loss: 0.2644
[INFO: 02/24/2026 11:35:41 PM] TRAIN: Batch  100 | Speed: 1656.92 img/s | Loss: 0.2597
[INFO: 02/24/2026 11:35:49 PM] TRAIN: Batch  150 | Speed: 1685.00 img/s | Loss: 0.2448
[INFO: 02/24/2026 11:35:56 PM] TRAIN: Batch  200 | Speed: 1699.36 img/s | Loss: 0.2535
[INFO: 02/24/2026 11:36:03 PM] TRAIN: Batch  250 | Speed: 1708.04 img/s | Loss: 0.2647
[INFO: 02/24/2026 11:36:11 PM] TRAIN: Batch  300 | Speed: 1713.94 img/s | Loss: 0.2198
[INFO: 02/24/2026 11:36:18 PM] TRAIN: Batch  350 | Speed: 1718.16 img/s | Loss: 0.2506
[INFO: 02/24/2026 11:36:25 PM] TRAIN: Batch  400 | Speed: 1721.39 img/s | Loss: 0.3016
[INFO: 02/24/2026 11:36:33 PM] TRAIN: Batch  450 | Speed: 1723.78 img/s | Loss: 0.2257
[INFO: 02/24/2026 11:36:40 PM] TRAIN: Batch  500 | Speed: 1725.77 img/s | Loss: 0.2298
[INFO: 02/24/2026 11:36:47 PM] TRAIN: Batch  550 | Speed: 1727.45 img/s | Loss: 0.2610
[INFO: 02/24/2026 11:36:55 PM] TRAIN: Batch  600 | Speed: 1728.81 img/s | Loss: 0.2426
[INFO: 02/24/2026 11:37:02 PM] TRAIN: Batch  650 | Speed: 1730.10 img/s | Loss: 0.2631
[INFO: 02/24/2026 11:37:09 PM] TRAIN: Batch  700 | Speed: 1731.44 img/s | Loss: 0.2826
[INFO: 02/24/2026 11:37:17 PM] TRAIN: Batch  750 | Speed: 1732.57 img/s | Loss: 0.2888
[INFO: 02/24/2026 11:37:24 PM] TEST: Batch   10 | Speed: 2828.82 img/s | Loss: 0.2821
[INFO: 02/24/2026 11:37:24 PM] TEST: Batch   20 | Speed: 3511.08 img/s | Loss: 0.2803
[INFO: 02/24/2026 11:37:25 PM] TEST: Batch   30 | Speed: 3840.54 img/s | Loss: 0.3429
[INFO: 02/24/2026 11:37:25 PM] TEST: Batch   40 | Speed: 4108.78 img/s | Loss: 0.3355
[INFO: 02/24/2026 11:37:26 PM] TEST: Batch   50 | Speed: 4288.55 img/s | Loss: 0.3285
[INFO: 02/24/2026 11:37:26 PM] TEST: Batch   60 | Speed: 4490.33 img/s | Loss: 0.2825
[INFO: 02/24/2026 11:37:27 PM] TEST: Batch   70 | Speed: 4549.11 img/s | Loss: 0.3672
[INFO: 02/24/2026 11:37:27 PM] TEST: Batch   80 | Speed: 4686.37 img/s | Loss: 0.3185
[INFO: 02/24/2026 11:37:28 PM] TEST: Batch   90 | Speed: 4799.51 img/s | Loss: 0.3077
[INFO: 02/24/2026 11:37:28 PM] Epoch 17, Train Loss: 0.2523, Test Loss: 0.3121
[INFO: 02/24/2026 11:37:36 PM] TRAIN: Batch   50 | Speed: 1562.84 img/s | Loss: 0.2322
[INFO: 02/24/2026 11:37:44 PM] TRAIN: Batch  100 | Speed: 1647.79 img/s | Loss: 0.2171
[INFO: 02/24/2026 11:37:51 PM] TRAIN: Batch  150 | Speed: 1678.50 img/s | Loss: 0.2366
[INFO: 02/24/2026 11:37:58 PM] TRAIN: Batch  200 | Speed: 1694.36 img/s | Loss: 0.2588
[INFO: 02/24/2026 11:38:06 PM] TRAIN: Batch  250 | Speed: 1704.05 img/s | Loss: 0.2636
[INFO: 02/24/2026 11:38:13 PM] TRAIN: Batch  300 | Speed: 1710.54 img/s | Loss: 0.2186
[INFO: 02/24/2026 11:38:20 PM] TRAIN: Batch  350 | Speed: 1715.25 img/s | Loss: 0.2293
[INFO: 02/24/2026 11:38:28 PM] TRAIN: Batch  400 | Speed: 1718.71 img/s | Loss: 0.2594
[INFO: 02/24/2026 11:38:35 PM] TRAIN: Batch  450 | Speed: 1721.58 img/s | Loss: 0.2097
[INFO: 02/24/2026 11:38:42 PM] TRAIN: Batch  500 | Speed: 1723.81 img/s | Loss: 0.2483
[INFO: 02/24/2026 11:38:50 PM] TRAIN: Batch  550 | Speed: 1725.62 img/s | Loss: 0.2435
[INFO: 02/24/2026 11:38:57 PM] TRAIN: Batch  600 | Speed: 1727.17 img/s | Loss: 0.2599
[INFO: 02/24/2026 11:39:04 PM] TRAIN: Batch  650 | Speed: 1728.55 img/s | Loss: 0.2365
[INFO: 02/24/2026 11:39:12 PM] TRAIN: Batch  700 | Speed: 1730.00 img/s | Loss: 0.2394
[INFO: 02/24/2026 11:39:19 PM] TRAIN: Batch  750 | Speed: 1731.23 img/s | Loss: 0.2585
[INFO: 02/24/2026 11:39:26 PM] TEST: Batch   10 | Speed: 2787.09 img/s | Loss: 0.2831
[INFO: 02/24/2026 11:39:27 PM] TEST: Batch   20 | Speed: 3386.06 img/s | Loss: 0.2924
[INFO: 02/24/2026 11:39:27 PM] TEST: Batch   30 | Speed: 3792.54 img/s | Loss: 0.3545
[INFO: 02/24/2026 11:39:28 PM] TEST: Batch   40 | Speed: 4101.43 img/s | Loss: 0.3603
[INFO: 02/24/2026 11:39:28 PM] TEST: Batch   50 | Speed: 4303.15 img/s | Loss: 0.3271
[INFO: 02/24/2026 11:39:29 PM] TEST: Batch   60 | Speed: 4503.70 img/s | Loss: 0.2916
[INFO: 02/24/2026 11:39:29 PM] TEST: Batch   70 | Speed: 4572.06 img/s | Loss: 0.3577
[INFO: 02/24/2026 11:39:30 PM] TEST: Batch   80 | Speed: 4673.46 img/s | Loss: 0.3213
[INFO: 02/24/2026 11:39:30 PM] TEST: Batch   90 | Speed: 4787.05 img/s | Loss: 0.3151
[INFO: 02/24/2026 11:39:30 PM] Epoch 18, Train Loss: 0.2474, Test Loss: 0.3102
[INFO: 02/24/2026 11:39:39 PM] TRAIN: Batch   50 | Speed: 1576.30 img/s | Loss: 0.2506
[INFO: 02/24/2026 11:39:46 PM] TRAIN: Batch  100 | Speed: 1655.42 img/s | Loss: 0.1975
[INFO: 02/24/2026 11:39:53 PM] TRAIN: Batch  150 | Speed: 1683.81 img/s | Loss: 0.2416
[INFO: 02/24/2026 11:40:01 PM] TRAIN: Batch  200 | Speed: 1698.45 img/s | Loss: 0.2562
[INFO: 02/24/2026 11:40:08 PM] TRAIN: Batch  250 | Speed: 1707.44 img/s | Loss: 0.2626
[INFO: 02/24/2026 11:40:15 PM] TRAIN: Batch  300 | Speed: 1713.37 img/s | Loss: 0.2619
[INFO: 02/24/2026 11:40:23 PM] TRAIN: Batch  350 | Speed: 1717.69 img/s | Loss: 0.2574
[INFO: 02/24/2026 11:40:30 PM] TRAIN: Batch  400 | Speed: 1720.92 img/s | Loss: 0.2590
[INFO: 02/24/2026 11:40:37 PM] TRAIN: Batch  450 | Speed: 1723.51 img/s | Loss: 0.2632
[INFO: 02/24/2026 11:40:45 PM] TRAIN: Batch  500 | Speed: 1725.62 img/s | Loss: 0.2331
[INFO: 02/24/2026 11:40:52 PM] TRAIN: Batch  550 | Speed: 1727.24 img/s | Loss: 0.2090
[INFO: 02/24/2026 11:40:59 PM] TRAIN: Batch  600 | Speed: 1728.65 img/s | Loss: 0.2760
[INFO: 02/24/2026 11:41:07 PM] TRAIN: Batch  650 | Speed: 1729.97 img/s | Loss: 0.2292
[INFO: 02/24/2026 11:41:14 PM] TRAIN: Batch  700 | Speed: 1731.33 img/s | Loss: 0.2315
[INFO: 02/24/2026 11:41:21 PM] TRAIN: Batch  750 | Speed: 1732.51 img/s | Loss: 0.2195
[INFO: 02/24/2026 11:41:29 PM] TEST: Batch   10 | Speed: 2585.46 img/s | Loss: 0.2848
[INFO: 02/24/2026 11:41:29 PM] TEST: Batch   20 | Speed: 3279.09 img/s | Loss: 0.2740
[INFO: 02/24/2026 11:41:30 PM] TEST: Batch   30 | Speed: 3800.13 img/s | Loss: 0.3504
[INFO: 02/24/2026 11:41:30 PM] TEST: Batch   40 | Speed: 4131.24 img/s | Loss: 0.3486
[INFO: 02/24/2026 11:41:31 PM] TEST: Batch   50 | Speed: 4364.47 img/s | Loss: 0.3274
[INFO: 02/24/2026 11:41:31 PM] TEST: Batch   60 | Speed: 4560.18 img/s | Loss: 0.2984
[INFO: 02/24/2026 11:41:31 PM] TEST: Batch   70 | Speed: 4712.53 img/s | Loss: 0.3443
[INFO: 02/24/2026 11:41:32 PM] TEST: Batch   80 | Speed: 4837.82 img/s | Loss: 0.3388
[INFO: 02/24/2026 11:41:32 PM] TEST: Batch   90 | Speed: 4940.23 img/s | Loss: 0.3030
[INFO: 02/24/2026 11:41:33 PM] Epoch 19, Train Loss: 0.2457, Test Loss: 0.3120
[INFO: 02/24/2026 11:41:41 PM] TRAIN: Batch   50 | Speed: 1565.93 img/s | Loss: 0.2408
[INFO: 02/24/2026 11:41:48 PM] TRAIN: Batch  100 | Speed: 1648.77 img/s | Loss: 0.2320
[INFO: 02/24/2026 11:41:56 PM] TRAIN: Batch  150 | Speed: 1679.00 img/s | Loss: 0.2349
[INFO: 02/24/2026 11:42:03 PM] TRAIN: Batch  200 | Speed: 1694.52 img/s | Loss: 0.2222
[INFO: 02/24/2026 11:42:10 PM] TRAIN: Batch  250 | Speed: 1704.08 img/s | Loss: 0.2592
[INFO: 02/24/2026 11:42:18 PM] TRAIN: Batch  300 | Speed: 1710.45 img/s | Loss: 0.2231
[INFO: 02/24/2026 11:42:25 PM] TRAIN: Batch  350 | Speed: 1715.02 img/s | Loss: 0.2403
[INFO: 02/24/2026 11:42:32 PM] TRAIN: Batch  400 | Speed: 1718.49 img/s | Loss: 0.2178
[INFO: 02/24/2026 11:42:40 PM] TRAIN: Batch  450 | Speed: 1721.16 img/s | Loss: 0.2639
[INFO: 02/24/2026 11:42:47 PM] TRAIN: Batch  500 | Speed: 1723.31 img/s | Loss: 0.2189
[INFO: 02/24/2026 11:42:54 PM] TRAIN: Batch  550 | Speed: 1725.05 img/s | Loss: 0.2572
[INFO: 02/24/2026 11:43:02 PM] TRAIN: Batch  600 | Speed: 1726.58 img/s | Loss: 0.2100
[INFO: 02/24/2026 11:43:09 PM] TRAIN: Batch  650 | Speed: 1728.02 img/s | Loss: 0.2607
[INFO: 02/24/2026 11:43:16 PM] TRAIN: Batch  700 | Speed: 1729.37 img/s | Loss: 0.2528
[INFO: 02/24/2026 11:43:24 PM] TRAIN: Batch  750 | Speed: 1730.64 img/s | Loss: 0.2618
[INFO: 02/24/2026 11:43:31 PM] TEST: Batch   10 | Speed: 2221.04 img/s | Loss: 0.2890
[INFO: 02/24/2026 11:43:32 PM] TEST: Batch   20 | Speed: 2980.15 img/s | Loss: 0.2825
[INFO: 02/24/2026 11:43:32 PM] TEST: Batch   30 | Speed: 3534.50 img/s | Loss: 0.3665
[INFO: 02/24/2026 11:43:33 PM] TEST: Batch   40 | Speed: 3879.30 img/s | Loss: 0.3512
[INFO: 02/24/2026 11:43:33 PM] TEST: Batch   50 | Speed: 4126.47 img/s | Loss: 0.3325
[INFO: 02/24/2026 11:43:33 PM] TEST: Batch   60 | Speed: 4341.22 img/s | Loss: 0.3032
[INFO: 02/24/2026 11:43:34 PM] TEST: Batch   70 | Speed: 4510.64 img/s | Loss: 0.3512
[INFO: 02/24/2026 11:43:34 PM] TEST: Batch   80 | Speed: 4650.46 img/s | Loss: 0.3296
[INFO: 02/24/2026 11:43:35 PM] TEST: Batch   90 | Speed: 4766.13 img/s | Loss: 0.2977
[INFO: 02/24/2026 11:43:35 PM] Epoch 20, Train Loss: 0.2429, Test Loss: 0.3114
[INFO: 02/24/2026 11:43:44 PM] TRAIN: Batch   50 | Speed: 1537.89 img/s | Loss: 0.2384
[INFO: 02/24/2026 11:43:51 PM] TRAIN: Batch  100 | Speed: 1633.33 img/s | Loss: 0.2673
[INFO: 02/24/2026 11:43:58 PM] TRAIN: Batch  150 | Speed: 1668.34 img/s | Loss: 0.2418
[INFO: 02/24/2026 11:44:06 PM] TRAIN: Batch  200 | Speed: 1686.47 img/s | Loss: 0.2655
[INFO: 02/24/2026 11:44:13 PM] TRAIN: Batch  250 | Speed: 1697.63 img/s | Loss: 0.2469
[INFO: 02/24/2026 11:44:20 PM] TRAIN: Batch  300 | Speed: 1705.10 img/s | Loss: 0.2321
[INFO: 02/24/2026 11:44:28 PM] TRAIN: Batch  350 | Speed: 1710.42 img/s | Loss: 0.2353
[INFO: 02/24/2026 11:44:35 PM] TRAIN: Batch  400 | Speed: 1714.61 img/s | Loss: 0.2657
[INFO: 02/24/2026 11:44:42 PM] TRAIN: Batch  450 | Speed: 1717.84 img/s | Loss: 0.2126
[INFO: 02/24/2026 11:44:50 PM] TRAIN: Batch  500 | Speed: 1720.44 img/s | Loss: 0.2571
[INFO: 02/24/2026 11:44:57 PM] TRAIN: Batch  550 | Speed: 1722.58 img/s | Loss: 0.2367
[INFO: 02/24/2026 11:45:04 PM] TRAIN: Batch  600 | Speed: 1724.35 img/s | Loss: 0.2595
[INFO: 02/24/2026 11:45:12 PM] TRAIN: Batch  650 | Speed: 1726.02 img/s | Loss: 0.2445
[INFO: 02/24/2026 11:45:19 PM] TRAIN: Batch  700 | Speed: 1727.57 img/s | Loss: 0.2782
[INFO: 02/24/2026 11:45:26 PM] TRAIN: Batch  750 | Speed: 1728.94 img/s | Loss: 0.1963
[INFO: 02/24/2026 11:45:34 PM] TEST: Batch   10 | Speed: 2545.37 img/s | Loss: 0.2902
[INFO: 02/24/2026 11:45:34 PM] TEST: Batch   20 | Speed: 3287.33 img/s | Loss: 0.2784
[INFO: 02/24/2026 11:45:35 PM] TEST: Batch   30 | Speed: 3764.57 img/s | Loss: 0.3604
[INFO: 02/24/2026 11:45:35 PM] TEST: Batch   40 | Speed: 3958.92 img/s | Loss: 0.3573
[INFO: 02/24/2026 11:45:36 PM] TEST: Batch   50 | Speed: 4207.46 img/s | Loss: 0.3385
[INFO: 02/24/2026 11:45:36 PM] TEST: Batch   60 | Speed: 4315.84 img/s | Loss: 0.2881
[INFO: 02/24/2026 11:45:37 PM] TEST: Batch   70 | Speed: 4419.42 img/s | Loss: 0.3640
[INFO: 02/24/2026 11:45:37 PM] TEST: Batch   80 | Speed: 4411.21 img/s | Loss: 0.3295
[INFO: 02/24/2026 11:45:38 PM] TEST: Batch   90 | Speed: 4540.39 img/s | Loss: 0.2913
[INFO: 02/24/2026 11:45:38 PM] Epoch 21, Train Loss: 0.2391, Test Loss: 0.3167
[INFO: 02/24/2026 11:45:46 PM] TRAIN: Batch   50 | Speed: 1556.36 img/s | Loss: 0.2149
[INFO: 02/24/2026 11:45:54 PM] TRAIN: Batch  100 | Speed: 1643.84 img/s | Loss: 0.2188
[INFO: 02/24/2026 11:46:01 PM] TRAIN: Batch  150 | Speed: 1675.59 img/s | Loss: 0.2169
[INFO: 02/24/2026 11:46:08 PM] TRAIN: Batch  200 | Speed: 1692.23 img/s | Loss: 0.2649
[INFO: 02/24/2026 11:46:16 PM] TRAIN: Batch  250 | Speed: 1702.22 img/s | Loss: 0.2669
[INFO: 02/24/2026 11:46:23 PM] TRAIN: Batch  300 | Speed: 1709.01 img/s | Loss: 0.2229
[INFO: 02/24/2026 11:46:30 PM] TRAIN: Batch  350 | Speed: 1713.91 img/s | Loss: 0.2064
[INFO: 02/24/2026 11:46:38 PM] TRAIN: Batch  400 | Speed: 1717.56 img/s | Loss: 0.2283
[INFO: 02/24/2026 11:46:45 PM] TRAIN: Batch  450 | Speed: 1720.43 img/s | Loss: 0.2117
[INFO: 02/24/2026 11:46:52 PM] TRAIN: Batch  500 | Speed: 1722.74 img/s | Loss: 0.2605
[INFO: 02/24/2026 11:47:00 PM] TRAIN: Batch  550 | Speed: 1724.66 img/s | Loss: 0.2720
[INFO: 02/24/2026 11:47:07 PM] TRAIN: Batch  600 | Speed: 1726.25 img/s | Loss: 0.2360
[INFO: 02/24/2026 11:47:14 PM] TRAIN: Batch  650 | Speed: 1727.68 img/s | Loss: 0.2187
[INFO: 02/24/2026 11:47:22 PM] TRAIN: Batch  700 | Speed: 1729.18 img/s | Loss: 0.2064
[INFO: 02/24/2026 11:47:29 PM] TRAIN: Batch  750 | Speed: 1730.43 img/s | Loss: 0.2419
[INFO: 02/24/2026 11:47:36 PM] TEST: Batch   10 | Speed: 2436.76 img/s | Loss: 0.2851
[INFO: 02/24/2026 11:47:37 PM] TEST: Batch   20 | Speed: 3361.17 img/s | Loss: 0.2897
[INFO: 02/24/2026 11:47:37 PM] TEST: Batch   30 | Speed: 3887.13 img/s | Loss: 0.3523
[INFO: 02/24/2026 11:47:38 PM] TEST: Batch   40 | Speed: 4190.64 img/s | Loss: 0.3592
[INFO: 02/24/2026 11:47:38 PM] TEST: Batch   50 | Speed: 4441.90 img/s | Loss: 0.3177
[INFO: 02/24/2026 11:47:39 PM] TEST: Batch   60 | Speed: 4538.57 img/s | Loss: 0.2845
[INFO: 02/24/2026 11:47:39 PM] TEST: Batch   70 | Speed: 4692.04 img/s | Loss: 0.3689
[INFO: 02/24/2026 11:47:40 PM] TEST: Batch   80 | Speed: 4818.84 img/s | Loss: 0.3269
[INFO: 02/24/2026 11:47:40 PM] TEST: Batch   90 | Speed: 4922.52 img/s | Loss: 0.3154
[INFO: 02/24/2026 11:47:40 PM] Epoch 22, Train Loss: 0.2368, Test Loss: 0.3135
[INFO: 02/24/2026 11:47:49 PM] TRAIN: Batch   50 | Speed: 1540.87 img/s | Loss: 0.2501
[INFO: 02/24/2026 11:47:56 PM] TRAIN: Batch  100 | Speed: 1635.01 img/s | Loss: 0.2018
[INFO: 02/24/2026 11:48:04 PM] TRAIN: Batch  150 | Speed: 1669.34 img/s | Loss: 0.2542
[INFO: 02/24/2026 11:48:11 PM] TRAIN: Batch  200 | Speed: 1687.23 img/s | Loss: 0.2722
[INFO: 02/24/2026 11:48:18 PM] TRAIN: Batch  250 | Speed: 1698.19 img/s | Loss: 0.2532
[INFO: 02/24/2026 11:48:26 PM] TRAIN: Batch  300 | Speed: 1705.50 img/s | Loss: 0.2115
[INFO: 02/24/2026 11:48:33 PM] TRAIN: Batch  350 | Speed: 1710.80 img/s | Loss: 0.2065
[INFO: 02/24/2026 11:48:40 PM] TRAIN: Batch  400 | Speed: 1714.80 img/s | Loss: 0.2174
[INFO: 02/24/2026 11:48:48 PM] TRAIN: Batch  450 | Speed: 1717.96 img/s | Loss: 0.2227
[INFO: 02/24/2026 11:48:55 PM] TRAIN: Batch  500 | Speed: 1720.42 img/s | Loss: 0.2175
[INFO: 02/24/2026 11:49:02 PM] TRAIN: Batch  550 | Speed: 1722.46 img/s | Loss: 0.2282
[INFO: 02/24/2026 11:49:10 PM] TRAIN: Batch  600 | Speed: 1724.18 img/s | Loss: 0.2374
[INFO: 02/24/2026 11:49:17 PM] TRAIN: Batch  650 | Speed: 1725.71 img/s | Loss: 0.2121
[INFO: 02/24/2026 11:49:24 PM] TRAIN: Batch  700 | Speed: 1727.29 img/s | Loss: 0.2183
[INFO: 02/24/2026 11:49:32 PM] TRAIN: Batch  750 | Speed: 1728.66 img/s | Loss: 0.2481
[INFO: 02/24/2026 11:49:39 PM] TEST: Batch   10 | Speed: 2480.02 img/s | Loss: 0.2736
[INFO: 02/24/2026 11:49:39 PM] TEST: Batch   20 | Speed: 3293.12 img/s | Loss: 0.2763
[INFO: 02/24/2026 11:49:40 PM] TEST: Batch   30 | Speed: 3842.31 img/s | Loss: 0.3530
[INFO: 02/24/2026 11:49:40 PM] TEST: Batch   40 | Speed: 4200.25 img/s | Loss: 0.3298
[INFO: 02/24/2026 11:49:41 PM] TEST: Batch   50 | Speed: 4449.20 img/s | Loss: 0.3246
[INFO: 02/24/2026 11:49:41 PM] TEST: Batch   60 | Speed: 4637.36 img/s | Loss: 0.2928
[INFO: 02/24/2026 11:49:42 PM] TEST: Batch   70 | Speed: 4657.72 img/s | Loss: 0.3540
[INFO: 02/24/2026 11:49:42 PM] TEST: Batch   80 | Speed: 4787.00 img/s | Loss: 0.3231
[INFO: 02/24/2026 11:49:42 PM] TEST: Batch   90 | Speed: 4893.24 img/s | Loss: 0.3041
[INFO: 02/24/2026 11:49:43 PM] Saving checkpoint at epoch min_23 in: experiments/exp_RNO_four_late_non_linear_merge_b-256_tr-793_lfn-MSELoss_opt-Adam_hiddenu-32_lr-0.001_lFactor-0.1_temporalRes-128_wkrs-pers12_preftch-12_kill_hu_debug/checkpoints/checkpoint_emin_23.pth
[INFO: 02/24/2026 11:49:43 PM] Removed previous best checkpoint: checkpoint_emin_16.pth
[INFO: 02/24/2026 11:49:43 PM] Epoch 23, Train Loss: 0.2352, Test Loss: 0.3081
[INFO: 02/24/2026 11:49:52 PM] TRAIN: Batch   50 | Speed: 1560.84 img/s | Loss: 0.2464
[INFO: 02/24/2026 11:49:59 PM] TRAIN: Batch  100 | Speed: 1646.42 img/s | Loss: 0.1984
[INFO: 02/24/2026 11:50:06 PM] TRAIN: Batch  150 | Speed: 1677.54 img/s | Loss: 0.2542
[INFO: 02/24/2026 11:50:14 PM] TRAIN: Batch  200 | Speed: 1693.65 img/s | Loss: 0.2392
[INFO: 02/24/2026 11:50:21 PM] TRAIN: Batch  250 | Speed: 1703.43 img/s | Loss: 0.2440
[INFO: 02/24/2026 11:50:28 PM] TRAIN: Batch  300 | Speed: 1709.94 img/s | Loss: 0.2083
[INFO: 02/24/2026 11:50:36 PM] TRAIN: Batch  350 | Speed: 1714.77 img/s | Loss: 0.2243
[INFO: 02/24/2026 11:50:43 PM] TRAIN: Batch  400 | Speed: 1718.40 img/s | Loss: 0.2473
[INFO: 02/24/2026 11:50:50 PM] TRAIN: Batch  450 | Speed: 1721.07 img/s | Loss: 0.1874
[INFO: 02/24/2026 11:50:58 PM] TRAIN: Batch  500 | Speed: 1723.34 img/s | Loss: 0.2621
[INFO: 02/24/2026 11:51:05 PM] TRAIN: Batch  550 | Speed: 1725.18 img/s | Loss: 0.2773
[INFO: 02/24/2026 11:51:12 PM] TRAIN: Batch  600 | Speed: 1726.78 img/s | Loss: 0.2294
[INFO: 02/24/2026 11:51:20 PM] TRAIN: Batch  650 | Speed: 1728.20 img/s | Loss: 0.2349
[INFO: 02/24/2026 11:51:27 PM] TRAIN: Batch  700 | Speed: 1729.64 img/s | Loss: 0.1993
[INFO: 02/24/2026 11:51:34 PM] TRAIN: Batch  750 | Speed: 1730.93 img/s | Loss: 0.2503
[INFO: 02/24/2026 11:51:43 PM] TEST: Batch   10 | Speed: 1286.81 img/s | Loss: 0.2702
[INFO: 02/24/2026 11:51:43 PM] TEST: Batch   20 | Speed: 2050.14 img/s | Loss: 0.2886
[INFO: 02/24/2026 11:51:43 PM] TEST: Batch   30 | Speed: 2597.76 img/s | Loss: 0.3645
[INFO: 02/24/2026 11:51:44 PM] TEST: Batch   40 | Speed: 3009.05 img/s | Loss: 0.3539
[INFO: 02/24/2026 11:51:44 PM] TEST: Batch   50 | Speed: 3329.46 img/s | Loss: 0.3381
[INFO: 02/24/2026 11:51:45 PM] TEST: Batch   60 | Speed: 3586.12 img/s | Loss: 0.2985
[INFO: 02/24/2026 11:51:45 PM] TEST: Batch   70 | Speed: 3796.65 img/s | Loss: 0.3653
[INFO: 02/24/2026 11:51:46 PM] TEST: Batch   80 | Speed: 3974.63 img/s | Loss: 0.3432
[INFO: 02/24/2026 11:51:46 PM] TEST: Batch   90 | Speed: 4125.97 img/s | Loss: 0.3016
[INFO: 02/24/2026 11:51:46 PM] Epoch 24, Train Loss: 0.2313, Test Loss: 0.3163
[INFO: 02/24/2026 11:51:55 PM] TRAIN: Batch   50 | Speed: 1570.27 img/s | Loss: 0.2388
[INFO: 02/24/2026 11:52:02 PM] TRAIN: Batch  100 | Speed: 1651.45 img/s | Loss: 0.2126
[INFO: 02/24/2026 11:52:09 PM] TRAIN: Batch  150 | Speed: 1681.09 img/s | Loss: 0.2446
[INFO: 02/24/2026 11:52:17 PM] TRAIN: Batch  200 | Speed: 1696.31 img/s | Loss: 0.2317
[INFO: 02/24/2026 11:52:24 PM] TRAIN: Batch  250 | Speed: 1705.68 img/s | Loss: 0.2357
[INFO: 02/24/2026 11:52:31 PM] TRAIN: Batch  300 | Speed: 1711.91 img/s | Loss: 0.2295
[INFO: 02/24/2026 11:52:39 PM] TRAIN: Batch  350 | Speed: 1716.31 img/s | Loss: 0.2095
[INFO: 02/24/2026 11:52:46 PM] TRAIN: Batch  400 | Speed: 1719.76 img/s | Loss: 0.2242
[INFO: 02/24/2026 11:52:53 PM] TRAIN: Batch  450 | Speed: 1722.39 img/s | Loss: 0.2225
[INFO: 02/24/2026 11:53:01 PM] TRAIN: Batch  500 | Speed: 1724.54 img/s | Loss: 0.2315
[INFO: 02/24/2026 11:53:08 PM] TRAIN: Batch  550 | Speed: 1726.31 img/s | Loss: 0.2283
[INFO: 02/24/2026 11:53:15 PM] TRAIN: Batch  600 | Speed: 1727.75 img/s | Loss: 0.2098
[INFO: 02/24/2026 11:53:23 PM] TRAIN: Batch  650 | Speed: 1729.13 img/s | Loss: 0.2399
[INFO: 02/24/2026 11:53:30 PM] TRAIN: Batch  700 | Speed: 1730.50 img/s | Loss: 0.2563
[INFO: 02/24/2026 11:53:37 PM] TRAIN: Batch  750 | Speed: 1731.73 img/s | Loss: 0.2522
[INFO: 02/24/2026 11:53:45 PM] TEST: Batch   10 | Speed: 2690.10 img/s | Loss: 0.2740
[INFO: 02/24/2026 11:53:45 PM] TEST: Batch   20 | Speed: 3133.20 img/s | Loss: 0.2723
[INFO: 02/24/2026 11:53:46 PM] TEST: Batch   30 | Speed: 3585.51 img/s | Loss: 0.3462
[INFO: 02/24/2026 11:53:46 PM] TEST: Batch   40 | Speed: 3882.20 img/s | Loss: 0.3442
[INFO: 02/24/2026 11:53:47 PM] TEST: Batch   50 | Speed: 4120.96 img/s | Loss: 0.3231
[INFO: 02/24/2026 11:53:47 PM] TEST: Batch   60 | Speed: 4335.65 img/s | Loss: 0.2830
[INFO: 02/24/2026 11:53:48 PM] TEST: Batch   70 | Speed: 4505.55 img/s | Loss: 0.3512
[INFO: 02/24/2026 11:53:48 PM] TEST: Batch   80 | Speed: 4645.82 img/s | Loss: 0.3326
[INFO: 02/24/2026 11:53:49 PM] TEST: Batch   90 | Speed: 4761.52 img/s | Loss: 0.3100
[INFO: 02/24/2026 11:53:49 PM] Epoch 25, Train Loss: 0.2299, Test Loss: 0.3105
[INFO: 02/24/2026 11:53:57 PM] TRAIN: Batch   50 | Speed: 1560.93 img/s | Loss: 0.2202
[INFO: 02/24/2026 11:54:05 PM] TRAIN: Batch  100 | Speed: 1646.38 img/s | Loss: 0.2001
[INFO: 02/24/2026 11:54:12 PM] TRAIN: Batch  150 | Speed: 1677.42 img/s | Loss: 0.2228
[INFO: 02/24/2026 11:54:19 PM] TRAIN: Batch  200 | Speed: 1693.60 img/s | Loss: 0.2266
[INFO: 02/24/2026 11:54:27 PM] TRAIN: Batch  250 | Speed: 1703.37 img/s | Loss: 0.1943
[INFO: 02/24/2026 11:54:34 PM] TRAIN: Batch  300 | Speed: 1710.00 img/s | Loss: 0.2122
[INFO: 02/24/2026 11:54:41 PM] TRAIN: Batch  350 | Speed: 1714.68 img/s | Loss: 0.2283
[INFO: 02/24/2026 11:54:49 PM] TRAIN: Batch  400 | Speed: 1718.30 img/s | Loss: 0.2247
[INFO: 02/24/2026 11:54:56 PM] TRAIN: Batch  450 | Speed: 1721.14 img/s | Loss: 0.2644
[INFO: 02/24/2026 11:55:03 PM] TRAIN: Batch  500 | Speed: 1723.38 img/s | Loss: 0.2308
[INFO: 02/24/2026 11:55:11 PM] TRAIN: Batch  550 | Speed: 1725.21 img/s | Loss: 0.2261
[INFO: 02/24/2026 11:55:18 PM] TRAIN: Batch  600 | Speed: 1726.72 img/s | Loss: 0.2732
[INFO: 02/24/2026 11:55:25 PM] TRAIN: Batch  650 | Speed: 1728.16 img/s | Loss: 0.2605
[INFO: 02/24/2026 11:55:33 PM] TRAIN: Batch  700 | Speed: 1729.63 img/s | Loss: 0.2060
[INFO: 02/24/2026 11:55:40 PM] TRAIN: Batch  750 | Speed: 1730.87 img/s | Loss: 0.2700
[INFO: 02/24/2026 11:55:47 PM] TEST: Batch   10 | Speed: 2569.90 img/s | Loss: 0.2884
[INFO: 02/24/2026 11:55:48 PM] TEST: Batch   20 | Speed: 3474.98 img/s | Loss: 0.2805
[INFO: 02/24/2026 11:55:48 PM] TEST: Batch   30 | Speed: 3718.08 img/s | Loss: 0.3710
[INFO: 02/24/2026 11:55:49 PM] TEST: Batch   40 | Speed: 4060.06 img/s | Loss: 0.3604
[INFO: 02/24/2026 11:55:49 PM] TEST: Batch   50 | Speed: 4298.86 img/s | Loss: 0.3330
[INFO: 02/24/2026 11:55:50 PM] TEST: Batch   60 | Speed: 4499.90 img/s | Loss: 0.2875
[INFO: 02/24/2026 11:55:50 PM] TEST: Batch   70 | Speed: 4657.34 img/s | Loss: 0.3565
[INFO: 02/24/2026 11:55:50 PM] TEST: Batch   80 | Speed: 4786.03 img/s | Loss: 0.3403
[INFO: 02/24/2026 11:55:51 PM] TEST: Batch   90 | Speed: 4891.62 img/s | Loss: 0.3112
[INFO: 02/24/2026 11:55:51 PM] Epoch 26, Train Loss: 0.2273, Test Loss: 0.3206
[INFO: 02/24/2026 11:56:00 PM] TRAIN: Batch   50 | Speed: 1518.30 img/s | Loss: 0.2273
[INFO: 02/24/2026 11:56:02 PM] Saving checkpoint at epoch 26 in: experiments/exp_RNO_four_late_non_linear_merge_b-256_tr-793_lfn-MSELoss_opt-Adam_hiddenu-32_lr-0.001_lFactor-0.1_temporalRes-128_wkrs-pers12_preftch-12_kill_hu_debug/checkpoints/checkpoint_e26.pth
[INFO: 02/24/2026 11:56:03 PM] Code exited on epoch: 26 and a checkpoint was created in experiments/exp_RNO_four_late_non_linear_merge_b-256_tr-793_lfn-MSELoss_opt-Adam_hiddenu-32_lr-0.001_lFactor-0.1_temporalRes-128_wkrs-pers12_preftch-12_kill_hu_debug/checkpoints
