[INFO: 02/25/2026 12:24:55 AM] Starting experiment: exp_RNO_four_late_non_linear_merge_b-256_tr-793_lfn-MSELoss_opt-Adam_hiddenu-32_lr-0.001_leak-0.1_tempRes-256_dpout-0.3_debug
[INFO: 02/25/2026 12:24:55 AM] Device: cuda:1
[INFO: 02/25/2026 12:24:55 AM] PyTorch version: 2.8.0+cu128
[INFO: 02/25/2026 12:24:55 AM] Model: RNO_four_late_non_linear_merge
[INFO: 02/25/2026 12:24:55 AM] Optimizer: Adam
[INFO: 02/25/2026 12:24:55 AM] Loss function: MSELoss
[INFO: 02/25/2026 12:24:59 AM] Saving checkpoint at epoch 0 in: experiments/exp_RNO_four_late_non_linear_merge_b-256_tr-793_lfn-MSELoss_opt-Adam_hiddenu-32_lr-0.001_leak-0.1_tempRes-256_dpout-0.3_debug/checkpoints/checkpoint_e0.pth
[INFO: 02/25/2026 12:25:29 AM] TRAIN: Batch   50 | Speed:  437.63 img/s | Loss: 0.7687
[INFO: 02/25/2026 12:25:37 AM] TRAIN: Batch  100 | Speed:  694.31 img/s | Loss: 0.7292
[INFO: 02/25/2026 12:25:44 AM] TRAIN: Batch  150 | Speed:  865.77 img/s | Loss: 0.7674
[INFO: 02/25/2026 12:25:52 AM] TRAIN: Batch  200 | Speed:  988.50 img/s | Loss: 0.6540
[INFO: 02/25/2026 12:25:59 AM] TRAIN: Batch  250 | Speed: 1080.69 img/s | Loss: 0.5854
[INFO: 02/25/2026 12:26:06 AM] TRAIN: Batch  300 | Speed: 1152.35 img/s | Loss: 0.5991
[INFO: 02/25/2026 12:26:14 AM] TRAIN: Batch  350 | Speed: 1209.82 img/s | Loss: 0.5378
[INFO: 02/25/2026 12:26:21 AM] TRAIN: Batch  400 | Speed: 1256.74 img/s | Loss: 0.4785
[INFO: 02/25/2026 12:26:29 AM] TRAIN: Batch  450 | Speed: 1295.93 img/s | Loss: 0.5074
[INFO: 02/25/2026 12:26:36 AM] TRAIN: Batch  500 | Speed: 1329.15 img/s | Loss: 0.4944
[INFO: 02/25/2026 12:26:43 AM] TRAIN: Batch  550 | Speed: 1357.57 img/s | Loss: 0.5172
[INFO: 02/25/2026 12:26:51 AM] TRAIN: Batch  600 | Speed: 1382.19 img/s | Loss: 0.5186
[INFO: 02/25/2026 12:26:58 AM] TRAIN: Batch  650 | Speed: 1403.67 img/s | Loss: 0.4876
[INFO: 02/25/2026 12:27:06 AM] TRAIN: Batch  700 | Speed: 1422.87 img/s | Loss: 0.5070
[INFO: 02/25/2026 12:27:13 AM] TRAIN: Batch  750 | Speed: 1439.91 img/s | Loss: 0.4788
[INFO: 02/25/2026 12:27:21 AM] TEST: Batch   10 | Speed: 1300.29 img/s | Loss: 0.7534
[INFO: 02/25/2026 12:27:22 AM] TEST: Batch   20 | Speed: 2067.03 img/s | Loss: 0.7447
[INFO: 02/25/2026 12:27:22 AM] TEST: Batch   30 | Speed: 2613.92 img/s | Loss: 0.7714
[INFO: 02/25/2026 12:27:23 AM] TEST: Batch   40 | Speed: 3022.08 img/s | Loss: 0.8109
[INFO: 02/25/2026 12:27:23 AM] TEST: Batch   50 | Speed: 3339.26 img/s | Loss: 0.7601
[INFO: 02/25/2026 12:27:24 AM] TEST: Batch   60 | Speed: 3593.09 img/s | Loss: 0.7782
[INFO: 02/25/2026 12:27:24 AM] TEST: Batch   70 | Speed: 3801.08 img/s | Loss: 0.7691
[INFO: 02/25/2026 12:27:25 AM] TEST: Batch   80 | Speed: 3976.98 img/s | Loss: 0.7966
[INFO: 02/25/2026 12:27:25 AM] TEST: Batch   90 | Speed: 4119.81 img/s | Loss: 0.7740
[INFO: 02/25/2026 12:27:27 AM] Saving checkpoint at epoch min_0 in: experiments/exp_RNO_four_late_non_linear_merge_b-256_tr-793_lfn-MSELoss_opt-Adam_hiddenu-32_lr-0.001_leak-0.1_tempRes-256_dpout-0.3_debug/checkpoints/checkpoint_emin_0.pth
[INFO: 02/25/2026 12:27:28 AM] Epoch 0, Train Loss: 0.5795, Test Loss: 0.7824
[INFO: 02/25/2026 12:27:36 AM] TRAIN: Batch   50 | Speed: 1546.36 img/s | Loss: 0.5031
[INFO: 02/25/2026 12:27:44 AM] TRAIN: Batch  100 | Speed: 1630.82 img/s | Loss: 0.4565
[INFO: 02/25/2026 12:27:51 AM] TRAIN: Batch  150 | Speed: 1661.48 img/s | Loss: 0.4238
[INFO: 02/25/2026 12:27:58 AM] TRAIN: Batch  200 | Speed: 1677.44 img/s | Loss: 0.4256
[INFO: 02/25/2026 12:28:06 AM] TRAIN: Batch  250 | Speed: 1687.19 img/s | Loss: 0.3769
[INFO: 02/25/2026 12:28:13 AM] TRAIN: Batch  300 | Speed: 1693.65 img/s | Loss: 0.4290
[INFO: 02/25/2026 12:28:21 AM] TRAIN: Batch  350 | Speed: 1698.39 img/s | Loss: 0.4408
[INFO: 02/25/2026 12:28:28 AM] TRAIN: Batch  400 | Speed: 1701.85 img/s | Loss: 0.4535
[INFO: 02/25/2026 12:28:36 AM] TRAIN: Batch  450 | Speed: 1704.51 img/s | Loss: 0.4115
[INFO: 02/25/2026 12:28:43 AM] TRAIN: Batch  500 | Speed: 1706.61 img/s | Loss: 0.3892
[INFO: 02/25/2026 12:28:50 AM] TRAIN: Batch  550 | Speed: 1708.30 img/s | Loss: 0.4251
[INFO: 02/25/2026 12:28:58 AM] TRAIN: Batch  600 | Speed: 1709.74 img/s | Loss: 0.3810
[INFO: 02/25/2026 12:29:05 AM] TRAIN: Batch  650 | Speed: 1711.01 img/s | Loss: 0.4062
[INFO: 02/25/2026 12:29:13 AM] TRAIN: Batch  700 | Speed: 1712.37 img/s | Loss: 0.4589
[INFO: 02/25/2026 12:29:20 AM] TRAIN: Batch  750 | Speed: 1713.59 img/s | Loss: 0.3519
[INFO: 02/25/2026 12:29:27 AM] TEST: Batch   10 | Speed: 2273.82 img/s | Loss: 0.3613
[INFO: 02/25/2026 12:29:28 AM] TEST: Batch   20 | Speed: 3132.35 img/s | Loss: 0.3365
[INFO: 02/25/2026 12:29:28 AM] TEST: Batch   30 | Speed: 3636.83 img/s | Loss: 0.3698
[INFO: 02/25/2026 12:29:29 AM] TEST: Batch   40 | Speed: 3927.32 img/s | Loss: 0.4236
[INFO: 02/25/2026 12:29:29 AM] TEST: Batch   50 | Speed: 4169.34 img/s | Loss: 0.3787
[INFO: 02/25/2026 12:29:30 AM] TEST: Batch   60 | Speed: 4339.18 img/s | Loss: 0.3719
[INFO: 02/25/2026 12:29:30 AM] TEST: Batch   70 | Speed: 4465.48 img/s | Loss: 0.4166
[INFO: 02/25/2026 12:29:31 AM] TEST: Batch   80 | Speed: 4560.80 img/s | Loss: 0.3999
[INFO: 02/25/2026 12:29:31 AM] TEST: Batch   90 | Speed: 4663.31 img/s | Loss: 0.3537
[INFO: 02/25/2026 12:29:32 AM] Saving checkpoint at epoch min_1 in: experiments/exp_RNO_four_late_non_linear_merge_b-256_tr-793_lfn-MSELoss_opt-Adam_hiddenu-32_lr-0.001_leak-0.1_tempRes-256_dpout-0.3_debug/checkpoints/checkpoint_emin_1.pth
[INFO: 02/25/2026 12:29:32 AM] Removed previous best checkpoint: checkpoint_emin_0.pth
[INFO: 02/25/2026 12:29:32 AM] Epoch 1, Train Loss: 0.4168, Test Loss: 0.3739
[INFO: 02/25/2026 12:29:41 AM] TRAIN: Batch   50 | Speed: 1532.75 img/s | Loss: 0.3828
[INFO: 02/25/2026 12:29:48 AM] TRAIN: Batch  100 | Speed: 1622.38 img/s | Loss: 0.3636
[INFO: 02/25/2026 12:29:56 AM] TRAIN: Batch  150 | Speed: 1654.85 img/s | Loss: 0.3771
[INFO: 02/25/2026 12:30:03 AM] TRAIN: Batch  200 | Speed: 1671.97 img/s | Loss: 0.3597
[INFO: 02/25/2026 12:30:11 AM] TRAIN: Batch  250 | Speed: 1682.56 img/s | Loss: 0.4127
[INFO: 02/25/2026 12:30:18 AM] TRAIN: Batch  300 | Speed: 1689.43 img/s | Loss: 0.4089
[INFO: 02/25/2026 12:30:25 AM] TRAIN: Batch  350 | Speed: 1694.60 img/s | Loss: 0.3787
[INFO: 02/25/2026 12:30:33 AM] TRAIN: Batch  400 | Speed: 1698.45 img/s | Loss: 0.4382
[INFO: 02/25/2026 12:30:40 AM] TRAIN: Batch  450 | Speed: 1701.46 img/s | Loss: 0.6473
[INFO: 02/25/2026 12:30:48 AM] TRAIN: Batch  500 | Speed: 1703.96 img/s | Loss: 0.4773
[INFO: 02/25/2026 12:30:55 AM] TRAIN: Batch  550 | Speed: 1705.91 img/s | Loss: 0.4112
[INFO: 02/25/2026 12:31:02 AM] TRAIN: Batch  600 | Speed: 1707.61 img/s | Loss: 0.4424
[INFO: 02/25/2026 12:31:10 AM] TRAIN: Batch  650 | Speed: 1709.11 img/s | Loss: 0.3696
[INFO: 02/25/2026 12:31:17 AM] TRAIN: Batch  700 | Speed: 1710.65 img/s | Loss: 0.3905
[INFO: 02/25/2026 12:31:25 AM] TRAIN: Batch  750 | Speed: 1712.02 img/s | Loss: 0.4023
[INFO: 02/25/2026 12:31:32 AM] TEST: Batch   10 | Speed: 2582.84 img/s | Loss: 0.3269
[INFO: 02/25/2026 12:31:32 AM] TEST: Batch   20 | Speed: 3307.64 img/s | Loss: 0.3265
[INFO: 02/25/2026 12:31:33 AM] TEST: Batch   30 | Speed: 3744.58 img/s | Loss: 0.3676
[INFO: 02/25/2026 12:31:33 AM] TEST: Batch   40 | Speed: 4006.15 img/s | Loss: 0.4039
[INFO: 02/25/2026 12:31:34 AM] TEST: Batch   50 | Speed: 4271.19 img/s | Loss: 0.3606
[INFO: 02/25/2026 12:31:34 AM] TEST: Batch   60 | Speed: 4470.05 img/s | Loss: 0.3424
[INFO: 02/25/2026 12:31:35 AM] TEST: Batch   70 | Speed: 4486.85 img/s | Loss: 0.4154
[INFO: 02/25/2026 12:31:35 AM] TEST: Batch   80 | Speed: 4625.80 img/s | Loss: 0.4019
[INFO: 02/25/2026 12:31:36 AM] TEST: Batch   90 | Speed: 4714.92 img/s | Loss: 0.3465
[INFO: 02/25/2026 12:31:36 AM] Saving checkpoint at epoch min_2 in: experiments/exp_RNO_four_late_non_linear_merge_b-256_tr-793_lfn-MSELoss_opt-Adam_hiddenu-32_lr-0.001_leak-0.1_tempRes-256_dpout-0.3_debug/checkpoints/checkpoint_emin_2.pth
[INFO: 02/25/2026 12:31:37 AM] Removed previous best checkpoint: checkpoint_emin_1.pth
[INFO: 02/25/2026 12:31:37 AM] Epoch 2, Train Loss: 0.4027, Test Loss: 0.3624
[INFO: 02/25/2026 12:31:45 AM] TRAIN: Batch   50 | Speed: 1583.45 img/s | Loss: 0.3278
[INFO: 02/25/2026 12:31:53 AM] TRAIN: Batch  100 | Speed: 1650.51 img/s | Loss: 0.3350
[INFO: 02/25/2026 12:32:00 AM] TRAIN: Batch  150 | Speed: 1674.59 img/s | Loss: 0.3468
[INFO: 02/25/2026 12:32:07 AM] TRAIN: Batch  200 | Speed: 1687.19 img/s | Loss: 0.3547
[INFO: 02/25/2026 12:32:15 AM] TRAIN: Batch  250 | Speed: 1694.94 img/s | Loss: 0.4145
[INFO: 02/25/2026 12:32:22 AM] TRAIN: Batch  300 | Speed: 1699.90 img/s | Loss: 0.4037
[INFO: 02/25/2026 12:32:30 AM] TRAIN: Batch  350 | Speed: 1703.45 img/s | Loss: 0.3473
[INFO: 02/25/2026 12:32:37 AM] TRAIN: Batch  400 | Speed: 1706.33 img/s | Loss: 0.3678
[INFO: 02/25/2026 12:32:44 AM] TRAIN: Batch  450 | Speed: 1708.48 img/s | Loss: 0.3062
[INFO: 02/25/2026 12:32:52 AM] TRAIN: Batch  500 | Speed: 1710.35 img/s | Loss: 0.3355
[INFO: 02/25/2026 12:32:59 AM] TRAIN: Batch  550 | Speed: 1711.88 img/s | Loss: 0.3353
[INFO: 02/25/2026 12:33:07 AM] TRAIN: Batch  600 | Speed: 1713.16 img/s | Loss: 0.3489
[INFO: 02/25/2026 12:33:14 AM] TRAIN: Batch  650 | Speed: 1714.36 img/s | Loss: 0.4064
[INFO: 02/25/2026 12:33:22 AM] TRAIN: Batch  700 | Speed: 1715.53 img/s | Loss: 0.3546
[INFO: 02/25/2026 12:33:29 AM] TRAIN: Batch  750 | Speed: 1716.62 img/s | Loss: 0.3515
[INFO: 02/25/2026 12:33:36 AM] TEST: Batch   10 | Speed: 2419.21 img/s | Loss: 0.3240
[INFO: 02/25/2026 12:33:37 AM] TEST: Batch   20 | Speed: 3026.52 img/s | Loss: 0.3235
[INFO: 02/25/2026 12:33:37 AM] TEST: Batch   30 | Speed: 3500.99 img/s | Loss: 0.3678
[INFO: 02/25/2026 12:33:38 AM] TEST: Batch   40 | Speed: 3875.36 img/s | Loss: 0.3988
[INFO: 02/25/2026 12:33:38 AM] TEST: Batch   50 | Speed: 4150.67 img/s | Loss: 0.3406
[INFO: 02/25/2026 12:33:39 AM] TEST: Batch   60 | Speed: 4358.07 img/s | Loss: 0.3334
[INFO: 02/25/2026 12:33:39 AM] TEST: Batch   70 | Speed: 4488.25 img/s | Loss: 0.3941
[INFO: 02/25/2026 12:33:40 AM] TEST: Batch   80 | Speed: 4516.99 img/s | Loss: 0.3825
[INFO: 02/25/2026 12:33:40 AM] TEST: Batch   90 | Speed: 4634.75 img/s | Loss: 0.3340
[INFO: 02/25/2026 12:33:40 AM] Saving checkpoint at epoch min_3 in: experiments/exp_RNO_four_late_non_linear_merge_b-256_tr-793_lfn-MSELoss_opt-Adam_hiddenu-32_lr-0.001_leak-0.1_tempRes-256_dpout-0.3_debug/checkpoints/checkpoint_emin_3.pth
[INFO: 02/25/2026 12:33:41 AM] Removed previous best checkpoint: checkpoint_emin_2.pth
[INFO: 02/25/2026 12:33:41 AM] Epoch 3, Train Loss: 0.3641, Test Loss: 0.3525
[INFO: 02/25/2026 12:33:49 AM] TRAIN: Batch   50 | Speed: 1587.05 img/s | Loss: 0.3073
[INFO: 02/25/2026 12:33:57 AM] TRAIN: Batch  100 | Speed: 1652.41 img/s | Loss: 0.4296
[INFO: 02/25/2026 12:34:04 AM] TRAIN: Batch  150 | Speed: 1676.54 img/s | Loss: 0.3291
[INFO: 02/25/2026 12:34:12 AM] TRAIN: Batch  200 | Speed: 1688.78 img/s | Loss: 0.3196
[INFO: 02/25/2026 12:34:19 AM] TRAIN: Batch  250 | Speed: 1696.11 img/s | Loss: 0.3432
[INFO: 02/25/2026 12:34:27 AM] TRAIN: Batch  300 | Speed: 1701.11 img/s | Loss: 0.3446
[INFO: 02/25/2026 12:34:34 AM] TRAIN: Batch  350 | Speed: 1704.64 img/s | Loss: 0.3213
[INFO: 02/25/2026 12:34:41 AM] TRAIN: Batch  400 | Speed: 1707.37 img/s | Loss: 0.3480
[INFO: 02/25/2026 12:34:49 AM] TRAIN: Batch  450 | Speed: 1709.52 img/s | Loss: 0.3216
[INFO: 02/25/2026 12:34:56 AM] TRAIN: Batch  500 | Speed: 1711.27 img/s | Loss: 0.3323
[INFO: 02/25/2026 12:35:04 AM] TRAIN: Batch  550 | Speed: 1712.73 img/s | Loss: 0.4141
[INFO: 02/25/2026 12:35:11 AM] TRAIN: Batch  600 | Speed: 1713.87 img/s | Loss: 0.3764
[INFO: 02/25/2026 12:35:18 AM] TRAIN: Batch  650 | Speed: 1715.02 img/s | Loss: 0.4163
[INFO: 02/25/2026 12:35:26 AM] TRAIN: Batch  700 | Speed: 1716.12 img/s | Loss: 0.3639
[INFO: 02/25/2026 12:35:33 AM] TRAIN: Batch  750 | Speed: 1717.17 img/s | Loss: 0.3360
[INFO: 02/25/2026 12:35:41 AM] TEST: Batch   10 | Speed: 2200.79 img/s | Loss: 0.3143
[INFO: 02/25/2026 12:35:41 AM] TEST: Batch   20 | Speed: 2967.38 img/s | Loss: 0.3138
[INFO: 02/25/2026 12:35:42 AM] TEST: Batch   30 | Speed: 3401.10 img/s | Loss: 0.3554
[INFO: 02/25/2026 12:35:42 AM] TEST: Batch   40 | Speed: 3687.29 img/s | Loss: 0.3923
[INFO: 02/25/2026 12:35:43 AM] TEST: Batch   50 | Speed: 3976.02 img/s | Loss: 0.3396
[INFO: 02/25/2026 12:35:43 AM] TEST: Batch   60 | Speed: 4197.44 img/s | Loss: 0.3195
[INFO: 02/25/2026 12:35:44 AM] TEST: Batch   70 | Speed: 4373.35 img/s | Loss: 0.3906
[INFO: 02/25/2026 12:35:44 AM] TEST: Batch   80 | Speed: 4461.50 img/s | Loss: 0.3870
[INFO: 02/25/2026 12:35:45 AM] TEST: Batch   90 | Speed: 4548.87 img/s | Loss: 0.3276
[INFO: 02/25/2026 12:35:45 AM] Saving checkpoint at epoch min_4 in: experiments/exp_RNO_four_late_non_linear_merge_b-256_tr-793_lfn-MSELoss_opt-Adam_hiddenu-32_lr-0.001_leak-0.1_tempRes-256_dpout-0.3_debug/checkpoints/checkpoint_emin_4.pth
[INFO: 02/25/2026 12:35:46 AM] Removed previous best checkpoint: checkpoint_emin_3.pth
[INFO: 02/25/2026 12:35:46 AM] Epoch 4, Train Loss: 0.3509, Test Loss: 0.3468
[INFO: 02/25/2026 12:35:54 AM] TRAIN: Batch   50 | Speed: 1582.49 img/s | Loss: 0.3829
[INFO: 02/25/2026 12:36:01 AM] TRAIN: Batch  100 | Speed: 1650.36 img/s | Loss: 0.3412
[INFO: 02/25/2026 12:36:09 AM] TRAIN: Batch  150 | Speed: 1674.92 img/s | Loss: 0.3413
[INFO: 02/25/2026 12:36:16 AM] TRAIN: Batch  200 | Speed: 1687.58 img/s | Loss: 0.3475
[INFO: 02/25/2026 12:36:24 AM] TRAIN: Batch  250 | Speed: 1695.15 img/s | Loss: 0.3302
[INFO: 02/25/2026 12:36:31 AM] TRAIN: Batch  300 | Speed: 1700.39 img/s | Loss: 0.3272
[INFO: 02/25/2026 12:36:38 AM] TRAIN: Batch  350 | Speed: 1703.92 img/s | Loss: 0.3405
[INFO: 02/25/2026 12:36:46 AM] TRAIN: Batch  400 | Speed: 1706.83 img/s | Loss: 0.3504
[INFO: 02/25/2026 12:36:53 AM] TRAIN: Batch  450 | Speed: 1709.13 img/s | Loss: 0.3836
[INFO: 02/25/2026 12:37:01 AM] TRAIN: Batch  500 | Speed: 1710.83 img/s | Loss: 0.3300
[INFO: 02/25/2026 12:37:08 AM] TRAIN: Batch  550 | Speed: 1712.31 img/s | Loss: 0.3277
[INFO: 02/25/2026 12:37:15 AM] TRAIN: Batch  600 | Speed: 1713.48 img/s | Loss: 0.3348
[INFO: 02/25/2026 12:37:23 AM] TRAIN: Batch  650 | Speed: 1714.65 img/s | Loss: 0.3169
[INFO: 02/25/2026 12:37:30 AM] TRAIN: Batch  700 | Speed: 1715.85 img/s | Loss: 0.3775
[INFO: 02/25/2026 12:37:38 AM] TRAIN: Batch  750 | Speed: 1716.85 img/s | Loss: 0.3399
[INFO: 02/25/2026 12:37:45 AM] TEST: Batch   10 | Speed: 2249.08 img/s | Loss: 0.3004
[INFO: 02/25/2026 12:37:46 AM] TEST: Batch   20 | Speed: 3183.68 img/s | Loss: 0.3019
[INFO: 02/25/2026 12:37:46 AM] TEST: Batch   30 | Speed: 3601.56 img/s | Loss: 0.3523
[INFO: 02/25/2026 12:37:47 AM] TEST: Batch   40 | Speed: 3976.53 img/s | Loss: 0.3778
[INFO: 02/25/2026 12:37:47 AM] TEST: Batch   50 | Speed: 4244.86 img/s | Loss: 0.3248
[INFO: 02/25/2026 12:37:47 AM] TEST: Batch   60 | Speed: 4445.71 img/s | Loss: 0.3186
[INFO: 02/25/2026 12:37:48 AM] TEST: Batch   70 | Speed: 4579.59 img/s | Loss: 0.3743
[INFO: 02/25/2026 12:37:48 AM] TEST: Batch   80 | Speed: 4603.79 img/s | Loss: 0.3517
[INFO: 02/25/2026 12:37:49 AM] TEST: Batch   90 | Speed: 4650.18 img/s | Loss: 0.3144
[INFO: 02/25/2026 12:37:49 AM] Saving checkpoint at epoch min_5 in: experiments/exp_RNO_four_late_non_linear_merge_b-256_tr-793_lfn-MSELoss_opt-Adam_hiddenu-32_lr-0.001_leak-0.1_tempRes-256_dpout-0.3_debug/checkpoints/checkpoint_emin_5.pth
[INFO: 02/25/2026 12:37:50 AM] Removed previous best checkpoint: checkpoint_emin_4.pth
[INFO: 02/25/2026 12:37:50 AM] Epoch 5, Train Loss: 0.3403, Test Loss: 0.3341
[INFO: 02/25/2026 12:37:59 AM] TRAIN: Batch   50 | Speed: 1540.59 img/s | Loss: 0.2819
[INFO: 02/25/2026 12:38:06 AM] TRAIN: Batch  100 | Speed: 1627.62 img/s | Loss: 0.3283
[INFO: 02/25/2026 12:38:13 AM] TRAIN: Batch  150 | Speed: 1659.16 img/s | Loss: 0.3062
[INFO: 02/25/2026 12:38:21 AM] TRAIN: Batch  200 | Speed: 1675.49 img/s | Loss: 0.2760
[INFO: 02/25/2026 12:38:28 AM] TRAIN: Batch  250 | Speed: 1685.46 img/s | Loss: 0.3522
[INFO: 02/25/2026 12:38:36 AM] TRAIN: Batch  300 | Speed: 1692.34 img/s | Loss: 0.3471
[INFO: 02/25/2026 12:38:43 AM] TRAIN: Batch  350 | Speed: 1697.19 img/s | Loss: 0.3015
[INFO: 02/25/2026 12:38:50 AM] TRAIN: Batch  400 | Speed: 1700.81 img/s | Loss: 0.3661
[INFO: 02/25/2026 12:38:58 AM] TRAIN: Batch  450 | Speed: 1703.72 img/s | Loss: 0.3037
[INFO: 02/25/2026 12:39:05 AM] TRAIN: Batch  500 | Speed: 1705.94 img/s | Loss: 0.3788
[INFO: 02/25/2026 12:39:13 AM] TRAIN: Batch  550 | Speed: 1707.81 img/s | Loss: 0.3292
[INFO: 02/25/2026 12:39:20 AM] TRAIN: Batch  600 | Speed: 1709.41 img/s | Loss: 0.3028
[INFO: 02/25/2026 12:39:27 AM] TRAIN: Batch  650 | Speed: 1710.89 img/s | Loss: 0.3556
[INFO: 02/25/2026 12:39:35 AM] TRAIN: Batch  700 | Speed: 1712.40 img/s | Loss: 0.3339
[INFO: 02/25/2026 12:39:42 AM] TRAIN: Batch  750 | Speed: 1713.66 img/s | Loss: 0.3552
[INFO: 02/25/2026 12:39:50 AM] TEST: Batch   10 | Speed: 2380.31 img/s | Loss: 0.3067
[INFO: 02/25/2026 12:39:50 AM] TEST: Batch   20 | Speed: 3257.49 img/s | Loss: 0.2980
[INFO: 02/25/2026 12:39:51 AM] TEST: Batch   30 | Speed: 3696.20 img/s | Loss: 0.3396
[INFO: 02/25/2026 12:39:51 AM] TEST: Batch   40 | Speed: 3909.13 img/s | Loss: 0.3763
[INFO: 02/25/2026 12:39:52 AM] TEST: Batch   50 | Speed: 4181.21 img/s | Loss: 0.3218
[INFO: 02/25/2026 12:39:52 AM] TEST: Batch   60 | Speed: 4386.31 img/s | Loss: 0.3101
[INFO: 02/25/2026 12:39:52 AM] TEST: Batch   70 | Speed: 4546.40 img/s | Loss: 0.3798
[INFO: 02/25/2026 12:39:53 AM] TEST: Batch   80 | Speed: 4656.89 img/s | Loss: 0.3464
[INFO: 02/25/2026 12:39:53 AM] TEST: Batch   90 | Speed: 4768.84 img/s | Loss: 0.3151
[INFO: 02/25/2026 12:39:54 AM] Saving checkpoint at epoch min_6 in: experiments/exp_RNO_four_late_non_linear_merge_b-256_tr-793_lfn-MSELoss_opt-Adam_hiddenu-32_lr-0.001_leak-0.1_tempRes-256_dpout-0.3_debug/checkpoints/checkpoint_emin_6.pth
[INFO: 02/25/2026 12:39:54 AM] Removed previous best checkpoint: checkpoint_emin_5.pth
[INFO: 02/25/2026 12:39:54 AM] Epoch 6, Train Loss: 0.3305, Test Loss: 0.3332
[INFO: 02/25/2026 12:40:03 AM] TRAIN: Batch   50 | Speed: 1581.00 img/s | Loss: 0.3001
[INFO: 02/25/2026 12:40:10 AM] TRAIN: Batch  100 | Speed: 1649.47 img/s | Loss: 0.2834
[INFO: 02/25/2026 12:40:18 AM] TRAIN: Batch  150 | Speed: 1674.13 img/s | Loss: 0.3027
[INFO: 02/25/2026 12:40:25 AM] TRAIN: Batch  200 | Speed: 1686.89 img/s | Loss: 0.3184
[INFO: 02/25/2026 12:40:32 AM] TRAIN: Batch  250 | Speed: 1694.69 img/s | Loss: 0.3488
[INFO: 02/25/2026 12:40:40 AM] TRAIN: Batch  300 | Speed: 1699.96 img/s | Loss: 0.3615
[INFO: 02/25/2026 12:40:47 AM] TRAIN: Batch  350 | Speed: 1703.73 img/s | Loss: 0.3102
[INFO: 02/25/2026 12:40:55 AM] TRAIN: Batch  400 | Speed: 1706.61 img/s | Loss: 0.2848
[INFO: 02/25/2026 12:41:02 AM] TRAIN: Batch  450 | Speed: 1708.83 img/s | Loss: 0.3237
[INFO: 02/25/2026 12:41:09 AM] TRAIN: Batch  500 | Speed: 1710.57 img/s | Loss: 0.3510
[INFO: 02/25/2026 12:41:17 AM] TRAIN: Batch  550 | Speed: 1711.98 img/s | Loss: 0.3066
[INFO: 02/25/2026 12:41:24 AM] TRAIN: Batch  600 | Speed: 1713.23 img/s | Loss: 0.3281
[INFO: 02/25/2026 12:41:32 AM] TRAIN: Batch  650 | Speed: 1714.34 img/s | Loss: 0.2861
[INFO: 02/25/2026 12:41:39 AM] TRAIN: Batch  700 | Speed: 1715.59 img/s | Loss: 0.3568
[INFO: 02/25/2026 12:41:46 AM] TRAIN: Batch  750 | Speed: 1716.63 img/s | Loss: 0.3448
[INFO: 02/25/2026 12:41:54 AM] TEST: Batch   10 | Speed: 2279.82 img/s | Loss: 0.2978
[INFO: 02/25/2026 12:41:54 AM] TEST: Batch   20 | Speed: 3100.34 img/s | Loss: 0.2818
[INFO: 02/25/2026 12:41:55 AM] TEST: Batch   30 | Speed: 3548.88 img/s | Loss: 0.3318
[INFO: 02/25/2026 12:41:55 AM] TEST: Batch   40 | Speed: 3891.52 img/s | Loss: 0.3858
[INFO: 02/25/2026 12:41:56 AM] TEST: Batch   50 | Speed: 4166.25 img/s | Loss: 0.3191
[INFO: 02/25/2026 12:41:56 AM] TEST: Batch   60 | Speed: 4374.17 img/s | Loss: 0.3093
[INFO: 02/25/2026 12:41:57 AM] TEST: Batch   70 | Speed: 4532.05 img/s | Loss: 0.3605
[INFO: 02/25/2026 12:41:57 AM] TEST: Batch   80 | Speed: 4606.01 img/s | Loss: 0.3334
[INFO: 02/25/2026 12:41:58 AM] TEST: Batch   90 | Speed: 4721.46 img/s | Loss: 0.3048
[INFO: 02/25/2026 12:41:58 AM] Saving checkpoint at epoch min_7 in: experiments/exp_RNO_four_late_non_linear_merge_b-256_tr-793_lfn-MSELoss_opt-Adam_hiddenu-32_lr-0.001_leak-0.1_tempRes-256_dpout-0.3_debug/checkpoints/checkpoint_emin_7.pth
[INFO: 02/25/2026 12:41:59 AM] Removed previous best checkpoint: checkpoint_emin_6.pth
[INFO: 02/25/2026 12:41:59 AM] Epoch 7, Train Loss: 0.3237, Test Loss: 0.3267
[INFO: 02/25/2026 12:42:07 AM] TRAIN: Batch   50 | Speed: 1527.92 img/s | Loss: 0.3878
[INFO: 02/25/2026 12:42:15 AM] TRAIN: Batch  100 | Speed: 1620.13 img/s | Loss: 0.3628
[INFO: 02/25/2026 12:42:22 AM] TRAIN: Batch  150 | Speed: 1653.81 img/s | Loss: 0.3425
[INFO: 02/25/2026 12:42:30 AM] TRAIN: Batch  200 | Speed: 1671.39 img/s | Loss: 0.3101
[INFO: 02/25/2026 12:42:37 AM] TRAIN: Batch  250 | Speed: 1682.37 img/s | Loss: 0.3753
[INFO: 02/25/2026 12:42:44 AM] TRAIN: Batch  300 | Speed: 1689.64 img/s | Loss: 0.3637
[INFO: 02/25/2026 12:42:52 AM] TRAIN: Batch  350 | Speed: 1694.93 img/s | Loss: 0.3233
[INFO: 02/25/2026 12:42:59 AM] TRAIN: Batch  400 | Speed: 1698.89 img/s | Loss: 0.2945
[INFO: 02/25/2026 12:43:07 AM] TRAIN: Batch  450 | Speed: 1701.93 img/s | Loss: 0.3273
[INFO: 02/25/2026 12:43:14 AM] TRAIN: Batch  500 | Speed: 1704.37 img/s | Loss: 0.3193
[INFO: 02/25/2026 12:43:21 AM] TRAIN: Batch  550 | Speed: 1706.34 img/s | Loss: 0.3312
[INFO: 02/25/2026 12:43:29 AM] TRAIN: Batch  600 | Speed: 1708.07 img/s | Loss: 0.2967
[INFO: 02/25/2026 12:43:36 AM] TRAIN: Batch  650 | Speed: 1709.58 img/s | Loss: 0.3272
[INFO: 02/25/2026 12:43:44 AM] TRAIN: Batch  700 | Speed: 1711.17 img/s | Loss: 0.2977
[INFO: 02/25/2026 12:43:51 AM] TRAIN: Batch  750 | Speed: 1712.51 img/s | Loss: 0.3216
[INFO: 02/25/2026 12:43:58 AM] TEST: Batch   10 | Speed: 2596.92 img/s | Loss: 0.2970
[INFO: 02/25/2026 12:43:59 AM] TEST: Batch   20 | Speed: 3535.50 img/s | Loss: 0.2921
[INFO: 02/25/2026 12:43:59 AM] TEST: Batch   30 | Speed: 4019.13 img/s | Loss: 0.3296
[INFO: 02/25/2026 12:44:00 AM] TEST: Batch   40 | Speed: 4136.11 img/s | Loss: 0.3824
[INFO: 02/25/2026 12:44:00 AM] TEST: Batch   50 | Speed: 4390.26 img/s | Loss: 0.3039
[INFO: 02/25/2026 12:44:01 AM] TEST: Batch   60 | Speed: 4576.72 img/s | Loss: 0.3099
[INFO: 02/25/2026 12:44:01 AM] TEST: Batch   70 | Speed: 4637.46 img/s | Loss: 0.3674
[INFO: 02/25/2026 12:44:02 AM] TEST: Batch   80 | Speed: 4726.86 img/s | Loss: 0.3457
[INFO: 02/25/2026 12:44:02 AM] TEST: Batch   90 | Speed: 4833.99 img/s | Loss: 0.3040
[INFO: 02/25/2026 12:44:02 AM] Saving checkpoint at epoch min_8 in: experiments/exp_RNO_four_late_non_linear_merge_b-256_tr-793_lfn-MSELoss_opt-Adam_hiddenu-32_lr-0.001_leak-0.1_tempRes-256_dpout-0.3_debug/checkpoints/checkpoint_emin_8.pth
[INFO: 02/25/2026 12:44:03 AM] Removed previous best checkpoint: checkpoint_emin_7.pth
[INFO: 02/25/2026 12:44:03 AM] Epoch 8, Train Loss: 0.3178, Test Loss: 0.3238
[INFO: 02/25/2026 12:44:12 AM] TRAIN: Batch   50 | Speed: 1534.32 img/s | Loss: 0.3600
[INFO: 02/25/2026 12:44:19 AM] TRAIN: Batch  100 | Speed: 1623.80 img/s | Loss: 0.3645
[INFO: 02/25/2026 12:44:27 AM] TRAIN: Batch  150 | Speed: 1656.56 img/s | Loss: 0.3739
[INFO: 02/25/2026 12:44:34 AM] TRAIN: Batch  200 | Speed: 1673.49 img/s | Loss: 0.3516
[INFO: 02/25/2026 12:44:41 AM] TRAIN: Batch  250 | Speed: 1684.00 img/s | Loss: 0.3666
[INFO: 02/25/2026 12:44:49 AM] TRAIN: Batch  300 | Speed: 1690.92 img/s | Loss: 0.2690
[INFO: 02/25/2026 12:44:56 AM] TRAIN: Batch  350 | Speed: 1696.04 img/s | Loss: 0.3074
[INFO: 02/25/2026 12:45:04 AM] TRAIN: Batch  400 | Speed: 1699.82 img/s | Loss: 0.3092
[INFO: 02/25/2026 12:45:11 AM] TRAIN: Batch  450 | Speed: 1702.80 img/s | Loss: 0.2782
[INFO: 02/25/2026 12:45:18 AM] TRAIN: Batch  500 | Speed: 1705.10 img/s | Loss: 0.3157
[INFO: 02/25/2026 12:45:26 AM] TRAIN: Batch  550 | Speed: 1707.01 img/s | Loss: 0.2912
[INFO: 02/25/2026 12:45:33 AM] TRAIN: Batch  600 | Speed: 1708.68 img/s | Loss: 0.3109
[INFO: 02/25/2026 12:45:41 AM] TRAIN: Batch  650 | Speed: 1710.17 img/s | Loss: 0.3467
[INFO: 02/25/2026 12:45:48 AM] TRAIN: Batch  700 | Speed: 1711.70 img/s | Loss: 0.3138
[INFO: 02/25/2026 12:45:55 AM] TRAIN: Batch  750 | Speed: 1713.05 img/s | Loss: 0.3643
[INFO: 02/25/2026 12:46:03 AM] TEST: Batch   10 | Speed: 2430.10 img/s | Loss: 0.2830
[INFO: 02/25/2026 12:46:03 AM] TEST: Batch   20 | Speed: 3158.59 img/s | Loss: 0.2810
[INFO: 02/25/2026 12:46:04 AM] TEST: Batch   30 | Speed: 3655.14 img/s | Loss: 0.3285
[INFO: 02/25/2026 12:46:04 AM] TEST: Batch   40 | Speed: 4025.14 img/s | Loss: 0.3757
[INFO: 02/25/2026 12:46:05 AM] TEST: Batch   50 | Speed: 4289.24 img/s | Loss: 0.3201
[INFO: 02/25/2026 12:46:05 AM] TEST: Batch   60 | Speed: 4487.06 img/s | Loss: 0.2973
[INFO: 02/25/2026 12:46:06 AM] TEST: Batch   70 | Speed: 4641.44 img/s | Loss: 0.3628
[INFO: 02/25/2026 12:46:06 AM] TEST: Batch   80 | Speed: 4768.67 img/s | Loss: 0.3480
[INFO: 02/25/2026 12:46:06 AM] TEST: Batch   90 | Speed: 4873.05 img/s | Loss: 0.3129
[INFO: 02/25/2026 12:46:07 AM] Saving checkpoint at epoch min_9 in: experiments/exp_RNO_four_late_non_linear_merge_b-256_tr-793_lfn-MSELoss_opt-Adam_hiddenu-32_lr-0.001_leak-0.1_tempRes-256_dpout-0.3_debug/checkpoints/checkpoint_emin_9.pth
[INFO: 02/25/2026 12:46:08 AM] Removed previous best checkpoint: checkpoint_emin_8.pth
[INFO: 02/25/2026 12:46:08 AM] Epoch 9, Train Loss: 0.3105, Test Loss: 0.3228
[INFO: 02/25/2026 12:46:16 AM] TRAIN: Batch   50 | Speed: 1582.40 img/s | Loss: 0.3250
[INFO: 02/25/2026 12:46:23 AM] TRAIN: Batch  100 | Speed: 1649.87 img/s | Loss: 0.3298
[INFO: 02/25/2026 12:46:31 AM] TRAIN: Batch  150 | Speed: 1674.47 img/s | Loss: 0.2950
[INFO: 02/25/2026 12:46:38 AM] TRAIN: Batch  200 | Speed: 1687.14 img/s | Loss: 0.3328
[INFO: 02/25/2026 12:46:45 AM] TRAIN: Batch  250 | Speed: 1695.00 img/s | Loss: 0.2946
[INFO: 02/25/2026 12:46:53 AM] TRAIN: Batch  300 | Speed: 1700.14 img/s | Loss: 0.3441
[INFO: 02/25/2026 12:47:00 AM] TRAIN: Batch  350 | Speed: 1703.85 img/s | Loss: 0.2702
[INFO: 02/25/2026 12:47:08 AM] TRAIN: Batch  400 | Speed: 1706.54 img/s | Loss: 0.2930
[INFO: 02/25/2026 12:47:15 AM] TRAIN: Batch  450 | Speed: 1708.56 img/s | Loss: 0.3128
[INFO: 02/25/2026 12:47:22 AM] TRAIN: Batch  500 | Speed: 1710.36 img/s | Loss: 0.2879
[INFO: 02/25/2026 12:47:30 AM] TRAIN: Batch  550 | Speed: 1711.80 img/s | Loss: 0.3071
[INFO: 02/25/2026 12:47:37 AM] TRAIN: Batch  600 | Speed: 1713.05 img/s | Loss: 0.3627
[INFO: 02/25/2026 12:47:45 AM] TRAIN: Batch  650 | Speed: 1714.24 img/s | Loss: 0.3392
[INFO: 02/25/2026 12:47:52 AM] TRAIN: Batch  700 | Speed: 1715.44 img/s | Loss: 0.3131
[INFO: 02/25/2026 12:48:00 AM] TRAIN: Batch  750 | Speed: 1716.55 img/s | Loss: 0.2969
[INFO: 02/25/2026 12:48:07 AM] TEST: Batch   10 | Speed: 2281.86 img/s | Loss: 0.2865
[INFO: 02/25/2026 12:48:07 AM] TEST: Batch   20 | Speed: 3114.71 img/s | Loss: 0.2888
[INFO: 02/25/2026 12:48:08 AM] TEST: Batch   30 | Speed: 3632.40 img/s | Loss: 0.3287
[INFO: 02/25/2026 12:48:08 AM] TEST: Batch   40 | Speed: 3960.16 img/s | Loss: 0.3854
[INFO: 02/25/2026 12:48:09 AM] TEST: Batch   50 | Speed: 4228.42 img/s | Loss: 0.3118
[INFO: 02/25/2026 12:48:09 AM] TEST: Batch   60 | Speed: 4431.40 img/s | Loss: 0.3016
[INFO: 02/25/2026 12:48:10 AM] TEST: Batch   70 | Speed: 4590.85 img/s | Loss: 0.3540
[INFO: 02/25/2026 12:48:10 AM] TEST: Batch   80 | Speed: 4722.21 img/s | Loss: 0.3315
[INFO: 02/25/2026 12:48:11 AM] TEST: Batch   90 | Speed: 4830.18 img/s | Loss: 0.3135
[INFO: 02/25/2026 12:48:11 AM] Saving checkpoint at epoch min_10 in: experiments/exp_RNO_four_late_non_linear_merge_b-256_tr-793_lfn-MSELoss_opt-Adam_hiddenu-32_lr-0.001_leak-0.1_tempRes-256_dpout-0.3_debug/checkpoints/checkpoint_emin_10.pth
[INFO: 02/25/2026 12:48:12 AM] Removed previous best checkpoint: checkpoint_emin_9.pth
[INFO: 02/25/2026 12:48:12 AM] Epoch 10, Train Loss: 0.3062, Test Loss: 0.3203
[INFO: 02/25/2026 12:48:20 AM] TRAIN: Batch   50 | Speed: 1552.09 img/s | Loss: 0.3154
[INFO: 02/25/2026 12:48:28 AM] TRAIN: Batch  100 | Speed: 1633.75 img/s | Loss: 0.2781
[INFO: 02/25/2026 12:48:35 AM] TRAIN: Batch  150 | Speed: 1663.43 img/s | Loss: 0.3383
[INFO: 02/25/2026 12:48:42 AM] TRAIN: Batch  200 | Speed: 1678.71 img/s | Loss: 0.3118
[INFO: 02/25/2026 12:48:50 AM] TRAIN: Batch  250 | Speed: 1688.15 img/s | Loss: 0.2933
[INFO: 02/25/2026 12:48:57 AM] TRAIN: Batch  300 | Speed: 1694.53 img/s | Loss: 0.2835
[INFO: 02/25/2026 12:49:05 AM] TRAIN: Batch  350 | Speed: 1699.10 img/s | Loss: 0.3320
[INFO: 02/25/2026 12:49:12 AM] TRAIN: Batch  400 | Speed: 1702.64 img/s | Loss: 0.3511
[INFO: 02/25/2026 12:49:19 AM] TRAIN: Batch  450 | Speed: 1705.34 img/s | Loss: 0.3258
[INFO: 02/25/2026 12:49:27 AM] TRAIN: Batch  500 | Speed: 1707.35 img/s | Loss: 0.2987
[INFO: 02/25/2026 12:49:34 AM] TRAIN: Batch  550 | Speed: 1709.04 img/s | Loss: 0.3368
[INFO: 02/25/2026 12:49:42 AM] TRAIN: Batch  600 | Speed: 1710.45 img/s | Loss: 0.2528
[INFO: 02/25/2026 12:49:49 AM] TRAIN: Batch  650 | Speed: 1711.86 img/s | Loss: 0.3612
[INFO: 02/25/2026 12:49:57 AM] TRAIN: Batch  700 | Speed: 1713.22 img/s | Loss: 0.3336
[INFO: 02/25/2026 12:50:04 AM] TRAIN: Batch  750 | Speed: 1714.48 img/s | Loss: 0.3055
[INFO: 02/25/2026 12:50:11 AM] TEST: Batch   10 | Speed: 2443.45 img/s | Loss: 0.2911
[INFO: 02/25/2026 12:50:12 AM] TEST: Batch   20 | Speed: 3199.65 img/s | Loss: 0.2843
[INFO: 02/25/2026 12:50:12 AM] TEST: Batch   30 | Speed: 3591.38 img/s | Loss: 0.3260
[INFO: 02/25/2026 12:50:13 AM] TEST: Batch   40 | Speed: 3726.38 img/s | Loss: 0.3697
[INFO: 02/25/2026 12:50:13 AM] TEST: Batch   50 | Speed: 3899.74 img/s | Loss: 0.3080
[INFO: 02/25/2026 12:50:14 AM] TEST: Batch   60 | Speed: 4126.71 img/s | Loss: 0.3002
[INFO: 02/25/2026 12:50:14 AM] TEST: Batch   70 | Speed: 4307.42 img/s | Loss: 0.3549
[INFO: 02/25/2026 12:50:15 AM] TEST: Batch   80 | Speed: 4457.51 img/s | Loss: 0.3227
[INFO: 02/25/2026 12:50:15 AM] TEST: Batch   90 | Speed: 4582.59 img/s | Loss: 0.2942
[INFO: 02/25/2026 12:50:16 AM] Saving checkpoint at epoch min_11 in: experiments/exp_RNO_four_late_non_linear_merge_b-256_tr-793_lfn-MSELoss_opt-Adam_hiddenu-32_lr-0.001_leak-0.1_tempRes-256_dpout-0.3_debug/checkpoints/checkpoint_emin_11.pth
[INFO: 02/25/2026 12:50:16 AM] Removed previous best checkpoint: checkpoint_emin_10.pth
[INFO: 02/25/2026 12:50:16 AM] Epoch 11, Train Loss: 0.3019, Test Loss: 0.3189
[INFO: 02/25/2026 12:50:25 AM] TRAIN: Batch   50 | Speed: 1562.79 img/s | Loss: 0.2658
[INFO: 02/25/2026 12:50:32 AM] TRAIN: Batch  100 | Speed: 1640.25 img/s | Loss: 0.3419
[INFO: 02/25/2026 12:50:39 AM] TRAIN: Batch  150 | Speed: 1668.04 img/s | Loss: 0.3103
[INFO: 02/25/2026 12:50:47 AM] TRAIN: Batch  200 | Speed: 1682.58 img/s | Loss: 0.2509
[INFO: 02/25/2026 12:50:54 AM] TRAIN: Batch  250 | Speed: 1691.33 img/s | Loss: 0.3360
[INFO: 02/25/2026 12:51:02 AM] TRAIN: Batch  300 | Speed: 1697.31 img/s | Loss: 0.3029
[INFO: 02/25/2026 12:51:09 AM] TRAIN: Batch  350 | Speed: 1701.46 img/s | Loss: 0.3267
[INFO: 02/25/2026 12:51:17 AM] TRAIN: Batch  400 | Speed: 1704.56 img/s | Loss: 0.2876
[INFO: 02/25/2026 12:51:24 AM] TRAIN: Batch  450 | Speed: 1707.04 img/s | Loss: 0.3216
[INFO: 02/25/2026 12:51:31 AM] TRAIN: Batch  500 | Speed: 1708.99 img/s | Loss: 0.2936
[INFO: 02/25/2026 12:51:39 AM] TRAIN: Batch  550 | Speed: 1710.65 img/s | Loss: 0.2358
[INFO: 02/25/2026 12:51:46 AM] TRAIN: Batch  600 | Speed: 1711.96 img/s | Loss: 0.2699
[INFO: 02/25/2026 12:51:54 AM] TRAIN: Batch  650 | Speed: 1713.20 img/s | Loss: 0.2747
[INFO: 02/25/2026 12:52:01 AM] TRAIN: Batch  700 | Speed: 1714.49 img/s | Loss: 0.3034
[INFO: 02/25/2026 12:52:08 AM] TRAIN: Batch  750 | Speed: 1715.64 img/s | Loss: 0.3208
[INFO: 02/25/2026 12:52:16 AM] TEST: Batch   10 | Speed: 2494.30 img/s | Loss: 0.2939
[INFO: 02/25/2026 12:52:16 AM] TEST: Batch   20 | Speed: 3077.00 img/s | Loss: 0.2791
[INFO: 02/25/2026 12:52:17 AM] TEST: Batch   30 | Speed: 3541.01 img/s | Loss: 0.3330
[INFO: 02/25/2026 12:52:17 AM] TEST: Batch   40 | Speed: 3887.37 img/s | Loss: 0.3687
[INFO: 02/25/2026 12:52:18 AM] TEST: Batch   50 | Speed: 4162.55 img/s | Loss: 0.3154
[INFO: 02/25/2026 12:52:18 AM] TEST: Batch   60 | Speed: 4370.73 img/s | Loss: 0.3088
[INFO: 02/25/2026 12:52:19 AM] TEST: Batch   70 | Speed: 4439.08 img/s | Loss: 0.3466
[INFO: 02/25/2026 12:52:19 AM] TEST: Batch   80 | Speed: 4465.71 img/s | Loss: 0.3379
[INFO: 02/25/2026 12:52:20 AM] TEST: Batch   90 | Speed: 4456.37 img/s | Loss: 0.2997
[INFO: 02/25/2026 12:52:20 AM] Epoch 12, Train Loss: 0.2970, Test Loss: 0.3213
[INFO: 02/25/2026 12:52:29 AM] TRAIN: Batch   50 | Speed: 1550.49 img/s | Loss: 0.2927
[INFO: 02/25/2026 12:52:36 AM] TRAIN: Batch  100 | Speed: 1633.01 img/s | Loss: 0.2906
[INFO: 02/25/2026 12:52:43 AM] TRAIN: Batch  150 | Speed: 1663.04 img/s | Loss: 0.2979
[INFO: 02/25/2026 12:52:51 AM] TRAIN: Batch  200 | Speed: 1678.67 img/s | Loss: 0.2474
[INFO: 02/25/2026 12:52:58 AM] TRAIN: Batch  250 | Speed: 1688.13 img/s | Loss: 0.2856
[INFO: 02/25/2026 12:53:06 AM] TRAIN: Batch  300 | Speed: 1694.56 img/s | Loss: 0.3288
[INFO: 02/25/2026 12:53:13 AM] TRAIN: Batch  350 | Speed: 1699.08 img/s | Loss: 0.2649
[INFO: 02/25/2026 12:53:20 AM] TRAIN: Batch  400 | Speed: 1702.53 img/s | Loss: 0.3264
[INFO: 02/25/2026 12:53:28 AM] TRAIN: Batch  450 | Speed: 1705.28 img/s | Loss: 0.2769
[INFO: 02/25/2026 12:53:35 AM] TRAIN: Batch  500 | Speed: 1707.48 img/s | Loss: 0.3212
[INFO: 02/25/2026 12:53:43 AM] TRAIN: Batch  550 | Speed: 1709.34 img/s | Loss: 0.3085
[INFO: 02/25/2026 12:53:50 AM] TRAIN: Batch  600 | Speed: 1710.86 img/s | Loss: 0.2805
[INFO: 02/25/2026 12:53:57 AM] TRAIN: Batch  650 | Speed: 1712.29 img/s | Loss: 0.3303
[INFO: 02/25/2026 12:54:05 AM] TRAIN: Batch  700 | Speed: 1713.73 img/s | Loss: 0.2983
[INFO: 02/25/2026 12:54:12 AM] TRAIN: Batch  750 | Speed: 1714.91 img/s | Loss: 0.2965
[INFO: 02/25/2026 12:54:20 AM] TEST: Batch   10 | Speed: 2542.72 img/s | Loss: 0.2987
[INFO: 02/25/2026 12:54:20 AM] TEST: Batch   20 | Speed: 3255.92 img/s | Loss: 0.2815
[INFO: 02/25/2026 12:54:21 AM] TEST: Batch   30 | Speed: 3710.42 img/s | Loss: 0.3335
[INFO: 02/25/2026 12:54:21 AM] TEST: Batch   40 | Speed: 3987.13 img/s | Loss: 0.3701
[INFO: 02/25/2026 12:54:22 AM] TEST: Batch   50 | Speed: 4255.43 img/s | Loss: 0.3187
[INFO: 02/25/2026 12:54:22 AM] TEST: Batch   60 | Speed: 4456.59 img/s | Loss: 0.3122
[INFO: 02/25/2026 12:54:22 AM] TEST: Batch   70 | Speed: 4614.34 img/s | Loss: 0.3561
[INFO: 02/25/2026 12:54:23 AM] TEST: Batch   80 | Speed: 4743.68 img/s | Loss: 0.3333
[INFO: 02/25/2026 12:54:23 AM] TEST: Batch   90 | Speed: 4849.74 img/s | Loss: 0.3160
[INFO: 02/25/2026 12:54:24 AM] Epoch 13, Train Loss: 0.2938, Test Loss: 0.3224
[INFO: 02/25/2026 12:54:32 AM] TRAIN: Batch   50 | Speed: 1546.54 img/s | Loss: 0.2538
[INFO: 02/25/2026 12:54:39 AM] TRAIN: Batch  100 | Speed: 1630.70 img/s | Loss: 0.2675
[INFO: 02/25/2026 12:54:47 AM] TRAIN: Batch  150 | Speed: 1661.14 img/s | Loss: 0.3014
[INFO: 02/25/2026 12:54:54 AM] TRAIN: Batch  200 | Speed: 1676.96 img/s | Loss: 0.3286
[INFO: 02/25/2026 12:55:02 AM] TRAIN: Batch  250 | Speed: 1686.66 img/s | Loss: 0.2946
[INFO: 02/25/2026 12:55:09 AM] TRAIN: Batch  300 | Speed: 1693.26 img/s | Loss: 0.2621
[INFO: 02/25/2026 12:55:17 AM] TRAIN: Batch  350 | Speed: 1698.04 img/s | Loss: 0.2792
[INFO: 02/25/2026 12:55:24 AM] TRAIN: Batch  400 | Speed: 1701.52 img/s | Loss: 0.2825
[INFO: 02/25/2026 12:55:31 AM] TRAIN: Batch  450 | Speed: 1704.19 img/s | Loss: 0.2694
[INFO: 02/25/2026 12:55:39 AM] TRAIN: Batch  500 | Speed: 1706.43 img/s | Loss: 0.3086
[INFO: 02/25/2026 12:55:46 AM] TRAIN: Batch  550 | Speed: 1708.33 img/s | Loss: 0.2558
[INFO: 02/25/2026 12:55:54 AM] TRAIN: Batch  600 | Speed: 1709.82 img/s | Loss: 0.3114
[INFO: 02/25/2026 12:56:01 AM] TRAIN: Batch  650 | Speed: 1711.24 img/s | Loss: 0.2616
[INFO: 02/25/2026 12:56:08 AM] TRAIN: Batch  700 | Speed: 1712.58 img/s | Loss: 0.2742
[INFO: 02/25/2026 12:56:16 AM] TRAIN: Batch  750 | Speed: 1713.74 img/s | Loss: 0.3270
[INFO: 02/25/2026 12:56:23 AM] TEST: Batch   10 | Speed: 2440.57 img/s | Loss: 0.2878
[INFO: 02/25/2026 12:56:24 AM] TEST: Batch   20 | Speed: 3163.64 img/s | Loss: 0.2830
[INFO: 02/25/2026 12:56:24 AM] TEST: Batch   30 | Speed: 3608.18 img/s | Loss: 0.3264
[INFO: 02/25/2026 12:56:25 AM] TEST: Batch   40 | Speed: 3919.71 img/s | Loss: 0.3595
[INFO: 02/25/2026 12:56:25 AM] TEST: Batch   50 | Speed: 4193.23 img/s | Loss: 0.3192
[INFO: 02/25/2026 12:56:26 AM] TEST: Batch   60 | Speed: 4399.39 img/s | Loss: 0.2890
[INFO: 02/25/2026 12:56:26 AM] TEST: Batch   70 | Speed: 4560.38 img/s | Loss: 0.3637
[INFO: 02/25/2026 12:56:26 AM] TEST: Batch   80 | Speed: 4693.66 img/s | Loss: 0.3318
[INFO: 02/25/2026 12:56:27 AM] TEST: Batch   90 | Speed: 4803.43 img/s | Loss: 0.3016
[INFO: 02/25/2026 12:56:27 AM] Epoch 14, Train Loss: 0.2899, Test Loss: 0.3215
[INFO: 02/25/2026 12:56:36 AM] TRAIN: Batch   50 | Speed: 1542.99 img/s | Loss: 0.3311
[INFO: 02/25/2026 12:56:43 AM] TRAIN: Batch  100 | Speed: 1628.92 img/s | Loss: 0.2548
[INFO: 02/25/2026 12:56:51 AM] TRAIN: Batch  150 | Speed: 1660.13 img/s | Loss: 0.2572
[INFO: 02/25/2026 12:56:58 AM] TRAIN: Batch  200 | Speed: 1676.27 img/s | Loss: 0.2988
[INFO: 02/25/2026 12:57:05 AM] TRAIN: Batch  250 | Speed: 1686.14 img/s | Loss: 0.2900
[INFO: 02/25/2026 12:57:13 AM] TRAIN: Batch  300 | Speed: 1692.64 img/s | Loss: 0.2942
[INFO: 02/25/2026 12:57:20 AM] TRAIN: Batch  350 | Speed: 1697.43 img/s | Loss: 0.3252
[INFO: 02/25/2026 12:57:28 AM] TRAIN: Batch  400 | Speed: 1701.04 img/s | Loss: 0.2919
[INFO: 02/25/2026 12:57:35 AM] TRAIN: Batch  450 | Speed: 1703.91 img/s | Loss: 0.2976
[INFO: 02/25/2026 12:57:42 AM] TRAIN: Batch  500 | Speed: 1706.22 img/s | Loss: 0.2835
[INFO: 02/25/2026 12:57:50 AM] TRAIN: Batch  550 | Speed: 1708.09 img/s | Loss: 0.2969
[INFO: 02/25/2026 12:57:57 AM] TRAIN: Batch  600 | Speed: 1709.69 img/s | Loss: 0.2343
[INFO: 02/25/2026 12:58:05 AM] TRAIN: Batch  650 | Speed: 1711.06 img/s | Loss: 0.3103
[INFO: 02/25/2026 12:58:12 AM] TRAIN: Batch  700 | Speed: 1712.53 img/s | Loss: 0.3006
[INFO: 02/25/2026 12:58:19 AM] TRAIN: Batch  750 | Speed: 1713.81 img/s | Loss: 0.3019
[INFO: 02/25/2026 12:58:27 AM] TEST: Batch   10 | Speed: 2390.00 img/s | Loss: 0.2934
[INFO: 02/25/2026 12:58:27 AM] TEST: Batch   20 | Speed: 3330.06 img/s | Loss: 0.2908
[INFO: 02/25/2026 12:58:28 AM] TEST: Batch   30 | Speed: 3756.75 img/s | Loss: 0.3298
[INFO: 02/25/2026 12:58:28 AM] TEST: Batch   40 | Speed: 4086.57 img/s | Loss: 0.3678
[INFO: 02/25/2026 12:58:29 AM] TEST: Batch   50 | Speed: 4344.51 img/s | Loss: 0.3146
[INFO: 02/25/2026 12:58:29 AM] TEST: Batch   60 | Speed: 4537.95 img/s | Loss: 0.3012
[INFO: 02/25/2026 12:58:30 AM] TEST: Batch   70 | Speed: 4688.56 img/s | Loss: 0.3466
[INFO: 02/25/2026 12:58:30 AM] TEST: Batch   80 | Speed: 4812.65 img/s | Loss: 0.3268
[INFO: 02/25/2026 12:58:30 AM] TEST: Batch   90 | Speed: 4914.26 img/s | Loss: 0.3161
[INFO: 02/25/2026 12:58:31 AM] Epoch 15, Train Loss: 0.2864, Test Loss: 0.3199
[INFO: 02/25/2026 12:58:39 AM] TRAIN: Batch   50 | Speed: 1547.01 img/s | Loss: 0.2695
[INFO: 02/25/2026 12:58:47 AM] TRAIN: Batch  100 | Speed: 1631.16 img/s | Loss: 0.2701
[INFO: 02/25/2026 12:58:54 AM] TRAIN: Batch  150 | Speed: 1661.72 img/s | Loss: 0.2946
[INFO: 02/25/2026 12:59:01 AM] TRAIN: Batch  200 | Speed: 1677.12 img/s | Loss: 0.2437
[INFO: 02/25/2026 12:59:09 AM] TRAIN: Batch  250 | Speed: 1686.70 img/s | Loss: 0.3216
[INFO: 02/25/2026 12:59:16 AM] TRAIN: Batch  300 | Speed: 1693.02 img/s | Loss: 0.2549
[INFO: 02/25/2026 12:59:24 AM] TRAIN: Batch  350 | Speed: 1697.69 img/s | Loss: 0.3055
[INFO: 02/25/2026 12:59:31 AM] TRAIN: Batch  400 | Speed: 1701.22 img/s | Loss: 0.2870
[INFO: 02/25/2026 12:59:38 AM] TRAIN: Batch  450 | Speed: 1703.96 img/s | Loss: 0.2513
[INFO: 02/25/2026 12:59:46 AM] TRAIN: Batch  500 | Speed: 1706.18 img/s | Loss: 0.2554
[INFO: 02/25/2026 12:59:53 AM] TRAIN: Batch  550 | Speed: 1707.97 img/s | Loss: 0.2839
[INFO: 02/25/2026 01:00:01 AM] TRAIN: Batch  600 | Speed: 1709.53 img/s | Loss: 0.3359
[INFO: 02/25/2026 01:00:08 AM] TRAIN: Batch  650 | Speed: 1710.94 img/s | Loss: 0.2767
[INFO: 02/25/2026 01:00:16 AM] TRAIN: Batch  700 | Speed: 1712.35 img/s | Loss: 0.2675
[INFO: 02/25/2026 01:00:23 AM] TRAIN: Batch  750 | Speed: 1713.59 img/s | Loss: 0.3431
[INFO: 02/25/2026 01:00:30 AM] TEST: Batch   10 | Speed: 2519.09 img/s | Loss: 0.2943
[INFO: 02/25/2026 01:00:31 AM] TEST: Batch   20 | Speed: 3381.44 img/s | Loss: 0.2652
[INFO: 02/25/2026 01:00:31 AM] TEST: Batch   30 | Speed: 3863.90 img/s | Loss: 0.3229
[INFO: 02/25/2026 01:00:32 AM] TEST: Batch   40 | Speed: 4181.08 img/s | Loss: 0.3807
[INFO: 02/25/2026 01:00:32 AM] TEST: Batch   50 | Speed: 4431.43 img/s | Loss: 0.3253
[INFO: 02/25/2026 01:00:33 AM] TEST: Batch   60 | Speed: 4617.22 img/s | Loss: 0.2986
[INFO: 02/25/2026 01:00:33 AM] TEST: Batch   70 | Speed: 4761.48 img/s | Loss: 0.3460
[INFO: 02/25/2026 01:00:33 AM] TEST: Batch   80 | Speed: 4879.96 img/s | Loss: 0.3379
[INFO: 02/25/2026 01:00:34 AM] TEST: Batch   90 | Speed: 4976.51 img/s | Loss: 0.3032
[INFO: 02/25/2026 01:00:34 AM] Saving checkpoint at epoch min_16 in: experiments/exp_RNO_four_late_non_linear_merge_b-256_tr-793_lfn-MSELoss_opt-Adam_hiddenu-32_lr-0.001_leak-0.1_tempRes-256_dpout-0.3_debug/checkpoints/checkpoint_emin_16.pth
[INFO: 02/25/2026 01:00:35 AM] Removed previous best checkpoint: checkpoint_emin_11.pth
[INFO: 02/25/2026 01:00:35 AM] Epoch 16, Train Loss: 0.2827, Test Loss: 0.3185
[INFO: 02/25/2026 01:00:43 AM] TRAIN: Batch   50 | Speed: 1546.37 img/s | Loss: 0.2502
[INFO: 02/25/2026 01:00:51 AM] TRAIN: Batch  100 | Speed: 1630.59 img/s | Loss: 0.3286
[INFO: 02/25/2026 01:00:58 AM] TRAIN: Batch  150 | Speed: 1661.21 img/s | Loss: 0.2832
[INFO: 02/25/2026 01:01:06 AM] TRAIN: Batch  200 | Speed: 1676.77 img/s | Loss: 0.2993
[INFO: 02/25/2026 01:01:13 AM] TRAIN: Batch  250 | Speed: 1686.42 img/s | Loss: 0.2758
[INFO: 02/25/2026 01:01:20 AM] TRAIN: Batch  300 | Speed: 1692.92 img/s | Loss: 0.3121
[INFO: 02/25/2026 01:01:28 AM] TRAIN: Batch  350 | Speed: 1697.67 img/s | Loss: 0.2646
[INFO: 02/25/2026 01:01:35 AM] TRAIN: Batch  400 | Speed: 1701.29 img/s | Loss: 0.2664
[INFO: 02/25/2026 01:01:43 AM] TRAIN: Batch  450 | Speed: 1704.03 img/s | Loss: 0.2627
[INFO: 02/25/2026 01:01:50 AM] TRAIN: Batch  500 | Speed: 1706.28 img/s | Loss: 0.2803
[INFO: 02/25/2026 01:01:58 AM] TRAIN: Batch  550 | Speed: 1708.12 img/s | Loss: 0.2651
[INFO: 02/25/2026 01:02:05 AM] TRAIN: Batch  600 | Speed: 1709.62 img/s | Loss: 0.2918
[INFO: 02/25/2026 01:02:12 AM] TRAIN: Batch  650 | Speed: 1710.97 img/s | Loss: 0.3192
[INFO: 02/25/2026 01:02:20 AM] TRAIN: Batch  700 | Speed: 1712.32 img/s | Loss: 0.2604
[INFO: 02/25/2026 01:02:27 AM] TRAIN: Batch  750 | Speed: 1713.55 img/s | Loss: 0.2868
[INFO: 02/25/2026 01:02:35 AM] TEST: Batch   10 | Speed: 2141.50 img/s | Loss: 0.2970
[INFO: 02/25/2026 01:02:35 AM] TEST: Batch   20 | Speed: 2923.83 img/s | Loss: 0.2761
[INFO: 02/25/2026 01:02:36 AM] TEST: Batch   30 | Speed: 3365.65 img/s | Loss: 0.3162
[INFO: 02/25/2026 01:02:36 AM] TEST: Batch   40 | Speed: 3680.27 img/s | Loss: 0.3747
[INFO: 02/25/2026 01:02:37 AM] TEST: Batch   50 | Speed: 3970.87 img/s | Loss: 0.3084
[INFO: 02/25/2026 01:02:37 AM] TEST: Batch   60 | Speed: 4160.25 img/s | Loss: 0.3037
[INFO: 02/25/2026 01:02:38 AM] TEST: Batch   70 | Speed: 4254.23 img/s | Loss: 0.3513
[INFO: 02/25/2026 01:02:38 AM] TEST: Batch   80 | Speed: 4123.21 img/s | Loss: 0.3269
[INFO: 02/25/2026 01:02:39 AM] TEST: Batch   90 | Speed: 4265.58 img/s | Loss: 0.2948
[INFO: 02/25/2026 01:02:39 AM] Saving checkpoint at epoch min_17 in: experiments/exp_RNO_four_late_non_linear_merge_b-256_tr-793_lfn-MSELoss_opt-Adam_hiddenu-32_lr-0.001_leak-0.1_tempRes-256_dpout-0.3_debug/checkpoints/checkpoint_emin_17.pth
[INFO: 02/25/2026 01:02:51 AM] Removed previous best checkpoint: checkpoint_emin_16.pth
[INFO: 02/25/2026 01:02:51 AM] Epoch 17, Train Loss: 0.2797, Test Loss: 0.3176
[INFO: 02/25/2026 01:03:00 AM] TRAIN: Batch   50 | Speed: 1492.28 img/s | Loss: 0.2748
[INFO: 02/25/2026 01:03:07 AM] TRAIN: Batch  100 | Speed: 1600.13 img/s | Loss: 0.2375
[INFO: 02/25/2026 01:03:15 AM] TRAIN: Batch  150 | Speed: 1640.17 img/s | Loss: 0.2739
[INFO: 02/25/2026 01:03:22 AM] TRAIN: Batch  200 | Speed: 1661.06 img/s | Loss: 0.3039
[INFO: 02/25/2026 01:03:29 AM] TRAIN: Batch  250 | Speed: 1673.89 img/s | Loss: 0.3109
[INFO: 02/25/2026 01:03:37 AM] TRAIN: Batch  300 | Speed: 1682.56 img/s | Loss: 0.2796
[INFO: 02/25/2026 01:03:44 AM] TRAIN: Batch  350 | Speed: 1688.81 img/s | Loss: 0.2856
[INFO: 02/25/2026 01:03:52 AM] TRAIN: Batch  400 | Speed: 1693.35 img/s | Loss: 0.3064
[INFO: 02/25/2026 01:03:59 AM] TRAIN: Batch  450 | Speed: 1696.99 img/s | Loss: 0.2578
[INFO: 02/25/2026 01:04:06 AM] TRAIN: Batch  500 | Speed: 1699.89 img/s | Loss: 0.3017
[INFO: 02/25/2026 01:04:14 AM] TRAIN: Batch  550 | Speed: 1702.38 img/s | Loss: 0.2732
[INFO: 02/25/2026 01:04:21 AM] TRAIN: Batch  600 | Speed: 1704.48 img/s | Loss: 0.2894
[INFO: 02/25/2026 01:04:29 AM] TRAIN: Batch  650 | Speed: 1706.05 img/s | Loss: 0.2662
[INFO: 02/25/2026 01:04:36 AM] TRAIN: Batch  700 | Speed: 1707.85 img/s | Loss: 0.2791
[INFO: 02/25/2026 01:04:43 AM] TRAIN: Batch  750 | Speed: 1709.31 img/s | Loss: 0.2897
[INFO: 02/25/2026 01:04:51 AM] TEST: Batch   10 | Speed: 2382.78 img/s | Loss: 0.2939
[INFO: 02/25/2026 01:04:51 AM] TEST: Batch   20 | Speed: 3237.06 img/s | Loss: 0.2920
[INFO: 02/25/2026 01:04:52 AM] TEST: Batch   30 | Speed: 3637.31 img/s | Loss: 0.3282
[INFO: 02/25/2026 01:04:52 AM] TEST: Batch   40 | Speed: 3969.25 img/s | Loss: 0.3677
[INFO: 02/25/2026 01:04:53 AM] TEST: Batch   50 | Speed: 4113.42 img/s | Loss: 0.3001
[INFO: 02/25/2026 01:04:53 AM] TEST: Batch   60 | Speed: 4325.52 img/s | Loss: 0.2972
[INFO: 02/25/2026 01:04:54 AM] TEST: Batch   70 | Speed: 4433.75 img/s | Loss: 0.3493
[INFO: 02/25/2026 01:04:54 AM] TEST: Batch   80 | Speed: 4524.33 img/s | Loss: 0.3247
[INFO: 02/25/2026 01:04:55 AM] TEST: Batch   90 | Speed: 4599.38 img/s | Loss: 0.3015
[INFO: 02/25/2026 01:04:55 AM] Saving checkpoint at epoch min_18 in: experiments/exp_RNO_four_late_non_linear_merge_b-256_tr-793_lfn-MSELoss_opt-Adam_hiddenu-32_lr-0.001_leak-0.1_tempRes-256_dpout-0.3_debug/checkpoints/checkpoint_emin_18.pth
[INFO: 02/25/2026 01:04:57 AM] Removed previous best checkpoint: checkpoint_emin_17.pth
[INFO: 02/25/2026 01:04:57 AM] Epoch 18, Train Loss: 0.2775, Test Loss: 0.3149
[INFO: 02/25/2026 01:05:05 AM] TRAIN: Batch   50 | Speed: 1499.65 img/s | Loss: 0.2840
[INFO: 02/25/2026 01:05:13 AM] TRAIN: Batch  100 | Speed: 1604.30 img/s | Loss: 0.2666
[INFO: 02/25/2026 01:05:20 AM] TRAIN: Batch  150 | Speed: 1642.85 img/s | Loss: 0.2897
[INFO: 02/25/2026 01:05:28 AM] TRAIN: Batch  200 | Speed: 1662.89 img/s | Loss: 0.2612
[INFO: 02/25/2026 01:05:35 AM] TRAIN: Batch  250 | Speed: 1675.25 img/s | Loss: 0.2716
[INFO: 02/25/2026 01:05:43 AM] TRAIN: Batch  300 | Speed: 1683.55 img/s | Loss: 0.2625
[INFO: 02/25/2026 01:05:50 AM] TRAIN: Batch  350 | Speed: 1689.52 img/s | Loss: 0.2858
[INFO: 02/25/2026 01:05:57 AM] TRAIN: Batch  400 | Speed: 1694.07 img/s | Loss: 0.2975
[INFO: 02/25/2026 01:06:05 AM] TRAIN: Batch  450 | Speed: 1697.57 img/s | Loss: 0.3252
[INFO: 02/25/2026 01:06:12 AM] TRAIN: Batch  500 | Speed: 1700.39 img/s | Loss: 0.2479
[INFO: 02/25/2026 01:06:19 AM] Saving checkpoint at epoch 18 in: experiments/exp_RNO_four_late_non_linear_merge_b-256_tr-793_lfn-MSELoss_opt-Adam_hiddenu-32_lr-0.001_leak-0.1_tempRes-256_dpout-0.3_debug/checkpoints/checkpoint_e18.pth
[INFO: 02/25/2026 01:06:20 AM] Code exited on epoch: 18 and a checkpoint was created in experiments/exp_RNO_four_late_non_linear_merge_b-256_tr-793_lfn-MSELoss_opt-Adam_hiddenu-32_lr-0.001_leak-0.1_tempRes-256_dpout-0.3_debug/checkpoints
